[ 2018-10-23T10:59:25+08:00 ] ::1 /X-CRM3/
INFO: [ app_init ] --START--
INFO: Run Behavior\BuildLiteBehavior [ RunTime:0.000000s ]
INFO: [ app_init ] --END-- [ RunTime:0.000000s ]
INFO: [ app_begin ] --START--
INFO: Run Behavior\ReadHtmlCacheBehavior [ RunTime:0.000000s ]
INFO: [ app_begin ] --END-- [ RunTime:0.000000s ]

[ 2018-10-23T10:59:25+08:00 ] ::1 /X-CRM3/index.php?s=/Home/public/login.html
INFO: [ app_init ] --START--
INFO: Run Behavior\BuildLiteBehavior [ RunTime:0.001000s ]
INFO: [ app_init ] --END-- [ RunTime:0.001000s ]
INFO: [ app_begin ] --START--
INFO: Run Behavior\ReadHtmlCacheBehavior [ RunTime:0.001001s ]
INFO: [ app_begin ] --END-- [ RunTime:0.001001s ]
INFO: [ view_parse ] --START--
INFO: [ template_filter ] --START--
INFO: Run Behavior\ContentReplaceBehavior [ RunTime:0.000000s ]
INFO: [ template_filter ] --END-- [ RunTime:0.000000s ]
INFO: Run Behavior\ParseTemplateBehavior [ RunTime:0.011001s ]
INFO: [ view_parse ] --END-- [ RunTime:0.011001s ]
INFO: [ view_filter ] --START--
INFO: Run Behavior\WriteHtmlCacheBehavior [ RunTime:0.004000s ]
INFO: [ view_filter ] --END-- [ RunTime:0.004000s ]
INFO: [ app_end ] --START--
INFO: Run Behavior\ShowPageTraceBehavior [ RunTime:0.008001s ]
INFO: [ app_end ] --END-- [ RunTime:0.008001s ]

[ 2018-10-23T13:30:36+08:00 ] ::1 /X-CRM3/index.php?s=/Home/Public/Login.html
INFO: [ app_init ] --START--
INFO: Run Behavior\BuildLiteBehavior [ RunTime:0.000000s ]
INFO: [ app_init ] --END-- [ RunTime:0.034002s ]
INFO: [ app_begin ] --START--
INFO: Run Behavior\ReadHtmlCacheBehavior [ RunTime:0.000000s ]
INFO: [ app_begin ] --END-- [ RunTime:0.000000s ]
SQL: SHOW COLUMNS FROM `xy_user` [ RunTime:0.1710s ]
SQL: SELECT COUNT(*) AS tp_count FROM `xy_user` WHERE `username` = 'admin' AND `status` = 1 LIMIT 1   [ RunTime:0.0160s ]
SQL: SELECT * FROM `xy_user` WHERE `username` = 'admin' LIMIT 1   [ RunTime:0.0000s ]
SQL: UPDATE `xy_user` SET `logintime`='2018-10-23 13:30:35',`loginip`='0.0.0.0',`logins`=logins+1,`update_time`='1540272635' WHERE `id` = 1 [ RunTime:0.0160s ]
SQL: SHOW COLUMNS FROM `xy_log` [ RunTime:0.0420s ]
SQL: INSERT INTO `xy_log` (`username`,`content`,`os`,`url`,`addtime`,`ip`) VALUES ('admin','登录成功！','Mozilla/5.0 (Windows NT 6.1; Win64; x64) AppleWebKit/537.36 (KHTML, like Gecko) Chrome/69.0.3497.100 Safari/537.36','/X-CRM3/index.php?s=/Home/Public/Login.html','2018-10-23 13:30:36','0.0.0.0') [ RunTime:0.0070s ]

[ 2018-10-23T13:30:37+08:00 ] ::1 /X-CRM3/
INFO: [ app_init ] --START--
INFO: Run Behavior\BuildLiteBehavior [ RunTime:0.000000s ]
INFO: [ app_init ] --END-- [ RunTime:0.000000s ]
INFO: [ app_begin ] --START--
INFO: Run Behavior\ReadHtmlCacheBehavior [ RunTime:0.000000s ]
INFO: [ app_begin ] --END-- [ RunTime:0.000000s ]
SQL: SHOW COLUMNS FROM `xy_user` [ RunTime:0.0060s ]
SQL: SELECT * FROM `xy_user` WHERE `id` = 1 LIMIT 1   [ RunTime:0.0000s ]
INFO: [ view_parse ] --START--
INFO: [ template_filter ] --START--
INFO: Run Behavior\ContentReplaceBehavior [ RunTime:0.000000s ]
INFO: [ template_filter ] --END-- [ RunTime:0.000000s ]
SQL: SELECT COUNT(*) AS tp_count FROM `xy_user` WHERE `update_time` > 1540272037 LIMIT 1   [ RunTime:0.0000s ]
SQL: SHOW COLUMNS FROM `xy_msg` [ RunTime:0.0210s ]
SQL: SELECT COUNT(*) AS tp_count FROM `xy_msg` WHERE `viewtime` < '2000-01-01' AND `juid` = '1' LIMIT 1   [ RunTime:0.0060s ]
SQL: SHOW COLUMNS FROM `xy_menu` [ RunTime:0.0070s ]
SQL: SELECT * FROM `xy_menu` WHERE ( level=0 ) ORDER BY sort  [ RunTime:0.0010s ]
NOTIC: [8] Use of undefined constant alink - assumed 'alink' D:\wamp\www\X-CRM3\App\Runtime\Cache\Home\00e52909bed743ea261af4b6823297ff.php 第 234 行.
SQL: SELECT * FROM `xy_menu` WHERE ( level=1 and pid=1 ) ORDER BY sort  [ RunTime:0.0000s ]
NOTIC: [8] Use of undefined constant alink - assumed 'alink' D:\wamp\www\X-CRM3\App\Runtime\Cache\Home\00e52909bed743ea261af4b6823297ff.php 第 250 行.
NOTIC: [8] Use of undefined constant id - assumed 'id' D:\wamp\www\X-CRM3\App\Runtime\Cache\Home\00e52909bed743ea261af4b6823297ff.php 第 250 行.
SQL: SELECT COUNT(id) AS tp_count FROM `xy_menu` WHERE ( level=2 and pid=119 ) LIMIT 1   [ RunTime:0.0000s ]
SQL: SELECT * FROM `xy_menu` WHERE ( level=2 and pid=119 ) ORDER BY sort  [ RunTime:0.0010s ]
NOTIC: [8] Use of undefined constant alink - assumed 'alink' D:\wamp\www\X-CRM3\App\Runtime\Cache\Home\00e52909bed743ea261af4b6823297ff.php 第 255 行.
NOTIC: [8] Use of undefined constant alink - assumed 'alink' D:\wamp\www\X-CRM3\App\Runtime\Cache\Home\00e52909bed743ea261af4b6823297ff.php 第 255 行.
NOTIC: [8] Use of undefined constant alink - assumed 'alink' D:\wamp\www\X-CRM3\App\Runtime\Cache\Home\00e52909bed743ea261af4b6823297ff.php 第 255 行.
NOTIC: [8] Use of undefined constant alink - assumed 'alink' D:\wamp\www\X-CRM3\App\Runtime\Cache\Home\00e52909bed743ea261af4b6823297ff.php 第 255 行.
NOTIC: [8] Use of undefined constant alink - assumed 'alink' D:\wamp\www\X-CRM3\App\Runtime\Cache\Home\00e52909bed743ea261af4b6823297ff.php 第 250 行.
NOTIC: [8] Use of undefined constant id - assumed 'id' D:\wamp\www\X-CRM3\App\Runtime\Cache\Home\00e52909bed743ea261af4b6823297ff.php 第 250 行.
SQL: SELECT COUNT(id) AS tp_count FROM `xy_menu` WHERE ( level=2 and pid=8 ) LIMIT 1   [ RunTime:0.0000s ]
SQL: SELECT * FROM `xy_menu` WHERE ( level=2 and pid=8 ) ORDER BY sort  [ RunTime:0.0000s ]
NOTIC: [8] Use of undefined constant alink - assumed 'alink' D:\wamp\www\X-CRM3\App\Runtime\Cache\Home\00e52909bed743ea261af4b6823297ff.php 第 255 行.
NOTIC: [8] Use of undefined constant alink - assumed 'alink' D:\wamp\www\X-CRM3\App\Runtime\Cache\Home\00e52909bed743ea261af4b6823297ff.php 第 255 行.
NOTIC: [8] Use of undefined constant alink - assumed 'alink' D:\wamp\www\X-CRM3\App\Runtime\Cache\Home\00e52909bed743ea261af4b6823297ff.php 第 255 行.
NOTIC: [8] Use of undefined constant alink - assumed 'alink' D:\wamp\www\X-CRM3\App\Runtime\Cache\Home\00e52909bed743ea261af4b6823297ff.php 第 255 行.
NOTIC: [8] Use of undefined constant alink - assumed 'alink' D:\wamp\www\X-CRM3\App\Runtime\Cache\Home\00e52909bed743ea261af4b6823297ff.php 第 255 行.
NOTIC: [8] Use of undefined constant alink - assumed 'alink' D:\wamp\www\X-CRM3\App\Runtime\Cache\Home\00e52909bed743ea261af4b6823297ff.php 第 250 行.
NOTIC: [8] Use of undefined constant id - assumed 'id' D:\wamp\www\X-CRM3\App\Runtime\Cache\Home\00e52909bed743ea261af4b6823297ff.php 第 250 行.
SQL: SELECT COUNT(id) AS tp_count FROM `xy_menu` WHERE ( level=2 and pid=125 ) LIMIT 1   [ RunTime:0.0010s ]
SQL: SELECT * FROM `xy_menu` WHERE ( level=2 and pid=125 ) ORDER BY sort  [ RunTime:0.0000s ]
NOTIC: [8] Use of undefined constant alink - assumed 'alink' D:\wamp\www\X-CRM3\App\Runtime\Cache\Home\00e52909bed743ea261af4b6823297ff.php 第 255 行.
NOTIC: [8] Use of undefined constant alink - assumed 'alink' D:\wamp\www\X-CRM3\App\Runtime\Cache\Home\00e52909bed743ea261af4b6823297ff.php 第 255 行.
NOTIC: [8] Use of undefined constant alink - assumed 'alink' D:\wamp\www\X-CRM3\App\Runtime\Cache\Home\00e52909bed743ea261af4b6823297ff.php 第 255 行.
NOTIC: [8] Use of undefined constant alink - assumed 'alink' D:\wamp\www\X-CRM3\App\Runtime\Cache\Home\00e52909bed743ea261af4b6823297ff.php 第 255 行.
NOTIC: [8] Use of undefined constant alink - assumed 'alink' D:\wamp\www\X-CRM3\App\Runtime\Cache\Home\00e52909bed743ea261af4b6823297ff.php 第 255 行.
NOTIC: [8] Use of undefined constant alink - assumed 'alink' D:\wamp\www\X-CRM3\App\Runtime\Cache\Home\00e52909bed743ea261af4b6823297ff.php 第 250 行.
NOTIC: [8] Use of undefined constant id - assumed 'id' D:\wamp\www\X-CRM3\App\Runtime\Cache\Home\00e52909bed743ea261af4b6823297ff.php 第 250 行.
SQL: SELECT COUNT(id) AS tp_count FROM `xy_menu` WHERE ( level=2 and pid=131 ) LIMIT 1   [ RunTime:0.0000s ]
SQL: SELECT * FROM `xy_menu` WHERE ( level=2 and pid=131 ) ORDER BY sort  [ RunTime:0.0000s ]
NOTIC: [8] Use of undefined constant alink - assumed 'alink' D:\wamp\www\X-CRM3\App\Runtime\Cache\Home\00e52909bed743ea261af4b6823297ff.php 第 255 行.
NOTIC: [8] Use of undefined constant alink - assumed 'alink' D:\wamp\www\X-CRM3\App\Runtime\Cache\Home\00e52909bed743ea261af4b6823297ff.php 第 255 行.
NOTIC: [8] Use of undefined constant alink - assumed 'alink' D:\wamp\www\X-CRM3\App\Runtime\Cache\Home\00e52909bed743ea261af4b6823297ff.php 第 255 行.
NOTIC: [8] Use of undefined constant alink - assumed 'alink' D:\wamp\www\X-CRM3\App\Runtime\Cache\Home\00e52909bed743ea261af4b6823297ff.php 第 255 行.
NOTIC: [8] Use of undefined constant alink - assumed 'alink' D:\wamp\www\X-CRM3\App\Runtime\Cache\Home\00e52909bed743ea261af4b6823297ff.php 第 234 行.
SQL: SELECT * FROM `xy_menu` WHERE ( level=1 and pid=135 ) ORDER BY sort  [ RunTime:0.0000s ]
NOTIC: [8] Use of undefined constant alink - assumed 'alink' D:\wamp\www\X-CRM3\App\Runtime\Cache\Home\00e52909bed743ea261af4b6823297ff.php 第 250 行.
NOTIC: [8] Use of undefined constant id - assumed 'id' D:\wamp\www\X-CRM3\App\Runtime\Cache\Home\00e52909bed743ea261af4b6823297ff.php 第 250 行.
SQL: SELECT COUNT(id) AS tp_count FROM `xy_menu` WHERE ( level=2 and pid=158 ) LIMIT 1   [ RunTime:0.0000s ]
SQL: SELECT * FROM `xy_menu` WHERE ( level=2 and pid=158 ) ORDER BY sort  [ RunTime:0.0000s ]
NOTIC: [8] Use of undefined constant alink - assumed 'alink' D:\wamp\www\X-CRM3\App\Runtime\Cache\Home\00e52909bed743ea261af4b6823297ff.php 第 250 行.
NOTIC: [8] Use of undefined constant id - assumed 'id' D:\wamp\www\X-CRM3\App\Runtime\Cache\Home\00e52909bed743ea261af4b6823297ff.php 第 250 行.
SQL: SELECT COUNT(id) AS tp_count FROM `xy_menu` WHERE ( level=2 and pid=136 ) LIMIT 1   [ RunTime:0.0000s ]
SQL: SELECT * FROM `xy_menu` WHERE ( level=2 and pid=136 ) ORDER BY sort  [ RunTime:0.0010s ]
NOTIC: [8] Use of undefined constant alink - assumed 'alink' D:\wamp\www\X-CRM3\App\Runtime\Cache\Home\00e52909bed743ea261af4b6823297ff.php 第 255 行.
NOTIC: [8] Use of undefined constant alink - assumed 'alink' D:\wamp\www\X-CRM3\App\Runtime\Cache\Home\00e52909bed743ea261af4b6823297ff.php 第 255 行.
NOTIC: [8] Use of undefined constant alink - assumed 'alink' D:\wamp\www\X-CRM3\App\Runtime\Cache\Home\00e52909bed743ea261af4b6823297ff.php 第 255 行.
NOTIC: [8] Use of undefined constant alink - assumed 'alink' D:\wamp\www\X-CRM3\App\Runtime\Cache\Home\00e52909bed743ea261af4b6823297ff.php 第 255 行.
NOTIC: [8] Use of undefined constant alink - assumed 'alink' D:\wamp\www\X-CRM3\App\Runtime\Cache\Home\00e52909bed743ea261af4b6823297ff.php 第 255 行.
NOTIC: [8] Use of undefined constant alink - assumed 'alink' D:\wamp\www\X-CRM3\App\Runtime\Cache\Home\00e52909bed743ea261af4b6823297ff.php 第 250 行.
NOTIC: [8] Use of undefined constant id - assumed 'id' D:\wamp\www\X-CRM3\App\Runtime\Cache\Home\00e52909bed743ea261af4b6823297ff.php 第 250 行.
SQL: SELECT COUNT(id) AS tp_count FROM `xy_menu` WHERE ( level=2 and pid=142 ) LIMIT 1   [ RunTime:0.0000s ]
SQL: SELECT * FROM `xy_menu` WHERE ( level=2 and pid=142 ) ORDER BY sort  [ RunTime:0.0000s ]
NOTIC: [8] Use of undefined constant alink - assumed 'alink' D:\wamp\www\X-CRM3\App\Runtime\Cache\Home\00e52909bed743ea261af4b6823297ff.php 第 255 行.
NOTIC: [8] Use of undefined constant alink - assumed 'alink' D:\wamp\www\X-CRM3\App\Runtime\Cache\Home\00e52909bed743ea261af4b6823297ff.php 第 255 行.
NOTIC: [8] Use of undefined constant alink - assumed 'alink' D:\wamp\www\X-CRM3\App\Runtime\Cache\Home\00e52909bed743ea261af4b6823297ff.php 第 255 行.
NOTIC: [8] Use of undefined constant alink - assumed 'alink' D:\wamp\www\X-CRM3\App\Runtime\Cache\Home\00e52909bed743ea261af4b6823297ff.php 第 255 行.
NOTIC: [8] Use of undefined constant alink - assumed 'alink' D:\wamp\www\X-CRM3\App\Runtime\Cache\Home\00e52909bed743ea261af4b6823297ff.php 第 250 行.
NOTIC: [8] Use of undefined constant id - assumed 'id' D:\wamp\www\X-CRM3\App\Runtime\Cache\Home\00e52909bed743ea261af4b6823297ff.php 第 250 行.
SQL: SELECT COUNT(id) AS tp_count FROM `xy_menu` WHERE ( level=2 and pid=159 ) LIMIT 1   [ RunTime:0.0000s ]
SQL: SELECT * FROM `xy_menu` WHERE ( level=2 and pid=159 ) ORDER BY sort  [ RunTime:0.0000s ]
NOTIC: [8] Use of undefined constant alink - assumed 'alink' D:\wamp\www\X-CRM3\App\Runtime\Cache\Home\00e52909bed743ea261af4b6823297ff.php 第 250 行.
NOTIC: [8] Use of undefined constant id - assumed 'id' D:\wamp\www\X-CRM3\App\Runtime\Cache\Home\00e52909bed743ea261af4b6823297ff.php 第 250 行.
SQL: SELECT COUNT(id) AS tp_count FROM `xy_menu` WHERE ( level=2 and pid=147 ) LIMIT 1   [ RunTime:0.0000s ]
SQL: SELECT * FROM `xy_menu` WHERE ( level=2 and pid=147 ) ORDER BY sort  [ RunTime:0.0000s ]
NOTIC: [8] Use of undefined constant alink - assumed 'alink' D:\wamp\www\X-CRM3\App\Runtime\Cache\Home\00e52909bed743ea261af4b6823297ff.php 第 250 行.
NOTIC: [8] Use of undefined constant id - assumed 'id' D:\wamp\www\X-CRM3\App\Runtime\Cache\Home\00e52909bed743ea261af4b6823297ff.php 第 250 行.
SQL: SELECT COUNT(id) AS tp_count FROM `xy_menu` WHERE ( level=2 and pid=148 ) LIMIT 1   [ RunTime:0.0010s ]
SQL: SELECT * FROM `xy_menu` WHERE ( level=2 and pid=148 ) ORDER BY sort  [ RunTime:0.0000s ]
NOTIC: [8] Use of undefined constant alink - assumed 'alink' D:\wamp\www\X-CRM3\App\Runtime\Cache\Home\00e52909bed743ea261af4b6823297ff.php 第 234 行.
SQL: SELECT * FROM `xy_menu` WHERE ( level=1 and pid=149 ) ORDER BY sort  [ RunTime:0.0000s ]
NOTIC: [8] Use of undefined constant alink - assumed 'alink' D:\wamp\www\X-CRM3\App\Runtime\Cache\Home\00e52909bed743ea261af4b6823297ff.php 第 250 行.
NOTIC: [8] Use of undefined constant id - assumed 'id' D:\wamp\www\X-CRM3\App\Runtime\Cache\Home\00e52909bed743ea261af4b6823297ff.php 第 250 行.
SQL: SELECT COUNT(id) AS tp_count FROM `xy_menu` WHERE ( level=2 and pid=150 ) LIMIT 1   [ RunTime:0.0000s ]
SQL: SELECT * FROM `xy_menu` WHERE ( level=2 and pid=150 ) ORDER BY sort  [ RunTime:0.0010s ]
NOTIC: [8] Use of undefined constant alink - assumed 'alink' D:\wamp\www\X-CRM3\App\Runtime\Cache\Home\00e52909bed743ea261af4b6823297ff.php 第 255 行.
NOTIC: [8] Use of undefined constant alink - assumed 'alink' D:\wamp\www\X-CRM3\App\Runtime\Cache\Home\00e52909bed743ea261af4b6823297ff.php 第 255 行.
NOTIC: [8] Use of undefined constant alink - assumed 'alink' D:\wamp\www\X-CRM3\App\Runtime\Cache\Home\00e52909bed743ea261af4b6823297ff.php 第 255 行.
NOTIC: [8] Use of undefined constant alink - assumed 'alink' D:\wamp\www\X-CRM3\App\Runtime\Cache\Home\00e52909bed743ea261af4b6823297ff.php 第 250 行.
NOTIC: [8] Use of undefined constant id - assumed 'id' D:\wamp\www\X-CRM3\App\Runtime\Cache\Home\00e52909bed743ea261af4b6823297ff.php 第 250 行.
SQL: SELECT COUNT(id) AS tp_count FROM `xy_menu` WHERE ( level=2 and pid=154 ) LIMIT 1   [ RunTime:0.0000s ]
SQL: SELECT * FROM `xy_menu` WHERE ( level=2 and pid=154 ) ORDER BY sort  [ RunTime:0.0000s ]
NOTIC: [8] Use of undefined constant alink - assumed 'alink' D:\wamp\www\X-CRM3\App\Runtime\Cache\Home\00e52909bed743ea261af4b6823297ff.php 第 255 行.
NOTIC: [8] Use of undefined constant alink - assumed 'alink' D:\wamp\www\X-CRM3\App\Runtime\Cache\Home\00e52909bed743ea261af4b6823297ff.php 第 255 行.
NOTIC: [8] Use of undefined constant alink - assumed 'alink' D:\wamp\www\X-CRM3\App\Runtime\Cache\Home\00e52909bed743ea261af4b6823297ff.php 第 255 行.
NOTIC: [8] Use of undefined constant alink - assumed 'alink' D:\wamp\www\X-CRM3\App\Runtime\Cache\Home\00e52909bed743ea261af4b6823297ff.php 第 250 行.
NOTIC: [8] Use of undefined constant id - assumed 'id' D:\wamp\www\X-CRM3\App\Runtime\Cache\Home\00e52909bed743ea261af4b6823297ff.php 第 250 行.
SQL: SELECT COUNT(id) AS tp_count FROM `xy_menu` WHERE ( level=2 and pid=182 ) LIMIT 1   [ RunTime:0.0000s ]
SQL: SELECT * FROM `xy_menu` WHERE ( level=2 and pid=182 ) ORDER BY sort  [ RunTime:0.0000s ]
NOTIC: [8] Use of undefined constant alink - assumed 'alink' D:\wamp\www\X-CRM3\App\Runtime\Cache\Home\00e52909bed743ea261af4b6823297ff.php 第 234 行.
SQL: SELECT * FROM `xy_menu` WHERE ( level=1 and pid=113 ) ORDER BY sort  [ RunTime:0.0010s ]
NOTIC: [8] Use of undefined constant alink - assumed 'alink' D:\wamp\www\X-CRM3\App\Runtime\Cache\Home\00e52909bed743ea261af4b6823297ff.php 第 250 行.
NOTIC: [8] Use of undefined constant id - assumed 'id' D:\wamp\www\X-CRM3\App\Runtime\Cache\Home\00e52909bed743ea261af4b6823297ff.php 第 250 行.
SQL: SELECT COUNT(id) AS tp_count FROM `xy_menu` WHERE ( level=2 and pid=209 ) LIMIT 1   [ RunTime:0.0000s ]
SQL: SELECT * FROM `xy_menu` WHERE ( level=2 and pid=209 ) ORDER BY sort  [ RunTime:0.0000s ]
NOTIC: [8] Use of undefined constant alink - assumed 'alink' D:\wamp\www\X-CRM3\App\Runtime\Cache\Home\00e52909bed743ea261af4b6823297ff.php 第 250 行.
NOTIC: [8] Use of undefined constant id - assumed 'id' D:\wamp\www\X-CRM3\App\Runtime\Cache\Home\00e52909bed743ea261af4b6823297ff.php 第 250 行.
SQL: SELECT COUNT(id) AS tp_count FROM `xy_menu` WHERE ( level=2 and pid=210 ) LIMIT 1   [ RunTime:0.0000s ]
SQL: SELECT * FROM `xy_menu` WHERE ( level=2 and pid=210 ) ORDER BY sort  [ RunTime:0.0010s ]
NOTIC: [8] Use of undefined constant alink - assumed 'alink' D:\wamp\www\X-CRM3\App\Runtime\Cache\Home\00e52909bed743ea261af4b6823297ff.php 第 250 行.
NOTIC: [8] Use of undefined constant id - assumed 'id' D:\wamp\www\X-CRM3\App\Runtime\Cache\Home\00e52909bed743ea261af4b6823297ff.php 第 250 行.
SQL: SELECT COUNT(id) AS tp_count FROM `xy_menu` WHERE ( level=2 and pid=199 ) LIMIT 1   [ RunTime:0.0000s ]
SQL: SELECT * FROM `xy_menu` WHERE ( level=2 and pid=199 ) ORDER BY sort  [ RunTime:0.0000s ]
NOTIC: [8] Use of undefined constant alink - assumed 'alink' D:\wamp\www\X-CRM3\App\Runtime\Cache\Home\00e52909bed743ea261af4b6823297ff.php 第 255 行.
NOTIC: [8] Use of undefined constant alink - assumed 'alink' D:\wamp\www\X-CRM3\App\Runtime\Cache\Home\00e52909bed743ea261af4b6823297ff.php 第 255 行.
NOTIC: [8] Use of undefined constant alink - assumed 'alink' D:\wamp\www\X-CRM3\App\Runtime\Cache\Home\00e52909bed743ea261af4b6823297ff.php 第 255 行.
NOTIC: [8] Use of undefined constant alink - assumed 'alink' D:\wamp\www\X-CRM3\App\Runtime\Cache\Home\00e52909bed743ea261af4b6823297ff.php 第 250 行.
NOTIC: [8] Use of undefined constant id - assumed 'id' D:\wamp\www\X-CRM3\App\Runtime\Cache\Home\00e52909bed743ea261af4b6823297ff.php 第 250 行.
SQL: SELECT COUNT(id) AS tp_count FROM `xy_menu` WHERE ( level=2 and pid=183 ) LIMIT 1   [ RunTime:0.0000s ]
SQL: SELECT * FROM `xy_menu` WHERE ( level=2 and pid=183 ) ORDER BY sort  [ RunTime:0.0010s ]
NOTIC: [8] Use of undefined constant alink - assumed 'alink' D:\wamp\www\X-CRM3\App\Runtime\Cache\Home\00e52909bed743ea261af4b6823297ff.php 第 255 行.
NOTIC: [8] Use of undefined constant alink - assumed 'alink' D:\wamp\www\X-CRM3\App\Runtime\Cache\Home\00e52909bed743ea261af4b6823297ff.php 第 255 行.
NOTIC: [8] Use of undefined constant alink - assumed 'alink' D:\wamp\www\X-CRM3\App\Runtime\Cache\Home\00e52909bed743ea261af4b6823297ff.php 第 255 行.
NOTIC: [8] Use of undefined constant alink - assumed 'alink' D:\wamp\www\X-CRM3\App\Runtime\Cache\Home\00e52909bed743ea261af4b6823297ff.php 第 255 行.
NOTIC: [8] Use of undefined constant alink - assumed 'alink' D:\wamp\www\X-CRM3\App\Runtime\Cache\Home\00e52909bed743ea261af4b6823297ff.php 第 255 行.
NOTIC: [8] Use of undefined constant alink - assumed 'alink' D:\wamp\www\X-CRM3\App\Runtime\Cache\Home\00e52909bed743ea261af4b6823297ff.php 第 255 行.
NOTIC: [8] Use of undefined constant alink - assumed 'alink' D:\wamp\www\X-CRM3\App\Runtime\Cache\Home\00e52909bed743ea261af4b6823297ff.php 第 250 行.
NOTIC: [8] Use of undefined constant id - assumed 'id' D:\wamp\www\X-CRM3\App\Runtime\Cache\Home\00e52909bed743ea261af4b6823297ff.php 第 250 行.
SQL: SELECT COUNT(id) AS tp_count FROM `xy_menu` WHERE ( level=2 and pid=190 ) LIMIT 1   [ RunTime:0.0000s ]
SQL: SELECT * FROM `xy_menu` WHERE ( level=2 and pid=190 ) ORDER BY sort  [ RunTime:0.0000s ]
NOTIC: [8] Use of undefined constant alink - assumed 'alink' D:\wamp\www\X-CRM3\App\Runtime\Cache\Home\00e52909bed743ea261af4b6823297ff.php 第 255 行.
NOTIC: [8] Use of undefined constant alink - assumed 'alink' D:\wamp\www\X-CRM3\App\Runtime\Cache\Home\00e52909bed743ea261af4b6823297ff.php 第 255 行.
NOTIC: [8] Use of undefined constant alink - assumed 'alink' D:\wamp\www\X-CRM3\App\Runtime\Cache\Home\00e52909bed743ea261af4b6823297ff.php 第 255 行.
NOTIC: [8] Use of undefined constant alink - assumed 'alink' D:\wamp\www\X-CRM3\App\Runtime\Cache\Home\00e52909bed743ea261af4b6823297ff.php 第 255 行.
NOTIC: [8] Use of undefined constant alink - assumed 'alink' D:\wamp\www\X-CRM3\App\Runtime\Cache\Home\00e52909bed743ea261af4b6823297ff.php 第 255 行.
NOTIC: [8] Use of undefined constant alink - assumed 'alink' D:\wamp\www\X-CRM3\App\Runtime\Cache\Home\00e52909bed743ea261af4b6823297ff.php 第 255 行.
NOTIC: [8] Use of undefined constant alink - assumed 'alink' D:\wamp\www\X-CRM3\App\Runtime\Cache\Home\00e52909bed743ea261af4b6823297ff.php 第 255 行.
NOTIC: [8] Use of undefined constant alink - assumed 'alink' D:\wamp\www\X-CRM3\App\Runtime\Cache\Home\00e52909bed743ea261af4b6823297ff.php 第 255 行.
NOTIC: [8] Use of undefined constant alink - assumed 'alink' D:\wamp\www\X-CRM3\App\Runtime\Cache\Home\00e52909bed743ea261af4b6823297ff.php 第 255 行.
NOTIC: [8] Use of undefined constant alink - assumed 'alink' D:\wamp\www\X-CRM3\App\Runtime\Cache\Home\00e52909bed743ea261af4b6823297ff.php 第 250 行.
NOTIC: [8] Use of undefined constant id - assumed 'id' D:\wamp\www\X-CRM3\App\Runtime\Cache\Home\00e52909bed743ea261af4b6823297ff.php 第 250 行.
SQL: SELECT COUNT(id) AS tp_count FROM `xy_menu` WHERE ( level=2 and pid=202 ) LIMIT 1   [ RunTime:0.0010s ]
SQL: SELECT * FROM `xy_menu` WHERE ( level=2 and pid=202 ) ORDER BY sort  [ RunTime:0.0000s ]
NOTIC: [8] Use of undefined constant alink - assumed 'alink' D:\wamp\www\X-CRM3\App\Runtime\Cache\Home\00e52909bed743ea261af4b6823297ff.php 第 255 行.
NOTIC: [8] Use of undefined constant alink - assumed 'alink' D:\wamp\www\X-CRM3\App\Runtime\Cache\Home\00e52909bed743ea261af4b6823297ff.php 第 255 行.
NOTIC: [8] Use of undefined constant alink - assumed 'alink' D:\wamp\www\X-CRM3\App\Runtime\Cache\Home\00e52909bed743ea261af4b6823297ff.php 第 255 行.
NOTIC: [8] Use of undefined constant alink - assumed 'alink' D:\wamp\www\X-CRM3\App\Runtime\Cache\Home\00e52909bed743ea261af4b6823297ff.php 第 255 行.
NOTIC: [8] Use of undefined constant alink - assumed 'alink' D:\wamp\www\X-CRM3\App\Runtime\Cache\Home\00e52909bed743ea261af4b6823297ff.php 第 250 行.
NOTIC: [8] Use of undefined constant id - assumed 'id' D:\wamp\www\X-CRM3\App\Runtime\Cache\Home\00e52909bed743ea261af4b6823297ff.php 第 250 行.
SQL: SELECT COUNT(id) AS tp_count FROM `xy_menu` WHERE ( level=2 and pid=118 ) LIMIT 1   [ RunTime:0.0000s ]
SQL: SELECT * FROM `xy_menu` WHERE ( level=2 and pid=118 ) ORDER BY sort  [ RunTime:0.0000s ]
NOTIC: [8] Use of undefined constant alink - assumed 'alink' D:\wamp\www\X-CRM3\App\Runtime\Cache\Home\00e52909bed743ea261af4b6823297ff.php 第 255 行.
NOTIC: [8] Use of undefined constant alink - assumed 'alink' D:\wamp\www\X-CRM3\App\Runtime\Cache\Home\00e52909bed743ea261af4b6823297ff.php 第 255 行.
NOTIC: [8] Use of undefined constant alink - assumed 'alink' D:\wamp\www\X-CRM3\App\Runtime\Cache\Home\00e52909bed743ea261af4b6823297ff.php 第 255 行.
NOTIC: [8] Use of undefined constant alink - assumed 'alink' D:\wamp\www\X-CRM3\App\Runtime\Cache\Home\00e52909bed743ea261af4b6823297ff.php 第 234 行.
SQL: SELECT * FROM `xy_menu` WHERE ( level=1 and pid=216 ) ORDER BY sort  [ RunTime:0.0010s ]
NOTIC: [8] Use of undefined constant alink - assumed 'alink' D:\wamp\www\X-CRM3\App\Runtime\Cache\Home\00e52909bed743ea261af4b6823297ff.php 第 250 行.
NOTIC: [8] Use of undefined constant id - assumed 'id' D:\wamp\www\X-CRM3\App\Runtime\Cache\Home\00e52909bed743ea261af4b6823297ff.php 第 250 行.
SQL: SELECT COUNT(id) AS tp_count FROM `xy_menu` WHERE ( level=2 and pid=219 ) LIMIT 1   [ RunTime:0.0000s ]
SQL: SELECT * FROM `xy_menu` WHERE ( level=2 and pid=219 ) ORDER BY sort  [ RunTime:0.0000s ]
NOTIC: [8] Use of undefined constant alink - assumed 'alink' D:\wamp\www\X-CRM3\App\Runtime\Cache\Home\00e52909bed743ea261af4b6823297ff.php 第 250 行.
NOTIC: [8] Use of undefined constant id - assumed 'id' D:\wamp\www\X-CRM3\App\Runtime\Cache\Home\00e52909bed743ea261af4b6823297ff.php 第 250 行.
SQL: SELECT COUNT(id) AS tp_count FROM `xy_menu` WHERE ( level=2 and pid=217 ) LIMIT 1   [ RunTime:0.0000s ]
SQL: SELECT * FROM `xy_menu` WHERE ( level=2 and pid=217 ) ORDER BY sort  [ RunTime:0.0000s ]
NOTIC: [8] Use of undefined constant alink - assumed 'alink' D:\wamp\www\X-CRM3\App\Runtime\Cache\Home\00e52909bed743ea261af4b6823297ff.php 第 234 行.
SQL: SELECT * FROM `xy_menu` WHERE ( level=1 and pid=218 ) ORDER BY sort  [ RunTime:0.0000s ]
NOTIC: [8] Use of undefined constant alink - assumed 'alink' D:\wamp\www\X-CRM3\App\Runtime\Cache\Home\00e52909bed743ea261af4b6823297ff.php 第 234 行.
SQL: SELECT * FROM `xy_menu` WHERE ( level=1 and pid=7 ) ORDER BY sort  [ RunTime:0.0000s ]
NOTIC: [8] Use of undefined constant alink - assumed 'alink' D:\wamp\www\X-CRM3\App\Runtime\Cache\Home\00e52909bed743ea261af4b6823297ff.php 第 250 行.
NOTIC: [8] Use of undefined constant id - assumed 'id' D:\wamp\www\X-CRM3\App\Runtime\Cache\Home\00e52909bed743ea261af4b6823297ff.php 第 250 行.
SQL: SELECT COUNT(id) AS tp_count FROM `xy_menu` WHERE ( level=2 and pid=9 ) LIMIT 1   [ RunTime:0.0000s ]
SQL: SELECT * FROM `xy_menu` WHERE ( level=2 and pid=9 ) ORDER BY sort  [ RunTime:0.0000s ]
NOTIC: [8] Use of undefined constant alink - assumed 'alink' D:\wamp\www\X-CRM3\App\Runtime\Cache\Home\00e52909bed743ea261af4b6823297ff.php 第 255 行.
NOTIC: [8] Use of undefined constant alink - assumed 'alink' D:\wamp\www\X-CRM3\App\Runtime\Cache\Home\00e52909bed743ea261af4b6823297ff.php 第 255 行.
NOTIC: [8] Use of undefined constant alink - assumed 'alink' D:\wamp\www\X-CRM3\App\Runtime\Cache\Home\00e52909bed743ea261af4b6823297ff.php 第 255 行.
NOTIC: [8] Use of undefined constant alink - assumed 'alink' D:\wamp\www\X-CRM3\App\Runtime\Cache\Home\00e52909bed743ea261af4b6823297ff.php 第 250 行.
NOTIC: [8] Use of undefined constant id - assumed 'id' D:\wamp\www\X-CRM3\App\Runtime\Cache\Home\00e52909bed743ea261af4b6823297ff.php 第 250 行.
SQL: SELECT COUNT(id) AS tp_count FROM `xy_menu` WHERE ( level=2 and pid=22 ) LIMIT 1   [ RunTime:0.0000s ]
SQL: SELECT * FROM `xy_menu` WHERE ( level=2 and pid=22 ) ORDER BY sort  [ RunTime:0.0000s ]
NOTIC: [8] Use of undefined constant alink - assumed 'alink' D:\wamp\www\X-CRM3\App\Runtime\Cache\Home\00e52909bed743ea261af4b6823297ff.php 第 255 行.
NOTIC: [8] Use of undefined constant alink - assumed 'alink' D:\wamp\www\X-CRM3\App\Runtime\Cache\Home\00e52909bed743ea261af4b6823297ff.php 第 255 行.
NOTIC: [8] Use of undefined constant alink - assumed 'alink' D:\wamp\www\X-CRM3\App\Runtime\Cache\Home\00e52909bed743ea261af4b6823297ff.php 第 255 行.
NOTIC: [8] Use of undefined constant alink - assumed 'alink' D:\wamp\www\X-CRM3\App\Runtime\Cache\Home\00e52909bed743ea261af4b6823297ff.php 第 255 行.
NOTIC: [8] Use of undefined constant alink - assumed 'alink' D:\wamp\www\X-CRM3\App\Runtime\Cache\Home\00e52909bed743ea261af4b6823297ff.php 第 250 行.
NOTIC: [8] Use of undefined constant id - assumed 'id' D:\wamp\www\X-CRM3\App\Runtime\Cache\Home\00e52909bed743ea261af4b6823297ff.php 第 250 行.
SQL: SELECT COUNT(id) AS tp_count FROM `xy_menu` WHERE ( level=2 and pid=24 ) LIMIT 1   [ RunTime:0.0000s ]
SQL: SELECT * FROM `xy_menu` WHERE ( level=2 and pid=24 ) ORDER BY sort  [ RunTime:0.0010s ]
NOTIC: [8] Use of undefined constant alink - assumed 'alink' D:\wamp\www\X-CRM3\App\Runtime\Cache\Home\00e52909bed743ea261af4b6823297ff.php 第 250 行.
NOTIC: [8] Use of undefined constant id - assumed 'id' D:\wamp\www\X-CRM3\App\Runtime\Cache\Home\00e52909bed743ea261af4b6823297ff.php 第 250 行.
SQL: SELECT COUNT(id) AS tp_count FROM `xy_menu` WHERE ( level=2 and pid=21 ) LIMIT 1   [ RunTime:0.0000s ]
SQL: SELECT * FROM `xy_menu` WHERE ( level=2 and pid=21 ) ORDER BY sort  [ RunTime:0.0000s ]
NOTIC: [8] Use of undefined constant alink - assumed 'alink' D:\wamp\www\X-CRM3\App\Runtime\Cache\Home\00e52909bed743ea261af4b6823297ff.php 第 250 行.
NOTIC: [8] Use of undefined constant id - assumed 'id' D:\wamp\www\X-CRM3\App\Runtime\Cache\Home\00e52909bed743ea261af4b6823297ff.php 第 250 行.
SQL: SELECT COUNT(id) AS tp_count FROM `xy_menu` WHERE ( level=2 and pid=13 ) LIMIT 1   [ RunTime:0.0000s ]
SQL: SELECT * FROM `xy_menu` WHERE ( level=2 and pid=13 ) ORDER BY sort  [ RunTime:0.0000s ]
NOTIC: [8] Use of undefined constant alink - assumed 'alink' D:\wamp\www\X-CRM3\App\Runtime\Cache\Home\00e52909bed743ea261af4b6823297ff.php 第 250 行.
NOTIC: [8] Use of undefined constant id - assumed 'id' D:\wamp\www\X-CRM3\App\Runtime\Cache\Home\00e52909bed743ea261af4b6823297ff.php 第 250 行.
SQL: SELECT COUNT(id) AS tp_count FROM `xy_menu` WHERE ( level=2 and pid=179 ) LIMIT 1   [ RunTime:0.0000s ]
SQL: SELECT * FROM `xy_menu` WHERE ( level=2 and pid=179 ) ORDER BY sort  [ RunTime:0.0000s ]
INFO: Run Behavior\ParseTemplateBehavior [ RunTime:0.117007s ]
INFO: [ view_parse ] --END-- [ RunTime:0.117007s ]
INFO: [ view_filter ] --START--
INFO: Run Behavior\WriteHtmlCacheBehavior [ RunTime:0.017001s ]
INFO: [ view_filter ] --END-- [ RunTime:0.017001s ]
INFO: [ app_end ] --START--
INFO: Run Behavior\ShowPageTraceBehavior [ RunTime:0.041002s ]
INFO: [ app_end ] --END-- [ RunTime:0.041002s ]

[ 2018-10-23T13:30:40+08:00 ] ::1 /X-CRM3/index.php?s=/Home/index/main.html&_=1540272639034
INFO: [ app_init ] --START--
INFO: Run Behavior\BuildLiteBehavior [ RunTime:0.000000s ]
INFO: [ app_init ] --END-- [ RunTime:0.001000s ]
INFO: [ app_begin ] --START--
INFO: Run Behavior\ReadHtmlCacheBehavior [ RunTime:0.000000s ]
INFO: [ app_begin ] --END-- [ RunTime:0.000000s ]
SQL: SHOW COLUMNS FROM `xy_user` [ RunTime:0.0050s ]
SQL: SELECT * FROM `xy_user` WHERE `id` = 1 LIMIT 1   [ RunTime:0.0000s ]
INFO: [ view_parse ] --START--
INFO: [ template_filter ] --START--
INFO: Run Behavior\ContentReplaceBehavior [ RunTime:0.000000s ]
INFO: [ template_filter ] --END-- [ RunTime:0.000000s ]
SQL: SHOW COLUMNS FROM `xy_quxiang` [ RunTime:0.1030s ]
SQL: SELECT * FROM `xy_quxiang` ORDER BY id desc LIMIT 5   [ RunTime:0.0010s ]
SQL: SELECT `depname` FROM `xy_user` WHERE ( id=16 ) LIMIT 1   [ RunTime:0.0000s ]
SQL: SHOW COLUMNS FROM `xy_renwu` [ RunTime:0.0250s ]
NOTIC: [8] Use of undefined constant uid - assumed 'uid' D:\wamp\www\X-CRM3\App\Runtime\Cache\Home\8d1be3c46ef179b9e01c2c8d3de21c37.php 第 79 行.
SQL: SELECT * FROM `xy_renwu` WHERE `juid` LIKE '%1%' ORDER BY id desc LIMIT 5   [ RunTime:0.0000s ]
SQL: SHOW COLUMNS FROM `xy_tongzhi` [ RunTime:0.0450s ]
NOTIC: [8] Use of undefined constant uid - assumed 'uid' D:\wamp\www\X-CRM3\App\Runtime\Cache\Home\8d1be3c46ef179b9e01c2c8d3de21c37.php 第 108 行.
SQL: SELECT * FROM `xy_tongzhi` WHERE `juid` LIKE '%1%' ORDER BY id desc LIMIT 5   [ RunTime:0.0000s ]
SQL: SHOW COLUMNS FROM `xy_cust` [ RunTime:0.0290s ]
SQL: SELECT * FROM `xy_cust` WHERE ( `xiaci` >= '2018-10-16' AND `xiaci` <= '2018-11-23'  ) AND (  `uid` = '1' OR `juid` LIKE '%1%' ) LIMIT 5   [ RunTime:0.0000s ]
SQL: SHOW COLUMNS FROM `xy_fahuo` [ RunTime:0.0070s ]
SQL: SELECT * FROM `xy_fahuo` ORDER BY id desc LIMIT 5   [ RunTime:0.0010s ]
SQL: SHOW COLUMNS FROM `xy_hetong` [ RunTime:0.0070s ]
SQL: SELECT * FROM `xy_hetong` WHERE (  `uid` = '1' OR `juid` LIKE '%1%' ) AND ( `jztime` >= '2018-10-16' AND `jztime` <= '2018-11-23'  ) LIMIT 5   [ RunTime:0.0000s ]
INFO: Run Behavior\ParseTemplateBehavior [ RunTime:0.265016s ]
INFO: [ view_parse ] --END-- [ RunTime:0.265016s ]
INFO: [ view_filter ] --START--
INFO: Run Behavior\WriteHtmlCacheBehavior [ RunTime:0.001000s ]
INFO: [ view_filter ] --END-- [ RunTime:0.001000s ]
INFO: [ app_end ] --START--
INFO: Run Behavior\ShowPageTraceBehavior [ RunTime:0.000000s ]
INFO: [ app_end ] --END-- [ RunTime:0.000000s ]

[ 2018-10-23T15:33:07+08:00 ] ::1 /X-CRM3/index.php/home/member/index?_=1540279985008
INFO: [ app_init ] --START--
INFO: Run Behavior\BuildLiteBehavior [ RunTime:0.000000s ]
INFO: [ app_init ] --END-- [ RunTime:0.001000s ]
INFO: [ app_begin ] --START--
INFO: Run Behavior\ReadHtmlCacheBehavior [ RunTime:0.001000s ]
INFO: [ app_begin ] --END-- [ RunTime:0.001000s ]
SQL: SHOW COLUMNS FROM `xy_app_member` [ RunTime:0.0660s ]
NOTIC: [8] Undefined variable: order D:\wamp\www\X-CRM3\App\Common\Controller\BaseController.class.php 第 141 行.
NOTIC: [8] Undefined variable: sort D:\wamp\www\X-CRM3\App\Common\Controller\BaseController.class.php 第 151 行.
NOTIC: [8] Undefined variable: pageCurrent D:\wamp\www\X-CRM3\App\Common\Controller\BaseController.class.php 第 159 行.
SQL: SELECT COUNT(*) AS tp_count FROM `xy_app_member` WHERE (  `id` <> '0' ) LIMIT 1   [ RunTime:0.0010s ]
SQL: SELECT * FROM `xy_app_member` WHERE (  `id` <> '0' ) ORDER BY `id` desc LIMIT 0,50   [ RunTime:0.0000s ]
SQL: SHOW COLUMNS FROM `xy_user` [ RunTime:0.0050s ]
SQL: SELECT `username` FROM `xy_user` WHERE ( id='' ) LIMIT 1   [ RunTime:0.0000s ]
INFO: [ view_parse ] --START--
INFO: [ template_filter ] --START--
INFO: Run Behavior\ContentReplaceBehavior [ RunTime:0.000000s ]
INFO: [ template_filter ] --END-- [ RunTime:0.000000s ]
NOTIC: [8] Undefined index: keys D:\wamp\www\X-CRM3\App\Runtime\Cache\Home\3dab0a4f692bc604129dcf4465678572.php 第 8 行.
INFO: Run Behavior\ParseTemplateBehavior [ RunTime:0.019001s ]
INFO: [ view_parse ] --END-- [ RunTime:0.019001s ]
INFO: [ view_filter ] --START--
INFO: Run Behavior\WriteHtmlCacheBehavior [ RunTime:0.000000s ]
INFO: [ view_filter ] --END-- [ RunTime:0.000000s ]
INFO: [ app_end ] --START--
INFO: Run Behavior\ShowPageTraceBehavior [ RunTime:0.001000s ]
INFO: [ app_end ] --END-- [ RunTime:0.001000s ]

