[ 2018-11-30T08:38:39+08:00 ] ::1 /weiling/index.php?s=/Home/index/main.html&_=1543538309162
INFO: [ app_init ] --START--
INFO: Run Behavior\BuildLiteBehavior [ RunTime:0.000000s ]
INFO: [ app_init ] --END-- [ RunTime:0.007001s ]
INFO: [ app_begin ] --START--
INFO: Run Behavior\ReadHtmlCacheBehavior [ RunTime:0.005000s ]
INFO: [ app_begin ] --END-- [ RunTime:0.005000s ]
NOTIC: [2048] Declaration of Home\Controller\IndexController::index() should be compatible with Common\Controller\BaseController::index($uid = '') D:\phpStudy\WWW\weiling\App\Home\Controller\IndexController.class.php 第 5 行.
SQL: SHOW COLUMNS FROM `xy_user` [ RunTime:0.0130s ]
SQL: SELECT * FROM `xy_user` WHERE `id` = 1 LIMIT 1   [ RunTime:0.0130s ]
INFO: [ view_parse ] --START--
INFO: [ template_filter ] --START--
INFO: Run Behavior\ContentReplaceBehavior [ RunTime:0.000000s ]
INFO: [ template_filter ] --END-- [ RunTime:0.000000s ]
SQL: SHOW COLUMNS FROM `xy_quxiang` [ RunTime:0.0130s ]
SQL: SELECT * FROM `xy_quxiang` ORDER BY id desc LIMIT 5   [ RunTime:0.0130s ]
SQL: SELECT `depname` FROM `xy_user` WHERE ( id=16 ) LIMIT 1   [ RunTime:0.0120s ]
SQL: SHOW COLUMNS FROM `xy_renwu` [ RunTime:0.0130s ]
NOTIC: [8] Use of undefined constant uid - assumed 'uid' D:\phpStudy\WWW\weiling\App\Runtime\Cache\Home\8d1be3c46ef179b9e01c2c8d3de21c37.php 第 79 行.
SQL: SELECT * FROM `xy_renwu` WHERE `juid` LIKE '%1%' ORDER BY id desc LIMIT 5   [ RunTime:0.0130s ]
SQL: SHOW COLUMNS FROM `xy_tongzhi` [ RunTime:0.0130s ]
NOTIC: [8] Use of undefined constant uid - assumed 'uid' D:\phpStudy\WWW\weiling\App\Runtime\Cache\Home\8d1be3c46ef179b9e01c2c8d3de21c37.php 第 108 行.
SQL: SELECT * FROM `xy_tongzhi` WHERE `juid` LIKE '%1%' ORDER BY id desc LIMIT 5   [ RunTime:0.0130s ]
SQL: SHOW COLUMNS FROM `xy_cust` [ RunTime:0.0130s ]
SQL: SELECT * FROM `xy_cust` WHERE ( `xiaci` >= '2018-11-23' AND `xiaci` <= '2018-12-30'  ) AND (  `uid` = '1' OR `juid` LIKE '%1%' ) LIMIT 5   [ RunTime:0.0130s ]
SQL: SHOW COLUMNS FROM `xy_fahuo` [ RunTime:0.0130s ]
SQL: SELECT * FROM `xy_fahuo` ORDER BY id desc LIMIT 5   [ RunTime:0.0150s ]
SQL: SHOW COLUMNS FROM `xy_hetong` [ RunTime:0.0130s ]
SQL: SELECT * FROM `xy_hetong` WHERE (  `uid` = '1' OR `juid` LIKE '%1%' ) AND ( `jztime` >= '2018-11-23' AND `jztime` <= '2018-12-30'  ) LIMIT 5   [ RunTime:0.0130s ]
INFO: Run Behavior\ParseTemplateBehavior [ RunTime:0.198011s ]
INFO: [ view_parse ] --END-- [ RunTime:0.198011s ]
INFO: [ view_filter ] --START--
INFO: Run Behavior\WriteHtmlCacheBehavior [ RunTime:0.001001s ]
INFO: [ view_filter ] --END-- [ RunTime:0.001001s ]
INFO: [ app_end ] --START--
INFO: Run Behavior\ShowPageTraceBehavior [ RunTime:0.001000s ]
INFO: [ app_end ] --END-- [ RunTime:0.001000s ]

[ 2018-11-30T09:18:35+08:00 ] ::1 /weiling/index.php/home/api/consultation_hospitallist
INFO: [ app_init ] --START--
INFO: Run Behavior\BuildLiteBehavior [ RunTime:0.000000s ]
INFO: [ app_init ] --END-- [ RunTime:0.001000s ]
INFO: [ app_begin ] --START--
INFO: Run Behavior\ReadHtmlCacheBehavior [ RunTime:0.001000s ]
INFO: [ app_begin ] --END-- [ RunTime:0.001000s ]
SQL: SHOW COLUMNS FROM `xy_hospital` [ RunTime:0.0150s ]
SQL: SELECT * FROM `xy_hospital`  [ RunTime:0.0110s ]

[ 2018-11-30T09:18:47+08:00 ] ::1 /weiling/index.php/home/api/consultation_independentprice
INFO: [ app_init ] --START--
INFO: Run Behavior\BuildLiteBehavior [ RunTime:0.000000s ]
INFO: [ app_init ] --END-- [ RunTime:0.000000s ]
INFO: [ app_begin ] --START--
INFO: Run Behavior\ReadHtmlCacheBehavior [ RunTime:0.001000s ]
INFO: [ app_begin ] --END-- [ RunTime:0.001000s ]
SQL: SHOW COLUMNS FROM `xy_consultationprice` [ RunTime:0.0130s ]
SQL: SELECT * FROM `xy_consultationprice`  [ RunTime:0.0130s ]

[ 2018-11-30T09:23:08+08:00 ] ::1 /weiling/index.php/home/api/consultation_independentprice
INFO: [ app_init ] --START--
INFO: Run Behavior\BuildLiteBehavior [ RunTime:0.000000s ]
INFO: [ app_init ] --END-- [ RunTime:0.001000s ]
INFO: [ app_begin ] --START--
INFO: Run Behavior\ReadHtmlCacheBehavior [ RunTime:0.000000s ]
INFO: [ app_begin ] --END-- [ RunTime:0.000000s ]
SQL: SHOW COLUMNS FROM `xy_consultationprice` [ RunTime:0.0100s ]
SQL: SELECT * FROM `xy_consultationprice`  [ RunTime:0.0120s ]

[ 2018-11-30T10:03:34+08:00 ] ::1 /weiling/
INFO: [ app_init ] --START--
INFO: Run Behavior\BuildLiteBehavior [ RunTime:0.000000s ]
INFO: [ app_init ] --END-- [ RunTime:0.001000s ]
INFO: [ app_begin ] --START--
INFO: Run Behavior\ReadHtmlCacheBehavior [ RunTime:0.001000s ]
INFO: [ app_begin ] --END-- [ RunTime:0.001000s ]
NOTIC: [2048] Declaration of Home\Controller\IndexController::index() should be compatible with Common\Controller\BaseController::index($uid = '') D:\phpStudy\WWW\weiling\App\Home\Controller\IndexController.class.php 第 5 行.
SQL: SHOW COLUMNS FROM `xy_user` [ RunTime:0.0120s ]
SQL: SELECT * FROM `xy_user` WHERE `id` = 1 LIMIT 1   [ RunTime:0.0130s ]
INFO: [ view_parse ] --START--
INFO: [ template_filter ] --START--
INFO: Run Behavior\ContentReplaceBehavior [ RunTime:0.000000s ]
INFO: [ template_filter ] --END-- [ RunTime:0.000000s ]
SQL: SELECT COUNT(*) AS tp_count FROM `xy_user` WHERE `update_time` > 1543542813 LIMIT 1   [ RunTime:0.0110s ]
SQL: SHOW COLUMNS FROM `xy_msg` [ RunTime:0.0130s ]
SQL: SELECT COUNT(*) AS tp_count FROM `xy_msg` WHERE `viewtime` < '2000-01-01' AND `juid` = '1' LIMIT 1   [ RunTime:0.0110s ]
SQL: SHOW COLUMNS FROM `xy_menu` [ RunTime:0.0120s ]
SQL: SELECT * FROM `xy_menu` WHERE ( level=0 ) ORDER BY sort  [ RunTime:0.0140s ]
NOTIC: [8] Use of undefined constant alink - assumed 'alink' D:\phpStudy\WWW\weiling\App\Runtime\Cache\Home\00e52909bed743ea261af4b6823297ff.php 第 467 行.
SQL: SELECT * FROM `xy_menu` WHERE ( level=1 and pid=1 ) ORDER BY sort  [ RunTime:0.0120s ]
NOTIC: [8] Use of undefined constant alink - assumed 'alink' D:\phpStudy\WWW\weiling\App\Runtime\Cache\Home\00e52909bed743ea261af4b6823297ff.php 第 499 行.
NOTIC: [8] Use of undefined constant id - assumed 'id' D:\phpStudy\WWW\weiling\App\Runtime\Cache\Home\00e52909bed743ea261af4b6823297ff.php 第 499 行.
SQL: SELECT COUNT(id) AS tp_count FROM `xy_menu` WHERE ( level=2 and pid=119 ) LIMIT 1   [ RunTime:0.0130s ]
SQL: SELECT * FROM `xy_menu` WHERE ( level=2 and pid=119 ) ORDER BY sort  [ RunTime:0.0100s ]
NOTIC: [8] Use of undefined constant alink - assumed 'alink' D:\phpStudy\WWW\weiling\App\Runtime\Cache\Home\00e52909bed743ea261af4b6823297ff.php 第 509 行.
NOTIC: [8] Use of undefined constant alink - assumed 'alink' D:\phpStudy\WWW\weiling\App\Runtime\Cache\Home\00e52909bed743ea261af4b6823297ff.php 第 509 行.
NOTIC: [8] Use of undefined constant alink - assumed 'alink' D:\phpStudy\WWW\weiling\App\Runtime\Cache\Home\00e52909bed743ea261af4b6823297ff.php 第 509 行.
NOTIC: [8] Use of undefined constant alink - assumed 'alink' D:\phpStudy\WWW\weiling\App\Runtime\Cache\Home\00e52909bed743ea261af4b6823297ff.php 第 509 行.
NOTIC: [8] Use of undefined constant alink - assumed 'alink' D:\phpStudy\WWW\weiling\App\Runtime\Cache\Home\00e52909bed743ea261af4b6823297ff.php 第 499 行.
NOTIC: [8] Use of undefined constant id - assumed 'id' D:\phpStudy\WWW\weiling\App\Runtime\Cache\Home\00e52909bed743ea261af4b6823297ff.php 第 499 行.
SQL: SELECT COUNT(id) AS tp_count FROM `xy_menu` WHERE ( level=2 and pid=8 ) LIMIT 1   [ RunTime:0.0130s ]
SQL: SELECT * FROM `xy_menu` WHERE ( level=2 and pid=8 ) ORDER BY sort  [ RunTime:0.0130s ]
NOTIC: [8] Use of undefined constant alink - assumed 'alink' D:\phpStudy\WWW\weiling\App\Runtime\Cache\Home\00e52909bed743ea261af4b6823297ff.php 第 509 行.
NOTIC: [8] Use of undefined constant alink - assumed 'alink' D:\phpStudy\WWW\weiling\App\Runtime\Cache\Home\00e52909bed743ea261af4b6823297ff.php 第 509 行.
NOTIC: [8] Use of undefined constant alink - assumed 'alink' D:\phpStudy\WWW\weiling\App\Runtime\Cache\Home\00e52909bed743ea261af4b6823297ff.php 第 509 行.
NOTIC: [8] Use of undefined constant alink - assumed 'alink' D:\phpStudy\WWW\weiling\App\Runtime\Cache\Home\00e52909bed743ea261af4b6823297ff.php 第 509 行.
NOTIC: [8] Use of undefined constant alink - assumed 'alink' D:\phpStudy\WWW\weiling\App\Runtime\Cache\Home\00e52909bed743ea261af4b6823297ff.php 第 509 行.
NOTIC: [8] Use of undefined constant alink - assumed 'alink' D:\phpStudy\WWW\weiling\App\Runtime\Cache\Home\00e52909bed743ea261af4b6823297ff.php 第 499 行.
NOTIC: [8] Use of undefined constant id - assumed 'id' D:\phpStudy\WWW\weiling\App\Runtime\Cache\Home\00e52909bed743ea261af4b6823297ff.php 第 499 行.
SQL: SELECT COUNT(id) AS tp_count FROM `xy_menu` WHERE ( level=2 and pid=125 ) LIMIT 1   [ RunTime:0.0110s ]
SQL: SELECT * FROM `xy_menu` WHERE ( level=2 and pid=125 ) ORDER BY sort  [ RunTime:0.0120s ]
NOTIC: [8] Use of undefined constant alink - assumed 'alink' D:\phpStudy\WWW\weiling\App\Runtime\Cache\Home\00e52909bed743ea261af4b6823297ff.php 第 509 行.
NOTIC: [8] Use of undefined constant alink - assumed 'alink' D:\phpStudy\WWW\weiling\App\Runtime\Cache\Home\00e52909bed743ea261af4b6823297ff.php 第 509 行.
NOTIC: [8] Use of undefined constant alink - assumed 'alink' D:\phpStudy\WWW\weiling\App\Runtime\Cache\Home\00e52909bed743ea261af4b6823297ff.php 第 509 行.
NOTIC: [8] Use of undefined constant alink - assumed 'alink' D:\phpStudy\WWW\weiling\App\Runtime\Cache\Home\00e52909bed743ea261af4b6823297ff.php 第 509 行.
NOTIC: [8] Use of undefined constant alink - assumed 'alink' D:\phpStudy\WWW\weiling\App\Runtime\Cache\Home\00e52909bed743ea261af4b6823297ff.php 第 509 行.
NOTIC: [8] Use of undefined constant alink - assumed 'alink' D:\phpStudy\WWW\weiling\App\Runtime\Cache\Home\00e52909bed743ea261af4b6823297ff.php 第 499 行.
NOTIC: [8] Use of undefined constant id - assumed 'id' D:\phpStudy\WWW\weiling\App\Runtime\Cache\Home\00e52909bed743ea261af4b6823297ff.php 第 499 行.
SQL: SELECT COUNT(id) AS tp_count FROM `xy_menu` WHERE ( level=2 and pid=131 ) LIMIT 1   [ RunTime:0.0110s ]
SQL: SELECT * FROM `xy_menu` WHERE ( level=2 and pid=131 ) ORDER BY sort  [ RunTime:0.0150s ]
NOTIC: [8] Use of undefined constant alink - assumed 'alink' D:\phpStudy\WWW\weiling\App\Runtime\Cache\Home\00e52909bed743ea261af4b6823297ff.php 第 509 行.
NOTIC: [8] Use of undefined constant alink - assumed 'alink' D:\phpStudy\WWW\weiling\App\Runtime\Cache\Home\00e52909bed743ea261af4b6823297ff.php 第 509 行.
NOTIC: [8] Use of undefined constant alink - assumed 'alink' D:\phpStudy\WWW\weiling\App\Runtime\Cache\Home\00e52909bed743ea261af4b6823297ff.php 第 509 行.
NOTIC: [8] Use of undefined constant alink - assumed 'alink' D:\phpStudy\WWW\weiling\App\Runtime\Cache\Home\00e52909bed743ea261af4b6823297ff.php 第 509 行.
NOTIC: [8] Use of undefined constant alink - assumed 'alink' D:\phpStudy\WWW\weiling\App\Runtime\Cache\Home\00e52909bed743ea261af4b6823297ff.php 第 467 行.
SQL: SELECT * FROM `xy_menu` WHERE ( level=1 and pid=135 ) ORDER BY sort  [ RunTime:0.0110s ]
NOTIC: [8] Use of undefined constant alink - assumed 'alink' D:\phpStudy\WWW\weiling\App\Runtime\Cache\Home\00e52909bed743ea261af4b6823297ff.php 第 499 行.
NOTIC: [8] Use of undefined constant id - assumed 'id' D:\phpStudy\WWW\weiling\App\Runtime\Cache\Home\00e52909bed743ea261af4b6823297ff.php 第 499 行.
SQL: SELECT COUNT(id) AS tp_count FROM `xy_menu` WHERE ( level=2 and pid=158 ) LIMIT 1   [ RunTime:0.0110s ]
SQL: SELECT * FROM `xy_menu` WHERE ( level=2 and pid=158 ) ORDER BY sort  [ RunTime:0.0110s ]
NOTIC: [8] Use of undefined constant alink - assumed 'alink' D:\phpStudy\WWW\weiling\App\Runtime\Cache\Home\00e52909bed743ea261af4b6823297ff.php 第 499 行.
NOTIC: [8] Use of undefined constant id - assumed 'id' D:\phpStudy\WWW\weiling\App\Runtime\Cache\Home\00e52909bed743ea261af4b6823297ff.php 第 499 行.
SQL: SELECT COUNT(id) AS tp_count FROM `xy_menu` WHERE ( level=2 and pid=136 ) LIMIT 1   [ RunTime:0.0120s ]
SQL: SELECT * FROM `xy_menu` WHERE ( level=2 and pid=136 ) ORDER BY sort  [ RunTime:0.0130s ]
NOTIC: [8] Use of undefined constant alink - assumed 'alink' D:\phpStudy\WWW\weiling\App\Runtime\Cache\Home\00e52909bed743ea261af4b6823297ff.php 第 509 行.
NOTIC: [8] Use of undefined constant alink - assumed 'alink' D:\phpStudy\WWW\weiling\App\Runtime\Cache\Home\00e52909bed743ea261af4b6823297ff.php 第 509 行.
NOTIC: [8] Use of undefined constant alink - assumed 'alink' D:\phpStudy\WWW\weiling\App\Runtime\Cache\Home\00e52909bed743ea261af4b6823297ff.php 第 509 行.
NOTIC: [8] Use of undefined constant alink - assumed 'alink' D:\phpStudy\WWW\weiling\App\Runtime\Cache\Home\00e52909bed743ea261af4b6823297ff.php 第 509 行.
NOTIC: [8] Use of undefined constant alink - assumed 'alink' D:\phpStudy\WWW\weiling\App\Runtime\Cache\Home\00e52909bed743ea261af4b6823297ff.php 第 509 行.
NOTIC: [8] Use of undefined constant alink - assumed 'alink' D:\phpStudy\WWW\weiling\App\Runtime\Cache\Home\00e52909bed743ea261af4b6823297ff.php 第 499 行.
NOTIC: [8] Use of undefined constant id - assumed 'id' D:\phpStudy\WWW\weiling\App\Runtime\Cache\Home\00e52909bed743ea261af4b6823297ff.php 第 499 行.
SQL: SELECT COUNT(id) AS tp_count FROM `xy_menu` WHERE ( level=2 and pid=142 ) LIMIT 1   [ RunTime:0.0180s ]
SQL: SELECT * FROM `xy_menu` WHERE ( level=2 and pid=142 ) ORDER BY sort  [ RunTime:0.0110s ]
NOTIC: [8] Use of undefined constant alink - assumed 'alink' D:\phpStudy\WWW\weiling\App\Runtime\Cache\Home\00e52909bed743ea261af4b6823297ff.php 第 509 行.
NOTIC: [8] Use of undefined constant alink - assumed 'alink' D:\phpStudy\WWW\weiling\App\Runtime\Cache\Home\00e52909bed743ea261af4b6823297ff.php 第 509 行.
NOTIC: [8] Use of undefined constant alink - assumed 'alink' D:\phpStudy\WWW\weiling\App\Runtime\Cache\Home\00e52909bed743ea261af4b6823297ff.php 第 509 行.
NOTIC: [8] Use of undefined constant alink - assumed 'alink' D:\phpStudy\WWW\weiling\App\Runtime\Cache\Home\00e52909bed743ea261af4b6823297ff.php 第 509 行.
NOTIC: [8] Use of undefined constant alink - assumed 'alink' D:\phpStudy\WWW\weiling\App\Runtime\Cache\Home\00e52909bed743ea261af4b6823297ff.php 第 499 行.
NOTIC: [8] Use of undefined constant id - assumed 'id' D:\phpStudy\WWW\weiling\App\Runtime\Cache\Home\00e52909bed743ea261af4b6823297ff.php 第 499 行.
SQL: SELECT COUNT(id) AS tp_count FROM `xy_menu` WHERE ( level=2 and pid=159 ) LIMIT 1   [ RunTime:0.0130s ]
SQL: SELECT * FROM `xy_menu` WHERE ( level=2 and pid=159 ) ORDER BY sort  [ RunTime:0.0110s ]
NOTIC: [8] Use of undefined constant alink - assumed 'alink' D:\phpStudy\WWW\weiling\App\Runtime\Cache\Home\00e52909bed743ea261af4b6823297ff.php 第 499 行.
NOTIC: [8] Use of undefined constant id - assumed 'id' D:\phpStudy\WWW\weiling\App\Runtime\Cache\Home\00e52909bed743ea261af4b6823297ff.php 第 499 行.
SQL: SELECT COUNT(id) AS tp_count FROM `xy_menu` WHERE ( level=2 and pid=147 ) LIMIT 1   [ RunTime:0.0110s ]
SQL: SELECT * FROM `xy_menu` WHERE ( level=2 and pid=147 ) ORDER BY sort  [ RunTime:0.0130s ]
NOTIC: [8] Use of undefined constant alink - assumed 'alink' D:\phpStudy\WWW\weiling\App\Runtime\Cache\Home\00e52909bed743ea261af4b6823297ff.php 第 499 行.
NOTIC: [8] Use of undefined constant id - assumed 'id' D:\phpStudy\WWW\weiling\App\Runtime\Cache\Home\00e52909bed743ea261af4b6823297ff.php 第 499 行.
SQL: SELECT COUNT(id) AS tp_count FROM `xy_menu` WHERE ( level=2 and pid=148 ) LIMIT 1   [ RunTime:0.0130s ]
SQL: SELECT * FROM `xy_menu` WHERE ( level=2 and pid=148 ) ORDER BY sort  [ RunTime:0.0110s ]
NOTIC: [8] Use of undefined constant alink - assumed 'alink' D:\phpStudy\WWW\weiling\App\Runtime\Cache\Home\00e52909bed743ea261af4b6823297ff.php 第 467 行.
SQL: SELECT * FROM `xy_menu` WHERE ( level=1 and pid=149 ) ORDER BY sort  [ RunTime:0.0140s ]
NOTIC: [8] Use of undefined constant alink - assumed 'alink' D:\phpStudy\WWW\weiling\App\Runtime\Cache\Home\00e52909bed743ea261af4b6823297ff.php 第 499 行.
NOTIC: [8] Use of undefined constant id - assumed 'id' D:\phpStudy\WWW\weiling\App\Runtime\Cache\Home\00e52909bed743ea261af4b6823297ff.php 第 499 行.
SQL: SELECT COUNT(id) AS tp_count FROM `xy_menu` WHERE ( level=2 and pid=150 ) LIMIT 1   [ RunTime:0.0110s ]
SQL: SELECT * FROM `xy_menu` WHERE ( level=2 and pid=150 ) ORDER BY sort  [ RunTime:0.0130s ]
NOTIC: [8] Use of undefined constant alink - assumed 'alink' D:\phpStudy\WWW\weiling\App\Runtime\Cache\Home\00e52909bed743ea261af4b6823297ff.php 第 509 行.
NOTIC: [8] Use of undefined constant alink - assumed 'alink' D:\phpStudy\WWW\weiling\App\Runtime\Cache\Home\00e52909bed743ea261af4b6823297ff.php 第 509 行.
NOTIC: [8] Use of undefined constant alink - assumed 'alink' D:\phpStudy\WWW\weiling\App\Runtime\Cache\Home\00e52909bed743ea261af4b6823297ff.php 第 509 行.
NOTIC: [8] Use of undefined constant alink - assumed 'alink' D:\phpStudy\WWW\weiling\App\Runtime\Cache\Home\00e52909bed743ea261af4b6823297ff.php 第 499 行.
NOTIC: [8] Use of undefined constant id - assumed 'id' D:\phpStudy\WWW\weiling\App\Runtime\Cache\Home\00e52909bed743ea261af4b6823297ff.php 第 499 行.
SQL: SELECT COUNT(id) AS tp_count FROM `xy_menu` WHERE ( level=2 and pid=154 ) LIMIT 1   [ RunTime:0.0130s ]
SQL: SELECT * FROM `xy_menu` WHERE ( level=2 and pid=154 ) ORDER BY sort  [ RunTime:0.0130s ]
NOTIC: [8] Use of undefined constant alink - assumed 'alink' D:\phpStudy\WWW\weiling\App\Runtime\Cache\Home\00e52909bed743ea261af4b6823297ff.php 第 509 行.
NOTIC: [8] Use of undefined constant alink - assumed 'alink' D:\phpStudy\WWW\weiling\App\Runtime\Cache\Home\00e52909bed743ea261af4b6823297ff.php 第 509 行.
NOTIC: [8] Use of undefined constant alink - assumed 'alink' D:\phpStudy\WWW\weiling\App\Runtime\Cache\Home\00e52909bed743ea261af4b6823297ff.php 第 509 行.
NOTIC: [8] Use of undefined constant alink - assumed 'alink' D:\phpStudy\WWW\weiling\App\Runtime\Cache\Home\00e52909bed743ea261af4b6823297ff.php 第 499 行.
NOTIC: [8] Use of undefined constant id - assumed 'id' D:\phpStudy\WWW\weiling\App\Runtime\Cache\Home\00e52909bed743ea261af4b6823297ff.php 第 499 行.
SQL: SELECT COUNT(id) AS tp_count FROM `xy_menu` WHERE ( level=2 and pid=182 ) LIMIT 1   [ RunTime:0.0120s ]
SQL: SELECT * FROM `xy_menu` WHERE ( level=2 and pid=182 ) ORDER BY sort  [ RunTime:0.0100s ]
NOTIC: [8] Use of undefined constant alink - assumed 'alink' D:\phpStudy\WWW\weiling\App\Runtime\Cache\Home\00e52909bed743ea261af4b6823297ff.php 第 467 行.
SQL: SELECT * FROM `xy_menu` WHERE ( level=1 and pid=113 ) ORDER BY sort  [ RunTime:0.0120s ]
NOTIC: [8] Use of undefined constant alink - assumed 'alink' D:\phpStudy\WWW\weiling\App\Runtime\Cache\Home\00e52909bed743ea261af4b6823297ff.php 第 499 行.
NOTIC: [8] Use of undefined constant id - assumed 'id' D:\phpStudy\WWW\weiling\App\Runtime\Cache\Home\00e52909bed743ea261af4b6823297ff.php 第 499 行.
SQL: SELECT COUNT(id) AS tp_count FROM `xy_menu` WHERE ( level=2 and pid=209 ) LIMIT 1   [ RunTime:0.0130s ]
SQL: SELECT * FROM `xy_menu` WHERE ( level=2 and pid=209 ) ORDER BY sort  [ RunTime:0.0130s ]
NOTIC: [8] Use of undefined constant alink - assumed 'alink' D:\phpStudy\WWW\weiling\App\Runtime\Cache\Home\00e52909bed743ea261af4b6823297ff.php 第 499 行.
NOTIC: [8] Use of undefined constant id - assumed 'id' D:\phpStudy\WWW\weiling\App\Runtime\Cache\Home\00e52909bed743ea261af4b6823297ff.php 第 499 行.
SQL: SELECT COUNT(id) AS tp_count FROM `xy_menu` WHERE ( level=2 and pid=210 ) LIMIT 1   [ RunTime:0.0110s ]
SQL: SELECT * FROM `xy_menu` WHERE ( level=2 and pid=210 ) ORDER BY sort  [ RunTime:0.0120s ]
NOTIC: [8] Use of undefined constant alink - assumed 'alink' D:\phpStudy\WWW\weiling\App\Runtime\Cache\Home\00e52909bed743ea261af4b6823297ff.php 第 499 行.
NOTIC: [8] Use of undefined constant id - assumed 'id' D:\phpStudy\WWW\weiling\App\Runtime\Cache\Home\00e52909bed743ea261af4b6823297ff.php 第 499 行.
SQL: SELECT COUNT(id) AS tp_count FROM `xy_menu` WHERE ( level=2 and pid=199 ) LIMIT 1   [ RunTime:0.0100s ]
SQL: SELECT * FROM `xy_menu` WHERE ( level=2 and pid=199 ) ORDER BY sort  [ RunTime:0.0140s ]
NOTIC: [8] Use of undefined constant alink - assumed 'alink' D:\phpStudy\WWW\weiling\App\Runtime\Cache\Home\00e52909bed743ea261af4b6823297ff.php 第 509 行.
NOTIC: [8] Use of undefined constant alink - assumed 'alink' D:\phpStudy\WWW\weiling\App\Runtime\Cache\Home\00e52909bed743ea261af4b6823297ff.php 第 509 行.
NOTIC: [8] Use of undefined constant alink - assumed 'alink' D:\phpStudy\WWW\weiling\App\Runtime\Cache\Home\00e52909bed743ea261af4b6823297ff.php 第 509 行.
NOTIC: [8] Use of undefined constant alink - assumed 'alink' D:\phpStudy\WWW\weiling\App\Runtime\Cache\Home\00e52909bed743ea261af4b6823297ff.php 第 499 行.
NOTIC: [8] Use of undefined constant id - assumed 'id' D:\phpStudy\WWW\weiling\App\Runtime\Cache\Home\00e52909bed743ea261af4b6823297ff.php 第 499 行.
SQL: SELECT COUNT(id) AS tp_count FROM `xy_menu` WHERE ( level=2 and pid=183 ) LIMIT 1   [ RunTime:0.0130s ]
SQL: SELECT * FROM `xy_menu` WHERE ( level=2 and pid=183 ) ORDER BY sort  [ RunTime:0.0100s ]
NOTIC: [8] Use of undefined constant alink - assumed 'alink' D:\phpStudy\WWW\weiling\App\Runtime\Cache\Home\00e52909bed743ea261af4b6823297ff.php 第 509 行.
NOTIC: [8] Use of undefined constant alink - assumed 'alink' D:\phpStudy\WWW\weiling\App\Runtime\Cache\Home\00e52909bed743ea261af4b6823297ff.php 第 509 行.
NOTIC: [8] Use of undefined constant alink - assumed 'alink' D:\phpStudy\WWW\weiling\App\Runtime\Cache\Home\00e52909bed743ea261af4b6823297ff.php 第 509 行.
NOTIC: [8] Use of undefined constant alink - assumed 'alink' D:\phpStudy\WWW\weiling\App\Runtime\Cache\Home\00e52909bed743ea261af4b6823297ff.php 第 509 行.
NOTIC: [8] Use of undefined constant alink - assumed 'alink' D:\phpStudy\WWW\weiling\App\Runtime\Cache\Home\00e52909bed743ea261af4b6823297ff.php 第 509 行.
NOTIC: [8] Use of undefined constant alink - assumed 'alink' D:\phpStudy\WWW\weiling\App\Runtime\Cache\Home\00e52909bed743ea261af4b6823297ff.php 第 509 行.
NOTIC: [8] Use of undefined constant alink - assumed 'alink' D:\phpStudy\WWW\weiling\App\Runtime\Cache\Home\00e52909bed743ea261af4b6823297ff.php 第 499 行.
NOTIC: [8] Use of undefined constant id - assumed 'id' D:\phpStudy\WWW\weiling\App\Runtime\Cache\Home\00e52909bed743ea261af4b6823297ff.php 第 499 行.
SQL: SELECT COUNT(id) AS tp_count FROM `xy_menu` WHERE ( level=2 and pid=190 ) LIMIT 1   [ RunTime:0.0120s ]
SQL: SELECT * FROM `xy_menu` WHERE ( level=2 and pid=190 ) ORDER BY sort  [ RunTime:0.0110s ]
NOTIC: [8] Use of undefined constant alink - assumed 'alink' D:\phpStudy\WWW\weiling\App\Runtime\Cache\Home\00e52909bed743ea261af4b6823297ff.php 第 509 行.
NOTIC: [8] Use of undefined constant alink - assumed 'alink' D:\phpStudy\WWW\weiling\App\Runtime\Cache\Home\00e52909bed743ea261af4b6823297ff.php 第 509 行.
NOTIC: [8] Use of undefined constant alink - assumed 'alink' D:\phpStudy\WWW\weiling\App\Runtime\Cache\Home\00e52909bed743ea261af4b6823297ff.php 第 509 行.
NOTIC: [8] Use of undefined constant alink - assumed 'alink' D:\phpStudy\WWW\weiling\App\Runtime\Cache\Home\00e52909bed743ea261af4b6823297ff.php 第 509 行.
NOTIC: [8] Use of undefined constant alink - assumed 'alink' D:\phpStudy\WWW\weiling\App\Runtime\Cache\Home\00e52909bed743ea261af4b6823297ff.php 第 509 行.
NOTIC: [8] Use of undefined constant alink - assumed 'alink' D:\phpStudy\WWW\weiling\App\Runtime\Cache\Home\00e52909bed743ea261af4b6823297ff.php 第 509 行.
NOTIC: [8] Use of undefined constant alink - assumed 'alink' D:\phpStudy\WWW\weiling\App\Runtime\Cache\Home\00e52909bed743ea261af4b6823297ff.php 第 509 行.
NOTIC: [8] Use of undefined constant alink - assumed 'alink' D:\phpStudy\WWW\weiling\App\Runtime\Cache\Home\00e52909bed743ea261af4b6823297ff.php 第 509 行.
NOTIC: [8] Use of undefined constant alink - assumed 'alink' D:\phpStudy\WWW\weiling\App\Runtime\Cache\Home\00e52909bed743ea261af4b6823297ff.php 第 509 行.
NOTIC: [8] Use of undefined constant alink - assumed 'alink' D:\phpStudy\WWW\weiling\App\Runtime\Cache\Home\00e52909bed743ea261af4b6823297ff.php 第 499 行.
NOTIC: [8] Use of undefined constant id - assumed 'id' D:\phpStudy\WWW\weiling\App\Runtime\Cache\Home\00e52909bed743ea261af4b6823297ff.php 第 499 行.
SQL: SELECT COUNT(id) AS tp_count FROM `xy_menu` WHERE ( level=2 and pid=202 ) LIMIT 1   [ RunTime:0.0100s ]
SQL: SELECT * FROM `xy_menu` WHERE ( level=2 and pid=202 ) ORDER BY sort  [ RunTime:0.0110s ]
NOTIC: [8] Use of undefined constant alink - assumed 'alink' D:\phpStudy\WWW\weiling\App\Runtime\Cache\Home\00e52909bed743ea261af4b6823297ff.php 第 509 行.
NOTIC: [8] Use of undefined constant alink - assumed 'alink' D:\phpStudy\WWW\weiling\App\Runtime\Cache\Home\00e52909bed743ea261af4b6823297ff.php 第 509 行.
NOTIC: [8] Use of undefined constant alink - assumed 'alink' D:\phpStudy\WWW\weiling\App\Runtime\Cache\Home\00e52909bed743ea261af4b6823297ff.php 第 509 行.
NOTIC: [8] Use of undefined constant alink - assumed 'alink' D:\phpStudy\WWW\weiling\App\Runtime\Cache\Home\00e52909bed743ea261af4b6823297ff.php 第 509 行.
NOTIC: [8] Use of undefined constant alink - assumed 'alink' D:\phpStudy\WWW\weiling\App\Runtime\Cache\Home\00e52909bed743ea261af4b6823297ff.php 第 499 行.
NOTIC: [8] Use of undefined constant id - assumed 'id' D:\phpStudy\WWW\weiling\App\Runtime\Cache\Home\00e52909bed743ea261af4b6823297ff.php 第 499 行.
SQL: SELECT COUNT(id) AS tp_count FROM `xy_menu` WHERE ( level=2 and pid=118 ) LIMIT 1   [ RunTime:0.0130s ]
SQL: SELECT * FROM `xy_menu` WHERE ( level=2 and pid=118 ) ORDER BY sort  [ RunTime:0.0120s ]
NOTIC: [8] Use of undefined constant alink - assumed 'alink' D:\phpStudy\WWW\weiling\App\Runtime\Cache\Home\00e52909bed743ea261af4b6823297ff.php 第 509 行.
NOTIC: [8] Use of undefined constant alink - assumed 'alink' D:\phpStudy\WWW\weiling\App\Runtime\Cache\Home\00e52909bed743ea261af4b6823297ff.php 第 509 行.
NOTIC: [8] Use of undefined constant alink - assumed 'alink' D:\phpStudy\WWW\weiling\App\Runtime\Cache\Home\00e52909bed743ea261af4b6823297ff.php 第 509 行.
NOTIC: [8] Use of undefined constant alink - assumed 'alink' D:\phpStudy\WWW\weiling\App\Runtime\Cache\Home\00e52909bed743ea261af4b6823297ff.php 第 467 行.
SQL: SELECT * FROM `xy_menu` WHERE ( level=1 and pid=216 ) ORDER BY sort  [ RunTime:0.0110s ]
NOTIC: [8] Use of undefined constant alink - assumed 'alink' D:\phpStudy\WWW\weiling\App\Runtime\Cache\Home\00e52909bed743ea261af4b6823297ff.php 第 499 行.
NOTIC: [8] Use of undefined constant id - assumed 'id' D:\phpStudy\WWW\weiling\App\Runtime\Cache\Home\00e52909bed743ea261af4b6823297ff.php 第 499 行.
SQL: SELECT COUNT(id) AS tp_count FROM `xy_menu` WHERE ( level=2 and pid=219 ) LIMIT 1   [ RunTime:0.0130s ]
SQL: SELECT * FROM `xy_menu` WHERE ( level=2 and pid=219 ) ORDER BY sort  [ RunTime:0.0140s ]
NOTIC: [8] Use of undefined constant alink - assumed 'alink' D:\phpStudy\WWW\weiling\App\Runtime\Cache\Home\00e52909bed743ea261af4b6823297ff.php 第 499 行.
NOTIC: [8] Use of undefined constant id - assumed 'id' D:\phpStudy\WWW\weiling\App\Runtime\Cache\Home\00e52909bed743ea261af4b6823297ff.php 第 499 行.
SQL: SELECT COUNT(id) AS tp_count FROM `xy_menu` WHERE ( level=2 and pid=217 ) LIMIT 1   [ RunTime:0.0110s ]
SQL: SELECT * FROM `xy_menu` WHERE ( level=2 and pid=217 ) ORDER BY sort  [ RunTime:0.0130s ]
NOTIC: [8] Use of undefined constant alink - assumed 'alink' D:\phpStudy\WWW\weiling\App\Runtime\Cache\Home\00e52909bed743ea261af4b6823297ff.php 第 499 行.
NOTIC: [8] Use of undefined constant id - assumed 'id' D:\phpStudy\WWW\weiling\App\Runtime\Cache\Home\00e52909bed743ea261af4b6823297ff.php 第 499 行.
SQL: SELECT COUNT(id) AS tp_count FROM `xy_menu` WHERE ( level=2 and pid=231 ) LIMIT 1   [ RunTime:0.0110s ]
SQL: SELECT * FROM `xy_menu` WHERE ( level=2 and pid=231 ) ORDER BY sort  [ RunTime:0.0110s ]
NOTIC: [8] Use of undefined constant alink - assumed 'alink' D:\phpStudy\WWW\weiling\App\Runtime\Cache\Home\00e52909bed743ea261af4b6823297ff.php 第 499 行.
NOTIC: [8] Use of undefined constant id - assumed 'id' D:\phpStudy\WWW\weiling\App\Runtime\Cache\Home\00e52909bed743ea261af4b6823297ff.php 第 499 行.
SQL: SELECT COUNT(id) AS tp_count FROM `xy_menu` WHERE ( level=2 and pid=232 ) LIMIT 1   [ RunTime:0.0130s ]
SQL: SELECT * FROM `xy_menu` WHERE ( level=2 and pid=232 ) ORDER BY sort  [ RunTime:0.0120s ]
NOTIC: [8] Use of undefined constant alink - assumed 'alink' D:\phpStudy\WWW\weiling\App\Runtime\Cache\Home\00e52909bed743ea261af4b6823297ff.php 第 467 行.
SQL: SELECT * FROM `xy_menu` WHERE ( level=1 and pid=218 ) ORDER BY sort  [ RunTime:0.0140s ]
NOTIC: [8] Use of undefined constant alink - assumed 'alink' D:\phpStudy\WWW\weiling\App\Runtime\Cache\Home\00e52909bed743ea261af4b6823297ff.php 第 499 行.
NOTIC: [8] Use of undefined constant id - assumed 'id' D:\phpStudy\WWW\weiling\App\Runtime\Cache\Home\00e52909bed743ea261af4b6823297ff.php 第 499 行.
SQL: SELECT COUNT(id) AS tp_count FROM `xy_menu` WHERE ( level=2 and pid=220 ) LIMIT 1   [ RunTime:0.0120s ]
SQL: SELECT * FROM `xy_menu` WHERE ( level=2 and pid=220 ) ORDER BY sort  [ RunTime:0.0120s ]
NOTIC: [8] Use of undefined constant alink - assumed 'alink' D:\phpStudy\WWW\weiling\App\Runtime\Cache\Home\00e52909bed743ea261af4b6823297ff.php 第 467 行.
SQL: SELECT * FROM `xy_menu` WHERE ( level=1 and pid=222 ) ORDER BY sort  [ RunTime:0.0110s ]
NOTIC: [8] Use of undefined constant alink - assumed 'alink' D:\phpStudy\WWW\weiling\App\Runtime\Cache\Home\00e52909bed743ea261af4b6823297ff.php 第 499 行.
NOTIC: [8] Use of undefined constant id - assumed 'id' D:\phpStudy\WWW\weiling\App\Runtime\Cache\Home\00e52909bed743ea261af4b6823297ff.php 第 499 行.
SQL: SELECT COUNT(id) AS tp_count FROM `xy_menu` WHERE ( level=2 and pid=225 ) LIMIT 1   [ RunTime:0.0130s ]
SQL: SELECT * FROM `xy_menu` WHERE ( level=2 and pid=225 ) ORDER BY sort  [ RunTime:0.0140s ]
NOTIC: [8] Use of undefined constant alink - assumed 'alink' D:\phpStudy\WWW\weiling\App\Runtime\Cache\Home\00e52909bed743ea261af4b6823297ff.php 第 499 行.
NOTIC: [8] Use of undefined constant id - assumed 'id' D:\phpStudy\WWW\weiling\App\Runtime\Cache\Home\00e52909bed743ea261af4b6823297ff.php 第 499 行.
SQL: SELECT COUNT(id) AS tp_count FROM `xy_menu` WHERE ( level=2 and pid=226 ) LIMIT 1   [ RunTime:0.0120s ]
SQL: SELECT * FROM `xy_menu` WHERE ( level=2 and pid=226 ) ORDER BY sort  [ RunTime:0.0130s ]
NOTIC: [8] Use of undefined constant alink - assumed 'alink' D:\phpStudy\WWW\weiling\App\Runtime\Cache\Home\00e52909bed743ea261af4b6823297ff.php 第 499 行.
NOTIC: [8] Use of undefined constant id - assumed 'id' D:\phpStudy\WWW\weiling\App\Runtime\Cache\Home\00e52909bed743ea261af4b6823297ff.php 第 499 行.
SQL: SELECT COUNT(id) AS tp_count FROM `xy_menu` WHERE ( level=2 and pid=233 ) LIMIT 1   [ RunTime:0.0130s ]
SQL: SELECT * FROM `xy_menu` WHERE ( level=2 and pid=233 ) ORDER BY sort  [ RunTime:0.0130s ]
NOTIC: [8] Use of undefined constant alink - assumed 'alink' D:\phpStudy\WWW\weiling\App\Runtime\Cache\Home\00e52909bed743ea261af4b6823297ff.php 第 499 行.
NOTIC: [8] Use of undefined constant id - assumed 'id' D:\phpStudy\WWW\weiling\App\Runtime\Cache\Home\00e52909bed743ea261af4b6823297ff.php 第 499 行.
SQL: SELECT COUNT(id) AS tp_count FROM `xy_menu` WHERE ( level=2 and pid=227 ) LIMIT 1   [ RunTime:0.0120s ]
SQL: SELECT * FROM `xy_menu` WHERE ( level=2 and pid=227 ) ORDER BY sort  [ RunTime:0.0110s ]
NOTIC: [8] Use of undefined constant alink - assumed 'alink' D:\phpStudy\WWW\weiling\App\Runtime\Cache\Home\00e52909bed743ea261af4b6823297ff.php 第 467 行.
SQL: SELECT * FROM `xy_menu` WHERE ( level=1 and pid=228 ) ORDER BY sort  [ RunTime:0.0090s ]
NOTIC: [8] Use of undefined constant alink - assumed 'alink' D:\phpStudy\WWW\weiling\App\Runtime\Cache\Home\00e52909bed743ea261af4b6823297ff.php 第 499 行.
NOTIC: [8] Use of undefined constant id - assumed 'id' D:\phpStudy\WWW\weiling\App\Runtime\Cache\Home\00e52909bed743ea261af4b6823297ff.php 第 499 行.
SQL: SELECT COUNT(id) AS tp_count FROM `xy_menu` WHERE ( level=2 and pid=229 ) LIMIT 1   [ RunTime:0.0130s ]
SQL: SELECT * FROM `xy_menu` WHERE ( level=2 and pid=229 ) ORDER BY sort  [ RunTime:0.0150s ]
NOTIC: [8] Use of undefined constant alink - assumed 'alink' D:\phpStudy\WWW\weiling\App\Runtime\Cache\Home\00e52909bed743ea261af4b6823297ff.php 第 499 行.
NOTIC: [8] Use of undefined constant id - assumed 'id' D:\phpStudy\WWW\weiling\App\Runtime\Cache\Home\00e52909bed743ea261af4b6823297ff.php 第 499 行.
SQL: SELECT COUNT(id) AS tp_count FROM `xy_menu` WHERE ( level=2 and pid=230 ) LIMIT 1   [ RunTime:0.0100s ]
SQL: SELECT * FROM `xy_menu` WHERE ( level=2 and pid=230 ) ORDER BY sort  [ RunTime:0.0130s ]
NOTIC: [8] Use of undefined constant alink - assumed 'alink' D:\phpStudy\WWW\weiling\App\Runtime\Cache\Home\00e52909bed743ea261af4b6823297ff.php 第 467 行.
SQL: SELECT * FROM `xy_menu` WHERE ( level=1 and pid=234 ) ORDER BY sort  [ RunTime:0.0130s ]
NOTIC: [8] Use of undefined constant alink - assumed 'alink' D:\phpStudy\WWW\weiling\App\Runtime\Cache\Home\00e52909bed743ea261af4b6823297ff.php 第 499 行.
NOTIC: [8] Use of undefined constant id - assumed 'id' D:\phpStudy\WWW\weiling\App\Runtime\Cache\Home\00e52909bed743ea261af4b6823297ff.php 第 499 行.
SQL: SELECT COUNT(id) AS tp_count FROM `xy_menu` WHERE ( level=2 and pid=235 ) LIMIT 1   [ RunTime:0.0130s ]
SQL: SELECT * FROM `xy_menu` WHERE ( level=2 and pid=235 ) ORDER BY sort  [ RunTime:0.0140s ]
NOTIC: [8] Use of undefined constant alink - assumed 'alink' D:\phpStudy\WWW\weiling\App\Runtime\Cache\Home\00e52909bed743ea261af4b6823297ff.php 第 467 行.
SQL: SELECT * FROM `xy_menu` WHERE ( level=1 and pid=7 ) ORDER BY sort  [ RunTime:0.0130s ]
NOTIC: [8] Use of undefined constant alink - assumed 'alink' D:\phpStudy\WWW\weiling\App\Runtime\Cache\Home\00e52909bed743ea261af4b6823297ff.php 第 499 行.
NOTIC: [8] Use of undefined constant id - assumed 'id' D:\phpStudy\WWW\weiling\App\Runtime\Cache\Home\00e52909bed743ea261af4b6823297ff.php 第 499 行.
SQL: SELECT COUNT(id) AS tp_count FROM `xy_menu` WHERE ( level=2 and pid=9 ) LIMIT 1   [ RunTime:0.0130s ]
SQL: SELECT * FROM `xy_menu` WHERE ( level=2 and pid=9 ) ORDER BY sort  [ RunTime:0.0120s ]
NOTIC: [8] Use of undefined constant alink - assumed 'alink' D:\phpStudy\WWW\weiling\App\Runtime\Cache\Home\00e52909bed743ea261af4b6823297ff.php 第 509 行.
NOTIC: [8] Use of undefined constant alink - assumed 'alink' D:\phpStudy\WWW\weiling\App\Runtime\Cache\Home\00e52909bed743ea261af4b6823297ff.php 第 509 行.
NOTIC: [8] Use of undefined constant alink - assumed 'alink' D:\phpStudy\WWW\weiling\App\Runtime\Cache\Home\00e52909bed743ea261af4b6823297ff.php 第 509 行.
NOTIC: [8] Use of undefined constant alink - assumed 'alink' D:\phpStudy\WWW\weiling\App\Runtime\Cache\Home\00e52909bed743ea261af4b6823297ff.php 第 499 行.
NOTIC: [8] Use of undefined constant id - assumed 'id' D:\phpStudy\WWW\weiling\App\Runtime\Cache\Home\00e52909bed743ea261af4b6823297ff.php 第 499 行.
SQL: SELECT COUNT(id) AS tp_count FROM `xy_menu` WHERE ( level=2 and pid=22 ) LIMIT 1   [ RunTime:0.0130s ]
SQL: SELECT * FROM `xy_menu` WHERE ( level=2 and pid=22 ) ORDER BY sort  [ RunTime:0.0120s ]
NOTIC: [8] Use of undefined constant alink - assumed 'alink' D:\phpStudy\WWW\weiling\App\Runtime\Cache\Home\00e52909bed743ea261af4b6823297ff.php 第 509 行.
NOTIC: [8] Use of undefined constant alink - assumed 'alink' D:\phpStudy\WWW\weiling\App\Runtime\Cache\Home\00e52909bed743ea261af4b6823297ff.php 第 509 行.
NOTIC: [8] Use of undefined constant alink - assumed 'alink' D:\phpStudy\WWW\weiling\App\Runtime\Cache\Home\00e52909bed743ea261af4b6823297ff.php 第 509 行.
NOTIC: [8] Use of undefined constant alink - assumed 'alink' D:\phpStudy\WWW\weiling\App\Runtime\Cache\Home\00e52909bed743ea261af4b6823297ff.php 第 509 行.
NOTIC: [8] Use of undefined constant alink - assumed 'alink' D:\phpStudy\WWW\weiling\App\Runtime\Cache\Home\00e52909bed743ea261af4b6823297ff.php 第 499 行.
NOTIC: [8] Use of undefined constant id - assumed 'id' D:\phpStudy\WWW\weiling\App\Runtime\Cache\Home\00e52909bed743ea261af4b6823297ff.php 第 499 行.
SQL: SELECT COUNT(id) AS tp_count FROM `xy_menu` WHERE ( level=2 and pid=24 ) LIMIT 1   [ RunTime:0.0120s ]
SQL: SELECT * FROM `xy_menu` WHERE ( level=2 and pid=24 ) ORDER BY sort  [ RunTime:0.0130s ]
NOTIC: [8] Use of undefined constant alink - assumed 'alink' D:\phpStudy\WWW\weiling\App\Runtime\Cache\Home\00e52909bed743ea261af4b6823297ff.php 第 499 行.
NOTIC: [8] Use of undefined constant id - assumed 'id' D:\phpStudy\WWW\weiling\App\Runtime\Cache\Home\00e52909bed743ea261af4b6823297ff.php 第 499 行.
SQL: SELECT COUNT(id) AS tp_count FROM `xy_menu` WHERE ( level=2 and pid=21 ) LIMIT 1   [ RunTime:0.0120s ]
SQL: SELECT * FROM `xy_menu` WHERE ( level=2 and pid=21 ) ORDER BY sort  [ RunTime:0.0100s ]
NOTIC: [8] Use of undefined constant alink - assumed 'alink' D:\phpStudy\WWW\weiling\App\Runtime\Cache\Home\00e52909bed743ea261af4b6823297ff.php 第 499 行.
NOTIC: [8] Use of undefined constant id - assumed 'id' D:\phpStudy\WWW\weiling\App\Runtime\Cache\Home\00e52909bed743ea261af4b6823297ff.php 第 499 行.
SQL: SELECT COUNT(id) AS tp_count FROM `xy_menu` WHERE ( level=2 and pid=13 ) LIMIT 1   [ RunTime:0.0130s ]
SQL: SELECT * FROM `xy_menu` WHERE ( level=2 and pid=13 ) ORDER BY sort  [ RunTime:0.0150s ]
NOTIC: [8] Use of undefined constant alink - assumed 'alink' D:\phpStudy\WWW\weiling\App\Runtime\Cache\Home\00e52909bed743ea261af4b6823297ff.php 第 499 行.
NOTIC: [8] Use of undefined constant id - assumed 'id' D:\phpStudy\WWW\weiling\App\Runtime\Cache\Home\00e52909bed743ea261af4b6823297ff.php 第 499 行.
SQL: SELECT COUNT(id) AS tp_count FROM `xy_menu` WHERE ( level=2 and pid=179 ) LIMIT 1   [ RunTime:0.0110s ]
SQL: SELECT * FROM `xy_menu` WHERE ( level=2 and pid=179 ) ORDER BY sort  [ RunTime:0.0120s ]
INFO: Run Behavior\ParseTemplateBehavior [ RunTime:1.154066s ]
INFO: [ view_parse ] --END-- [ RunTime:1.154066s ]
INFO: [ view_filter ] --START--
INFO: Run Behavior\WriteHtmlCacheBehavior [ RunTime:0.002000s ]
INFO: [ view_filter ] --END-- [ RunTime:0.002000s ]
INFO: [ app_end ] --START--
INFO: Run Behavior\ShowPageTraceBehavior [ RunTime:0.001000s ]
INFO: [ app_end ] --END-- [ RunTime:0.001000s ]

[ 2018-11-30T10:03:45+08:00 ] ::1 /weiling/index.php?s=/Home/index/main.html&_=1543543414990
INFO: [ app_init ] --START--
INFO: Run Behavior\BuildLiteBehavior [ RunTime:0.000000s ]
INFO: [ app_init ] --END-- [ RunTime:0.001000s ]
INFO: [ app_begin ] --START--
INFO: Run Behavior\ReadHtmlCacheBehavior [ RunTime:0.001000s ]
INFO: [ app_begin ] --END-- [ RunTime:0.001000s ]
NOTIC: [2048] Declaration of Home\Controller\IndexController::index() should be compatible with Common\Controller\BaseController::index($uid = '') D:\phpStudy\WWW\weiling\App\Home\Controller\IndexController.class.php 第 5 行.
SQL: SHOW COLUMNS FROM `xy_user` [ RunTime:0.0130s ]
SQL: SELECT * FROM `xy_user` WHERE `id` = 1 LIMIT 1   [ RunTime:0.0160s ]
INFO: [ view_parse ] --START--
INFO: [ template_filter ] --START--
INFO: Run Behavior\ContentReplaceBehavior [ RunTime:0.000000s ]
INFO: [ template_filter ] --END-- [ RunTime:0.001000s ]
SQL: SHOW COLUMNS FROM `xy_quxiang` [ RunTime:0.0180s ]
SQL: SELECT * FROM `xy_quxiang` ORDER BY id desc LIMIT 5   [ RunTime:0.0110s ]
SQL: SELECT `depname` FROM `xy_user` WHERE ( id=16 ) LIMIT 1   [ RunTime:0.0190s ]
SQL: SHOW COLUMNS FROM `xy_renwu` [ RunTime:0.0170s ]
NOTIC: [8] Use of undefined constant uid - assumed 'uid' D:\phpStudy\WWW\weiling\App\Runtime\Cache\Home\8d1be3c46ef179b9e01c2c8d3de21c37.php 第 157 行.
SQL: SELECT * FROM `xy_renwu` WHERE `juid` LIKE '%1%' ORDER BY id desc LIMIT 5   [ RunTime:0.0130s ]
SQL: SHOW COLUMNS FROM `xy_tongzhi` [ RunTime:0.0200s ]
NOTIC: [8] Use of undefined constant uid - assumed 'uid' D:\phpStudy\WWW\weiling\App\Runtime\Cache\Home\8d1be3c46ef179b9e01c2c8d3de21c37.php 第 215 行.
SQL: SELECT * FROM `xy_tongzhi` WHERE `juid` LIKE '%1%' ORDER BY id desc LIMIT 5   [ RunTime:0.0160s ]
SQL: SHOW COLUMNS FROM `xy_cust` [ RunTime:0.0180s ]
SQL: SELECT * FROM `xy_cust` WHERE ( `xiaci` >= '2018-11-23' AND `xiaci` <= '2018-12-30'  ) AND (  `uid` = '1' OR `juid` LIKE '%1%' ) LIMIT 5   [ RunTime:0.0120s ]
SQL: SHOW COLUMNS FROM `xy_fahuo` [ RunTime:0.0130s ]
SQL: SELECT * FROM `xy_fahuo` ORDER BY id desc LIMIT 5   [ RunTime:0.0120s ]
SQL: SHOW COLUMNS FROM `xy_hetong` [ RunTime:0.0140s ]
SQL: SELECT * FROM `xy_hetong` WHERE (  `uid` = '1' OR `juid` LIKE '%1%' ) AND ( `jztime` >= '2018-11-23' AND `jztime` <= '2018-12-30'  ) LIMIT 5   [ RunTime:0.0200s ]
INFO: Run Behavior\ParseTemplateBehavior [ RunTime:0.219013s ]
INFO: [ view_parse ] --END-- [ RunTime:0.219013s ]
INFO: [ view_filter ] --START--
INFO: Run Behavior\WriteHtmlCacheBehavior [ RunTime:0.001000s ]
INFO: [ view_filter ] --END-- [ RunTime:0.001000s ]
INFO: [ app_end ] --START--
INFO: Run Behavior\ShowPageTraceBehavior [ RunTime:0.001000s ]
INFO: [ app_end ] --END-- [ RunTime:0.001000s ]

[ 2018-11-30T10:03:59+08:00 ] ::1 /weiling/index.php/home/project/index?_=1543543430832
INFO: [ app_init ] --START--
INFO: Run Behavior\BuildLiteBehavior [ RunTime:0.000000s ]
INFO: [ app_init ] --END-- [ RunTime:0.003000s ]
INFO: [ app_begin ] --START--
INFO: Run Behavior\ReadHtmlCacheBehavior [ RunTime:0.001001s ]
INFO: [ app_begin ] --END-- [ RunTime:0.002001s ]
NOTIC: [2048] Declaration of Home\Controller\ProjectController::del() should be compatible with Common\Controller\BaseController::del() D:\phpStudy\WWW\weiling\App\Home\Controller\ProjectController.class.php 第 15 行.
SQL: SHOW COLUMNS FROM `xy_project` [ RunTime:0.0130s ]
NOTIC: [8] Undefined variable: order D:\phpStudy\WWW\weiling\App\Common\Controller\BaseController.class.php 第 285 行.
NOTIC: [8] Undefined variable: sort D:\phpStudy\WWW\weiling\App\Common\Controller\BaseController.class.php 第 305 行.
NOTIC: [8] Undefined variable: pageCurrent D:\phpStudy\WWW\weiling\App\Common\Controller\BaseController.class.php 第 321 行.
SQL: SELECT COUNT(*) AS tp_count FROM `xy_project` WHERE (  `id` <> '0' ) LIMIT 1   [ RunTime:0.0120s ]
SQL: SELECT * FROM `xy_project` WHERE (  `id` <> '0' ) ORDER BY `id` desc LIMIT 0,50   [ RunTime:0.0110s ]
SQL: SHOW COLUMNS FROM `xy_hospital` [ RunTime:0.0130s ]
SQL: SELECT `name` FROM `xy_hospital` WHERE ( id=14 ) LIMIT 1   [ RunTime:0.0120s ]
INFO: [ view_parse ] --START--
INFO: [ template_filter ] --START--
INFO: Run Behavior\ContentReplaceBehavior [ RunTime:0.000000s ]
INFO: [ template_filter ] --END-- [ RunTime:0.000000s ]
NOTIC: [8] Undefined index: keys D:\phpStudy\WWW\weiling\App\Runtime\Cache\Home\2b61704813fe479db6403c99329baf15.php 第 8 行.
SQL: SHOW COLUMNS FROM `xy_mtype` [ RunTime:0.0120s ]
SQL: SELECT COUNT(*) AS tp_count FROM `xy_mtype` WHERE ( pid=14 ) LIMIT 1   [ RunTime:0.0120s ]
INFO: Run Behavior\ParseTemplateBehavior [ RunTime:0.034002s ]
INFO: [ view_parse ] --END-- [ RunTime:0.034002s ]
INFO: [ view_filter ] --START--
INFO: Run Behavior\WriteHtmlCacheBehavior [ RunTime:0.000000s ]
INFO: [ view_filter ] --END-- [ RunTime:0.000000s ]
INFO: [ app_end ] --START--
INFO: Run Behavior\ShowPageTraceBehavior [ RunTime:0.001000s ]
INFO: [ app_end ] --END-- [ RunTime:0.001000s ]

[ 2018-11-30T10:04:09+08:00 ] ::1 /weiling/index.php/home/hospital/index?_=1543543435596
INFO: [ app_init ] --START--
INFO: Run Behavior\BuildLiteBehavior [ RunTime:0.000000s ]
INFO: [ app_init ] --END-- [ RunTime:0.000000s ]
INFO: [ app_begin ] --START--
INFO: Run Behavior\ReadHtmlCacheBehavior [ RunTime:0.007000s ]
INFO: [ app_begin ] --END-- [ RunTime:0.007000s ]
NOTIC: [2048] Declaration of Home\Controller\HospitalController::del() should be compatible with Common\Controller\BaseController::del() D:\phpStudy\WWW\weiling\App\Home\Controller\HospitalController.class.php 第 15 行.
SQL: SHOW COLUMNS FROM `xy_hospital` [ RunTime:0.0130s ]
NOTIC: [8] Undefined variable: order D:\phpStudy\WWW\weiling\App\Common\Controller\BaseController.class.php 第 285 行.
NOTIC: [8] Undefined variable: sort D:\phpStudy\WWW\weiling\App\Common\Controller\BaseController.class.php 第 305 行.
NOTIC: [8] Undefined variable: pageCurrent D:\phpStudy\WWW\weiling\App\Common\Controller\BaseController.class.php 第 321 行.
SQL: SELECT COUNT(*) AS tp_count FROM `xy_hospital` WHERE (  `id` <> '0' ) AND `pid` = 0 LIMIT 1   [ RunTime:0.0110s ]
SQL: SELECT * FROM `xy_hospital` WHERE (  `id` <> '0' ) AND `pid` = 0 ORDER BY `id` desc LIMIT 0,50   [ RunTime:0.0140s ]
INFO: [ view_parse ] --START--
INFO: [ template_filter ] --START--
INFO: Run Behavior\ContentReplaceBehavior [ RunTime:0.000000s ]
INFO: [ template_filter ] --END-- [ RunTime:0.000000s ]
NOTIC: [8] Undefined index: keys D:\phpStudy\WWW\weiling\App\Runtime\Cache\Home\026e11ada8f2ce273c44b3b84bac6fad.php 第 8 行.
SQL: SHOW COLUMNS FROM `xy_mtype` [ RunTime:0.0120s ]
SQL: SELECT COUNT(*) AS tp_count FROM `xy_mtype` WHERE ( pid=17 ) LIMIT 1   [ RunTime:0.0120s ]
SQL: SELECT COUNT(*) AS tp_count FROM `xy_mtype` WHERE ( pid=16 ) LIMIT 1   [ RunTime:0.0120s ]
SQL: SELECT COUNT(*) AS tp_count FROM `xy_mtype` WHERE ( pid=15 ) LIMIT 1   [ RunTime:0.0120s ]
SQL: SELECT COUNT(*) AS tp_count FROM `xy_mtype` WHERE ( pid=14 ) LIMIT 1   [ RunTime:0.0110s ]
INFO: Run Behavior\ParseTemplateBehavior [ RunTime:0.070004s ]
INFO: [ view_parse ] --END-- [ RunTime:0.070004s ]
INFO: [ view_filter ] --START--
INFO: Run Behavior\WriteHtmlCacheBehavior [ RunTime:0.001000s ]
INFO: [ view_filter ] --END-- [ RunTime:0.001000s ]
INFO: [ app_end ] --START--
INFO: Run Behavior\ShowPageTraceBehavior [ RunTime:0.001000s ]
INFO: [ app_end ] --END-- [ RunTime:0.001000s ]

[ 2018-11-30T10:04:38+08:00 ] ::1 /weiling/index.php/home/hospital/index?_=1543543468857
INFO: [ app_init ] --START--
INFO: Run Behavior\BuildLiteBehavior [ RunTime:0.000000s ]
INFO: [ app_init ] --END-- [ RunTime:0.002000s ]
INFO: [ app_begin ] --START--
INFO: Run Behavior\ReadHtmlCacheBehavior [ RunTime:0.001000s ]
INFO: [ app_begin ] --END-- [ RunTime:0.001000s ]
NOTIC: [2048] Declaration of Home\Controller\HospitalController::del() should be compatible with Common\Controller\BaseController::del() D:\phpStudy\WWW\weiling\App\Home\Controller\HospitalController.class.php 第 15 行.
SQL: SHOW COLUMNS FROM `xy_hospital` [ RunTime:0.0130s ]
NOTIC: [8] Undefined variable: order D:\phpStudy\WWW\weiling\App\Common\Controller\BaseController.class.php 第 285 行.
NOTIC: [8] Undefined variable: sort D:\phpStudy\WWW\weiling\App\Common\Controller\BaseController.class.php 第 305 行.
NOTIC: [8] Undefined variable: pageCurrent D:\phpStudy\WWW\weiling\App\Common\Controller\BaseController.class.php 第 321 行.
SQL: SELECT COUNT(*) AS tp_count FROM `xy_hospital` WHERE (  `id` <> '0' ) AND `pid` = 0 LIMIT 1   [ RunTime:0.0130s ]
SQL: SELECT * FROM `xy_hospital` WHERE (  `id` <> '0' ) AND `pid` = 0 ORDER BY `id` desc LIMIT 0,50   [ RunTime:0.0130s ]
INFO: [ view_parse ] --START--
INFO: [ template_filter ] --START--
INFO: Run Behavior\ContentReplaceBehavior [ RunTime:0.000000s ]
INFO: [ template_filter ] --END-- [ RunTime:0.000000s ]
NOTIC: [8] Undefined index: keys D:\phpStudy\WWW\weiling\App\Runtime\Cache\Home\026e11ada8f2ce273c44b3b84bac6fad.php 第 8 行.
SQL: SHOW COLUMNS FROM `xy_mtype` [ RunTime:0.0100s ]
SQL: SELECT COUNT(*) AS tp_count FROM `xy_mtype` WHERE ( pid=17 ) LIMIT 1   [ RunTime:0.0120s ]
SQL: SELECT COUNT(*) AS tp_count FROM `xy_mtype` WHERE ( pid=16 ) LIMIT 1   [ RunTime:0.0120s ]
SQL: SELECT COUNT(*) AS tp_count FROM `xy_mtype` WHERE ( pid=15 ) LIMIT 1   [ RunTime:0.0120s ]
SQL: SELECT COUNT(*) AS tp_count FROM `xy_mtype` WHERE ( pid=14 ) LIMIT 1   [ RunTime:0.0120s ]
INFO: Run Behavior\ParseTemplateBehavior [ RunTime:0.068004s ]
INFO: [ view_parse ] --END-- [ RunTime:0.068004s ]
INFO: [ view_filter ] --START--
INFO: Run Behavior\WriteHtmlCacheBehavior [ RunTime:0.001000s ]
INFO: [ view_filter ] --END-- [ RunTime:0.001000s ]
INFO: [ app_end ] --START--
INFO: Run Behavior\ShowPageTraceBehavior [ RunTime:0.001000s ]
INFO: [ app_end ] --END-- [ RunTime:0.001000s ]

[ 2018-11-30T10:37:25+08:00 ] ::1 /weiling/index.php/home/api/consultation_independentprice
INFO: [ app_init ] --START--
INFO: Run Behavior\BuildLiteBehavior [ RunTime:0.001001s ]
INFO: [ app_init ] --END-- [ RunTime:0.001001s ]
INFO: [ app_begin ] --START--
INFO: Run Behavior\ReadHtmlCacheBehavior [ RunTime:0.000000s ]
INFO: [ app_begin ] --END-- [ RunTime:0.001000s ]
SQL: SHOW COLUMNS FROM `xy_consultationprice` [ RunTime:0.0140s ]
SQL: SELECT * FROM `xy_consultationprice`  [ RunTime:0.0110s ]

[ 2018-11-30T11:22:27+08:00 ] ::1 /weiling/index.php/home/api/consultation_orderlist?token=a0c2e3a2263b2672ec0c76b1abf85e39
INFO: [ app_init ] --START--
INFO: Run Behavior\BuildLiteBehavior [ RunTime:0.000000s ]
INFO: [ app_init ] --END-- [ RunTime:0.001000s ]
INFO: [ app_begin ] --START--
INFO: Run Behavior\ReadHtmlCacheBehavior [ RunTime:0.001000s ]
INFO: [ app_begin ] --END-- [ RunTime:0.001000s ]
SQL: SHOW COLUMNS FROM `xy_app_member` [ RunTime:0.0130s ]
SQL: SELECT `id` FROM `xy_app_member` WHERE `token` = 'a0c2e3a2263b2672ec0c76b1abf85e39' LIMIT 1   [ RunTime:0.0120s ]
SQL: SHOW COLUMNS FROM `xy_consultation_order` [ RunTime:0.0120s ]
SQL: SELECT * FROM `xy_consultation_order` WHERE ( appid=23 )  [ RunTime:0.0110s ]
SQL: SHOW COLUMNS FROM `xy_patient` [ RunTime:0.0130s ]
SQL: SELECT * FROM `xy_patient` WHERE ( id=4 )  [ RunTime:0.0120s ]
SQL: SELECT * FROM `xy_patient` WHERE ( id=4 )  [ RunTime:0.0130s ]

[ 2018-11-30T11:28:33+08:00 ] ::1 /weiling/index.php/home/api/consultation_orderlist?token=a0c2e3a2263b2672ec0c76b1abf85e39
INFO: [ app_init ] --START--
INFO: Run Behavior\BuildLiteBehavior [ RunTime:0.000000s ]
INFO: [ app_init ] --END-- [ RunTime:0.001000s ]
INFO: [ app_begin ] --START--
INFO: Run Behavior\ReadHtmlCacheBehavior [ RunTime:0.001000s ]
INFO: [ app_begin ] --END-- [ RunTime:0.001000s ]
SQL: SHOW COLUMNS FROM `xy_app_member` [ RunTime:0.0130s ]
SQL: SELECT `id` FROM `xy_app_member` WHERE `token` = 'a0c2e3a2263b2672ec0c76b1abf85e39' LIMIT 1   [ RunTime:0.0120s ]
SQL: SHOW COLUMNS FROM `xy_consultation_order` [ RunTime:0.0120s ]
SQL: SELECT * FROM `xy_consultation_order` WHERE ( appid=23 )  [ RunTime:0.0140s ]
SQL: SHOW COLUMNS FROM `xy_patient` [ RunTime:0.0120s ]
SQL: SELECT `name` FROM `xy_patient` WHERE ( id=4 ) LIMIT 1   [ RunTime:0.0120s ]

[ 2018-11-30T11:28:57+08:00 ] ::1 /weiling/index.php/home/api/consultation_orderlist?token=a0c2e3a2263b2672ec0c76b1abf85e39
INFO: [ app_init ] --START--
INFO: Run Behavior\BuildLiteBehavior [ RunTime:0.000000s ]
INFO: [ app_init ] --END-- [ RunTime:0.001000s ]
INFO: [ app_begin ] --START--
INFO: Run Behavior\ReadHtmlCacheBehavior [ RunTime:0.001000s ]
INFO: [ app_begin ] --END-- [ RunTime:0.001000s ]
SQL: SHOW COLUMNS FROM `xy_app_member` [ RunTime:0.0130s ]
SQL: SELECT `id` FROM `xy_app_member` WHERE `token` = 'a0c2e3a2263b2672ec0c76b1abf85e39' LIMIT 1   [ RunTime:0.0090s ]
SQL: SHOW COLUMNS FROM `xy_consultation_order` [ RunTime:0.0110s ]
SQL: SELECT * FROM `xy_consultation_order` WHERE ( appid=23 )  [ RunTime:0.0130s ]
SQL: SHOW COLUMNS FROM `xy_patient` [ RunTime:0.0100s ]
SQL: SELECT `name` FROM `xy_patient` WHERE ( id=4 ) LIMIT 1   [ RunTime:0.0100s ]
SQL: SELECT `name` FROM `xy_patient` WHERE ( id=4 ) LIMIT 1   [ RunTime:0.0090s ]

[ 2018-11-30T13:44:14+08:00 ] ::1 /weiling/index.php/home/project/index?_=1543556644393
INFO: [ app_init ] --START--
INFO: Run Behavior\BuildLiteBehavior [ RunTime:0.000000s ]
INFO: [ app_init ] --END-- [ RunTime:0.001000s ]
INFO: [ app_begin ] --START--
INFO: Run Behavior\ReadHtmlCacheBehavior [ RunTime:0.002000s ]
INFO: [ app_begin ] --END-- [ RunTime:0.002000s ]
NOTIC: [2048] Declaration of Home\Controller\ProjectController::del() should be compatible with Common\Controller\BaseController::del() D:\phpStudy\WWW\weiling\App\Home\Controller\ProjectController.class.php 第 15 行.
SQL: SHOW COLUMNS FROM `xy_project` [ RunTime:0.0130s ]
NOTIC: [8] Undefined variable: order D:\phpStudy\WWW\weiling\App\Common\Controller\BaseController.class.php 第 285 行.
NOTIC: [8] Undefined variable: sort D:\phpStudy\WWW\weiling\App\Common\Controller\BaseController.class.php 第 305 行.
NOTIC: [8] Undefined variable: pageCurrent D:\phpStudy\WWW\weiling\App\Common\Controller\BaseController.class.php 第 321 行.
SQL: SELECT COUNT(*) AS tp_count FROM `xy_project` WHERE (  `id` <> '0' ) LIMIT 1   [ RunTime:0.0110s ]
SQL: SELECT * FROM `xy_project` WHERE (  `id` <> '0' ) ORDER BY `id` desc LIMIT 0,50   [ RunTime:0.0130s ]
SQL: SHOW COLUMNS FROM `xy_hospital` [ RunTime:0.0120s ]
SQL: SELECT `name` FROM `xy_hospital` WHERE ( id=14 ) LIMIT 1   [ RunTime:0.0110s ]
INFO: [ view_parse ] --START--
INFO: [ template_filter ] --START--
INFO: Run Behavior\ContentReplaceBehavior [ RunTime:0.000000s ]
INFO: [ template_filter ] --END-- [ RunTime:0.000000s ]
NOTIC: [8] Undefined index: keys D:\phpStudy\WWW\weiling\App\Runtime\Cache\Home\2b61704813fe479db6403c99329baf15.php 第 8 行.
SQL: SHOW COLUMNS FROM `xy_mtype` [ RunTime:0.0130s ]
SQL: SELECT COUNT(*) AS tp_count FROM `xy_mtype` WHERE ( pid=14 ) LIMIT 1   [ RunTime:0.0120s ]
INFO: Run Behavior\ParseTemplateBehavior [ RunTime:0.036002s ]
INFO: [ view_parse ] --END-- [ RunTime:0.036002s ]
INFO: [ view_filter ] --START--
INFO: Run Behavior\WriteHtmlCacheBehavior [ RunTime:0.000000s ]
INFO: [ view_filter ] --END-- [ RunTime:0.000000s ]
INFO: [ app_end ] --START--
INFO: Run Behavior\ShowPageTraceBehavior [ RunTime:0.001000s ]
INFO: [ app_end ] --END-- [ RunTime:0.001000s ]

[ 2018-11-30T14:27:10+08:00 ] ::1 /weiling/index.php/home/api/medicine_orderlist?token=a0c2e3a2263b2672ec0c76b1abf85e39
INFO: [ app_init ] --START--
INFO: Run Behavior\BuildLiteBehavior [ RunTime:0.000000s ]
INFO: [ app_init ] --END-- [ RunTime:0.001000s ]
INFO: [ app_begin ] --START--
INFO: Run Behavior\ReadHtmlCacheBehavior [ RunTime:0.001000s ]
INFO: [ app_begin ] --END-- [ RunTime:0.001000s ]
SQL: SHOW COLUMNS FROM `xy_app_member` [ RunTime:0.0130s ]
SQL: SELECT `id` FROM `xy_app_member` WHERE `token` = 'a0c2e3a2263b2672ec0c76b1abf85e39' LIMIT 1   [ RunTime:0.0100s ]
SQL: SHOW COLUMNS FROM `xy_order` [ RunTime:0.0130s ]
SQL: SELECT * FROM `xy_order` WHERE ( uid=23 )  [ RunTime:0.0100s ]
SQL: SHOW COLUMNS FROM `xy_commodity` [ RunTime:0.0120s ]
SQL: SELECT `seller_name` FROM `xy_commodity` WHERE ( numbering=2018112857511011 ) LIMIT 1   [ RunTime:0.0120s ]
SQL: SELECT `seller_name` FROM `xy_commodity` WHERE ( numbering=2018112854571015 ) LIMIT 1   [ RunTime:0.0120s ]

[ 2018-11-30T14:51:32+08:00 ] ::1 /weiling/index.php/home/api/medicine_orderlist?token=a0c2e3a2263b2672ec0c76b1abf85e39
INFO: [ app_init ] --START--
INFO: Run Behavior\BuildLiteBehavior [ RunTime:0.000000s ]
INFO: [ app_init ] --END-- [ RunTime:0.001000s ]
INFO: [ app_begin ] --START--
INFO: Run Behavior\ReadHtmlCacheBehavior [ RunTime:0.001000s ]
INFO: [ app_begin ] --END-- [ RunTime:0.001000s ]
SQL: SHOW COLUMNS FROM `xy_app_member` [ RunTime:0.0110s ]
SQL: SELECT `id` FROM `xy_app_member` WHERE `token` = 'a0c2e3a2263b2672ec0c76b1abf85e39' LIMIT 1   [ RunTime:0.0130s ]
SQL: SHOW COLUMNS FROM `xy_order` [ RunTime:0.0120s ]
SQL: SELECT * FROM `xy_order` WHERE ( uid=23 )  [ RunTime:0.0120s ]
SQL: SHOW COLUMNS FROM `xy_commodity` [ RunTime:0.0130s ]
SQL: SELECT `seller_name` FROM `xy_commodity` WHERE ( numbering=2018112857511011 ) LIMIT 1   [ RunTime:0.0150s ]
SQL: SELECT `seller_name` FROM `xy_commodity` WHERE ( numbering=2018112854571015 ) LIMIT 1   [ RunTime:0.0110s ]

[ 2018-11-30T14:54:23+08:00 ] ::1 /weiling/index.php/home/api/medicine_orderlist?token=a0c2e3a2263b2672ec0c76b1abf85e39
INFO: [ app_init ] --START--
INFO: Run Behavior\BuildLiteBehavior [ RunTime:0.000000s ]
INFO: [ app_init ] --END-- [ RunTime:0.001000s ]
INFO: [ app_begin ] --START--
INFO: Run Behavior\ReadHtmlCacheBehavior [ RunTime:0.001000s ]
INFO: [ app_begin ] --END-- [ RunTime:0.001000s ]
SQL: SHOW COLUMNS FROM `xy_app_member` [ RunTime:0.0250s ]
SQL: SELECT `id` FROM `xy_app_member` WHERE `token` = 'a0c2e3a2263b2672ec0c76b1abf85e39' LIMIT 1   [ RunTime:0.0110s ]
SQL: SHOW COLUMNS FROM `xy_order` [ RunTime:0.0290s ]
SQL: SELECT * FROM `xy_order` WHERE ( uid=23 )  [ RunTime:0.0130s ]
SQL: SHOW COLUMNS FROM `xy_commodity` [ RunTime:0.0270s ]
SQL: SELECT `seller_name` FROM `xy_commodity` WHERE ( numbering=2018112857511011 ) LIMIT 1   [ RunTime:0.0110s ]
SQL: SELECT `seller_name` FROM `xy_commodity` WHERE ( numbering=2018112854571015 ) LIMIT 1   [ RunTime:0.0280s ]

[ 2018-11-30T15:09:46+08:00 ] ::1 /weiling/index.php/home/api/medicine_orderlist?token=a0c2e3a2263b2672ec0c76b1abf85e39
INFO: [ app_init ] --START--
INFO: Run Behavior\BuildLiteBehavior [ RunTime:0.000000s ]
INFO: [ app_init ] --END-- [ RunTime:0.003000s ]
INFO: [ app_begin ] --START--
INFO: Run Behavior\ReadHtmlCacheBehavior [ RunTime:0.001000s ]
INFO: [ app_begin ] --END-- [ RunTime:0.001000s ]
SQL: SHOW COLUMNS FROM `xy_app_member` [ RunTime:0.0130s ]
SQL: SELECT `id` FROM `xy_app_member` WHERE `token` = 'a0c2e3a2263b2672ec0c76b1abf85e39' LIMIT 1   [ RunTime:0.0110s ]
SQL: SHOW COLUMNS FROM `xy_order` [ RunTime:0.0130s ]
SQL: SELECT * FROM `xy_order` WHERE ( uid=23 )  [ RunTime:0.0110s ]
SQL: SHOW COLUMNS FROM `xy_commodity` [ RunTime:0.0120s ]
SQL: SELECT `seller_name` FROM `xy_commodity` WHERE ( numbering=2018112857511011 ) LIMIT 1   [ RunTime:0.0120s ]
SQL: SELECT `seller_name` FROM `xy_commodity` WHERE ( numbering=2018112854571015 ) LIMIT 1   [ RunTime:0.0110s ]

[ 2018-11-30T15:12:26+08:00 ] ::1 /weiling/index.php/home/api/medicine_orderlist?token=a0c2e3a2263b2672ec0c76b1abf85e39
INFO: [ app_init ] --START--
INFO: Run Behavior\BuildLiteBehavior [ RunTime:0.000000s ]
INFO: [ app_init ] --END-- [ RunTime:0.000000s ]
INFO: [ app_begin ] --START--
INFO: Run Behavior\ReadHtmlCacheBehavior [ RunTime:0.000000s ]
INFO: [ app_begin ] --END-- [ RunTime:0.000000s ]
SQL: SHOW COLUMNS FROM `xy_app_member` [ RunTime:0.0120s ]
SQL: SELECT `id` FROM `xy_app_member` WHERE `token` = 'a0c2e3a2263b2672ec0c76b1abf85e39' LIMIT 1   [ RunTime:0.0120s ]
SQL: SHOW COLUMNS FROM `xy_order` [ RunTime:0.0110s ]
SQL: SELECT * FROM `xy_order` WHERE ( uid=23 )  [ RunTime:0.0110s ]
SQL: SHOW COLUMNS FROM `xy_commodity` [ RunTime:0.0120s ]
SQL: SELECT `seller_name` FROM `xy_commodity` WHERE ( numbering=2018112857511011 ) LIMIT 1   [ RunTime:0.0110s ]
SQL: SELECT `seller_name` FROM `xy_commodity` WHERE ( numbering=2018112854571015 ) LIMIT 1   [ RunTime:0.0110s ]

