[ 2018-11-28T10:07:10+08:00 ] ::1 /weiling/index.php/home/api/message_in?token=1
INFO: [ app_init ] --START--
INFO: Run Behavior\BuildLiteBehavior [ RunTime:0.000000s ]
INFO: [ app_init ] --END-- [ RunTime:0.005000s ]
INFO: [ app_begin ] --START--
INFO: Run Behavior\ReadHtmlCacheBehavior [ RunTime:0.002000s ]
INFO: [ app_begin ] --END-- [ RunTime:0.002000s ]
SQL: SHOW COLUMNS FROM `xy_consultationpay` [ RunTime:0.0140s ]
SQL: SELECT * FROM `xy_consultationpay`  [ RunTime:0.0130s ]
SQL: SHOW COLUMNS FROM `xy_app_member` [ RunTime:0.0140s ]
SQL: SELECT `real_name` FROM `xy_app_member` WHERE ( id=23 ) LIMIT 1   [ RunTime:0.0130s ]
SQL: SHOW COLUMNS FROM `xy_patient` [ RunTime:0.0140s ]
SQL: SELECT * FROM `xy_patient` WHERE ( id=7 )  [ RunTime:0.0140s ]
SQL: SELECT `real_name` FROM `xy_app_member` WHERE ( id=23 ) LIMIT 1   [ RunTime:0.0140s ]
SQL: SELECT * FROM `xy_patient` WHERE ( id=4 )  [ RunTime:0.0140s ]
SQL: SELECT `real_name` FROM `xy_app_member` WHERE ( id=23 ) LIMIT 1   [ RunTime:0.0130s ]
SQL: SELECT * FROM `xy_patient` WHERE ( id=4 )  [ RunTime:0.0130s ]
SQL: SELECT `real_name` FROM `xy_app_member` WHERE ( id=23 ) LIMIT 1   [ RunTime:0.0130s ]
SQL: SELECT * FROM `xy_patient` WHERE ( id=5 )  [ RunTime:0.0130s ]
SQL: SELECT `real_name` FROM `xy_app_member` WHERE ( id=23 ) LIMIT 1   [ RunTime:0.0130s ]
SQL: SELECT * FROM `xy_patient` WHERE ( id=4 )  [ RunTime:0.0140s ]
SQL: SELECT `real_name` FROM `xy_app_member` WHERE ( id=23 ) LIMIT 1   [ RunTime:0.0140s ]
SQL: SELECT * FROM `xy_patient` WHERE ( id=4 )  [ RunTime:0.0140s ]
SQL: SELECT `real_name` FROM `xy_app_member` WHERE ( id=23 ) LIMIT 1   [ RunTime:0.0130s ]
SQL: SELECT * FROM `xy_patient` WHERE ( id=4 )  [ RunTime:0.0130s ]
SQL: SELECT `real_name` FROM `xy_app_member` WHERE ( id=23 ) LIMIT 1   [ RunTime:0.0140s ]
SQL: SELECT * FROM `xy_patient` WHERE ( id=4 )  [ RunTime:0.0130s ]
SQL: SELECT `real_name` FROM `xy_app_member` WHERE ( id=23 ) LIMIT 1   [ RunTime:0.0120s ]
SQL: SELECT * FROM `xy_patient` WHERE ( id=4 )  [ RunTime:0.0140s ]
SQL: SELECT `real_name` FROM `xy_app_member` WHERE ( id=23 ) LIMIT 1   [ RunTime:0.0140s ]
SQL: SELECT * FROM `xy_patient` WHERE ( id=4 )  [ RunTime:0.0130s ]
SQL: SELECT `real_name` FROM `xy_app_member` WHERE ( id=23 ) LIMIT 1   [ RunTime:0.0140s ]
SQL: SELECT * FROM `xy_patient` WHERE ( id=4 )  [ RunTime:0.0110s ]
SQL: SELECT `real_name` FROM `xy_app_member` WHERE ( id=23 ) LIMIT 1   [ RunTime:0.0140s ]
SQL: SELECT * FROM `xy_patient` WHERE ( id=7 )  [ RunTime:0.0130s ]
SQL: SELECT `real_name` FROM `xy_app_member` WHERE ( id=23 ) LIMIT 1   [ RunTime:0.0130s ]
SQL: SELECT * FROM `xy_patient` WHERE ( id=4 )  [ RunTime:0.0130s ]
SQL: SELECT `real_name` FROM `xy_app_member` WHERE ( id=23 ) LIMIT 1   [ RunTime:0.0130s ]
SQL: SELECT * FROM `xy_patient` WHERE ( id=4 )  [ RunTime:0.0120s ]
SQL: SELECT `real_name` FROM `xy_app_member` WHERE ( id=23 ) LIMIT 1   [ RunTime:0.0140s ]
SQL: SELECT * FROM `xy_patient` WHERE ( id=4 )  [ RunTime:0.0130s ]

[ 2018-11-28T10:33:35+08:00 ] ::1 /weiling/index.php/home/api/message_in?token=1
INFO: [ app_init ] --START--
INFO: Run Behavior\BuildLiteBehavior [ RunTime:0.000000s ]
INFO: [ app_init ] --END-- [ RunTime:0.000000s ]
INFO: [ app_begin ] --START--
INFO: Run Behavior\ReadHtmlCacheBehavior [ RunTime:0.001000s ]
INFO: [ app_begin ] --END-- [ RunTime:0.001000s ]
SQL: SHOW COLUMNS FROM `xy_consultationpay` [ RunTime:0.0930s ]
SQL: SELECT * FROM `xy_consultationpay`  [ RunTime:0.1020s ]
SQL: SHOW COLUMNS FROM `xy_app_member` [ RunTime:0.0810s ]
SQL: SELECT `real_name` FROM `xy_app_member` WHERE ( id=23 ) LIMIT 1   [ RunTime:0.0780s ]
SQL: SHOW COLUMNS FROM `xy_patient` [ RunTime:0.0550s ]
SQL: SELECT * FROM `xy_patient` WHERE ( id=7 )  [ RunTime:0.1100s ]
SQL: SELECT `real_name` FROM `xy_app_member` WHERE ( id=23 ) LIMIT 1   [ RunTime:0.1140s ]
SQL: SELECT * FROM `xy_patient` WHERE ( id=4 )  [ RunTime:0.1200s ]
SQL: SELECT `real_name` FROM `xy_app_member` WHERE ( id=23 ) LIMIT 1   [ RunTime:0.1590s ]
SQL: SELECT * FROM `xy_patient` WHERE ( id=4 )  [ RunTime:0.1290s ]
SQL: SELECT `real_name` FROM `xy_app_member` WHERE ( id=23 ) LIMIT 1   [ RunTime:0.1110s ]
SQL: SELECT * FROM `xy_patient` WHERE ( id=5 )  [ RunTime:0.1610s ]
SQL: SELECT `real_name` FROM `xy_app_member` WHERE ( id=23 ) LIMIT 1   [ RunTime:0.1180s ]
SQL: SELECT * FROM `xy_patient` WHERE ( id=4 )  [ RunTime:0.0130s ]
SQL: SELECT `real_name` FROM `xy_app_member` WHERE ( id=23 ) LIMIT 1   [ RunTime:0.0260s ]
SQL: SELECT * FROM `xy_patient` WHERE ( id=4 )  [ RunTime:0.0140s ]
SQL: SELECT `real_name` FROM `xy_app_member` WHERE ( id=23 ) LIMIT 1   [ RunTime:0.0270s ]
SQL: SELECT * FROM `xy_patient` WHERE ( id=4 )  [ RunTime:0.0140s ]
SQL: SELECT `real_name` FROM `xy_app_member` WHERE ( id=23 ) LIMIT 1   [ RunTime:0.0250s ]
SQL: SELECT * FROM `xy_patient` WHERE ( id=4 )  [ RunTime:0.0130s ]
SQL: SELECT `real_name` FROM `xy_app_member` WHERE ( id=23 ) LIMIT 1   [ RunTime:0.0250s ]
SQL: SELECT * FROM `xy_patient` WHERE ( id=4 )  [ RunTime:0.0150s ]
SQL: SELECT `real_name` FROM `xy_app_member` WHERE ( id=23 ) LIMIT 1   [ RunTime:0.0250s ]
SQL: SELECT * FROM `xy_patient` WHERE ( id=4 )  [ RunTime:0.0150s ]
SQL: SELECT `real_name` FROM `xy_app_member` WHERE ( id=23 ) LIMIT 1   [ RunTime:0.0250s ]
SQL: SELECT * FROM `xy_patient` WHERE ( id=4 )  [ RunTime:0.0130s ]
SQL: SELECT `real_name` FROM `xy_app_member` WHERE ( id=23 ) LIMIT 1   [ RunTime:0.0270s ]
SQL: SELECT * FROM `xy_patient` WHERE ( id=7 )  [ RunTime:0.0140s ]
SQL: SELECT `real_name` FROM `xy_app_member` WHERE ( id=23 ) LIMIT 1   [ RunTime:0.0250s ]
SQL: SELECT * FROM `xy_patient` WHERE ( id=4 )  [ RunTime:0.0150s ]
SQL: SELECT `real_name` FROM `xy_app_member` WHERE ( id=23 ) LIMIT 1   [ RunTime:0.0270s ]
SQL: SELECT * FROM `xy_patient` WHERE ( id=4 )  [ RunTime:0.0140s ]
SQL: SELECT `real_name` FROM `xy_app_member` WHERE ( id=23 ) LIMIT 1   [ RunTime:0.0250s ]
SQL: SELECT * FROM `xy_patient` WHERE ( id=4 )  [ RunTime:0.0120s ]

[ 2018-11-28T10:34:02+08:00 ] ::1 /weiling/index.php/home/api/message_out?token=a0c2e3a2263b2672ec0c76b1abf85e39&id=5&appid=23
INFO: [ app_init ] --START--
INFO: Run Behavior\BuildLiteBehavior [ RunTime:0.000000s ]
INFO: [ app_init ] --END-- [ RunTime:0.001000s ]
INFO: [ app_begin ] --START--
INFO: Run Behavior\ReadHtmlCacheBehavior [ RunTime:0.000000s ]
INFO: [ app_begin ] --END-- [ RunTime:0.000000s ]
SQL: SHOW COLUMNS FROM `xy_consultationpay` [ RunTime:0.0270s ]
SQL: INSERT INTO `xy_consultationpay` (`appid`,`pay`,`patientid`,`time`,`numbering`,`expertid`) VALUES ('23','1','5','1543372432','2018112848975554','1') [ RunTime:0.0380s ]

[ 2018-11-28T10:56:44+08:00 ] ::1 /weiling/index.php/home/api/message_in?token=1
INFO: [ app_init ] --START--
INFO: Run Behavior\BuildLiteBehavior [ RunTime:0.000000s ]
INFO: [ app_init ] --END-- [ RunTime:0.000000s ]
INFO: [ app_begin ] --START--
INFO: Run Behavior\ReadHtmlCacheBehavior [ RunTime:0.001001s ]
INFO: [ app_begin ] --END-- [ RunTime:0.001001s ]
SQL: SHOW COLUMNS FROM `xy_consultationpay` [ RunTime:0.0140s ]
SQL: SELECT * FROM `xy_consultationpay`  [ RunTime:0.0140s ]
SQL: SHOW COLUMNS FROM `xy_app_member` [ RunTime:0.0140s ]
SQL: SELECT `real_name` FROM `xy_app_member` WHERE ( id=23 ) LIMIT 1   [ RunTime:0.0120s ]
SQL: SHOW COLUMNS FROM `xy_patient` [ RunTime:0.0140s ]
SQL: SELECT * FROM `xy_patient` WHERE ( id=7 )  [ RunTime:0.0130s ]
SQL: SELECT `real_name` FROM `xy_app_member` WHERE ( id=23 ) LIMIT 1   [ RunTime:0.0150s ]
SQL: SELECT * FROM `xy_patient` WHERE ( id=4 )  [ RunTime:0.0150s ]
SQL: SELECT `real_name` FROM `xy_app_member` WHERE ( id=23 ) LIMIT 1   [ RunTime:0.0120s ]
SQL: SELECT * FROM `xy_patient` WHERE ( id=4 )  [ RunTime:0.0140s ]
SQL: SELECT `real_name` FROM `xy_app_member` WHERE ( id=23 ) LIMIT 1   [ RunTime:0.0130s ]
SQL: SELECT * FROM `xy_patient` WHERE ( id=5 )  [ RunTime:0.0140s ]
SQL: SELECT `real_name` FROM `xy_app_member` WHERE ( id=23 ) LIMIT 1   [ RunTime:0.0120s ]
SQL: SELECT * FROM `xy_patient` WHERE ( id=4 )  [ RunTime:0.0140s ]
SQL: SELECT `real_name` FROM `xy_app_member` WHERE ( id=23 ) LIMIT 1   [ RunTime:0.0120s ]
SQL: SELECT * FROM `xy_patient` WHERE ( id=4 )  [ RunTime:0.0140s ]
SQL: SELECT `real_name` FROM `xy_app_member` WHERE ( id=23 ) LIMIT 1   [ RunTime:0.0100s ]
SQL: SELECT * FROM `xy_patient` WHERE ( id=4 )  [ RunTime:0.0130s ]
SQL: SELECT `real_name` FROM `xy_app_member` WHERE ( id=23 ) LIMIT 1   [ RunTime:0.0120s ]
SQL: SELECT * FROM `xy_patient` WHERE ( id=4 )  [ RunTime:0.0130s ]
SQL: SELECT `real_name` FROM `xy_app_member` WHERE ( id=23 ) LIMIT 1   [ RunTime:0.0120s ]
SQL: SELECT * FROM `xy_patient` WHERE ( id=4 )  [ RunTime:0.0130s ]
SQL: SELECT `real_name` FROM `xy_app_member` WHERE ( id=23 ) LIMIT 1   [ RunTime:0.0130s ]
SQL: SELECT * FROM `xy_patient` WHERE ( id=4 )  [ RunTime:0.0140s ]
SQL: SELECT `real_name` FROM `xy_app_member` WHERE ( id=23 ) LIMIT 1   [ RunTime:0.0120s ]
SQL: SELECT * FROM `xy_patient` WHERE ( id=4 )  [ RunTime:0.0130s ]
SQL: SELECT `real_name` FROM `xy_app_member` WHERE ( id=23 ) LIMIT 1   [ RunTime:0.0130s ]
SQL: SELECT * FROM `xy_patient` WHERE ( id=7 )  [ RunTime:0.0130s ]
SQL: SELECT `real_name` FROM `xy_app_member` WHERE ( id=23 ) LIMIT 1   [ RunTime:0.0100s ]
SQL: SELECT * FROM `xy_patient` WHERE ( id=4 )  [ RunTime:0.0120s ]
SQL: SELECT `real_name` FROM `xy_app_member` WHERE ( id=23 ) LIMIT 1   [ RunTime:0.0130s ]
SQL: SELECT * FROM `xy_patient` WHERE ( id=4 )  [ RunTime:0.0140s ]
SQL: SELECT `real_name` FROM `xy_app_member` WHERE ( id=23 ) LIMIT 1   [ RunTime:0.0120s ]
SQL: SELECT * FROM `xy_patient` WHERE ( id=4 )  [ RunTime:0.0130s ]
SQL: SELECT `real_name` FROM `xy_app_member` WHERE ( id=23 ) LIMIT 1   [ RunTime:0.0130s ]
SQL: SELECT * FROM `xy_patient` WHERE ( id=7 )  [ RunTime:0.0140s ]
SQL: SELECT `real_name` FROM `xy_app_member` WHERE ( id=23 ) LIMIT 1   [ RunTime:0.0110s ]
SQL: SELECT * FROM `xy_patient` WHERE ( id=5 )  [ RunTime:0.0130s ]

[ 2018-11-28T10:57:00+08:00 ] ::1 /weiling/index.php/home/api/message_out?token=a0c2e3a2263b2672ec0c76b1abf85e39&id=5&appid=23
INFO: [ app_init ] --START--
INFO: Run Behavior\BuildLiteBehavior [ RunTime:0.000000s ]
INFO: [ app_init ] --END-- [ RunTime:0.001000s ]
INFO: [ app_begin ] --START--
INFO: Run Behavior\ReadHtmlCacheBehavior [ RunTime:0.001000s ]
INFO: [ app_begin ] --END-- [ RunTime:0.001000s ]
SQL: SHOW COLUMNS FROM `xy_consultationpay` [ RunTime:0.0140s ]
SQL: INSERT INTO `xy_consultationpay` (`appid`,`pay`,`patientid`,`time`,`numbering`,`expertid`) VALUES ('23','1','5','1543373810','2018112850575153','1') [ RunTime:0.0250s ]

[ 2018-11-28T14:40:36+08:00 ] ::1 /weiling/index.php/home/api/message_in?token=1
INFO: [ app_init ] --START--
INFO: Run Behavior\BuildLiteBehavior [ RunTime:0.000000s ]
INFO: [ app_init ] --END-- [ RunTime:0.001000s ]
INFO: [ app_begin ] --START--
INFO: Run Behavior\ReadHtmlCacheBehavior [ RunTime:0.001000s ]
INFO: [ app_begin ] --END-- [ RunTime:0.001000s ]
SQL: SHOW COLUMNS FROM `xy_consultationpay` [ RunTime:0.0120s ]
SQL: SELECT * FROM `xy_consultationpay`  [ RunTime:0.0140s ]
SQL: SHOW COLUMNS FROM `xy_app_member` [ RunTime:0.0130s ]
SQL: SELECT `real_name` FROM `xy_app_member` WHERE ( id=23 ) LIMIT 1   [ RunTime:0.0130s ]
SQL: SHOW COLUMNS FROM `xy_patient` [ RunTime:0.0140s ]
SQL: SELECT * FROM `xy_patient` WHERE ( id=7 )  [ RunTime:0.0130s ]
SQL: SELECT `real_name` FROM `xy_app_member` WHERE ( id=23 ) LIMIT 1   [ RunTime:0.0140s ]
SQL: SELECT * FROM `xy_patient` WHERE ( id=4 )  [ RunTime:0.0130s ]
SQL: SELECT `real_name` FROM `xy_app_member` WHERE ( id=23 ) LIMIT 1   [ RunTime:0.0130s ]
SQL: SELECT * FROM `xy_patient` WHERE ( id=4 )  [ RunTime:0.0140s ]
SQL: SELECT `real_name` FROM `xy_app_member` WHERE ( id=23 ) LIMIT 1   [ RunTime:0.0130s ]
SQL: SELECT * FROM `xy_patient` WHERE ( id=5 )  [ RunTime:0.0130s ]
SQL: SELECT `real_name` FROM `xy_app_member` WHERE ( id=23 ) LIMIT 1   [ RunTime:0.0130s ]
SQL: SELECT * FROM `xy_patient` WHERE ( id=4 )  [ RunTime:0.0130s ]
SQL: SELECT `real_name` FROM `xy_app_member` WHERE ( id=23 ) LIMIT 1   [ RunTime:0.0170s ]
SQL: SELECT * FROM `xy_patient` WHERE ( id=4 )  [ RunTime:0.0130s ]
SQL: SELECT `real_name` FROM `xy_app_member` WHERE ( id=23 ) LIMIT 1   [ RunTime:0.0180s ]
SQL: SELECT * FROM `xy_patient` WHERE ( id=4 )  [ RunTime:0.0130s ]
SQL: SELECT `real_name` FROM `xy_app_member` WHERE ( id=23 ) LIMIT 1   [ RunTime:0.0140s ]
SQL: SELECT * FROM `xy_patient` WHERE ( id=4 )  [ RunTime:0.0140s ]
SQL: SELECT `real_name` FROM `xy_app_member` WHERE ( id=23 ) LIMIT 1   [ RunTime:0.0140s ]
SQL: SELECT * FROM `xy_patient` WHERE ( id=4 )  [ RunTime:0.0130s ]
SQL: SELECT `real_name` FROM `xy_app_member` WHERE ( id=23 ) LIMIT 1   [ RunTime:0.0120s ]
SQL: SELECT * FROM `xy_patient` WHERE ( id=4 )  [ RunTime:0.0130s ]
SQL: SELECT `real_name` FROM `xy_app_member` WHERE ( id=23 ) LIMIT 1   [ RunTime:0.0130s ]
SQL: SELECT * FROM `xy_patient` WHERE ( id=4 )  [ RunTime:0.0130s ]
SQL: SELECT `real_name` FROM `xy_app_member` WHERE ( id=23 ) LIMIT 1   [ RunTime:0.0140s ]
SQL: SELECT * FROM `xy_patient` WHERE ( id=7 )  [ RunTime:0.0130s ]
SQL: SELECT `real_name` FROM `xy_app_member` WHERE ( id=23 ) LIMIT 1   [ RunTime:0.0130s ]
SQL: SELECT * FROM `xy_patient` WHERE ( id=4 )  [ RunTime:0.0140s ]
SQL: SELECT `real_name` FROM `xy_app_member` WHERE ( id=23 ) LIMIT 1   [ RunTime:0.0140s ]
SQL: SELECT * FROM `xy_patient` WHERE ( id=4 )  [ RunTime:0.0130s ]
SQL: SELECT `real_name` FROM `xy_app_member` WHERE ( id=23 ) LIMIT 1   [ RunTime:0.0150s ]
SQL: SELECT * FROM `xy_patient` WHERE ( id=4 )  [ RunTime:0.0150s ]
SQL: SELECT `real_name` FROM `xy_app_member` WHERE ( id=23 ) LIMIT 1   [ RunTime:0.0140s ]
SQL: SELECT * FROM `xy_patient` WHERE ( id=7 )  [ RunTime:0.0130s ]
SQL: SELECT `real_name` FROM `xy_app_member` WHERE ( id=23 ) LIMIT 1   [ RunTime:0.0140s ]
SQL: SELECT * FROM `xy_patient` WHERE ( id=5 )  [ RunTime:0.0110s ]
SQL: SELECT `real_name` FROM `xy_app_member` WHERE ( id=23 ) LIMIT 1   [ RunTime:0.0130s ]
SQL: SELECT * FROM `xy_patient` WHERE ( id=7 )  [ RunTime:0.0140s ]
SQL: SELECT `real_name` FROM `xy_app_member` WHERE ( id=23 ) LIMIT 1   [ RunTime:0.0130s ]
SQL: SELECT * FROM `xy_patient` WHERE ( id=5 )  [ RunTime:0.0140s ]
SQL: SELECT `real_name` FROM `xy_app_member` WHERE ( id=23 ) LIMIT 1   [ RunTime:0.0130s ]
SQL: SELECT * FROM `xy_patient` WHERE ( id=4 )  [ RunTime:0.0140s ]
SQL: SELECT `real_name` FROM `xy_app_member` WHERE ( id=23 ) LIMIT 1   [ RunTime:0.0130s ]
SQL: SELECT * FROM `xy_patient` WHERE ( id=4 )  [ RunTime:0.0130s ]

[ 2018-11-28T14:40:52+08:00 ] ::1 /weiling/index.php/home/api/message_out?token=a0c2e3a2263b2672ec0c76b1abf85e39&id=5&appid=23
INFO: [ app_init ] --START--
INFO: Run Behavior\BuildLiteBehavior [ RunTime:0.000000s ]
INFO: [ app_init ] --END-- [ RunTime:0.000000s ]
INFO: [ app_begin ] --START--
INFO: Run Behavior\ReadHtmlCacheBehavior [ RunTime:0.001000s ]
INFO: [ app_begin ] --END-- [ RunTime:0.001000s ]
SQL: SHOW COLUMNS FROM `xy_consultationpay` [ RunTime:0.0150s ]
SQL: INSERT INTO `xy_consultationpay` (`appid`,`pay`,`patientid`,`time`,`numbering`,`expertid`) VALUES ('23','1','5','1543387242','2018112897981001','1') [ RunTime:0.0190s ]

[ 2018-11-28T16:41:14+08:00 ] ::1 /weiling/index.php/home/api/consultation_order_add?token=a0c2e3a2263b2672ec0c76b1abf85e39&type=1&consultative=%E5%9B%BE%E6%96%87%E5%92%A8%E8%AF%A2&content=daqwwadaa&patientid=3&&expertid=3&price=20
INFO: [ app_init ] --START--
INFO: Run Behavior\BuildLiteBehavior [ RunTime:0.000000s ]
INFO: [ app_init ] --END-- [ RunTime:0.001000s ]
INFO: [ app_begin ] --START--
INFO: Run Behavior\ReadHtmlCacheBehavior [ RunTime:0.001001s ]
INFO: [ app_begin ] --END-- [ RunTime:0.001001s ]
SQL: SHOW COLUMNS FROM `xy_app_member` [ RunTime:0.0140s ]
SQL: SELECT `id` FROM `xy_app_member` WHERE `token` = 'a0c2e3a2263b2672ec0c76b1abf85e39' LIMIT 1   [ RunTime:0.0130s ]
SQL: SHOW COLUMNS FROM `xy_consultation_order` [ RunTime:0.0140s ]
SQL: INSERT INTO `xy_consultation_order` (`price`,`img`,`content`,`patientid`,`time`,`appid`,`pay_status`,`consultative`,`ordernumber`,`hospitalid`,`expertid`,`type`) VALUES ('20','','daqwwadaa','3','1543394465','23','0','图文咨询','2018112897101564','0','3','1') [ RunTime:0.0180s ]

