[ 2018-11-27T08:37:06+08:00 ] ::1 /weiling/index.php/home/api/medicine_outlist?token=a0c2e3a2263b2672ec0c76b1abf85e39
INFO: [ app_init ] --START--
INFO: Run Behavior\BuildLiteBehavior [ RunTime:0.000000s ]
INFO: [ app_init ] --END-- [ RunTime:0.066004s ]
INFO: [ app_begin ] --START--
INFO: Run Behavior\ReadHtmlCacheBehavior [ RunTime:0.017001s ]
INFO: [ app_begin ] --END-- [ RunTime:0.017001s ]
SQL: SHOW COLUMNS FROM `xy_app_member` [ RunTime:0.0120s ]
SQL: SELECT `id` FROM `xy_app_member` WHERE `token` = 'a0c2e3a2263b2672ec0c76b1abf85e39' LIMIT 1   [ RunTime:0.0140s ]
SQL: SHOW COLUMNS FROM `xy_chuku` [ RunTime:0.0140s ]
SQL: SELECT `time`,`name`,`phone`,`address`,`beizhu`,`worker` FROM `xy_chuku` WHERE ( app_id=23 )  [ RunTime:0.0130s ]
SQL: SHOW COLUMNS FROM `xy_chukus` [ RunTime:0.0130s ]
SQL: SELECT `price` FROM `xy_chukus` WHERE ( time=1543044137 )  [ RunTime:0.0120s ]
SQL: SELECT * FROM `xy_chukus` WHERE ( time=1543044137 )  [ RunTime:0.0130s ]
SQL: SELECT `price` FROM `xy_chukus` WHERE ( time=1543044137 )  [ RunTime:0.0140s ]
SQL: SELECT * FROM `xy_chukus` WHERE ( time=1543044137 )  [ RunTime:0.0140s ]
INFO: [ app_end ] --START--
INFO: Run Behavior\ShowPageTraceBehavior [ RunTime:0.001000s ]
INFO: [ app_end ] --END-- [ RunTime:0.002000s ]

[ 2018-11-27T08:38:42+08:00 ] ::1 /weiling/index.php/home/api/medicine_outlist?token=a0c2e3a2263b2672ec0c76b1abf85e39
INFO: [ app_init ] --START--
INFO: Run Behavior\BuildLiteBehavior [ RunTime:0.000000s ]
INFO: [ app_init ] --END-- [ RunTime:0.001000s ]
INFO: [ app_begin ] --START--
INFO: Run Behavior\ReadHtmlCacheBehavior [ RunTime:0.001000s ]
INFO: [ app_begin ] --END-- [ RunTime:0.001000s ]
SQL: SHOW COLUMNS FROM `xy_app_member` [ RunTime:0.0140s ]
SQL: SELECT `id` FROM `xy_app_member` WHERE `token` = 'a0c2e3a2263b2672ec0c76b1abf85e39' LIMIT 1   [ RunTime:0.0120s ]
SQL: SHOW COLUMNS FROM `xy_chuku` [ RunTime:0.0140s ]
SQL: SELECT `time`,`name`,`phone`,`address`,`beizhu`,`worker` FROM `xy_chuku` WHERE ( app_id=23 )  [ RunTime:0.0150s ]
SQL: SHOW COLUMNS FROM `xy_chukus` [ RunTime:0.0130s ]
SQL: SELECT `price` FROM `xy_chukus` WHERE ( time=1543044137 ) LIMIT 1   [ RunTime:0.0130s ]
SQL: SELECT * FROM `xy_chukus` WHERE ( time=1543044137 )  [ RunTime:0.0130s ]
SQL: SELECT `price` FROM `xy_chukus` WHERE ( time=1543044137 ) LIMIT 1   [ RunTime:0.0130s ]
SQL: SELECT * FROM `xy_chukus` WHERE ( time=1543044137 )  [ RunTime:0.0140s ]
INFO: [ app_end ] --START--
INFO: Run Behavior\ShowPageTraceBehavior [ RunTime:0.001000s ]
INFO: [ app_end ] --END-- [ RunTime:0.001000s ]

[ 2018-11-27T08:39:02+08:00 ] ::1 /weiling/index.php/home/api/medicine_outlist?token=a0c2e3a2263b2672ec0c76b1abf85e39
INFO: [ app_init ] --START--
INFO: Run Behavior\BuildLiteBehavior [ RunTime:0.000000s ]
INFO: [ app_init ] --END-- [ RunTime:0.000000s ]
INFO: [ app_begin ] --START--
INFO: Run Behavior\ReadHtmlCacheBehavior [ RunTime:0.000000s ]
INFO: [ app_begin ] --END-- [ RunTime:0.000000s ]
SQL: SHOW COLUMNS FROM `xy_app_member` [ RunTime:0.0150s ]
SQL: SELECT `id` FROM `xy_app_member` WHERE `token` = 'a0c2e3a2263b2672ec0c76b1abf85e39' LIMIT 1   [ RunTime:0.0140s ]
SQL: SHOW COLUMNS FROM `xy_chuku` [ RunTime:0.0150s ]
SQL: SELECT `time`,`name`,`phone`,`address`,`beizhu`,`worker` FROM `xy_chuku` WHERE ( app_id=23 )  [ RunTime:0.0140s ]
SQL: SHOW COLUMNS FROM `xy_chukus` [ RunTime:0.0150s ]
SQL: SELECT `price` FROM `xy_chukus` WHERE ( time=1543044137 ) LIMIT 1   [ RunTime:0.0130s ]
SQL: SELECT * FROM `xy_chukus` WHERE ( time=1543044137 )  [ RunTime:0.0140s ]
SQL: SELECT `price` FROM `xy_chukus` WHERE ( time=1543044137 ) LIMIT 1   [ RunTime:0.0150s ]
SQL: SELECT * FROM `xy_chukus` WHERE ( time=1543044137 )  [ RunTime:0.0160s ]
INFO: [ app_end ] --START--
INFO: Run Behavior\ShowPageTraceBehavior [ RunTime:0.000000s ]
INFO: [ app_end ] --END-- [ RunTime:0.001000s ]

[ 2018-11-27T08:40:46+08:00 ] ::1 /weiling/index.php/home/api/medicine_outlist?token=a0c2e3a2263b2672ec0c76b1abf85e39
INFO: [ app_init ] --START--
INFO: Run Behavior\BuildLiteBehavior [ RunTime:0.000000s ]
INFO: [ app_init ] --END-- [ RunTime:0.000000s ]
INFO: [ app_begin ] --START--
INFO: Run Behavior\ReadHtmlCacheBehavior [ RunTime:0.000000s ]
INFO: [ app_begin ] --END-- [ RunTime:0.000000s ]
SQL: SHOW COLUMNS FROM `xy_app_member` [ RunTime:0.0150s ]
SQL: SELECT `id` FROM `xy_app_member` WHERE `token` = 'a0c2e3a2263b2672ec0c76b1abf85e39' LIMIT 1   [ RunTime:0.0130s ]
SQL: SHOW COLUMNS FROM `xy_chuku` [ RunTime:0.0140s ]
SQL: SELECT `time`,`name`,`phone`,`address`,`beizhu`,`worker` FROM `xy_chuku` WHERE ( app_id=23 )  [ RunTime:0.0130s ]
SQL: SHOW COLUMNS FROM `xy_chukus` [ RunTime:0.0150s ]
SQL: SELECT `price` FROM `xy_chukus` WHERE ( time=1543044137 ) LIMIT 1   [ RunTime:0.0150s ]
SQL: SELECT * FROM `xy_chukus` WHERE ( time=1543044137 )  [ RunTime:0.0150s ]
INFO: [ app_end ] --START--
INFO: Run Behavior\ShowPageTraceBehavior [ RunTime:0.001000s ]
INFO: [ app_end ] --END-- [ RunTime:0.001000s ]

[ 2018-11-27T08:42:16+08:00 ] ::1 /weiling/index.php/home/api/medicine_outlist?token=a0c2e3a2263b2672ec0c76b1abf85e39
INFO: [ app_init ] --START--
INFO: Run Behavior\BuildLiteBehavior [ RunTime:0.000000s ]
INFO: [ app_init ] --END-- [ RunTime:0.001000s ]
INFO: [ app_begin ] --START--
INFO: Run Behavior\ReadHtmlCacheBehavior [ RunTime:0.001000s ]
INFO: [ app_begin ] --END-- [ RunTime:0.001000s ]
SQL: SHOW COLUMNS FROM `xy_app_member` [ RunTime:0.0160s ]
SQL: SELECT `id` FROM `xy_app_member` WHERE `token` = 'a0c2e3a2263b2672ec0c76b1abf85e39' LIMIT 1   [ RunTime:0.0590s ]
SQL: SHOW COLUMNS FROM `xy_chuku` [ RunTime:0.0990s ]
SQL: SELECT `time`,`name`,`phone`,`address`,`beizhu`,`worker` FROM `xy_chuku` WHERE ( app_id=23 )  [ RunTime:0.0160s ]
NOTIC: [8] Undefined variable: p D:\phpStudy\WWW\weiling\App\Home\Controller\ApiController.class.php 第 980 行.
SQL: SHOW COLUMNS FROM `xy_chukus` [ RunTime:0.1140s ]
SQL: SELECT * FROM `xy_chukus` WHERE ( time=1543044137 )  [ RunTime:0.0390s ]
NOTIC: [2] array_sum() expects parameter 1 to be array, string given D:\phpStudy\WWW\weiling\App\Home\Controller\ApiController.class.php 第 987 行.
NOTIC: [2] array_sum() expects parameter 1 to be array, string given D:\phpStudy\WWW\weiling\App\Home\Controller\ApiController.class.php 第 987 行.
INFO: [ app_end ] --START--
INFO: Run Behavior\ShowPageTraceBehavior [ RunTime:0.001000s ]
INFO: [ app_end ] --END-- [ RunTime:0.001000s ]

[ 2018-11-27T08:42:30+08:00 ] ::1 /weiling/index.php/home/api/medicine_outlist?token=a0c2e3a2263b2672ec0c76b1abf85e39
INFO: [ app_init ] --START--
INFO: Run Behavior\BuildLiteBehavior [ RunTime:0.000000s ]
INFO: [ app_init ] --END-- [ RunTime:0.000000s ]
INFO: [ app_begin ] --START--
INFO: Run Behavior\ReadHtmlCacheBehavior [ RunTime:0.001000s ]
INFO: [ app_begin ] --END-- [ RunTime:0.001000s ]
SQL: SHOW COLUMNS FROM `xy_app_member` [ RunTime:0.0140s ]
SQL: SELECT `id` FROM `xy_app_member` WHERE `token` = 'a0c2e3a2263b2672ec0c76b1abf85e39' LIMIT 1   [ RunTime:0.0130s ]
SQL: SHOW COLUMNS FROM `xy_chuku` [ RunTime:0.0140s ]
SQL: SELECT `time`,`name`,`phone`,`address`,`beizhu`,`worker` FROM `xy_chuku` WHERE ( app_id=23 )  [ RunTime:0.0110s ]
SQL: SHOW COLUMNS FROM `xy_chukus` [ RunTime:0.0140s ]
SQL: SELECT * FROM `xy_chukus` WHERE ( time=1543044137 )  [ RunTime:0.0150s ]
NOTIC: [2] array_sum() expects parameter 1 to be array, string given D:\phpStudy\WWW\weiling\App\Home\Controller\ApiController.class.php 第 987 行.
NOTIC: [2] array_sum() expects parameter 1 to be array, string given D:\phpStudy\WWW\weiling\App\Home\Controller\ApiController.class.php 第 987 行.
INFO: [ app_end ] --START--
INFO: Run Behavior\ShowPageTraceBehavior [ RunTime:0.001000s ]
INFO: [ app_end ] --END-- [ RunTime:0.001000s ]

[ 2018-11-27T08:42:52+08:00 ] ::1 /weiling/index.php/home/api/medicine_outlist?token=a0c2e3a2263b2672ec0c76b1abf85e39
INFO: [ app_init ] --START--
INFO: Run Behavior\BuildLiteBehavior [ RunTime:0.000000s ]
INFO: [ app_init ] --END-- [ RunTime:0.000000s ]
INFO: [ app_begin ] --START--
INFO: Run Behavior\ReadHtmlCacheBehavior [ RunTime:0.001000s ]
INFO: [ app_begin ] --END-- [ RunTime:0.001000s ]
SQL: SHOW COLUMNS FROM `xy_app_member` [ RunTime:0.0120s ]
SQL: SELECT `id` FROM `xy_app_member` WHERE `token` = 'a0c2e3a2263b2672ec0c76b1abf85e39' LIMIT 1   [ RunTime:0.0130s ]
SQL: SHOW COLUMNS FROM `xy_chuku` [ RunTime:0.0150s ]
SQL: SELECT `time`,`name`,`phone`,`address`,`beizhu`,`worker` FROM `xy_chuku` WHERE ( app_id=23 )  [ RunTime:0.0130s ]
SQL: SHOW COLUMNS FROM `xy_chukus` [ RunTime:0.0100s ]
SQL: SELECT * FROM `xy_chukus` WHERE ( time=1543044137 )  [ RunTime:0.0110s ]
NOTIC: [2] array_sum() expects parameter 1 to be array, string given D:\phpStudy\WWW\weiling\App\Home\Controller\ApiController.class.php 第 987 行.
NOTIC: [2] array_sum() expects parameter 1 to be array, string given D:\phpStudy\WWW\weiling\App\Home\Controller\ApiController.class.php 第 987 行.
INFO: [ app_end ] --START--
INFO: Run Behavior\ShowPageTraceBehavior [ RunTime:0.001000s ]
INFO: [ app_end ] --END-- [ RunTime:0.001000s ]

[ 2018-11-27T08:43:42+08:00 ] ::1 /weiling/index.php/home/api/medicine_outlist?token=a0c2e3a2263b2672ec0c76b1abf85e39
INFO: [ app_init ] --START--
INFO: Run Behavior\BuildLiteBehavior [ RunTime:0.000000s ]
INFO: [ app_init ] --END-- [ RunTime:0.000000s ]
INFO: [ app_begin ] --START--
INFO: Run Behavior\ReadHtmlCacheBehavior [ RunTime:0.001000s ]
INFO: [ app_begin ] --END-- [ RunTime:0.001000s ]
SQL: SHOW COLUMNS FROM `xy_app_member` [ RunTime:0.0150s ]
SQL: SELECT `id` FROM `xy_app_member` WHERE `token` = 'a0c2e3a2263b2672ec0c76b1abf85e39' LIMIT 1   [ RunTime:0.0140s ]
SQL: SHOW COLUMNS FROM `xy_chuku` [ RunTime:0.0120s ]
SQL: SELECT `time`,`name`,`phone`,`address`,`beizhu`,`worker` FROM `xy_chuku` WHERE ( app_id=23 )  [ RunTime:0.0130s ]
SQL: SHOW COLUMNS FROM `xy_chukus` [ RunTime:0.0130s ]
SQL: SELECT * FROM `xy_chukus` WHERE ( time=1543044137 )  [ RunTime:0.0130s ]
INFO: [ app_end ] --START--
INFO: Run Behavior\ShowPageTraceBehavior [ RunTime:0.001000s ]
INFO: [ app_end ] --END-- [ RunTime:0.001000s ]

[ 2018-11-27T08:44:00+08:00 ] ::1 /weiling/index.php/home/api/medicine_outlist?token=a0c2e3a2263b2672ec0c76b1abf85e39
INFO: [ app_init ] --START--
INFO: Run Behavior\BuildLiteBehavior [ RunTime:0.000000s ]
INFO: [ app_init ] --END-- [ RunTime:0.000000s ]
INFO: [ app_begin ] --START--
INFO: Run Behavior\ReadHtmlCacheBehavior [ RunTime:0.002000s ]
INFO: [ app_begin ] --END-- [ RunTime:0.002000s ]
SQL: SHOW COLUMNS FROM `xy_app_member` [ RunTime:0.0140s ]
SQL: SELECT `id` FROM `xy_app_member` WHERE `token` = 'a0c2e3a2263b2672ec0c76b1abf85e39' LIMIT 1   [ RunTime:0.0120s ]
SQL: SHOW COLUMNS FROM `xy_chuku` [ RunTime:0.0140s ]
SQL: SELECT `time`,`name`,`phone`,`address`,`beizhu`,`worker` FROM `xy_chuku` WHERE ( app_id=23 )  [ RunTime:0.0140s ]
SQL: SHOW COLUMNS FROM `xy_chukus` [ RunTime:0.0120s ]
SQL: SELECT * FROM `xy_chukus` WHERE ( time=1543044137 )  [ RunTime:0.0120s ]
INFO: [ app_end ] --START--
INFO: Run Behavior\ShowPageTraceBehavior [ RunTime:0.001000s ]
INFO: [ app_end ] --END-- [ RunTime:0.001000s ]

[ 2018-11-27T08:44:24+08:00 ] ::1 /weiling/index.php/home/api/medicine_outlist?token=a0c2e3a2263b2672ec0c76b1abf85e39
INFO: [ app_init ] --START--
INFO: Run Behavior\BuildLiteBehavior [ RunTime:0.000000s ]
INFO: [ app_init ] --END-- [ RunTime:0.001000s ]
INFO: [ app_begin ] --START--
INFO: Run Behavior\ReadHtmlCacheBehavior [ RunTime:0.001000s ]
INFO: [ app_begin ] --END-- [ RunTime:0.001000s ]
SQL: SHOW COLUMNS FROM `xy_app_member` [ RunTime:0.0140s ]
SQL: SELECT `id` FROM `xy_app_member` WHERE `token` = 'a0c2e3a2263b2672ec0c76b1abf85e39' LIMIT 1   [ RunTime:0.0130s ]
SQL: SHOW COLUMNS FROM `xy_chuku` [ RunTime:0.0130s ]
SQL: SELECT `time`,`name`,`phone`,`address`,`beizhu`,`worker` FROM `xy_chuku` WHERE ( app_id=23 )  [ RunTime:0.0140s ]
SQL: SHOW COLUMNS FROM `xy_chukus` [ RunTime:0.0120s ]
SQL: SELECT * FROM `xy_chukus` WHERE ( time=1543044137 )  [ RunTime:0.0140s ]
INFO: [ app_end ] --START--
INFO: Run Behavior\ShowPageTraceBehavior [ RunTime:0.001000s ]
INFO: [ app_end ] --END-- [ RunTime:0.001000s ]

[ 2018-11-27T08:45:09+08:00 ] ::1 /weiling/index.php/home/api/medicine_outlist?token=a0c2e3a2263b2672ec0c76b1abf85e39
INFO: [ app_init ] --START--
INFO: Run Behavior\BuildLiteBehavior [ RunTime:0.000000s ]
INFO: [ app_init ] --END-- [ RunTime:0.000000s ]
INFO: [ app_begin ] --START--
INFO: Run Behavior\ReadHtmlCacheBehavior [ RunTime:0.001000s ]
INFO: [ app_begin ] --END-- [ RunTime:0.001000s ]
SQL: SHOW COLUMNS FROM `xy_app_member` [ RunTime:0.0150s ]
SQL: SELECT `id` FROM `xy_app_member` WHERE `token` = 'a0c2e3a2263b2672ec0c76b1abf85e39' LIMIT 1   [ RunTime:0.0130s ]
SQL: SHOW COLUMNS FROM `xy_chuku` [ RunTime:0.0110s ]
SQL: SELECT `time`,`name`,`phone`,`address`,`beizhu`,`worker` FROM `xy_chuku` WHERE ( app_id=23 )  [ RunTime:0.0150s ]
SQL: SHOW COLUMNS FROM `xy_chukus` [ RunTime:0.0140s ]
SQL: SELECT * FROM `xy_chukus` WHERE ( time=1543044137 )  [ RunTime:0.0130s ]
INFO: [ app_end ] --START--
INFO: Run Behavior\ShowPageTraceBehavior [ RunTime:0.001000s ]
INFO: [ app_end ] --END-- [ RunTime:0.001000s ]

[ 2018-11-27T08:45:48+08:00 ] ::1 /weiling/index.php/home/api/medicine_outlist?token=a0c2e3a2263b2672ec0c76b1abf85e39
INFO: [ app_init ] --START--
INFO: Run Behavior\BuildLiteBehavior [ RunTime:0.000000s ]
INFO: [ app_init ] --END-- [ RunTime:0.001000s ]
INFO: [ app_begin ] --START--
INFO: Run Behavior\ReadHtmlCacheBehavior [ RunTime:0.000000s ]
INFO: [ app_begin ] --END-- [ RunTime:0.000000s ]
SQL: SHOW COLUMNS FROM `xy_app_member` [ RunTime:0.0140s ]
SQL: SELECT `id` FROM `xy_app_member` WHERE `token` = 'a0c2e3a2263b2672ec0c76b1abf85e39' LIMIT 1   [ RunTime:0.0150s ]
SQL: SHOW COLUMNS FROM `xy_chuku` [ RunTime:0.0150s ]
SQL: SELECT `time`,`name`,`phone`,`address`,`beizhu`,`worker` FROM `xy_chuku` WHERE ( app_id=23 )  [ RunTime:0.0140s ]
SQL: SHOW COLUMNS FROM `xy_chukus` [ RunTime:0.0140s ]
SQL: SELECT * FROM `xy_chukus` WHERE ( time=1543044137 )  [ RunTime:0.0120s ]

[ 2018-11-27T08:46:06+08:00 ] ::1 /weiling/index.php/home/api/medicine_outlist?token=a0c2e3a2263b2672ec0c76b1abf85e39
INFO: [ app_init ] --START--
INFO: Run Behavior\BuildLiteBehavior [ RunTime:0.000000s ]
INFO: [ app_init ] --END-- [ RunTime:0.004000s ]
INFO: [ app_begin ] --START--
INFO: Run Behavior\ReadHtmlCacheBehavior [ RunTime:0.001001s ]
INFO: [ app_begin ] --END-- [ RunTime:0.001001s ]
SQL: SHOW COLUMNS FROM `xy_app_member` [ RunTime:0.0140s ]
SQL: SELECT `id` FROM `xy_app_member` WHERE `token` = 'a0c2e3a2263b2672ec0c76b1abf85e39' LIMIT 1   [ RunTime:0.0110s ]
SQL: SHOW COLUMNS FROM `xy_chuku` [ RunTime:0.0140s ]
SQL: SELECT `time`,`name`,`phone`,`address`,`beizhu`,`worker` FROM `xy_chuku` WHERE ( app_id=23 )  [ RunTime:0.0130s ]
SQL: SHOW COLUMNS FROM `xy_chukus` [ RunTime:0.0140s ]
SQL: SELECT * FROM `xy_chukus` WHERE ( time=1543044137 )  [ RunTime:0.0130s ]
INFO: [ app_end ] --START--
INFO: Run Behavior\ShowPageTraceBehavior [ RunTime:0.001000s ]
INFO: [ app_end ] --END-- [ RunTime:0.001000s ]

[ 2018-11-27T08:46:46+08:00 ] ::1 /weiling/index.php/home/api/medicine_outlist?token=a0c2e3a2263b2672ec0c76b1abf85e39
INFO: [ app_init ] --START--
INFO: Run Behavior\BuildLiteBehavior [ RunTime:0.000000s ]
INFO: [ app_init ] --END-- [ RunTime:0.000000s ]
INFO: [ app_begin ] --START--
INFO: Run Behavior\ReadHtmlCacheBehavior [ RunTime:0.001001s ]
INFO: [ app_begin ] --END-- [ RunTime:0.001001s ]
SQL: SHOW COLUMNS FROM `xy_app_member` [ RunTime:0.0140s ]
SQL: SELECT `id` FROM `xy_app_member` WHERE `token` = 'a0c2e3a2263b2672ec0c76b1abf85e39' LIMIT 1   [ RunTime:0.0130s ]
SQL: SHOW COLUMNS FROM `xy_chuku` [ RunTime:0.0140s ]
SQL: SELECT `time`,`name`,`phone`,`address`,`beizhu`,`worker` FROM `xy_chuku` WHERE ( app_id=23 )  [ RunTime:0.0130s ]
SQL: SHOW COLUMNS FROM `xy_chukus` [ RunTime:0.0140s ]
SQL: SELECT * FROM `xy_chukus` WHERE ( time=1543044137 )  [ RunTime:0.0120s ]
INFO: [ app_end ] --START--
INFO: Run Behavior\ShowPageTraceBehavior [ RunTime:0.001000s ]
INFO: [ app_end ] --END-- [ RunTime:0.001000s ]

[ 2018-11-27T08:48:43+08:00 ] ::1 /weiling/index.php/home/api/medicine_outlist?token=a0c2e3a2263b2672ec0c76b1abf85e39
INFO: [ app_init ] --START--
INFO: Run Behavior\BuildLiteBehavior [ RunTime:0.000000s ]
INFO: [ app_init ] --END-- [ RunTime:0.001000s ]
INFO: [ app_begin ] --START--
INFO: Run Behavior\ReadHtmlCacheBehavior [ RunTime:0.004000s ]
INFO: [ app_begin ] --END-- [ RunTime:0.004000s ]
SQL: SHOW COLUMNS FROM `xy_app_member` [ RunTime:0.0140s ]
SQL: SELECT `id` FROM `xy_app_member` WHERE `token` = 'a0c2e3a2263b2672ec0c76b1abf85e39' LIMIT 1   [ RunTime:0.0130s ]
SQL: SHOW COLUMNS FROM `xy_chuku` [ RunTime:0.0130s ]
SQL: SELECT `time`,`name`,`phone`,`address`,`beizhu`,`worker` FROM `xy_chuku` WHERE ( app_id=23 )  [ RunTime:0.0130s ]
SQL: SHOW COLUMNS FROM `xy_chukus` [ RunTime:0.0140s ]
SQL: SELECT `price` FROM `xy_chukus` WHERE ( time=1543044137 )  [ RunTime:0.0130s ]
SQL: SELECT * FROM `xy_chukus` WHERE ( time=1543044137 )  [ RunTime:0.0130s ]
INFO: [ app_end ] --START--
INFO: Run Behavior\ShowPageTraceBehavior [ RunTime:0.001000s ]
INFO: [ app_end ] --END-- [ RunTime:0.001000s ]

[ 2018-11-27T08:50:32+08:00 ] ::1 /weiling/index.php/home/api/medicine_outlist?token=a0c2e3a2263b2672ec0c76b1abf85e39
INFO: [ app_init ] --START--
INFO: Run Behavior\BuildLiteBehavior [ RunTime:0.000000s ]
INFO: [ app_init ] --END-- [ RunTime:0.002000s ]
INFO: [ app_begin ] --START--
INFO: Run Behavior\ReadHtmlCacheBehavior [ RunTime:0.000000s ]
INFO: [ app_begin ] --END-- [ RunTime:0.000000s ]
SQL: SHOW COLUMNS FROM `xy_app_member` [ RunTime:0.0190s ]
SQL: SELECT `id` FROM `xy_app_member` WHERE `token` = 'a0c2e3a2263b2672ec0c76b1abf85e39' LIMIT 1   [ RunTime:0.0130s ]
SQL: SHOW COLUMNS FROM `xy_chuku` [ RunTime:0.0140s ]
SQL: SELECT `time`,`name`,`phone`,`address`,`beizhu`,`worker` FROM `xy_chuku` WHERE ( app_id=23 )  [ RunTime:0.0220s ]
SQL: SHOW COLUMNS FROM `xy_chukus` [ RunTime:0.0140s ]
SQL: SELECT `price` FROM `xy_chukus` WHERE ( time=1543044137 )  [ RunTime:0.0140s ]
SQL: SELECT * FROM `xy_chukus` WHERE ( time=1543044137 )  [ RunTime:0.0110s ]
INFO: [ app_end ] --START--
INFO: Run Behavior\ShowPageTraceBehavior [ RunTime:0.001000s ]
INFO: [ app_end ] --END-- [ RunTime:0.001000s ]

[ 2018-11-27T15:11:01+08:00 ] ::1 /weiling/index.php/home/api/medicine_outlist?token=a0c2e3a2263b2672ec0c76b1abf85e39
INFO: [ app_init ] --START--
INFO: Run Behavior\BuildLiteBehavior [ RunTime:0.000000s ]
INFO: [ app_init ] --END-- [ RunTime:0.001000s ]
INFO: [ app_begin ] --START--
INFO: Run Behavior\ReadHtmlCacheBehavior [ RunTime:0.001000s ]
INFO: [ app_begin ] --END-- [ RunTime:0.001000s ]
SQL: SHOW COLUMNS FROM `xy_app_member` [ RunTime:0.0140s ]
SQL: SELECT `id` FROM `xy_app_member` WHERE `token` = 'a0c2e3a2263b2672ec0c76b1abf85e39' LIMIT 1   [ RunTime:0.0140s ]
SQL: SHOW COLUMNS FROM `xy_chuku` [ RunTime:0.0140s ]
SQL: SELECT `time`,`name`,`phone`,`address`,`beizhu`,`worker` FROM `xy_chuku` WHERE ( app_id=23 )  [ RunTime:0.0130s ]
SQL: SHOW COLUMNS FROM `xy_chukus` [ RunTime:0.0140s ]
SQL: SELECT `price` FROM `xy_chukus` WHERE ( time=1543044137 )  [ RunTime:0.0140s ]
SQL: SELECT * FROM `xy_chukus` WHERE ( time=1543044137 )  [ RunTime:0.0140s ]

[ 2018-11-27T15:11:10+08:00 ] ::1 /weiling/index.php/home/api/message_in
INFO: [ app_init ] --START--
INFO: Run Behavior\BuildLiteBehavior [ RunTime:0.000000s ]
INFO: [ app_init ] --END-- [ RunTime:0.000000s ]
INFO: [ app_begin ] --START--
INFO: Run Behavior\ReadHtmlCacheBehavior [ RunTime:0.001000s ]
INFO: [ app_begin ] --END-- [ RunTime:0.001000s ]
SQL: SHOW COLUMNS FROM `xy_consultationpay` [ RunTime:0.0150s ]
SQL: SELECT * FROM `xy_consultationpay`  [ RunTime:0.0140s ]
NOTIC: [2] Invalid argument supplied for foreach() D:\phpStudy\WWW\weiling\App\Home\Controller\ApiController.class.php 第 1501 行.

[ 2018-11-27T15:15:06+08:00 ] ::1 /weiling/index.php/home/api/message_out?id=4&appid=23&token=a0c2e3a2263b2672ec0c76b1abf85e39
INFO: [ app_init ] --START--
INFO: Run Behavior\BuildLiteBehavior [ RunTime:0.000000s ]
INFO: [ app_init ] --END-- [ RunTime:0.001001s ]
INFO: [ app_begin ] --START--
INFO: Run Behavior\ReadHtmlCacheBehavior [ RunTime:0.001000s ]
INFO: [ app_begin ] --END-- [ RunTime:0.001000s ]
SQL: SHOW COLUMNS FROM `xy_consultationpay` [ RunTime:0.0140s ]

[ 2018-11-27T15:16:16+08:00 ] ::1 /weiling/index.php/home/api/message_out?id=4&appid=23&token=a0c2e3a2263b2672ec0c76b1abf85e39
INFO: [ app_init ] --START--
INFO: Run Behavior\BuildLiteBehavior [ RunTime:0.000000s ]
INFO: [ app_init ] --END-- [ RunTime:0.001000s ]
INFO: [ app_begin ] --START--
INFO: Run Behavior\ReadHtmlCacheBehavior [ RunTime:0.002000s ]
INFO: [ app_begin ] --END-- [ RunTime:0.002000s ]
SQL: SHOW COLUMNS FROM `xy_consultationpay` [ RunTime:0.0150s ]

[ 2018-11-27T15:17:54+08:00 ] ::1 /weiling/index.php/home/api/message_out?id=4&appid=23&token=a0c2e3a2263b2672ec0c76b1abf85e39
INFO: [ app_init ] --START--
INFO: Run Behavior\BuildLiteBehavior [ RunTime:0.000000s ]
INFO: [ app_init ] --END-- [ RunTime:0.000000s ]
INFO: [ app_begin ] --START--
INFO: Run Behavior\ReadHtmlCacheBehavior [ RunTime:0.001000s ]
INFO: [ app_begin ] --END-- [ RunTime:0.001000s ]
SQL: SHOW COLUMNS FROM `xy_consultationpay` [ RunTime:0.0140s ]

[ 2018-11-27T15:19:01+08:00 ] ::1 /weiling/index.php/home/api/message_out?token=a0c2e3a2263b2672ec0c76b1abf85e39&id=5&appid=23
INFO: [ app_init ] --START--
INFO: Run Behavior\BuildLiteBehavior [ RunTime:0.000000s ]
INFO: [ app_init ] --END-- [ RunTime:0.000000s ]
INFO: [ app_begin ] --START--
INFO: Run Behavior\ReadHtmlCacheBehavior [ RunTime:0.000000s ]
INFO: [ app_begin ] --END-- [ RunTime:0.000000s ]
SQL: SHOW COLUMNS FROM `xy_consultationpay` [ RunTime:0.0110s ]

[ 2018-11-27T15:19:49+08:00 ] ::1 /weiling/index.php/home/api/message_out?token=a0c2e3a2263b2672ec0c76b1abf85e39&id=5&appid=23
INFO: [ app_init ] --START--
INFO: Run Behavior\BuildLiteBehavior [ RunTime:0.000000s ]
INFO: [ app_init ] --END-- [ RunTime:0.001000s ]
INFO: [ app_begin ] --START--
INFO: Run Behavior\ReadHtmlCacheBehavior [ RunTime:0.001000s ]
INFO: [ app_begin ] --END-- [ RunTime:0.001000s ]
SQL: SHOW COLUMNS FROM `xy_consultationpay` [ RunTime:0.0120s ]

[ 2018-11-27T15:20:34+08:00 ] ::1 /weiling/index.php/home/api/message_out?token=a0c2e3a2263b2672ec0c76b1abf85e39&id=5&appid=23
INFO: [ app_init ] --START--
INFO: Run Behavior\BuildLiteBehavior [ RunTime:0.001000s ]
INFO: [ app_init ] --END-- [ RunTime:0.001000s ]
INFO: [ app_begin ] --START--
INFO: Run Behavior\ReadHtmlCacheBehavior [ RunTime:0.000000s ]
INFO: [ app_begin ] --END-- [ RunTime:0.000000s ]
SQL: SHOW COLUMNS FROM `xy_consultationpay` [ RunTime:0.0120s ]
INFO: [ app_end ] --START--
INFO: Run Behavior\ShowPageTraceBehavior [ RunTime:0.001000s ]
INFO: [ app_end ] --END-- [ RunTime:0.001000s ]

[ 2018-11-27T15:21:39+08:00 ] ::1 /weiling/index.php/home/api/message_out?token=a0c2e3a2263b2672ec0c76b1abf85e39&id=5&appid=23
INFO: [ app_init ] --START--
INFO: Run Behavior\BuildLiteBehavior [ RunTime:0.000000s ]
INFO: [ app_init ] --END-- [ RunTime:0.000000s ]
INFO: [ app_begin ] --START--
INFO: Run Behavior\ReadHtmlCacheBehavior [ RunTime:0.000000s ]
INFO: [ app_begin ] --END-- [ RunTime:0.000000s ]
SQL: SHOW COLUMNS FROM `xy_consultationpay` [ RunTime:0.0140s ]
INFO: [ app_end ] --START--
INFO: Run Behavior\ShowPageTraceBehavior [ RunTime:0.001000s ]
INFO: [ app_end ] --END-- [ RunTime:0.001000s ]

[ 2018-11-27T15:23:21+08:00 ] ::1 /weiling/index.php/home/api/message_out?token=a0c2e3a2263b2672ec0c76b1abf85e39&id=5&appid=23
INFO: [ app_init ] --START--
INFO: Run Behavior\BuildLiteBehavior [ RunTime:0.000000s ]
INFO: [ app_init ] --END-- [ RunTime:0.000000s ]
INFO: [ app_begin ] --START--
INFO: Run Behavior\ReadHtmlCacheBehavior [ RunTime:0.000000s ]
INFO: [ app_begin ] --END-- [ RunTime:0.000000s ]
SQL: SHOW COLUMNS FROM `xy_consultationpay` [ RunTime:0.0140s ]
SQL: INSERT INTO `xy_consultationpay` (`appid`,`pay`,`patientid`,`time`,`numbering`,`expertid`) VALUES ('23','1','5','1543303391','2018112710255535','1') [ RunTime:0.0200s ]
INFO: [ app_end ] --START--
INFO: Run Behavior\ShowPageTraceBehavior [ RunTime:0.001000s ]
INFO: [ app_end ] --END-- [ RunTime:0.001000s ]

[ 2018-11-27T15:24:20+08:00 ] ::1 /weiling/index.php/home/api/message_out?token=a0c2e3a2263b2672ec0c76b1abf85e39&id=5&appid=23
INFO: [ app_init ] --START--
INFO: Run Behavior\BuildLiteBehavior [ RunTime:0.000000s ]
INFO: [ app_init ] --END-- [ RunTime:0.000000s ]
INFO: [ app_begin ] --START--
INFO: Run Behavior\ReadHtmlCacheBehavior [ RunTime:0.001000s ]
INFO: [ app_begin ] --END-- [ RunTime:0.001000s ]
SQL: SHOW COLUMNS FROM `xy_consultationpay` [ RunTime:0.0140s ]
SQL: INSERT INTO `xy_consultationpay` (`appid`,`pay`,`patientid`,`time`,`numbering`,`expertid`) VALUES ('23','1','5','1543303450','2018112797101101','1') [ RunTime:0.0200s ]

[ 2018-11-27T15:25:01+08:00 ] ::1 /weiling/index.php/home/api/message_in
INFO: [ app_init ] --START--
INFO: Run Behavior\BuildLiteBehavior [ RunTime:0.000000s ]
INFO: [ app_init ] --END-- [ RunTime:0.000000s ]
INFO: [ app_begin ] --START--
INFO: Run Behavior\ReadHtmlCacheBehavior [ RunTime:0.000000s ]
INFO: [ app_begin ] --END-- [ RunTime:0.000000s ]
SQL: SHOW COLUMNS FROM `xy_consultationpay` [ RunTime:0.0140s ]
SQL: SELECT * FROM `xy_consultationpay`  [ RunTime:0.0140s ]
SQL: SHOW COLUMNS FROM `xy_patient` [ RunTime:0.0140s ]
SQL: SELECT * FROM `xy_patient` WHERE ( id=5 )  [ RunTime:0.0130s ]
SQL: SELECT * FROM `xy_patient` WHERE ( id=5 )  [ RunTime:0.0150s ]

[ 2018-11-27T15:25:55+08:00 ] ::1 /weiling/index.php/home/api/message_out?token=a0c2e3a2263b2672ec0c76b1abf85e39&id=5&appid=23
INFO: [ app_init ] --START--
INFO: Run Behavior\BuildLiteBehavior [ RunTime:0.000000s ]
INFO: [ app_init ] --END-- [ RunTime:0.000000s ]
INFO: [ app_begin ] --START--
INFO: Run Behavior\ReadHtmlCacheBehavior [ RunTime:0.001000s ]
INFO: [ app_begin ] --END-- [ RunTime:0.001000s ]
SQL: SHOW COLUMNS FROM `xy_consultationpay` [ RunTime:0.0140s ]
SQL: INSERT INTO `xy_consultationpay` (`appid`,`pay`,`patientid`,`time`,`numbering`,`expertid`) VALUES ('23','1','5','1543303545','2018112757541005','1') [ RunTime:0.0170s ]

[ 2018-11-27T15:32:35+08:00 ] ::1 /weiling/index.php/home/api/message_out?token=a0c2e3a2263b2672ec0c76b1abf85e39&id=5&appid=23
INFO: [ app_init ] --START--
INFO: Run Behavior\BuildLiteBehavior [ RunTime:0.000000s ]
INFO: [ app_init ] --END-- [ RunTime:0.000000s ]
INFO: [ app_begin ] --START--
INFO: Run Behavior\ReadHtmlCacheBehavior [ RunTime:0.000000s ]
INFO: [ app_begin ] --END-- [ RunTime:0.000000s ]
SQL: SHOW COLUMNS FROM `xy_consultationpay` [ RunTime:0.0140s ]
SQL: INSERT INTO `xy_consultationpay` (`appid`,`pay`,`patientid`,`time`,`numbering`,`expertid`) VALUES ('23','1','5','1543303945','2018112757974810','1') [ RunTime:0.0300s ]

[ 2018-11-27T15:32:47+08:00 ] ::1 /weiling/index.php/home/api/message_in
INFO: [ app_init ] --START--
INFO: Run Behavior\BuildLiteBehavior [ RunTime:0.000000s ]
INFO: [ app_init ] --END-- [ RunTime:0.001000s ]
INFO: [ app_begin ] --START--
INFO: Run Behavior\ReadHtmlCacheBehavior [ RunTime:0.000000s ]
INFO: [ app_begin ] --END-- [ RunTime:0.000000s ]
SQL: SHOW COLUMNS FROM `xy_consultationpay` [ RunTime:0.0280s ]
SQL: SELECT * FROM `xy_consultationpay`  [ RunTime:0.0140s ]
SQL: SHOW COLUMNS FROM `xy_patient` [ RunTime:0.0260s ]
ERR: SQLSTATE[42S22]: Column not found: 1054 Unknown column 'real_name' in 'field list'

[ 2018-11-27T15:33:43+08:00 ] ::1 /weiling/index.php/home/api/message_in
INFO: [ app_init ] --START--
INFO: Run Behavior\BuildLiteBehavior [ RunTime:0.000000s ]
INFO: [ app_init ] --END-- [ RunTime:0.001000s ]
INFO: [ app_begin ] --START--
INFO: Run Behavior\ReadHtmlCacheBehavior [ RunTime:0.001000s ]
INFO: [ app_begin ] --END-- [ RunTime:0.001000s ]
SQL: SHOW COLUMNS FROM `xy_consultationpay` [ RunTime:0.0250s ]
SQL: SELECT * FROM `xy_consultationpay`  [ RunTime:0.0130s ]
SQL: SHOW COLUMNS FROM `xy_app_member` [ RunTime:0.0270s ]
SQL: SELECT `real_name` FROM `xy_app_member` WHERE ( id=5 ) LIMIT 1   [ RunTime:0.0150s ]
SQL: SHOW COLUMNS FROM `xy_patient` [ RunTime:0.0250s ]
SQL: SELECT * FROM `xy_patient` WHERE ( id=5 )  [ RunTime:0.0140s ]
SQL: SELECT `real_name` FROM `xy_app_member` WHERE ( id=5 ) LIMIT 1   [ RunTime:0.0250s ]
SQL: SELECT * FROM `xy_patient` WHERE ( id=5 )  [ RunTime:0.0150s ]
SQL: SELECT `real_name` FROM `xy_app_member` WHERE ( id=5 ) LIMIT 1   [ RunTime:0.0250s ]
SQL: SELECT * FROM `xy_patient` WHERE ( id=5 )  [ RunTime:0.0130s ]
SQL: SELECT `real_name` FROM `xy_app_member` WHERE ( id=5 ) LIMIT 1   [ RunTime:0.0270s ]
SQL: SELECT * FROM `xy_patient` WHERE ( id=5 )  [ RunTime:0.0140s ]

[ 2018-11-27T15:36:26+08:00 ] ::1 /weiling/index.php/home/api/message_in
INFO: [ app_init ] --START--
INFO: Run Behavior\BuildLiteBehavior [ RunTime:0.000000s ]
INFO: [ app_init ] --END-- [ RunTime:0.001000s ]
INFO: [ app_begin ] --START--
INFO: Run Behavior\ReadHtmlCacheBehavior [ RunTime:0.001000s ]
INFO: [ app_begin ] --END-- [ RunTime:0.001000s ]
SQL: SHOW COLUMNS FROM `xy_consultationpay` [ RunTime:0.0120s ]
SQL: SELECT * FROM `xy_consultationpay`  [ RunTime:0.0120s ]
SQL: SHOW COLUMNS FROM `xy_app_member` [ RunTime:0.0140s ]
SQL: SELECT `real_name` FROM `xy_app_member` WHERE ( id=5 )  [ RunTime:0.0130s ]
SQL: SHOW COLUMNS FROM `xy_patient` [ RunTime:0.0140s ]
SQL: SELECT * FROM `xy_patient` WHERE ( id=5 )  [ RunTime:0.0110s ]
SQL: SELECT `real_name` FROM `xy_app_member` WHERE ( id=5 )  [ RunTime:0.0120s ]
SQL: SELECT * FROM `xy_patient` WHERE ( id=5 )  [ RunTime:0.0130s ]
SQL: SELECT `real_name` FROM `xy_app_member` WHERE ( id=5 )  [ RunTime:0.0140s ]
SQL: SELECT * FROM `xy_patient` WHERE ( id=5 )  [ RunTime:0.0160s ]
SQL: SELECT `real_name` FROM `xy_app_member` WHERE ( id=5 )  [ RunTime:0.0110s ]
SQL: SELECT * FROM `xy_patient` WHERE ( id=5 )  [ RunTime:0.0130s ]

[ 2018-11-27T15:37:09+08:00 ] ::1 /weiling/index.php/home/api/message_in
INFO: [ app_init ] --START--
INFO: Run Behavior\BuildLiteBehavior [ RunTime:0.000000s ]
INFO: [ app_init ] --END-- [ RunTime:0.000000s ]
INFO: [ app_begin ] --START--
INFO: Run Behavior\ReadHtmlCacheBehavior [ RunTime:0.002000s ]
INFO: [ app_begin ] --END-- [ RunTime:0.002000s ]
SQL: SHOW COLUMNS FROM `xy_consultationpay` [ RunTime:0.0140s ]
SQL: SELECT * FROM `xy_consultationpay`  [ RunTime:0.0130s ]
SQL: SHOW COLUMNS FROM `xy_app_member` [ RunTime:0.0190s ]
SQL: SELECT `real_name` FROM `xy_app_member` WHERE ( id=5 )  [ RunTime:0.0110s ]
SQL: SHOW COLUMNS FROM `xy_patient` [ RunTime:0.0140s ]
SQL: SELECT * FROM `xy_patient` WHERE ( id=5 )  [ RunTime:0.0140s ]

[ 2018-11-27T15:37:43+08:00 ] ::1 /weiling/index.php/home/api/message_in
INFO: [ app_init ] --START--
INFO: Run Behavior\BuildLiteBehavior [ RunTime:0.000000s ]
INFO: [ app_init ] --END-- [ RunTime:0.002001s ]
INFO: [ app_begin ] --START--
INFO: Run Behavior\ReadHtmlCacheBehavior [ RunTime:0.001000s ]
INFO: [ app_begin ] --END-- [ RunTime:0.001000s ]
SQL: SHOW COLUMNS FROM `xy_consultationpay` [ RunTime:0.0140s ]
SQL: SELECT * FROM `xy_consultationpay`  [ RunTime:0.0130s ]
SQL: SHOW COLUMNS FROM `xy_app_member` [ RunTime:0.0150s ]
SQL: SELECT `real_name` FROM `xy_app_member` WHERE ( id=5 ) LIMIT 1   [ RunTime:0.0120s ]
SQL: SHOW COLUMNS FROM `xy_patient` [ RunTime:0.0150s ]
SQL: SELECT * FROM `xy_patient` WHERE ( id=5 )  [ RunTime:0.0130s ]

[ 2018-11-27T15:40:11+08:00 ] ::1 /weiling/index.php/home/api/message_in
INFO: [ app_init ] --START--
INFO: Run Behavior\BuildLiteBehavior [ RunTime:0.000000s ]
INFO: [ app_init ] --END-- [ RunTime:0.001000s ]
INFO: [ app_begin ] --START--
INFO: Run Behavior\ReadHtmlCacheBehavior [ RunTime:0.001000s ]
INFO: [ app_begin ] --END-- [ RunTime:0.001000s ]
SQL: SHOW COLUMNS FROM `xy_consultationpay` [ RunTime:0.0120s ]
SQL: SELECT * FROM `xy_consultationpay`  [ RunTime:0.0140s ]
SQL: SHOW COLUMNS FROM `xy_app_member` [ RunTime:0.0180s ]
SQL: SELECT `real_name` FROM `xy_app_member` WHERE ( id=5 ) LIMIT 1   [ RunTime:0.0140s ]
SQL: SHOW COLUMNS FROM `xy_patient` [ RunTime:0.0140s ]
SQL: SELECT * FROM `xy_patient` WHERE ( id=5 )  [ RunTime:0.0140s ]

[ 2018-11-27T15:40:57+08:00 ] ::1 /weiling/index.php/home/api/message_in
INFO: [ app_init ] --START--
INFO: Run Behavior\BuildLiteBehavior [ RunTime:0.000000s ]
INFO: [ app_init ] --END-- [ RunTime:0.000000s ]
INFO: [ app_begin ] --START--
INFO: Run Behavior\ReadHtmlCacheBehavior [ RunTime:0.002000s ]
INFO: [ app_begin ] --END-- [ RunTime:0.002000s ]
SQL: SHOW COLUMNS FROM `xy_consultationpay` [ RunTime:0.0140s ]
SQL: SELECT * FROM `xy_consultationpay`  [ RunTime:0.0140s ]
SQL: SHOW COLUMNS FROM `xy_app_member` [ RunTime:0.0140s ]
SQL: SELECT `real_name` FROM `xy_app_member` WHERE ( id=5 ) LIMIT 1   [ RunTime:0.0130s ]
SQL: SHOW COLUMNS FROM `xy_patient` [ RunTime:0.0140s ]
SQL: SELECT * FROM `xy_patient` WHERE ( id=5 )  [ RunTime:0.0130s ]

[ 2018-11-27T15:41:54+08:00 ] ::1 /weiling/index.php/home/api/message_in
INFO: [ app_init ] --START--
INFO: Run Behavior\BuildLiteBehavior [ RunTime:0.000000s ]
INFO: [ app_init ] --END-- [ RunTime:0.001000s ]
INFO: [ app_begin ] --START--
INFO: Run Behavior\ReadHtmlCacheBehavior [ RunTime:0.001000s ]
INFO: [ app_begin ] --END-- [ RunTime:0.001000s ]
SQL: SHOW COLUMNS FROM `xy_consultationpay` [ RunTime:0.0140s ]
SQL: SELECT * FROM `xy_consultationpay`  [ RunTime:0.0120s ]
SQL: SHOW COLUMNS FROM `xy_app_member` [ RunTime:0.0150s ]
SQL: SELECT `real_name` FROM `xy_app_member` WHERE ( id=5 )  [ RunTime:0.0140s ]
SQL: SHOW COLUMNS FROM `xy_patient` [ RunTime:0.0130s ]
SQL: SELECT * FROM `xy_patient` WHERE ( id=5 )  [ RunTime:0.0140s ]

[ 2018-11-27T15:43:53+08:00 ] ::1 /weiling/index.php/home/api/message_in
INFO: [ app_init ] --START--
INFO: Run Behavior\BuildLiteBehavior [ RunTime:0.000000s ]
INFO: [ app_init ] --END-- [ RunTime:0.000000s ]
INFO: [ app_begin ] --START--
INFO: Run Behavior\ReadHtmlCacheBehavior [ RunTime:0.001000s ]
INFO: [ app_begin ] --END-- [ RunTime:0.001000s ]
SQL: SHOW COLUMNS FROM `xy_consultationpay` [ RunTime:0.0130s ]
SQL: SELECT * FROM `xy_consultationpay`  [ RunTime:0.0120s ]
SQL: SHOW COLUMNS FROM `xy_app_member` [ RunTime:0.0140s ]
SQL: SELECT `real_name` FROM `xy_app_member` WHERE ( id=5 ) LIMIT 1   [ RunTime:0.0130s ]
SQL: SHOW COLUMNS FROM `xy_patient` [ RunTime:0.0120s ]
SQL: SELECT * FROM `xy_patient` WHERE ( id=5 )  [ RunTime:0.0120s ]

[ 2018-11-27T15:44:23+08:00 ] ::1 /weiling/index.php/home/api/message_in
INFO: [ app_init ] --START--
INFO: Run Behavior\BuildLiteBehavior [ RunTime:0.000000s ]
INFO: [ app_init ] --END-- [ RunTime:0.001000s ]
INFO: [ app_begin ] --START--
INFO: Run Behavior\ReadHtmlCacheBehavior [ RunTime:0.001000s ]
INFO: [ app_begin ] --END-- [ RunTime:0.001000s ]
SQL: SHOW COLUMNS FROM `xy_consultationpay` [ RunTime:0.0140s ]
SQL: SELECT * FROM `xy_consultationpay`  [ RunTime:0.0150s ]
SQL: SHOW COLUMNS FROM `xy_app_member` [ RunTime:0.0160s ]
SQL: SELECT `real_name` FROM `xy_app_member` WHERE ( id=5 ) LIMIT 1   [ RunTime:0.0120s ]

[ 2018-11-27T15:44:48+08:00 ] ::1 /weiling/index.php/home/api/message_in
INFO: [ app_init ] --START--
INFO: Run Behavior\BuildLiteBehavior [ RunTime:0.000000s ]
INFO: [ app_init ] --END-- [ RunTime:0.000000s ]
INFO: [ app_begin ] --START--
INFO: Run Behavior\ReadHtmlCacheBehavior [ RunTime:0.001000s ]
INFO: [ app_begin ] --END-- [ RunTime:0.001000s ]
SQL: SHOW COLUMNS FROM `xy_consultationpay` [ RunTime:0.0130s ]
SQL: SELECT * FROM `xy_consultationpay`  [ RunTime:0.0140s ]
SQL: SHOW COLUMNS FROM `xy_app_member` [ RunTime:0.0140s ]
SQL: SELECT `real_name` FROM `xy_app_member` WHERE ( id=5 )  [ RunTime:0.0120s ]
SQL: SHOW COLUMNS FROM `xy_patient` [ RunTime:0.0140s ]
SQL: SELECT * FROM `xy_patient` WHERE ( id=5 )  [ RunTime:0.0120s ]

[ 2018-11-27T15:45:26+08:00 ] ::1 /weiling/index.php/home/api/message_in
INFO: [ app_init ] --START--
INFO: Run Behavior\BuildLiteBehavior [ RunTime:0.000000s ]
INFO: [ app_init ] --END-- [ RunTime:0.001000s ]
INFO: [ app_begin ] --START--
INFO: Run Behavior\ReadHtmlCacheBehavior [ RunTime:0.001000s ]
INFO: [ app_begin ] --END-- [ RunTime:0.001000s ]
SQL: SHOW COLUMNS FROM `xy_consultationpay` [ RunTime:0.0130s ]
SQL: SELECT * FROM `xy_consultationpay`  [ RunTime:0.0120s ]
SQL: SHOW COLUMNS FROM `xy_app_member` [ RunTime:0.0140s ]
SQL: SHOW COLUMNS FROM `xy_patient` [ RunTime:0.0140s ]
SQL: SELECT * FROM `xy_patient` WHERE ( id=5 )  [ RunTime:0.0140s ]

[ 2018-11-27T15:45:48+08:00 ] ::1 /weiling/index.php/home/api/message_in
INFO: [ app_init ] --START--
INFO: Run Behavior\BuildLiteBehavior [ RunTime:0.000000s ]
INFO: [ app_init ] --END-- [ RunTime:0.001000s ]
INFO: [ app_begin ] --START--
INFO: Run Behavior\ReadHtmlCacheBehavior [ RunTime:0.001000s ]
INFO: [ app_begin ] --END-- [ RunTime:0.001000s ]
SQL: SHOW COLUMNS FROM `xy_consultationpay` [ RunTime:0.0150s ]
SQL: SELECT * FROM `xy_consultationpay`  [ RunTime:0.0120s ]
SQL: SHOW COLUMNS FROM `xy_app_member` [ RunTime:0.0150s ]
SQL: SELECT `id`,`user_account`,`user_password`,`idcard`,`telephone`,`headimg`,`mail`,`time`,`sex`,`birth`,`area`,`aptitude`,`hospital_rule`,`report_rule`,`price_rule`,`medicine_rule`,`type`,`token`,`seller_id`,`money` FROM `xy_app_member` WHERE ( id=5 )  [ RunTime:0.0120s ]
SQL: SHOW COLUMNS FROM `xy_patient` [ RunTime:0.0140s ]
SQL: SELECT * FROM `xy_patient` WHERE ( id=5 )  [ RunTime:0.0130s ]

[ 2018-11-27T15:47:25+08:00 ] ::1 /weiling/index.php/home/api/message_in
INFO: [ app_init ] --START--
INFO: Run Behavior\BuildLiteBehavior [ RunTime:0.000000s ]
INFO: [ app_init ] --END-- [ RunTime:0.000000s ]
INFO: [ app_begin ] --START--
INFO: Run Behavior\ReadHtmlCacheBehavior [ RunTime:0.000000s ]
INFO: [ app_begin ] --END-- [ RunTime:0.000000s ]
SQL: SHOW COLUMNS FROM `xy_consultationpay` [ RunTime:0.0950s ]
SQL: SELECT * FROM `xy_consultationpay`  [ RunTime:0.1090s ]
SQL: SHOW COLUMNS FROM `xy_app_member` [ RunTime:0.0950s ]
SQL: SELECT `real_name` FROM `xy_app_member` WHERE ( id=5 )  [ RunTime:0.1090s ]
SQL: SHOW COLUMNS FROM `xy_patient` [ RunTime:0.1100s ]
SQL: SELECT * FROM `xy_patient` WHERE ( id=5 )  [ RunTime:0.1100s ]

[ 2018-11-27T15:47:39+08:00 ] ::1 /weiling/index.php/home/api/message_in
INFO: [ app_init ] --START--
INFO: Run Behavior\BuildLiteBehavior [ RunTime:0.000000s ]
INFO: [ app_init ] --END-- [ RunTime:0.001000s ]
INFO: [ app_begin ] --START--
INFO: Run Behavior\ReadHtmlCacheBehavior [ RunTime:0.001000s ]
INFO: [ app_begin ] --END-- [ RunTime:0.001000s ]
SQL: SHOW COLUMNS FROM `xy_consultationpay` [ RunTime:0.1120s ]
SQL: SELECT * FROM `xy_consultationpay`  [ RunTime:0.1090s ]
SQL: SHOW COLUMNS FROM `xy_app_member` [ RunTime:0.1260s ]
SQL: SELECT `real_name` FROM `xy_app_member` WHERE ( id=5 )  [ RunTime:0.1100s ]
SQL: SHOW COLUMNS FROM `xy_patient` [ RunTime:0.1100s ]
SQL: SELECT * FROM `xy_patient` WHERE ( id=5 )  [ RunTime:0.1100s ]

[ 2018-11-27T15:48:50+08:00 ] ::1 /weiling/index.php/home/api/message_in
INFO: [ app_init ] --START--
INFO: Run Behavior\BuildLiteBehavior [ RunTime:0.000000s ]
INFO: [ app_init ] --END-- [ RunTime:0.001000s ]
INFO: [ app_begin ] --START--
INFO: Run Behavior\ReadHtmlCacheBehavior [ RunTime:0.001000s ]
INFO: [ app_begin ] --END-- [ RunTime:0.001000s ]
SQL: SHOW COLUMNS FROM `xy_consultationpay` [ RunTime:0.1870s ]
SQL: SELECT * FROM `xy_consultationpay`  [ RunTime:0.1870s ]
SQL: SHOW COLUMNS FROM `xy_app_member` [ RunTime:0.1920s ]
SQL: SELECT `real_name` FROM `xy_app_member` WHERE ( id=5 )  [ RunTime:0.2030s ]
SQL: SHOW COLUMNS FROM `xy_patient` [ RunTime:0.2040s ]
SQL: SELECT * FROM `xy_patient` WHERE ( id=5 )  [ RunTime:0.2040s ]

[ 2018-11-27T15:49:11+08:00 ] ::1 /weiling/index.php/home/api/message_in
INFO: [ app_init ] --START--
INFO: Run Behavior\BuildLiteBehavior [ RunTime:0.000000s ]
INFO: [ app_init ] --END-- [ RunTime:0.000000s ]
INFO: [ app_begin ] --START--
INFO: Run Behavior\ReadHtmlCacheBehavior [ RunTime:0.004000s ]
INFO: [ app_begin ] --END-- [ RunTime:0.004000s ]
SQL: SHOW COLUMNS FROM `xy_consultationpay` [ RunTime:0.0150s ]
SQL: SELECT * FROM `xy_consultationpay`  [ RunTime:0.0130s ]
SQL: SHOW COLUMNS FROM `xy_app_member` [ RunTime:0.0150s ]
SQL: SELECT `real_name` FROM `xy_app_member` WHERE ( id=5 )  [ RunTime:0.0150s ]
SQL: SHOW COLUMNS FROM `xy_patient` [ RunTime:0.0130s ]
SQL: SELECT * FROM `xy_patient` WHERE ( id=5 )  [ RunTime:0.0140s ]

[ 2018-11-27T15:49:56+08:00 ] ::1 /weiling/index.php/home/api/message_in
INFO: [ app_init ] --START--
INFO: Run Behavior\BuildLiteBehavior [ RunTime:0.000000s ]
INFO: [ app_init ] --END-- [ RunTime:0.000000s ]
INFO: [ app_begin ] --START--
INFO: Run Behavior\ReadHtmlCacheBehavior [ RunTime:0.003000s ]
INFO: [ app_begin ] --END-- [ RunTime:0.003000s ]
SQL: SHOW COLUMNS FROM `xy_consultationpay` [ RunTime:0.0140s ]
SQL: SELECT * FROM `xy_consultationpay`  [ RunTime:0.0130s ]
SQL: SHOW COLUMNS FROM `xy_app_member` [ RunTime:0.0130s ]
SQL: SELECT `real_name` FROM `xy_app_member` WHERE ( id=23 )  [ RunTime:0.0140s ]
SQL: SHOW COLUMNS FROM `xy_patient` [ RunTime:0.0130s ]
SQL: SELECT * FROM `xy_patient` WHERE ( id=5 )  [ RunTime:0.0140s ]

[ 2018-11-27T15:51:16+08:00 ] ::1 /weiling/index.php/home/api/message_in
INFO: [ app_init ] --START--
INFO: Run Behavior\BuildLiteBehavior [ RunTime:0.000000s ]
INFO: [ app_init ] --END-- [ RunTime:0.000000s ]
INFO: [ app_begin ] --START--
INFO: Run Behavior\ReadHtmlCacheBehavior [ RunTime:0.001000s ]
INFO: [ app_begin ] --END-- [ RunTime:0.001000s ]
SQL: SHOW COLUMNS FROM `xy_consultationpay` [ RunTime:0.0140s ]
SQL: SELECT * FROM `xy_consultationpay`  [ RunTime:0.0140s ]
SQL: SHOW COLUMNS FROM `xy_app_member` [ RunTime:0.0150s ]
SQL: SELECT `real_name` FROM `xy_app_member` WHERE ( id=23 )  [ RunTime:0.0140s ]
SQL: SHOW COLUMNS FROM `xy_patient` [ RunTime:0.0140s ]
SQL: SELECT * FROM `xy_patient` WHERE ( id=5 )  [ RunTime:0.0130s ]

[ 2018-11-27T15:52:11+08:00 ] ::1 /weiling/index.php/home/api/message_in
INFO: [ app_init ] --START--
INFO: Run Behavior\BuildLiteBehavior [ RunTime:0.000000s ]
INFO: [ app_init ] --END-- [ RunTime:0.001000s ]
INFO: [ app_begin ] --START--
INFO: Run Behavior\ReadHtmlCacheBehavior [ RunTime:0.001000s ]
INFO: [ app_begin ] --END-- [ RunTime:0.001000s ]
SQL: SHOW COLUMNS FROM `xy_consultationpay` [ RunTime:0.0140s ]
SQL: SELECT * FROM `xy_consultationpay`  [ RunTime:0.0260s ]
SQL: SHOW COLUMNS FROM `xy_app_member` [ RunTime:0.0140s ]
SQL: SHOW COLUMNS FROM `xy_patient` [ RunTime:0.0260s ]
SQL: SELECT * FROM `xy_patient` WHERE ( id=5 )  [ RunTime:0.0150s ]

[ 2018-11-27T15:52:46+08:00 ] ::1 /weiling/index.php/home/api/message_in
INFO: [ app_init ] --START--
INFO: Run Behavior\BuildLiteBehavior [ RunTime:0.000000s ]
INFO: [ app_init ] --END-- [ RunTime:0.000000s ]
INFO: [ app_begin ] --START--
INFO: Run Behavior\ReadHtmlCacheBehavior [ RunTime:0.001000s ]
INFO: [ app_begin ] --END-- [ RunTime:0.001000s ]
SQL: SHOW COLUMNS FROM `xy_consultationpay` [ RunTime:0.0270s ]
SQL: SELECT * FROM `xy_consultationpay`  [ RunTime:0.0130s ]
SQL: SHOW COLUMNS FROM `xy_app_member` [ RunTime:0.0270s ]
SQL: SELECT `real_name` FROM `xy_app_member` WHERE ( id=23 )  [ RunTime:0.0110s ]
SQL: SHOW COLUMNS FROM `xy_patient` [ RunTime:0.0270s ]
SQL: SELECT * FROM `xy_patient` WHERE ( id=5 )  [ RunTime:0.0140s ]

[ 2018-11-27T15:53:19+08:00 ] ::1 /weiling/index.php/home/api/message_in
INFO: [ app_init ] --START--
INFO: Run Behavior\BuildLiteBehavior [ RunTime:0.000000s ]
INFO: [ app_init ] --END-- [ RunTime:0.000000s ]
INFO: [ app_begin ] --START--
INFO: Run Behavior\ReadHtmlCacheBehavior [ RunTime:0.001000s ]
INFO: [ app_begin ] --END-- [ RunTime:0.001000s ]
SQL: SHOW COLUMNS FROM `xy_consultationpay` [ RunTime:0.0270s ]
SQL: SELECT * FROM `xy_consultationpay`  [ RunTime:0.0140s ]
SQL: SHOW COLUMNS FROM `xy_app_member` [ RunTime:0.0260s ]
SQL: SELECT `real_name` FROM `xy_app_member` WHERE ( id=23 ) LIMIT 1   [ RunTime:0.0130s ]
SQL: SHOW COLUMNS FROM `xy_patient` [ RunTime:0.0250s ]
SQL: SELECT * FROM `xy_patient` WHERE ( id=5 )  [ RunTime:0.0140s ]

[ 2018-11-27T16:18:00+08:00 ] ::1 /weiling/index.php/home/api/message_in
INFO: [ app_init ] --START--
INFO: Run Behavior\BuildLiteBehavior [ RunTime:0.000000s ]
INFO: [ app_init ] --END-- [ RunTime:0.001000s ]
INFO: [ app_begin ] --START--
INFO: Run Behavior\ReadHtmlCacheBehavior [ RunTime:0.001000s ]
INFO: [ app_begin ] --END-- [ RunTime:0.001000s ]
SQL: SHOW COLUMNS FROM `xy_consultationpay` [ RunTime:0.0150s ]
SQL: SELECT * FROM `xy_consultationpay`  [ RunTime:0.0150s ]
SQL: SHOW COLUMNS FROM `xy_app_member` [ RunTime:0.0140s ]
SQL: SELECT `real_name` FROM `xy_app_member` WHERE ( id=23 ) LIMIT 1   [ RunTime:0.0140s ]
SQL: SHOW COLUMNS FROM `xy_patient` [ RunTime:0.0140s ]
SQL: SELECT * FROM `xy_patient` WHERE ( id=5 )  [ RunTime:0.0130s ]
NOTIC: [8] Undefined index: bodyweight D:\phpStudy\WWW\weiling\App\Home\Controller\ApiController.class.php 第 1520 行.

[ 2018-11-27T16:18:44+08:00 ] ::1 /weiling/index.php/home/api/message_in
INFO: [ app_init ] --START--
INFO: Run Behavior\BuildLiteBehavior [ RunTime:0.000000s ]
INFO: [ app_init ] --END-- [ RunTime:0.001001s ]
INFO: [ app_begin ] --START--
INFO: Run Behavior\ReadHtmlCacheBehavior [ RunTime:0.001000s ]
INFO: [ app_begin ] --END-- [ RunTime:0.001000s ]
SQL: SHOW COLUMNS FROM `xy_consultationpay` [ RunTime:0.0140s ]
SQL: SELECT * FROM `xy_consultationpay`  [ RunTime:0.0140s ]
SQL: SHOW COLUMNS FROM `xy_app_member` [ RunTime:0.0140s ]
SQL: SELECT `real_name` FROM `xy_app_member` WHERE ( id=23 ) LIMIT 1   [ RunTime:0.0140s ]
SQL: SHOW COLUMNS FROM `xy_patient` [ RunTime:0.0130s ]
SQL: SELECT * FROM `xy_patient` WHERE ( id=5 )  [ RunTime:0.0130s ]

[ 2018-11-27T16:43:31+08:00 ] ::1 /weiling/index.php/home/api/message_in
INFO: [ app_init ] --START--
INFO: Run Behavior\BuildLiteBehavior [ RunTime:0.000000s ]
INFO: [ app_init ] --END-- [ RunTime:0.000000s ]
INFO: [ app_begin ] --START--
INFO: Run Behavior\ReadHtmlCacheBehavior [ RunTime:0.001000s ]
INFO: [ app_begin ] --END-- [ RunTime:0.001000s ]
SQL: SHOW COLUMNS FROM `xy_consultationpay` [ RunTime:0.0140s ]
SQL: SELECT * FROM `xy_consultationpay`  [ RunTime:0.0130s ]
SQL: SHOW COLUMNS FROM `xy_app_member` [ RunTime:0.0150s ]
SQL: SELECT `real_name` FROM `xy_app_member` WHERE ( id=23 ) LIMIT 1   [ RunTime:0.0130s ]
SQL: SHOW COLUMNS FROM `xy_patient` [ RunTime:0.0140s ]
SQL: SELECT * FROM `xy_patient` WHERE ( id=5 )  [ RunTime:0.0140s ]
NOTIC: [8] Undefined index: address D:\phpStudy\WWW\weiling\App\Home\Controller\ApiController.class.php 第 1524 行.
SQL: SELECT `real_name` FROM `xy_app_member` WHERE ( id=23 ) LIMIT 1   [ RunTime:0.0130s ]
SQL: SELECT * FROM `xy_patient` WHERE ( id=4 )  [ RunTime:0.0140s ]
NOTIC: [8] Undefined index: address D:\phpStudy\WWW\weiling\App\Home\Controller\ApiController.class.php 第 1524 行.

[ 2018-11-27T17:04:01+08:00 ] ::1 /weiling/index.php/home/api/message_in
INFO: [ app_init ] --START--
INFO: Run Behavior\BuildLiteBehavior [ RunTime:0.000000s ]
INFO: [ app_init ] --END-- [ RunTime:0.000000s ]
INFO: [ app_begin ] --START--
INFO: Run Behavior\ReadHtmlCacheBehavior [ RunTime:0.000000s ]
INFO: [ app_begin ] --END-- [ RunTime:0.000000s ]
SQL: SHOW COLUMNS FROM `xy_consultationpay` [ RunTime:0.0150s ]
SQL: SELECT * FROM `xy_consultationpay`  [ RunTime:0.0130s ]
SQL: SHOW COLUMNS FROM `xy_app_member` [ RunTime:0.0150s ]
SQL: SELECT `real_name` FROM `xy_app_member` WHERE ( id=23 ) LIMIT 1   [ RunTime:0.0140s ]
SQL: SHOW COLUMNS FROM `xy_patient` [ RunTime:0.0140s ]
SQL: SELECT * FROM `xy_patient` WHERE ( id=7 )  [ RunTime:0.0140s ]
SQL: SELECT `real_name` FROM `xy_app_member` WHERE ( id=23 ) LIMIT 1   [ RunTime:0.0120s ]
SQL: SELECT * FROM `xy_patient` WHERE ( id=4 )  [ RunTime:0.0140s ]

[ 2018-11-27T17:09:59+08:00 ] ::1 /weiling/index.php/home/api/message_in?a=a
INFO: [ app_init ] --START--
INFO: Run Behavior\BuildLiteBehavior [ RunTime:0.000000s ]
INFO: [ app_init ] --END-- [ RunTime:0.001000s ]
INFO: [ app_begin ] --START--
INFO: Run Behavior\ReadHtmlCacheBehavior [ RunTime:0.000000s ]
INFO: [ app_begin ] --END-- [ RunTime:0.000000s ]

[ 2018-11-27T17:10:54+08:00 ] ::1 /weiling/index.php/home/api/message_in?a=sdadasdsa
INFO: [ app_init ] --START--
INFO: Run Behavior\BuildLiteBehavior [ RunTime:0.001000s ]
INFO: [ app_init ] --END-- [ RunTime:0.001000s ]
INFO: [ app_begin ] --START--
INFO: Run Behavior\ReadHtmlCacheBehavior [ RunTime:0.000000s ]
INFO: [ app_begin ] --END-- [ RunTime:0.000000s ]

[ 2018-11-27T17:11:43+08:00 ] ::1 /weiling/index.php/home/api/message_in?a=sdadasdsa
INFO: [ app_init ] --START--
INFO: Run Behavior\BuildLiteBehavior [ RunTime:0.000000s ]
INFO: [ app_init ] --END-- [ RunTime:0.000000s ]
INFO: [ app_begin ] --START--
INFO: Run Behavior\ReadHtmlCacheBehavior [ RunTime:0.000000s ]
INFO: [ app_begin ] --END-- [ RunTime:0.000000s ]

[ 2018-11-27T17:11:49+08:00 ] ::1 /weiling/index.php/home/api/message_in?a
INFO: [ app_init ] --START--
INFO: Run Behavior\BuildLiteBehavior [ RunTime:0.000000s ]
INFO: [ app_init ] --END-- [ RunTime:0.001000s ]
INFO: [ app_begin ] --START--
INFO: Run Behavior\ReadHtmlCacheBehavior [ RunTime:0.000000s ]
INFO: [ app_begin ] --END-- [ RunTime:0.000000s ]

[ 2018-11-27T17:11:53+08:00 ] ::1 /weiling/index.php/home/api/message_in?a=1
INFO: [ app_init ] --START--
INFO: Run Behavior\BuildLiteBehavior [ RunTime:0.000000s ]
INFO: [ app_init ] --END-- [ RunTime:0.001000s ]
INFO: [ app_begin ] --START--
INFO: Run Behavior\ReadHtmlCacheBehavior [ RunTime:0.000000s ]
INFO: [ app_begin ] --END-- [ RunTime:0.001000s ]

[ 2018-11-27T17:12:06+08:00 ] ::1 /weiling/index.php/home/api/message_in?a=1
INFO: [ app_init ] --START--
INFO: Run Behavior\BuildLiteBehavior [ RunTime:0.000000s ]
INFO: [ app_init ] --END-- [ RunTime:0.000000s ]
INFO: [ app_begin ] --START--
INFO: Run Behavior\ReadHtmlCacheBehavior [ RunTime:0.001000s ]
INFO: [ app_begin ] --END-- [ RunTime:0.001000s ]

[ 2018-11-27T17:12:07+08:00 ] ::1 /weiling/index.php/home/api/message_in?a=1
INFO: [ app_init ] --START--
INFO: Run Behavior\BuildLiteBehavior [ RunTime:0.000000s ]
INFO: [ app_init ] --END-- [ RunTime:0.001000s ]
INFO: [ app_begin ] --START--
INFO: Run Behavior\ReadHtmlCacheBehavior [ RunTime:0.000000s ]
INFO: [ app_begin ] --END-- [ RunTime:0.000000s ]

[ 2018-11-27T17:12:08+08:00 ] ::1 /weiling/index.php/home/api/message_in?a=1
INFO: [ app_init ] --START--
INFO: Run Behavior\BuildLiteBehavior [ RunTime:0.000000s ]
INFO: [ app_init ] --END-- [ RunTime:0.001000s ]
INFO: [ app_begin ] --START--
INFO: Run Behavior\ReadHtmlCacheBehavior [ RunTime:0.000000s ]
INFO: [ app_begin ] --END-- [ RunTime:0.000000s ]

[ 2018-11-27T17:12:08+08:00 ] ::1 /weiling/index.php/home/api/message_in?a=1
INFO: [ app_init ] --START--
INFO: Run Behavior\BuildLiteBehavior [ RunTime:0.000000s ]
INFO: [ app_init ] --END-- [ RunTime:0.000000s ]
INFO: [ app_begin ] --START--
INFO: Run Behavior\ReadHtmlCacheBehavior [ RunTime:0.001000s ]
INFO: [ app_begin ] --END-- [ RunTime:0.001000s ]

[ 2018-11-27T17:12:08+08:00 ] ::1 /weiling/index.php/home/api/message_in?a=1
INFO: [ app_init ] --START--
INFO: Run Behavior\BuildLiteBehavior [ RunTime:0.000000s ]
INFO: [ app_init ] --END-- [ RunTime:0.001000s ]
INFO: [ app_begin ] --START--
INFO: Run Behavior\ReadHtmlCacheBehavior [ RunTime:0.000000s ]
INFO: [ app_begin ] --END-- [ RunTime:0.000000s ]

[ 2018-11-27T17:12:08+08:00 ] ::1 /weiling/index.php/home/api/message_in?a=1
INFO: [ app_init ] --START--
INFO: Run Behavior\BuildLiteBehavior [ RunTime:0.000000s ]
INFO: [ app_init ] --END-- [ RunTime:0.001000s ]
INFO: [ app_begin ] --START--
INFO: Run Behavior\ReadHtmlCacheBehavior [ RunTime:0.001000s ]
INFO: [ app_begin ] --END-- [ RunTime:0.001000s ]

[ 2018-11-27T17:12:11+08:00 ] ::1 /weiling/index.php/home/api/message_in?a=1
INFO: [ app_init ] --START--
INFO: Run Behavior\BuildLiteBehavior [ RunTime:0.000000s ]
INFO: [ app_init ] --END-- [ RunTime:0.000000s ]
INFO: [ app_begin ] --START--
INFO: Run Behavior\ReadHtmlCacheBehavior [ RunTime:0.001000s ]
INFO: [ app_begin ] --END-- [ RunTime:0.001000s ]

[ 2018-11-27T17:13:09+08:00 ] ::1 /weiling/index.php/home/api/message_in?token=a0c2e3a2263b2672ec0c76b1abf85e39
INFO: [ app_init ] --START--
INFO: Run Behavior\BuildLiteBehavior [ RunTime:0.000000s ]
INFO: [ app_init ] --END-- [ RunTime:0.001000s ]
INFO: [ app_begin ] --START--
INFO: Run Behavior\ReadHtmlCacheBehavior [ RunTime:0.000000s ]
INFO: [ app_begin ] --END-- [ RunTime:0.000000s ]
SQL: SHOW COLUMNS FROM `xy_consultationpay` [ RunTime:0.0290s ]
SQL: SELECT * FROM `xy_consultationpay`  [ RunTime:0.0140s ]
SQL: SHOW COLUMNS FROM `xy_app_member` [ RunTime:0.0260s ]
SQL: SELECT `real_name` FROM `xy_app_member` WHERE ( id=23 ) LIMIT 1   [ RunTime:0.0140s ]
SQL: SHOW COLUMNS FROM `xy_patient` [ RunTime:0.0250s ]
SQL: SELECT * FROM `xy_patient` WHERE ( id=7 )  [ RunTime:0.0120s ]
SQL: SELECT `real_name` FROM `xy_app_member` WHERE ( id=23 ) LIMIT 1   [ RunTime:0.0270s ]
SQL: SELECT * FROM `xy_patient` WHERE ( id=4 )  [ RunTime:0.0130s ]

[ 2018-11-27T17:13:43+08:00 ] ::1 /weiling/index.php/home/api/message_in?token=a0c2e3a2263b2672ec0c76b1abf85e39
INFO: [ app_init ] --START--
INFO: Run Behavior\BuildLiteBehavior [ RunTime:0.000000s ]
INFO: [ app_init ] --END-- [ RunTime:0.000000s ]
INFO: [ app_begin ] --START--
INFO: Run Behavior\ReadHtmlCacheBehavior [ RunTime:0.001000s ]
INFO: [ app_begin ] --END-- [ RunTime:0.001000s ]
SQL: SHOW COLUMNS FROM `xy_consultationpay` [ RunTime:0.0130s ]
SQL: SELECT * FROM `xy_consultationpay`  [ RunTime:0.0280s ]
SQL: SHOW COLUMNS FROM `xy_app_member` [ RunTime:0.0140s ]
SQL: SELECT `real_name` FROM `xy_app_member` WHERE ( id=23 ) LIMIT 1   [ RunTime:0.0250s ]
SQL: SHOW COLUMNS FROM `xy_patient` [ RunTime:0.0140s ]
SQL: SELECT * FROM `xy_patient` WHERE ( id=7 )  [ RunTime:0.0310s ]
SQL: SELECT `real_name` FROM `xy_app_member` WHERE ( id=23 ) LIMIT 1   [ RunTime:0.0350s ]
SQL: SELECT * FROM `xy_patient` WHERE ( id=4 )  [ RunTime:0.0110s ]

[ 2018-11-27T17:16:20+08:00 ] ::1 /weiling/index.php/home/api/message_in?token=1
INFO: [ app_init ] --START--
INFO: Run Behavior\BuildLiteBehavior [ RunTime:0.000000s ]
INFO: [ app_init ] --END-- [ RunTime:0.002001s ]
INFO: [ app_begin ] --START--
INFO: Run Behavior\ReadHtmlCacheBehavior [ RunTime:0.001000s ]
INFO: [ app_begin ] --END-- [ RunTime:0.001000s ]
SQL: SHOW COLUMNS FROM `xy_consultationpay` [ RunTime:0.0120s ]
SQL: SELECT * FROM `xy_consultationpay`  [ RunTime:0.0130s ]
SQL: SHOW COLUMNS FROM `xy_app_member` [ RunTime:0.0150s ]
SQL: SELECT `real_name` FROM `xy_app_member` WHERE ( id=23 ) LIMIT 1   [ RunTime:0.0110s ]
SQL: SHOW COLUMNS FROM `xy_patient` [ RunTime:0.0140s ]
SQL: SELECT * FROM `xy_patient` WHERE ( id=7 )  [ RunTime:0.0120s ]
SQL: SELECT `real_name` FROM `xy_app_member` WHERE ( id=23 ) LIMIT 1   [ RunTime:0.0130s ]
SQL: SELECT * FROM `xy_patient` WHERE ( id=4 )  [ RunTime:0.0110s ]

[ 2018-11-27T17:24:05+08:00 ] ::1 /weiling/index.php/home/api/message_in?token=1
INFO: [ app_init ] --START--
INFO: Run Behavior\BuildLiteBehavior [ RunTime:0.000000s ]
INFO: [ app_init ] --END-- [ RunTime:0.000000s ]
INFO: [ app_begin ] --START--
INFO: Run Behavior\ReadHtmlCacheBehavior [ RunTime:0.000000s ]
INFO: [ app_begin ] --END-- [ RunTime:0.000000s ]
SQL: SHOW COLUMNS FROM `xy_consultationpay` [ RunTime:0.0140s ]
SQL: SELECT * FROM `xy_consultationpay`  [ RunTime:0.0130s ]
SQL: SHOW COLUMNS FROM `xy_app_member` [ RunTime:0.0140s ]
SQL: SELECT `real_name` FROM `xy_app_member` WHERE ( id=23 ) LIMIT 1   [ RunTime:0.0140s ]
SQL: SHOW COLUMNS FROM `xy_patient` [ RunTime:0.0130s ]
SQL: SELECT * FROM `xy_patient` WHERE ( id=7 )  [ RunTime:0.0150s ]
SQL: SELECT `real_name` FROM `xy_app_member` WHERE ( id=23 ) LIMIT 1   [ RunTime:0.0140s ]
SQL: SELECT * FROM `xy_patient` WHERE ( id=4 )  [ RunTime:0.0110s ]

