[ 2018-12-05T08:34:46+08:00 ] ::1 /weiling/index.php/home/api/consultation_requestlist?token=f33a0838e399d766232d8b293665d08a
INFO: [ app_init ] --START--
INFO: Run Behavior\BuildLiteBehavior [ RunTime:0.000000s ]
INFO: [ app_init ] --END-- [ RunTime:0.005001s ]
INFO: [ app_begin ] --START--
INFO: Run Behavior\ReadHtmlCacheBehavior [ RunTime:0.002000s ]
INFO: [ app_begin ] --END-- [ RunTime:0.002000s ]
ERR: 非法操作:consultation_requestlist

[ 2018-12-05T08:35:11+08:00 ] ::1 /weiling/index.php?s=/Home/index/main.html&_=1543970101689
INFO: [ app_init ] --START--
INFO: Run Behavior\BuildLiteBehavior [ RunTime:0.000000s ]
INFO: [ app_init ] --END-- [ RunTime:0.001000s ]
INFO: [ app_begin ] --START--
INFO: Run Behavior\ReadHtmlCacheBehavior [ RunTime:0.001000s ]
INFO: [ app_begin ] --END-- [ RunTime:0.001000s ]
NOTIC: [2048] Declaration of Home\Controller\IndexController::index() should be compatible with Common\Controller\BaseController::index($uid = '') D:\phpStudy\WWW\weiling\App\Home\Controller\IndexController.class.php 第 5 行.
SQL: SHOW COLUMNS FROM `xy_user` [ RunTime:0.0150s ]
SQL: SELECT * FROM `xy_user` WHERE `id` = 1 LIMIT 1   [ RunTime:0.0150s ]
INFO: [ view_parse ] --START--
INFO: [ template_filter ] --START--
INFO: Run Behavior\ContentReplaceBehavior [ RunTime:0.000000s ]
INFO: [ template_filter ] --END-- [ RunTime:0.000000s ]
SQL: SHOW COLUMNS FROM `xy_quxiang` [ RunTime:0.0140s ]
SQL: SELECT * FROM `xy_quxiang` ORDER BY id desc LIMIT 5   [ RunTime:0.0140s ]
SQL: SELECT `depname` FROM `xy_user` WHERE ( id=16 ) LIMIT 1   [ RunTime:0.0130s ]
SQL: SHOW COLUMNS FROM `xy_renwu` [ RunTime:0.0140s ]
NOTIC: [8] Use of undefined constant uid - assumed 'uid' D:\phpStudy\WWW\weiling\App\Runtime\Cache\Home\8d1be3c46ef179b9e01c2c8d3de21c37.php 第 157 行.
SQL: SELECT * FROM `xy_renwu` WHERE `juid` LIKE '%1%' ORDER BY id desc LIMIT 5   [ RunTime:0.0150s ]
SQL: SHOW COLUMNS FROM `xy_tongzhi` [ RunTime:0.0150s ]
NOTIC: [8] Use of undefined constant uid - assumed 'uid' D:\phpStudy\WWW\weiling\App\Runtime\Cache\Home\8d1be3c46ef179b9e01c2c8d3de21c37.php 第 215 行.
SQL: SELECT * FROM `xy_tongzhi` WHERE `juid` LIKE '%1%' ORDER BY id desc LIMIT 5   [ RunTime:0.0190s ]
SQL: SHOW COLUMNS FROM `xy_cust` [ RunTime:0.0160s ]
SQL: SELECT * FROM `xy_cust` WHERE ( `xiaci` >= '2018-11-28' AND `xiaci` <= '2019-01-05'  ) AND (  `uid` = '1' OR `juid` LIKE '%1%' ) LIMIT 5   [ RunTime:0.0130s ]
SQL: SHOW COLUMNS FROM `xy_fahuo` [ RunTime:0.0140s ]
SQL: SELECT * FROM `xy_fahuo` ORDER BY id desc LIMIT 5   [ RunTime:0.0150s ]
SQL: SHOW COLUMNS FROM `xy_hetong` [ RunTime:0.0150s ]
SQL: SELECT * FROM `xy_hetong` WHERE (  `uid` = '1' OR `juid` LIKE '%1%' ) AND ( `jztime` >= '2018-11-28' AND `jztime` <= '2019-01-05'  ) LIMIT 5   [ RunTime:0.0150s ]
INFO: Run Behavior\ParseTemplateBehavior [ RunTime:0.231014s ]
INFO: [ view_parse ] --END-- [ RunTime:0.231014s ]
INFO: [ view_filter ] --START--
INFO: Run Behavior\WriteHtmlCacheBehavior [ RunTime:0.002000s ]
INFO: [ view_filter ] --END-- [ RunTime:0.002000s ]
INFO: [ app_end ] --START--
INFO: Run Behavior\ShowPageTraceBehavior [ RunTime:0.001000s ]
INFO: [ app_end ] --END-- [ RunTime:0.001000s ]

[ 2018-12-05T08:50:36+08:00 ] ::1 /weiling/index.php/home/order/index?_=1543971026634
INFO: [ app_init ] --START--
INFO: Run Behavior\BuildLiteBehavior [ RunTime:0.000000s ]
INFO: [ app_init ] --END-- [ RunTime:0.000000s ]
INFO: [ app_begin ] --START--
INFO: Run Behavior\ReadHtmlCacheBehavior [ RunTime:0.001000s ]
INFO: [ app_begin ] --END-- [ RunTime:0.001000s ]
SQL: SHOW COLUMNS FROM `xy_order` [ RunTime:0.0150s ]
NOTIC: [8] Undefined index: id D:\phpStudy\WWW\weiling\App\Home\Controller\OrderController.class.php 第 23 行.
NOTIC: [8] Undefined variable: order D:\phpStudy\WWW\weiling\App\Common\Controller\BaseController.class.php 第 285 行.
NOTIC: [8] Undefined variable: sort D:\phpStudy\WWW\weiling\App\Common\Controller\BaseController.class.php 第 305 行.
NOTIC: [8] Undefined variable: pageCurrent D:\phpStudy\WWW\weiling\App\Common\Controller\BaseController.class.php 第 321 行.
SQL: SELECT COUNT(*) AS tp_count FROM `xy_order` WHERE (  `id` <> '0' ) LIMIT 1   [ RunTime:0.0130s ]
SQL: SELECT * FROM `xy_order` WHERE (  `id` <> '0' ) ORDER BY `id` desc LIMIT 0,50   [ RunTime:0.0150s ]
SQL: SHOW COLUMNS FROM `xy_address` [ RunTime:0.0140s ]
SQL: SELECT `area` FROM `xy_address` WHERE ( id=30 ) LIMIT 1   [ RunTime:0.0150s ]
SQL: SELECT `address` FROM `xy_address` WHERE ( id=30 ) LIMIT 1   [ RunTime:0.0130s ]
INFO: [ view_parse ] --START--
INFO: [ template_filter ] --START--
INFO: Run Behavior\ContentReplaceBehavior [ RunTime:0.000000s ]
INFO: [ template_filter ] --END-- [ RunTime:0.000000s ]
NOTIC: [8] Undefined index: keys D:\phpStudy\WWW\weiling\App\Runtime\Cache\Home\f0a928cac3830319ed574d5e0d8e74de.php 第 8 行.
INFO: Run Behavior\ParseTemplateBehavior [ RunTime:0.010001s ]
INFO: [ view_parse ] --END-- [ RunTime:0.010001s ]
INFO: [ view_filter ] --START--
INFO: Run Behavior\WriteHtmlCacheBehavior [ RunTime:0.000000s ]
INFO: [ view_filter ] --END-- [ RunTime:0.000000s ]
INFO: [ app_end ] --START--
INFO: Run Behavior\ShowPageTraceBehavior [ RunTime:0.001000s ]
INFO: [ app_end ] --END-- [ RunTime:0.001000s ]

[ 2018-12-05T08:52:31+08:00 ] ::1 /weiling/index.php?s=/Home/Order/commodity/id/2018120498485756/navTabId/Order&_=1543971141086
INFO: [ app_init ] --START--
INFO: Run Behavior\BuildLiteBehavior [ RunTime:0.000000s ]
INFO: [ app_init ] --END-- [ RunTime:0.000000s ]
INFO: [ app_begin ] --START--
INFO: Run Behavior\ReadHtmlCacheBehavior [ RunTime:0.001000s ]
INFO: [ app_begin ] --END-- [ RunTime:0.001000s ]
SQL: SHOW COLUMNS FROM `xy_commodity` [ RunTime:0.0160s ]
SQL: SELECT * FROM `xy_commodity` WHERE ( numbering=2018120498485756 )  [ RunTime:0.0150s ]
INFO: [ view_parse ] --START--
INFO: [ template_filter ] --START--
INFO: Run Behavior\ContentReplaceBehavior [ RunTime:0.000000s ]
INFO: [ template_filter ] --END-- [ RunTime:0.000000s ]
NOTIC: [8] Undefined variable: numPerPage D:\phpStudy\WWW\weiling\App\Runtime\Cache\Home\49f463765498dd7cc3197406e8f13fb8.php 第 4 行.
NOTIC: [8] Undefined index: keys D:\phpStudy\WWW\weiling\App\Runtime\Cache\Home\49f463765498dd7cc3197406e8f13fb8.php 第 8 行.
NOTIC: [8] Undefined variable: totalCount D:\phpStudy\WWW\weiling\App\Runtime\Cache\Home\49f463765498dd7cc3197406e8f13fb8.php 第 56 行.
NOTIC: [8] Undefined variable: numPerPage D:\phpStudy\WWW\weiling\App\Runtime\Cache\Home\49f463765498dd7cc3197406e8f13fb8.php 第 56 行.
NOTIC: [8] Undefined variable: totalCount D:\phpStudy\WWW\weiling\App\Runtime\Cache\Home\49f463765498dd7cc3197406e8f13fb8.php 第 58 行.
NOTIC: [8] Undefined variable: numPerPage D:\phpStudy\WWW\weiling\App\Runtime\Cache\Home\49f463765498dd7cc3197406e8f13fb8.php 第 58 行.
NOTIC: [8] Undefined variable: currentPage D:\phpStudy\WWW\weiling\App\Runtime\Cache\Home\49f463765498dd7cc3197406e8f13fb8.php 第 58 行.
INFO: Run Behavior\ParseTemplateBehavior [ RunTime:0.008000s ]
INFO: [ view_parse ] --END-- [ RunTime:0.008000s ]
INFO: [ view_filter ] --START--
INFO: Run Behavior\WriteHtmlCacheBehavior [ RunTime:0.001000s ]
INFO: [ view_filter ] --END-- [ RunTime:0.001000s ]
INFO: [ app_end ] --START--
INFO: Run Behavior\ShowPageTraceBehavior [ RunTime:0.000000s ]
INFO: [ app_end ] --END-- [ RunTime:0.000000s ]

[ 2018-12-05T09:22:40+08:00 ] ::1 /weiling/index.php/home/api/medicine_orderlist?token=a0c2e3a2263b2672ec0c76b1abf85e39
INFO: [ app_init ] --START--
INFO: Run Behavior\BuildLiteBehavior [ RunTime:0.000000s ]
INFO: [ app_init ] --END-- [ RunTime:0.000000s ]
INFO: [ app_begin ] --START--
INFO: Run Behavior\ReadHtmlCacheBehavior [ RunTime:0.002000s ]
INFO: [ app_begin ] --END-- [ RunTime:0.002000s ]

[ 2018-12-05T09:23:04+08:00 ] ::1 /weiling/index.php/home/api/medicine_orderlist?token=a0c2e3a2263b2672ec0c76b1abf85e39&type=1
INFO: [ app_init ] --START--
INFO: Run Behavior\BuildLiteBehavior [ RunTime:0.000000s ]
INFO: [ app_init ] --END-- [ RunTime:0.000000s ]
INFO: [ app_begin ] --START--
INFO: Run Behavior\ReadHtmlCacheBehavior [ RunTime:0.001000s ]
INFO: [ app_begin ] --END-- [ RunTime:0.001000s ]

[ 2018-12-05T09:24:28+08:00 ] ::1 /weiling/index.php/home/api/order_list?token=a0c2e3a2263b2672ec0c76b1abf85e39&type=1
INFO: [ app_init ] --START--
INFO: Run Behavior\BuildLiteBehavior [ RunTime:0.000000s ]
INFO: [ app_init ] --END-- [ RunTime:0.001001s ]
INFO: [ app_begin ] --START--
INFO: Run Behavior\ReadHtmlCacheBehavior [ RunTime:0.001000s ]
INFO: [ app_begin ] --END-- [ RunTime:0.001000s ]
SQL: SHOW COLUMNS FROM `xy_app_member` [ RunTime:0.0150s ]
SQL: SELECT `id` FROM `xy_app_member` WHERE `token` = 'a0c2e3a2263b2672ec0c76b1abf85e39' LIMIT 1   [ RunTime:0.0120s ]
SQL: SHOW COLUMNS FROM `xy_order` [ RunTime:0.0150s ]
SQL: SELECT * FROM `xy_order` WHERE ( uid=23 )  [ RunTime:0.0130s ]
SQL: SHOW COLUMNS FROM `xy_address` [ RunTime:0.0150s ]
SQL: SELECT * FROM `xy_address` WHERE ( id=30 )  [ RunTime:0.0130s ]
SQL: SHOW COLUMNS FROM `xy_commodity` [ RunTime:0.0130s ]
SQL: SELECT * FROM `xy_commodity` WHERE ( numbering=2018120498485756 )  [ RunTime:0.0130s ]

[ 2018-12-05T09:28:11+08:00 ] ::1 /weiling/index.php/home/api/order_list?token=a0c2e3a2263b2672ec0c76b1abf85e39&type=1
INFO: [ app_init ] --START--
INFO: Run Behavior\BuildLiteBehavior [ RunTime:0.000000s ]
INFO: [ app_init ] --END-- [ RunTime:0.000000s ]
INFO: [ app_begin ] --START--
INFO: Run Behavior\ReadHtmlCacheBehavior [ RunTime:0.000000s ]
INFO: [ app_begin ] --END-- [ RunTime:0.000000s ]
SQL: SHOW COLUMNS FROM `xy_app_member` [ RunTime:0.0140s ]
SQL: SELECT `id` FROM `xy_app_member` WHERE `token` = 'a0c2e3a2263b2672ec0c76b1abf85e39' LIMIT 1   [ RunTime:0.0130s ]
SQL: SHOW COLUMNS FROM `xy_order` [ RunTime:0.0120s ]
SQL: SELECT * FROM `xy_order` WHERE ( uid=23 )  [ RunTime:0.0140s ]
SQL: SHOW COLUMNS FROM `xy_address` [ RunTime:0.0110s ]
SQL: SELECT * FROM `xy_address` WHERE ( id=30 )  [ RunTime:0.0140s ]
SQL: SHOW COLUMNS FROM `xy_commodity` [ RunTime:0.0120s ]
SQL: SELECT * FROM `xy_commodity` WHERE ( numbering=2018120498485756 )  [ RunTime:0.0140s ]

[ 2018-12-05T09:32:30+08:00 ] ::1 /weiling/index.php/home/api/order_list?token=a0c2e3a2263b2672ec0c76b1abf85e39&type=2
INFO: [ app_init ] --START--
INFO: Run Behavior\BuildLiteBehavior [ RunTime:0.000000s ]
INFO: [ app_init ] --END-- [ RunTime:0.000000s ]
INFO: [ app_begin ] --START--
INFO: Run Behavior\ReadHtmlCacheBehavior [ RunTime:0.001000s ]
INFO: [ app_begin ] --END-- [ RunTime:0.001000s ]
SQL: SHOW COLUMNS FROM `xy_app_member` [ RunTime:0.0140s ]
SQL: SELECT `id` FROM `xy_app_member` WHERE `token` = 'a0c2e3a2263b2672ec0c76b1abf85e39' LIMIT 1   [ RunTime:0.0140s ]
SQL: SHOW COLUMNS FROM `xy_order` [ RunTime:0.0130s ]
SQL: SELECT * FROM `xy_order` WHERE `uid` = 23 AND `payment_status` = 0  [ RunTime:0.0120s ]
SQL: SHOW COLUMNS FROM `xy_address` [ RunTime:0.0140s ]
SQL: SELECT * FROM `xy_address` WHERE ( id=30 )  [ RunTime:0.0130s ]
SQL: SHOW COLUMNS FROM `xy_commodity` [ RunTime:0.0120s ]
SQL: SELECT * FROM `xy_commodity` WHERE ( numbering=2018120498485756 )  [ RunTime:0.0120s ]

[ 2018-12-05T11:32:55+08:00 ] ::1 /weiling/index.php/home/api/order_list?token=a0c2e3a2263b2672ec0c76b1abf85e39&type=2
INFO: [ app_init ] --START--
INFO: Run Behavior\BuildLiteBehavior [ RunTime:0.000000s ]
INFO: [ app_init ] --END-- [ RunTime:0.001000s ]
INFO: [ app_begin ] --START--
INFO: Run Behavior\ReadHtmlCacheBehavior [ RunTime:0.001000s ]
INFO: [ app_begin ] --END-- [ RunTime:0.001000s ]
ERR: 非法操作:order_list

[ 2018-12-05T11:33:28+08:00 ] ::1 /weiling/index.php/home/api/medicine_orderpaylist?token=a0c2e3a2263b2672ec0c76b1abf85e39&type=2
INFO: [ app_init ] --START--
INFO: Run Behavior\BuildLiteBehavior [ RunTime:0.000000s ]
INFO: [ app_init ] --END-- [ RunTime:0.000000s ]
INFO: [ app_begin ] --START--
INFO: Run Behavior\ReadHtmlCacheBehavior [ RunTime:0.001000s ]
INFO: [ app_begin ] --END-- [ RunTime:0.001000s ]
SQL: SHOW COLUMNS FROM `xy_app_member` [ RunTime:0.0110s ]
SQL: SELECT `id` FROM `xy_app_member` WHERE `token` = 'a0c2e3a2263b2672ec0c76b1abf85e39' LIMIT 1   [ RunTime:0.0130s ]
SQL: SHOW COLUMNS FROM `xy_order` [ RunTime:0.0130s ]
SQL: SELECT * FROM `xy_order` WHERE `uid` = 23 AND `payment_status` = 0  [ RunTime:0.0160s ]
SQL: SHOW COLUMNS FROM `xy_commodity` [ RunTime:0.0130s ]
SQL: SELECT * FROM `xy_commodity` WHERE ( numbering=2018120498485756 )  [ RunTime:0.0130s ]

[ 2018-12-05T11:35:39+08:00 ] ::1 /weiling/index.php/home/api/medicine_orderpaylist?token=a0c2e3a2263b2672ec0c76b1abf85e39&type=2
INFO: [ app_init ] --START--
INFO: Run Behavior\BuildLiteBehavior [ RunTime:0.000000s ]
INFO: [ app_init ] --END-- [ RunTime:0.001000s ]
INFO: [ app_begin ] --START--
INFO: Run Behavior\ReadHtmlCacheBehavior [ RunTime:0.001000s ]
INFO: [ app_begin ] --END-- [ RunTime:0.001000s ]
SQL: SHOW COLUMNS FROM `xy_app_member` [ RunTime:0.0150s ]
SQL: SELECT `id` FROM `xy_app_member` WHERE `token` = 'a0c2e3a2263b2672ec0c76b1abf85e39' LIMIT 1   [ RunTime:0.0120s ]
SQL: SHOW COLUMNS FROM `xy_order` [ RunTime:0.0140s ]
SQL: SELECT * FROM `xy_order` WHERE `uid` = 23 AND `payment_status` = 0  [ RunTime:0.0150s ]
SQL: SHOW COLUMNS FROM `xy_commodity` [ RunTime:0.0140s ]
SQL: SELECT * FROM `xy_commodity` WHERE ( numbering=2018120498485756 )  [ RunTime:0.0140s ]

[ 2018-12-05T11:40:43+08:00 ] ::1 /weiling/index.php/home/api/medicine_orderpaylist?token=a0c2e3a2263b2672ec0c76b1abf85e39&type=2
INFO: [ app_init ] --START--
INFO: Run Behavior\BuildLiteBehavior [ RunTime:0.000000s ]
INFO: [ app_init ] --END-- [ RunTime:0.000000s ]
INFO: [ app_begin ] --START--
INFO: Run Behavior\ReadHtmlCacheBehavior [ RunTime:0.001000s ]
INFO: [ app_begin ] --END-- [ RunTime:0.001000s ]
SQL: SHOW COLUMNS FROM `xy_app_member` [ RunTime:0.0130s ]
SQL: SELECT `id` FROM `xy_app_member` WHERE `token` = 'a0c2e3a2263b2672ec0c76b1abf85e39' LIMIT 1   [ RunTime:0.0140s ]
SQL: SHOW COLUMNS FROM `xy_order` [ RunTime:0.0120s ]
SQL: SELECT * FROM `xy_order` WHERE `uid` = 23 AND `payment_status` = 0  [ RunTime:0.0160s ]
SQL: SHOW COLUMNS FROM `xy_commodity` [ RunTime:0.0150s ]
SQL: SELECT * FROM `xy_commodity` WHERE ( numbering=2018120498485756 )  [ RunTime:0.0150s ]

[ 2018-12-05T11:40:59+08:00 ] ::1 /weiling/index.php/home/api/medicine_orderpaylist?token=a0c2e3a2263b2672ec0c76b1abf85e39&type=2
INFO: [ app_init ] --START--
INFO: Run Behavior\BuildLiteBehavior [ RunTime:0.000000s ]
INFO: [ app_init ] --END-- [ RunTime:0.001000s ]
INFO: [ app_begin ] --START--
INFO: Run Behavior\ReadHtmlCacheBehavior [ RunTime:0.002000s ]
INFO: [ app_begin ] --END-- [ RunTime:0.002000s ]
SQL: SHOW COLUMNS FROM `xy_app_member` [ RunTime:0.0140s ]
SQL: SELECT `id` FROM `xy_app_member` WHERE `token` = 'a0c2e3a2263b2672ec0c76b1abf85e39' LIMIT 1   [ RunTime:0.0140s ]
SQL: SHOW COLUMNS FROM `xy_order` [ RunTime:0.0160s ]
SQL: SELECT * FROM `xy_order` WHERE `uid` = 23 AND `payment_status` = 0  [ RunTime:0.0150s ]
SQL: SHOW COLUMNS FROM `xy_commodity` [ RunTime:0.0140s ]
SQL: SELECT * FROM `xy_commodity` WHERE ( numbering=2018120498485756 )  [ RunTime:0.0140s ]

[ 2018-12-05T11:41:52+08:00 ] ::1 /weiling/index.php/home/api/medicine_orderpaylist?token=a0c2e3a2263b2672ec0c76b1abf85e39&type=2
INFO: [ app_init ] --START--
INFO: Run Behavior\BuildLiteBehavior [ RunTime:0.000000s ]
INFO: [ app_init ] --END-- [ RunTime:0.000000s ]
INFO: [ app_begin ] --START--
INFO: Run Behavior\ReadHtmlCacheBehavior [ RunTime:0.001000s ]
INFO: [ app_begin ] --END-- [ RunTime:0.001000s ]
SQL: SHOW COLUMNS FROM `xy_app_member` [ RunTime:0.0130s ]
SQL: SELECT `id` FROM `xy_app_member` WHERE `token` = 'a0c2e3a2263b2672ec0c76b1abf85e39' LIMIT 1   [ RunTime:0.0130s ]
SQL: SHOW COLUMNS FROM `xy_order` [ RunTime:0.0150s ]
SQL: SELECT * FROM `xy_order` WHERE `uid` = 23 AND `payment_status` = 0  [ RunTime:0.0140s ]
SQL: SHOW COLUMNS FROM `xy_commodity` [ RunTime:0.0130s ]
SQL: SELECT * FROM `xy_commodity` WHERE ( numbering=2018120498485756 )  [ RunTime:0.0160s ]

[ 2018-12-05T11:42:41+08:00 ] ::1 /weiling/index.php/home/api/medicine_orderpaylist?token=a0c2e3a2263b2672ec0c76b1abf85e39&type=2
INFO: [ app_init ] --START--
INFO: Run Behavior\BuildLiteBehavior [ RunTime:0.000000s ]
INFO: [ app_init ] --END-- [ RunTime:0.001000s ]
INFO: [ app_begin ] --START--
INFO: Run Behavior\ReadHtmlCacheBehavior [ RunTime:0.000000s ]
INFO: [ app_begin ] --END-- [ RunTime:0.000000s ]
SQL: SHOW COLUMNS FROM `xy_app_member` [ RunTime:0.0130s ]
SQL: SELECT `id` FROM `xy_app_member` WHERE `token` = 'a0c2e3a2263b2672ec0c76b1abf85e39' LIMIT 1   [ RunTime:0.0130s ]
SQL: SHOW COLUMNS FROM `xy_order` [ RunTime:0.0140s ]
SQL: SELECT * FROM `xy_order` WHERE `uid` = 23 AND `payment_status` = 0  [ RunTime:0.0150s ]
SQL: SHOW COLUMNS FROM `xy_commodity` [ RunTime:0.0150s ]
SQL: SELECT * FROM `xy_commodity` WHERE ( numbering=2018120498485756 )  [ RunTime:0.0140s ]

[ 2018-12-05T11:44:48+08:00 ] ::1 /weiling/index.php/home/api/medicine_orderpaylist?token=a0c2e3a2263b2672ec0c76b1abf85e39&type=2
INFO: [ app_init ] --START--
INFO: Run Behavior\BuildLiteBehavior [ RunTime:0.000000s ]
INFO: [ app_init ] --END-- [ RunTime:0.001000s ]
INFO: [ app_begin ] --START--
INFO: Run Behavior\ReadHtmlCacheBehavior [ RunTime:0.001000s ]
INFO: [ app_begin ] --END-- [ RunTime:0.001000s ]
SQL: SHOW COLUMNS FROM `xy_app_member` [ RunTime:0.0140s ]
SQL: SELECT `id` FROM `xy_app_member` WHERE `token` = 'a0c2e3a2263b2672ec0c76b1abf85e39' LIMIT 1   [ RunTime:0.0120s ]
SQL: SHOW COLUMNS FROM `xy_order` [ RunTime:0.0130s ]
SQL: SELECT * FROM `xy_order` WHERE `uid` = 23 AND `payment_status` = 0  [ RunTime:0.0150s ]
SQL: SHOW COLUMNS FROM `xy_commodity` [ RunTime:0.0130s ]
SQL: SELECT * FROM `xy_commodity` WHERE ( numbering=2018120498485756 )  [ RunTime:0.0140s ]

[ 2018-12-05T11:45:30+08:00 ] ::1 /weiling/index.php/home/api/medicine_orderpaylist?token=a0c2e3a2263b2672ec0c76b1abf85e39&type=1
INFO: [ app_init ] --START--
INFO: Run Behavior\BuildLiteBehavior [ RunTime:0.000000s ]
INFO: [ app_init ] --END-- [ RunTime:0.001000s ]
INFO: [ app_begin ] --START--
INFO: Run Behavior\ReadHtmlCacheBehavior [ RunTime:0.001000s ]
INFO: [ app_begin ] --END-- [ RunTime:0.001000s ]
SQL: SHOW COLUMNS FROM `xy_app_member` [ RunTime:0.0140s ]
SQL: SELECT `id` FROM `xy_app_member` WHERE `token` = 'a0c2e3a2263b2672ec0c76b1abf85e39' LIMIT 1   [ RunTime:0.0140s ]
SQL: SHOW COLUMNS FROM `xy_order` [ RunTime:0.0140s ]
SQL: SELECT * FROM `xy_order` WHERE ( uid=23 )  [ RunTime:0.0130s ]
SQL: SHOW COLUMNS FROM `xy_commodity` [ RunTime:0.0110s ]
SQL: SELECT `num` FROM `xy_commodity` WHERE ( numbering=2018120498485756 ) LIMIT 1   [ RunTime:0.0140s ]
NOTIC: [2] array_sum() expects parameter 1 to be array, string given D:\phpStudy\WWW\weiling\App\Home\Controller\ApiController.class.php 第 613 行.
SQL: SELECT * FROM `xy_commodity` WHERE ( numbering=2018120498485756 )  [ RunTime:0.0140s ]
INFO: [ app_end ] --START--
INFO: Run Behavior\ShowPageTraceBehavior [ RunTime:0.001000s ]
INFO: [ app_end ] --END-- [ RunTime:0.001000s ]

[ 2018-12-05T11:46:16+08:00 ] ::1 /weiling/index.php/home/api/medicine_orderpaylist?token=a0c2e3a2263b2672ec0c76b1abf85e39&type=1
INFO: [ app_init ] --START--
INFO: Run Behavior\BuildLiteBehavior [ RunTime:0.000000s ]
INFO: [ app_init ] --END-- [ RunTime:0.001000s ]
INFO: [ app_begin ] --START--
INFO: Run Behavior\ReadHtmlCacheBehavior [ RunTime:0.001000s ]
INFO: [ app_begin ] --END-- [ RunTime:0.001000s ]
SQL: SHOW COLUMNS FROM `xy_app_member` [ RunTime:0.0130s ]
SQL: SELECT `id` FROM `xy_app_member` WHERE `token` = 'a0c2e3a2263b2672ec0c76b1abf85e39' LIMIT 1   [ RunTime:0.0130s ]
SQL: SHOW COLUMNS FROM `xy_order` [ RunTime:0.0160s ]
SQL: SELECT * FROM `xy_order` WHERE ( uid=23 )  [ RunTime:0.0120s ]
SQL: SHOW COLUMNS FROM `xy_commodity` [ RunTime:0.0140s ]
SQL: SELECT `num` FROM `xy_commodity` WHERE ( numbering=2018120498485756 )  [ RunTime:0.0130s ]
SQL: SELECT * FROM `xy_commodity` WHERE ( numbering=2018120498485756 )  [ RunTime:0.0120s ]
INFO: [ app_end ] --START--
INFO: Run Behavior\ShowPageTraceBehavior [ RunTime:0.001000s ]
INFO: [ app_end ] --END-- [ RunTime:0.001000s ]

[ 2018-12-05T11:46:40+08:00 ] ::1 /weiling/index.php/home/api/medicine_orderpaylist?token=a0c2e3a2263b2672ec0c76b1abf85e39&type=1
INFO: [ app_init ] --START--
INFO: Run Behavior\BuildLiteBehavior [ RunTime:0.000000s ]
INFO: [ app_init ] --END-- [ RunTime:0.000000s ]
INFO: [ app_begin ] --START--
INFO: Run Behavior\ReadHtmlCacheBehavior [ RunTime:0.001000s ]
INFO: [ app_begin ] --END-- [ RunTime:0.001000s ]
SQL: SHOW COLUMNS FROM `xy_app_member` [ RunTime:0.0120s ]
SQL: SELECT `id` FROM `xy_app_member` WHERE `token` = 'a0c2e3a2263b2672ec0c76b1abf85e39' LIMIT 1   [ RunTime:0.0130s ]
SQL: SHOW COLUMNS FROM `xy_order` [ RunTime:0.0130s ]
SQL: SELECT * FROM `xy_order` WHERE ( uid=23 )  [ RunTime:0.0120s ]
SQL: SHOW COLUMNS FROM `xy_commodity` [ RunTime:0.0140s ]
SQL: SELECT `num` FROM `xy_commodity` WHERE ( numbering=2018120498485756 )  [ RunTime:0.0120s ]
SQL: SELECT * FROM `xy_commodity` WHERE ( numbering=2018120498485756 )  [ RunTime:0.0120s ]
INFO: [ app_end ] --START--
INFO: Run Behavior\ShowPageTraceBehavior [ RunTime:0.001000s ]
INFO: [ app_end ] --END-- [ RunTime:0.001000s ]

[ 2018-12-05T11:46:56+08:00 ] ::1 /weiling/index.php/home/api/medicine_orderpaylist?token=a0c2e3a2263b2672ec0c76b1abf85e39&type=1
INFO: [ app_init ] --START--
INFO: Run Behavior\BuildLiteBehavior [ RunTime:0.000000s ]
INFO: [ app_init ] --END-- [ RunTime:0.000000s ]
INFO: [ app_begin ] --START--
INFO: Run Behavior\ReadHtmlCacheBehavior [ RunTime:0.000000s ]
INFO: [ app_begin ] --END-- [ RunTime:0.000000s ]
SQL: SHOW COLUMNS FROM `xy_app_member` [ RunTime:0.0140s ]
SQL: SELECT `id` FROM `xy_app_member` WHERE `token` = 'a0c2e3a2263b2672ec0c76b1abf85e39' LIMIT 1   [ RunTime:0.0130s ]
SQL: SHOW COLUMNS FROM `xy_order` [ RunTime:0.0140s ]
SQL: SELECT * FROM `xy_order` WHERE ( uid=23 )  [ RunTime:0.0130s ]
SQL: SHOW COLUMNS FROM `xy_commodity` [ RunTime:0.0140s ]
SQL: SELECT `num` FROM `xy_commodity` WHERE ( numbering=2018120498485756 )  [ RunTime:0.0140s ]
SQL: SELECT * FROM `xy_commodity` WHERE ( numbering=2018120498485756 )  [ RunTime:0.0150s ]
INFO: [ app_end ] --START--
INFO: Run Behavior\ShowPageTraceBehavior [ RunTime:0.001000s ]
INFO: [ app_end ] --END-- [ RunTime:0.001000s ]

[ 2018-12-05T11:48:56+08:00 ] ::1 /weiling/index.php/home/api/medicine_orderpaylist?token=a0c2e3a2263b2672ec0c76b1abf85e39&type=1
INFO: [ app_init ] --START--
INFO: Run Behavior\BuildLiteBehavior [ RunTime:0.000000s ]
INFO: [ app_init ] --END-- [ RunTime:0.001000s ]
INFO: [ app_begin ] --START--
INFO: Run Behavior\ReadHtmlCacheBehavior [ RunTime:0.000000s ]
INFO: [ app_begin ] --END-- [ RunTime:0.000000s ]
SQL: SHOW COLUMNS FROM `xy_app_member` [ RunTime:0.0140s ]
SQL: SELECT `id` FROM `xy_app_member` WHERE `token` = 'a0c2e3a2263b2672ec0c76b1abf85e39' LIMIT 1   [ RunTime:0.0120s ]
SQL: SHOW COLUMNS FROM `xy_order` [ RunTime:0.0130s ]
SQL: SELECT * FROM `xy_order` WHERE ( uid=23 )  [ RunTime:0.0130s ]
SQL: SHOW COLUMNS FROM `xy_commodity` [ RunTime:0.0130s ]
SQL: SELECT `num` FROM `xy_commodity` WHERE ( numbering=2018120498485756 )  [ RunTime:0.0120s ]
SQL: SELECT * FROM `xy_commodity` WHERE ( numbering=2018120498485756 )  [ RunTime:0.0120s ]
INFO: [ app_end ] --START--
INFO: Run Behavior\ShowPageTraceBehavior [ RunTime:0.000000s ]
INFO: [ app_end ] --END-- [ RunTime:0.000000s ]

[ 2018-12-05T11:49:18+08:00 ] ::1 /weiling/index.php/home/api/medicine_orderpaylist?token=a0c2e3a2263b2672ec0c76b1abf85e39&type=1
INFO: [ app_init ] --START--
INFO: Run Behavior\BuildLiteBehavior [ RunTime:0.000000s ]
INFO: [ app_init ] --END-- [ RunTime:0.001000s ]
INFO: [ app_begin ] --START--
INFO: Run Behavior\ReadHtmlCacheBehavior [ RunTime:0.001000s ]
INFO: [ app_begin ] --END-- [ RunTime:0.001000s ]
SQL: SHOW COLUMNS FROM `xy_app_member` [ RunTime:0.0140s ]
SQL: SELECT `id` FROM `xy_app_member` WHERE `token` = 'a0c2e3a2263b2672ec0c76b1abf85e39' LIMIT 1   [ RunTime:0.0130s ]
SQL: SHOW COLUMNS FROM `xy_order` [ RunTime:0.0140s ]
SQL: SELECT * FROM `xy_order` WHERE ( uid=23 )  [ RunTime:0.0110s ]
SQL: SHOW COLUMNS FROM `xy_commodity` [ RunTime:0.0140s ]
SQL: SELECT `num` FROM `xy_commodity` WHERE ( numbering=2018120498485756 )  [ RunTime:0.0130s ]
SQL: SELECT * FROM `xy_commodity` WHERE ( numbering=2018120498485756 )  [ RunTime:0.0140s ]
INFO: [ app_end ] --START--
INFO: Run Behavior\ShowPageTraceBehavior [ RunTime:0.001000s ]
INFO: [ app_end ] --END-- [ RunTime:0.001000s ]

[ 2018-12-05T11:49:49+08:00 ] ::1 /weiling/index.php/home/api/medicine_orderpaylist?token=a0c2e3a2263b2672ec0c76b1abf85e39&type=1
INFO: [ app_init ] --START--
INFO: Run Behavior\BuildLiteBehavior [ RunTime:0.000000s ]
INFO: [ app_init ] --END-- [ RunTime:0.000000s ]
INFO: [ app_begin ] --START--
INFO: Run Behavior\ReadHtmlCacheBehavior [ RunTime:0.000000s ]
INFO: [ app_begin ] --END-- [ RunTime:0.000000s ]
SQL: SHOW COLUMNS FROM `xy_app_member` [ RunTime:0.0140s ]
SQL: SELECT `id` FROM `xy_app_member` WHERE `token` = 'a0c2e3a2263b2672ec0c76b1abf85e39' LIMIT 1   [ RunTime:0.0160s ]
SQL: SHOW COLUMNS FROM `xy_order` [ RunTime:0.0150s ]
SQL: SELECT * FROM `xy_order` WHERE ( uid=23 )  [ RunTime:0.0140s ]
SQL: SHOW COLUMNS FROM `xy_commodity` [ RunTime:0.0150s ]
SQL: SELECT `num` FROM `xy_commodity` WHERE ( numbering=2018120498485756 )  [ RunTime:0.0150s ]
SQL: SELECT * FROM `xy_commodity` WHERE ( numbering=2018120498485756 )  [ RunTime:0.0150s ]

[ 2018-12-05T11:56:15+08:00 ] ::1 /weiling/index.php/home/api/medicine_orderpaylist?token=a0c2e3a2263b2672ec0c76b1abf85e39&type=1
INFO: [ app_init ] --START--
INFO: Run Behavior\BuildLiteBehavior [ RunTime:0.000000s ]
INFO: [ app_init ] --END-- [ RunTime:0.000000s ]
INFO: [ app_begin ] --START--
INFO: Run Behavior\ReadHtmlCacheBehavior [ RunTime:0.001000s ]
INFO: [ app_begin ] --END-- [ RunTime:0.001000s ]
SQL: SHOW COLUMNS FROM `xy_app_member` [ RunTime:0.0150s ]
SQL: SELECT `id` FROM `xy_app_member` WHERE `token` = 'a0c2e3a2263b2672ec0c76b1abf85e39' LIMIT 1   [ RunTime:0.0260s ]
SQL: SHOW COLUMNS FROM `xy_order` [ RunTime:0.0140s ]
SQL: SELECT * FROM `xy_order` WHERE ( uid=23 )  [ RunTime:0.0250s ]
SQL: SHOW COLUMNS FROM `xy_commodity` [ RunTime:0.0140s ]
SQL: SELECT `num` FROM `xy_commodity` WHERE ( numbering=2018120498485756 )  [ RunTime:0.0250s ]
SQL: SELECT * FROM `xy_commodity` WHERE ( numbering=2018120498485756 )  [ RunTime:0.0130s ]

[ 2018-12-05T11:58:29+08:00 ] ::1 /weiling/index.php/home/api/medicine_orderpaylist?token=a0c2e3a2263b2672ec0c76b1abf85e39&type=1
INFO: [ app_init ] --START--
INFO: Run Behavior\BuildLiteBehavior [ RunTime:0.000000s ]
INFO: [ app_init ] --END-- [ RunTime:0.001000s ]
INFO: [ app_begin ] --START--
INFO: Run Behavior\ReadHtmlCacheBehavior [ RunTime:0.001000s ]
INFO: [ app_begin ] --END-- [ RunTime:0.001000s ]
SQL: SHOW COLUMNS FROM `xy_app_member` [ RunTime:0.0140s ]
SQL: SELECT `id` FROM `xy_app_member` WHERE `token` = 'a0c2e3a2263b2672ec0c76b1abf85e39' LIMIT 1   [ RunTime:0.0130s ]
SQL: SHOW COLUMNS FROM `xy_order` [ RunTime:0.0130s ]
SQL: SELECT * FROM `xy_order` WHERE ( uid=23 )  [ RunTime:0.0110s ]
SQL: SHOW COLUMNS FROM `xy_commodity` [ RunTime:0.0140s ]
SQL: SELECT `num` FROM `xy_commodity` WHERE ( numbering=2018120498485756 )  [ RunTime:0.0130s ]
SQL: SELECT * FROM `xy_commodity` WHERE ( numbering=2018120498485756 )  [ RunTime:0.0140s ]
SQL: SELECT * FROM `xy_commodity` WHERE ( numbering=2018120498485756 )  [ RunTime:0.0140s ]

[ 2018-12-05T13:28:49+08:00 ] ::1 /weiling/index.php/home/api/medicine_orderpaylist?token=a0c2e3a2263b2672ec0c76b1abf85e39&type=1
INFO: [ app_init ] --START--
INFO: Run Behavior\BuildLiteBehavior [ RunTime:0.000000s ]
INFO: [ app_init ] --END-- [ RunTime:0.000000s ]
INFO: [ app_begin ] --START--
INFO: Run Behavior\ReadHtmlCacheBehavior [ RunTime:0.001000s ]
INFO: [ app_begin ] --END-- [ RunTime:0.001000s ]
SQL: SHOW COLUMNS FROM `xy_app_member` [ RunTime:0.0140s ]
SQL: SELECT `id` FROM `xy_app_member` WHERE `token` = 'a0c2e3a2263b2672ec0c76b1abf85e39' LIMIT 1   [ RunTime:0.0120s ]
SQL: SHOW COLUMNS FROM `xy_order` [ RunTime:0.0130s ]
SQL: SELECT * FROM `xy_order` WHERE ( uid=23 )  [ RunTime:0.0130s ]
SQL: SHOW COLUMNS FROM `xy_commodity` [ RunTime:0.0130s ]
SQL: SELECT `num` FROM `xy_commodity` WHERE ( numbering=2018120498485756 )  [ RunTime:0.0130s ]
SQL: SELECT * FROM `xy_commodity` WHERE ( numbering=2018120498485756 )  [ RunTime:0.0180s ]

[ 2018-12-05T13:29:08+08:00 ] ::1 /weiling/index.php/home/api/medicine_orderpaylist?token=a0c2e3a2263b2672ec0c76b1abf85e39&type=1
INFO: [ app_init ] --START--
INFO: Run Behavior\BuildLiteBehavior [ RunTime:0.000000s ]
INFO: [ app_init ] --END-- [ RunTime:0.001000s ]
INFO: [ app_begin ] --START--
INFO: Run Behavior\ReadHtmlCacheBehavior [ RunTime:0.000000s ]
INFO: [ app_begin ] --END-- [ RunTime:0.000000s ]
SQL: SHOW COLUMNS FROM `xy_app_member` [ RunTime:0.0150s ]
SQL: SELECT `id` FROM `xy_app_member` WHERE `token` = 'a0c2e3a2263b2672ec0c76b1abf85e39' LIMIT 1   [ RunTime:0.0130s ]
SQL: SHOW COLUMNS FROM `xy_order` [ RunTime:0.0140s ]
SQL: SELECT * FROM `xy_order` WHERE ( uid=23 )  [ RunTime:0.0140s ]
SQL: SHOW COLUMNS FROM `xy_commodity` [ RunTime:0.0130s ]
SQL: SELECT `num` FROM `xy_commodity` WHERE ( numbering=2018120498485756 )  [ RunTime:0.0150s ]
SQL: SELECT * FROM `xy_commodity` WHERE ( numbering=2018120498485756 )  [ RunTime:0.0140s ]

[ 2018-12-05T14:25:01+08:00 ] ::1 /weiling/index.php/home/api/medicineorder_view?ordernumber=2018120498485756
INFO: [ app_init ] --START--
INFO: Run Behavior\BuildLiteBehavior [ RunTime:0.000000s ]
INFO: [ app_init ] --END-- [ RunTime:0.001000s ]
INFO: [ app_begin ] --START--
INFO: Run Behavior\ReadHtmlCacheBehavior [ RunTime:0.000000s ]
INFO: [ app_begin ] --END-- [ RunTime:0.001000s ]
SQL: SHOW COLUMNS FROM `xy_order` [ RunTime:0.0150s ]
SQL: SELECT * FROM `xy_order` WHERE ( numbering=2018120498485756 ) LIMIT 1   [ RunTime:0.0140s ]
INFO: [ app_end ] --START--
INFO: Run Behavior\ShowPageTraceBehavior [ RunTime:0.001000s ]
INFO: [ app_end ] --END-- [ RunTime:0.001000s ]

[ 2018-12-05T14:27:06+08:00 ] ::1 /weiling/index.php/home/api/medicineorder_view?ordernumber=2018120498485756
INFO: [ app_init ] --START--
INFO: Run Behavior\BuildLiteBehavior [ RunTime:0.000000s ]
INFO: [ app_init ] --END-- [ RunTime:0.001000s ]
INFO: [ app_begin ] --START--
INFO: Run Behavior\ReadHtmlCacheBehavior [ RunTime:0.001000s ]
INFO: [ app_begin ] --END-- [ RunTime:0.001000s ]
SQL: SHOW COLUMNS FROM `xy_order` [ RunTime:0.0140s ]
SQL: SELECT * FROM `xy_order` WHERE ( numbering=2018120498485756 ) LIMIT 1   [ RunTime:0.0140s ]
INFO: [ view_parse ] --START--
INFO: [ template_filter ] --START--
INFO: Run Behavior\ContentReplaceBehavior [ RunTime:0.000000s ]
INFO: [ template_filter ] --END-- [ RunTime:0.000000s ]
INFO: Run Behavior\ParseTemplateBehavior [ RunTime:0.010000s ]
INFO: [ view_parse ] --END-- [ RunTime:0.010000s ]
INFO: [ view_filter ] --START--
INFO: Run Behavior\WriteHtmlCacheBehavior [ RunTime:0.001000s ]
INFO: [ view_filter ] --END-- [ RunTime:0.001000s ]
INFO: [ app_end ] --START--
INFO: Run Behavior\ShowPageTraceBehavior [ RunTime:0.001000s ]
INFO: [ app_end ] --END-- [ RunTime:0.001000s ]

[ 2018-12-05T14:32:59+08:00 ] ::1 /weiling/index.php/home/api/medicineorder_view?ordernumber=2018120498485756
INFO: [ app_init ] --START--
INFO: Run Behavior\BuildLiteBehavior [ RunTime:0.000000s ]
INFO: [ app_init ] --END-- [ RunTime:0.001000s ]
INFO: [ app_begin ] --START--
INFO: Run Behavior\ReadHtmlCacheBehavior [ RunTime:0.000000s ]
INFO: [ app_begin ] --END-- [ RunTime:0.000000s ]
SQL: SHOW COLUMNS FROM `xy_order` [ RunTime:0.0140s ]
SQL: SELECT * FROM `xy_order` WHERE ( numbering=2018120498485756 ) LIMIT 1   [ RunTime:0.0140s ]
INFO: [ view_parse ] --START--
INFO: [ template_filter ] --START--
INFO: Run Behavior\ContentReplaceBehavior [ RunTime:0.000000s ]
INFO: [ template_filter ] --END-- [ RunTime:0.000000s ]
INFO: Run Behavior\ParseTemplateBehavior [ RunTime:0.006001s ]
INFO: [ view_parse ] --END-- [ RunTime:0.006001s ]
INFO: [ view_filter ] --START--
INFO: Run Behavior\WriteHtmlCacheBehavior [ RunTime:0.001000s ]
INFO: [ view_filter ] --END-- [ RunTime:0.001000s ]
INFO: [ app_end ] --START--
INFO: Run Behavior\ShowPageTraceBehavior [ RunTime:0.000000s ]
INFO: [ app_end ] --END-- [ RunTime:0.000000s ]

[ 2018-12-05T14:38:20+08:00 ] ::1 /weiling/index.php/home/api/medicineorder_view?ordernumber=2018120498485756
INFO: [ app_init ] --START--
INFO: Run Behavior\BuildLiteBehavior [ RunTime:0.000000s ]
INFO: [ app_init ] --END-- [ RunTime:0.001000s ]
INFO: [ app_begin ] --START--
INFO: Run Behavior\ReadHtmlCacheBehavior [ RunTime:0.001001s ]
INFO: [ app_begin ] --END-- [ RunTime:0.001001s ]
SQL: SHOW COLUMNS FROM `xy_order` [ RunTime:0.0150s ]
SQL: SELECT * FROM `xy_order` WHERE ( numbering=2018120498485756 ) LIMIT 1   [ RunTime:0.0160s ]
INFO: [ view_parse ] --START--
INFO: [ template_filter ] --START--
INFO: Run Behavior\ContentReplaceBehavior [ RunTime:0.001000s ]
INFO: [ template_filter ] --END-- [ RunTime:0.001000s ]
INFO: Run Behavior\ParseTemplateBehavior [ RunTime:0.006000s ]
INFO: [ view_parse ] --END-- [ RunTime:0.006000s ]
INFO: [ view_filter ] --START--
INFO: Run Behavior\WriteHtmlCacheBehavior [ RunTime:0.001000s ]
INFO: [ view_filter ] --END-- [ RunTime:0.001000s ]
INFO: [ app_end ] --START--
INFO: Run Behavior\ShowPageTraceBehavior [ RunTime:0.000000s ]
INFO: [ app_end ] --END-- [ RunTime:0.000000s ]

[ 2018-12-05T14:40:18+08:00 ] ::1 /weiling/index.php/home/api/medicineorder_view?ordernumber=2018120498485756
INFO: [ app_init ] --START--
INFO: Run Behavior\BuildLiteBehavior [ RunTime:0.000000s ]
INFO: [ app_init ] --END-- [ RunTime:0.001000s ]
INFO: [ app_begin ] --START--
INFO: Run Behavior\ReadHtmlCacheBehavior [ RunTime:0.001000s ]
INFO: [ app_begin ] --END-- [ RunTime:0.001000s ]
SQL: SHOW COLUMNS FROM `xy_order` [ RunTime:0.0140s ]
SQL: SELECT * FROM `xy_order` WHERE ( numbering=2018120498485756 ) LIMIT 1   [ RunTime:0.0150s ]
INFO: [ view_parse ] --START--
INFO: [ template_filter ] --START--
INFO: Run Behavior\ContentReplaceBehavior [ RunTime:0.000000s ]
INFO: [ template_filter ] --END-- [ RunTime:0.000000s ]
INFO: Run Behavior\ParseTemplateBehavior [ RunTime:0.006001s ]
INFO: [ view_parse ] --END-- [ RunTime:0.006001s ]
INFO: [ view_filter ] --START--
INFO: Run Behavior\WriteHtmlCacheBehavior [ RunTime:0.001000s ]
INFO: [ view_filter ] --END-- [ RunTime:0.001000s ]
INFO: [ app_end ] --START--
INFO: Run Behavior\ShowPageTraceBehavior [ RunTime:0.000000s ]
INFO: [ app_end ] --END-- [ RunTime:0.000000s ]

[ 2018-12-05T14:43:41+08:00 ] ::1 /weiling/index.php/home/api/medicineorder_view?ordernumber=2018120498485756
INFO: [ app_init ] --START--
INFO: Run Behavior\BuildLiteBehavior [ RunTime:0.000000s ]
INFO: [ app_init ] --END-- [ RunTime:0.001000s ]
INFO: [ app_begin ] --START--
INFO: Run Behavior\ReadHtmlCacheBehavior [ RunTime:0.001000s ]
INFO: [ app_begin ] --END-- [ RunTime:0.001000s ]
SQL: SHOW COLUMNS FROM `xy_order` [ RunTime:0.0140s ]
SQL: SELECT * FROM `xy_order` WHERE ( numbering=2018120498485756 ) LIMIT 1   [ RunTime:0.0140s ]
INFO: [ view_parse ] --START--
INFO: [ template_filter ] --START--
INFO: Run Behavior\ContentReplaceBehavior [ RunTime:0.000000s ]
INFO: [ template_filter ] --END-- [ RunTime:0.000000s ]
NOTIC: [8] Undefined index: img D:\phpStudy\WWW\weiling\App\Runtime\Cache\Home\6ffc4637891431f35b47b2a8522224bd.php 第 51 行.
INFO: Run Behavior\ParseTemplateBehavior [ RunTime:0.006000s ]
INFO: [ view_parse ] --END-- [ RunTime:0.006000s ]
INFO: [ view_filter ] --START--
INFO: Run Behavior\WriteHtmlCacheBehavior [ RunTime:0.001000s ]
INFO: [ view_filter ] --END-- [ RunTime:0.001000s ]
INFO: [ app_end ] --START--
INFO: Run Behavior\ShowPageTraceBehavior [ RunTime:0.000000s ]
INFO: [ app_end ] --END-- [ RunTime:0.000000s ]

[ 2018-12-05T14:47:22+08:00 ] ::1 /weiling/index.php/home/api/medicineorder_view?ordernumber=2018120498485756
INFO: [ app_init ] --START--
INFO: Run Behavior\BuildLiteBehavior [ RunTime:0.000000s ]
INFO: [ app_init ] --END-- [ RunTime:0.000000s ]
INFO: [ app_begin ] --START--
INFO: Run Behavior\ReadHtmlCacheBehavior [ RunTime:0.001000s ]
INFO: [ app_begin ] --END-- [ RunTime:0.001000s ]
SQL: SHOW COLUMNS FROM `xy_order` [ RunTime:0.0150s ]
SQL: SELECT * FROM `xy_order` WHERE ( numbering=2018120498485756 ) LIMIT 1   [ RunTime:0.0130s ]
SQL: SHOW COLUMNS FROM `xy_commodity` [ RunTime:0.0140s ]
SQL: SELECT `name` FROM `xy_commodity` WHERE ( numbering=2018120498485756 )  [ RunTime:0.0130s ]
INFO: [ view_parse ] --START--
INFO: [ template_filter ] --START--
INFO: Run Behavior\ContentReplaceBehavior [ RunTime:0.000000s ]
INFO: [ template_filter ] --END-- [ RunTime:0.000000s ]
NOTIC: [8] Undefined index: img D:\phpStudy\WWW\weiling\App\Runtime\Cache\Home\6ffc4637891431f35b47b2a8522224bd.php 第 51 行.
NOTIC: [8] Array to string conversion D:\phpStudy\WWW\weiling\App\Runtime\Cache\Home\6ffc4637891431f35b47b2a8522224bd.php 第 53 行.
INFO: Run Behavior\ParseTemplateBehavior [ RunTime:0.006000s ]
INFO: [ view_parse ] --END-- [ RunTime:0.006000s ]
INFO: [ view_filter ] --START--
INFO: Run Behavior\WriteHtmlCacheBehavior [ RunTime:0.001000s ]
INFO: [ view_filter ] --END-- [ RunTime:0.001000s ]
INFO: [ app_end ] --START--
INFO: Run Behavior\ShowPageTraceBehavior [ RunTime:0.000000s ]
INFO: [ app_end ] --END-- [ RunTime:0.000000s ]

[ 2018-12-05T14:51:12+08:00 ] ::1 /weiling/index.php/home/api/medicineorder_view?ordernumber=2018120498485756
INFO: [ app_init ] --START--
INFO: Run Behavior\BuildLiteBehavior [ RunTime:0.000000s ]
INFO: [ app_init ] --END-- [ RunTime:0.000000s ]
INFO: [ app_begin ] --START--
INFO: Run Behavior\ReadHtmlCacheBehavior [ RunTime:0.002000s ]
INFO: [ app_begin ] --END-- [ RunTime:0.002000s ]
SQL: SHOW COLUMNS FROM `xy_order` [ RunTime:0.0140s ]
SQL: SELECT * FROM `xy_order` WHERE ( numbering=2018120498485756 ) LIMIT 1   [ RunTime:0.0130s ]
SQL: SHOW COLUMNS FROM `xy_commodity` [ RunTime:0.0150s ]
SQL: SELECT * FROM `xy_commodity` WHERE ( numbering=2018120498485756 )  [ RunTime:0.0130s ]
INFO: [ view_parse ] --START--
INFO: [ template_filter ] --START--
INFO: Run Behavior\ContentReplaceBehavior [ RunTime:0.000000s ]
INFO: [ template_filter ] --END-- [ RunTime:0.000000s ]
NOTIC: [8] Undefined index: img D:\phpStudy\WWW\weiling\App\Runtime\Cache\Home\6ffc4637891431f35b47b2a8522224bd.php 第 51 行.
NOTIC: [8] Undefined index: name D:\phpStudy\WWW\weiling\App\Runtime\Cache\Home\6ffc4637891431f35b47b2a8522224bd.php 第 53 行.
NOTIC: [8] Undefined index: format D:\phpStudy\WWW\weiling\App\Runtime\Cache\Home\6ffc4637891431f35b47b2a8522224bd.php 第 56 行.
NOTIC: [8] Undefined index: d_price D:\phpStudy\WWW\weiling\App\Runtime\Cache\Home\6ffc4637891431f35b47b2a8522224bd.php 第 60 行.
NOTIC: [8] Undefined index: num D:\phpStudy\WWW\weiling\App\Runtime\Cache\Home\6ffc4637891431f35b47b2a8522224bd.php 第 61 行.
INFO: Run Behavior\ParseTemplateBehavior [ RunTime:0.006000s ]
INFO: [ view_parse ] --END-- [ RunTime:0.007000s ]
INFO: [ view_filter ] --START--
INFO: Run Behavior\WriteHtmlCacheBehavior [ RunTime:0.000000s ]
INFO: [ view_filter ] --END-- [ RunTime:0.000000s ]
INFO: [ app_end ] --START--
INFO: Run Behavior\ShowPageTraceBehavior [ RunTime:0.001000s ]
INFO: [ app_end ] --END-- [ RunTime:0.001000s ]

[ 2018-12-05T14:51:53+08:00 ] ::1 /weiling/index.php/home/api/medicineorder_view?ordernumber=2018120498485756
INFO: [ app_init ] --START--
INFO: Run Behavior\BuildLiteBehavior [ RunTime:0.000000s ]
INFO: [ app_init ] --END-- [ RunTime:0.000000s ]
INFO: [ app_begin ] --START--
INFO: Run Behavior\ReadHtmlCacheBehavior [ RunTime:0.001000s ]
INFO: [ app_begin ] --END-- [ RunTime:0.001000s ]
SQL: SHOW COLUMNS FROM `xy_order` [ RunTime:0.0140s ]
SQL: SELECT * FROM `xy_order` WHERE ( numbering=2018120498485756 ) LIMIT 1   [ RunTime:0.0140s ]
SQL: SHOW COLUMNS FROM `xy_commodity` [ RunTime:0.0140s ]
SQL: SELECT * FROM `xy_commodity` WHERE ( numbering=2018120498485756 )  [ RunTime:0.0150s ]
INFO: [ view_parse ] --START--
INFO: [ template_filter ] --START--
INFO: Run Behavior\ContentReplaceBehavior [ RunTime:0.000000s ]
INFO: [ template_filter ] --END-- [ RunTime:0.000000s ]
NOTIC: [8] Undefined index: img D:\phpStudy\WWW\weiling\App\Runtime\Cache\Home\6ffc4637891431f35b47b2a8522224bd.php 第 51 行.
NOTIC: [8] Undefined index: name D:\phpStudy\WWW\weiling\App\Runtime\Cache\Home\6ffc4637891431f35b47b2a8522224bd.php 第 53 行.
NOTIC: [8] Undefined index: format D:\phpStudy\WWW\weiling\App\Runtime\Cache\Home\6ffc4637891431f35b47b2a8522224bd.php 第 56 行.
NOTIC: [8] Undefined index: d_price D:\phpStudy\WWW\weiling\App\Runtime\Cache\Home\6ffc4637891431f35b47b2a8522224bd.php 第 60 行.
NOTIC: [8] Undefined index: d_price D:\phpStudy\WWW\weiling\App\Runtime\Cache\Home\6ffc4637891431f35b47b2a8522224bd.php 第 61 行.
INFO: Run Behavior\ParseTemplateBehavior [ RunTime:0.006001s ]
INFO: [ view_parse ] --END-- [ RunTime:0.006001s ]
INFO: [ view_filter ] --START--
INFO: Run Behavior\WriteHtmlCacheBehavior [ RunTime:0.000000s ]
INFO: [ view_filter ] --END-- [ RunTime:0.000000s ]
INFO: [ app_end ] --START--
INFO: Run Behavior\ShowPageTraceBehavior [ RunTime:0.000000s ]
INFO: [ app_end ] --END-- [ RunTime:0.000000s ]

[ 2018-12-05T14:54:54+08:00 ] ::1 /weiling/index.php/home/api/medicineorder_view?ordernumber=2018120498485756
INFO: [ app_init ] --START--
INFO: Run Behavior\BuildLiteBehavior [ RunTime:0.000000s ]
INFO: [ app_init ] --END-- [ RunTime:0.001000s ]
INFO: [ app_begin ] --START--
INFO: Run Behavior\ReadHtmlCacheBehavior [ RunTime:0.000000s ]
INFO: [ app_begin ] --END-- [ RunTime:0.001000s ]
SQL: SHOW COLUMNS FROM `xy_order` [ RunTime:0.0140s ]
SQL: SELECT * FROM `xy_order` WHERE ( numbering=2018120498485756 ) LIMIT 1   [ RunTime:0.0140s ]
SQL: SHOW COLUMNS FROM `xy_commodity` [ RunTime:0.0140s ]
SQL: SELECT * FROM `xy_commodity` WHERE ( numbering=2018120498485756 )  [ RunTime:0.0150s ]
INFO: [ view_parse ] --START--
INFO: [ template_filter ] --START--
INFO: Run Behavior\ContentReplaceBehavior [ RunTime:0.000000s ]
INFO: [ template_filter ] --END-- [ RunTime:0.000000s ]
NOTIC: [8] Undefined index: name D:\phpStudy\WWW\weiling\App\Runtime\Cache\Home\6ffc4637891431f35b47b2a8522224bd.php 第 53 行.
NOTIC: [8] Undefined index: format D:\phpStudy\WWW\weiling\App\Runtime\Cache\Home\6ffc4637891431f35b47b2a8522224bd.php 第 56 行.
NOTIC: [8] Undefined index: d_price D:\phpStudy\WWW\weiling\App\Runtime\Cache\Home\6ffc4637891431f35b47b2a8522224bd.php 第 60 行.
NOTIC: [8] Undefined index: d_price D:\phpStudy\WWW\weiling\App\Runtime\Cache\Home\6ffc4637891431f35b47b2a8522224bd.php 第 61 行.
NOTIC: [8] Undefined index: name D:\phpStudy\WWW\weiling\App\Runtime\Cache\Home\6ffc4637891431f35b47b2a8522224bd.php 第 53 行.
NOTIC: [8] Undefined index: format D:\phpStudy\WWW\weiling\App\Runtime\Cache\Home\6ffc4637891431f35b47b2a8522224bd.php 第 56 行.
NOTIC: [8] Undefined index: d_price D:\phpStudy\WWW\weiling\App\Runtime\Cache\Home\6ffc4637891431f35b47b2a8522224bd.php 第 60 行.
NOTIC: [8] Undefined index: d_price D:\phpStudy\WWW\weiling\App\Runtime\Cache\Home\6ffc4637891431f35b47b2a8522224bd.php 第 61 行.
INFO: Run Behavior\ParseTemplateBehavior [ RunTime:0.007001s ]
INFO: [ view_parse ] --END-- [ RunTime:0.007001s ]
INFO: [ view_filter ] --START--
INFO: Run Behavior\WriteHtmlCacheBehavior [ RunTime:0.000000s ]
INFO: [ view_filter ] --END-- [ RunTime:0.000000s ]
INFO: [ app_end ] --START--
INFO: Run Behavior\ShowPageTraceBehavior [ RunTime:0.000000s ]
INFO: [ app_end ] --END-- [ RunTime:0.001000s ]

[ 2018-12-05T14:56:49+08:00 ] ::1 /weiling/index.php/home/api/medicineorder_view?ordernumber=2018120498485756
INFO: [ app_init ] --START--
INFO: Run Behavior\BuildLiteBehavior [ RunTime:0.000000s ]
INFO: [ app_init ] --END-- [ RunTime:0.001000s ]
INFO: [ app_begin ] --START--
INFO: Run Behavior\ReadHtmlCacheBehavior [ RunTime:0.001000s ]
INFO: [ app_begin ] --END-- [ RunTime:0.001000s ]
SQL: SHOW COLUMNS FROM `xy_order` [ RunTime:0.0260s ]
SQL: SELECT * FROM `xy_order` WHERE ( numbering=2018120498485756 ) LIMIT 1   [ RunTime:0.0150s ]
SQL: SHOW COLUMNS FROM `xy_commodity` [ RunTime:0.0260s ]
SQL: SELECT * FROM `xy_commodity` WHERE ( numbering=2018120498485756 )  [ RunTime:0.0130s ]
INFO: [ view_parse ] --START--
INFO: [ template_filter ] --START--
INFO: Run Behavior\ContentReplaceBehavior [ RunTime:0.001000s ]
INFO: [ template_filter ] --END-- [ RunTime:0.001000s ]
NOTIC: [8] Use of undefined constant img - assumed 'img' D:\phpStudy\WWW\weiling\App\Runtime\Cache\Home\6ffc4637891431f35b47b2a8522224bd.php 第 51 行.
NOTIC: [8] Undefined index: name D:\phpStudy\WWW\weiling\App\Runtime\Cache\Home\6ffc4637891431f35b47b2a8522224bd.php 第 53 行.
NOTIC: [8] Undefined index: format D:\phpStudy\WWW\weiling\App\Runtime\Cache\Home\6ffc4637891431f35b47b2a8522224bd.php 第 56 行.
NOTIC: [8] Undefined index: d_price D:\phpStudy\WWW\weiling\App\Runtime\Cache\Home\6ffc4637891431f35b47b2a8522224bd.php 第 60 行.
NOTIC: [8] Undefined index: d_price D:\phpStudy\WWW\weiling\App\Runtime\Cache\Home\6ffc4637891431f35b47b2a8522224bd.php 第 61 行.
NOTIC: [8] Use of undefined constant img - assumed 'img' D:\phpStudy\WWW\weiling\App\Runtime\Cache\Home\6ffc4637891431f35b47b2a8522224bd.php 第 51 行.
NOTIC: [8] Undefined index: name D:\phpStudy\WWW\weiling\App\Runtime\Cache\Home\6ffc4637891431f35b47b2a8522224bd.php 第 53 行.
NOTIC: [8] Undefined index: format D:\phpStudy\WWW\weiling\App\Runtime\Cache\Home\6ffc4637891431f35b47b2a8522224bd.php 第 56 行.
NOTIC: [8] Undefined index: d_price D:\phpStudy\WWW\weiling\App\Runtime\Cache\Home\6ffc4637891431f35b47b2a8522224bd.php 第 60 行.
NOTIC: [8] Undefined index: d_price D:\phpStudy\WWW\weiling\App\Runtime\Cache\Home\6ffc4637891431f35b47b2a8522224bd.php 第 61 行.
INFO: Run Behavior\ParseTemplateBehavior [ RunTime:0.006000s ]
INFO: [ view_parse ] --END-- [ RunTime:0.006000s ]
INFO: [ view_filter ] --START--
INFO: Run Behavior\WriteHtmlCacheBehavior [ RunTime:0.001000s ]
INFO: [ view_filter ] --END-- [ RunTime:0.001000s ]
INFO: [ app_end ] --START--
INFO: Run Behavior\ShowPageTraceBehavior [ RunTime:0.000000s ]
INFO: [ app_end ] --END-- [ RunTime:0.000000s ]

[ 2018-12-05T14:58:58+08:00 ] ::1 /weiling/index.php/home/api/medicineorder_view?ordernumber=2018120498485756
INFO: [ app_init ] --START--
INFO: Run Behavior\BuildLiteBehavior [ RunTime:0.000000s ]
INFO: [ app_init ] --END-- [ RunTime:0.001000s ]
INFO: [ app_begin ] --START--
INFO: Run Behavior\ReadHtmlCacheBehavior [ RunTime:0.001000s ]
INFO: [ app_begin ] --END-- [ RunTime:0.001000s ]
SQL: SHOW COLUMNS FROM `xy_order` [ RunTime:0.0140s ]
SQL: SELECT * FROM `xy_order` WHERE ( numbering=2018120498485756 ) LIMIT 1   [ RunTime:0.0110s ]
SQL: SHOW COLUMNS FROM `xy_commodity` [ RunTime:0.0140s ]
SQL: SELECT * FROM `xy_commodity` WHERE ( numbering=2018120498485756 )  [ RunTime:0.0110s ]
INFO: [ view_parse ] --START--
INFO: [ template_filter ] --START--
INFO: Run Behavior\ContentReplaceBehavior [ RunTime:0.000000s ]
INFO: [ template_filter ] --END-- [ RunTime:0.000000s ]
NOTIC: [8] Use of undefined constant img - assumed 'img' D:\phpStudy\WWW\weiling\App\Runtime\Cache\Home\6ffc4637891431f35b47b2a8522224bd.php 第 51 行.
NOTIC: [8] Use of undefined constant name - assumed 'name' D:\phpStudy\WWW\weiling\App\Runtime\Cache\Home\6ffc4637891431f35b47b2a8522224bd.php 第 53 行.
NOTIC: [8] Undefined index: format D:\phpStudy\WWW\weiling\App\Runtime\Cache\Home\6ffc4637891431f35b47b2a8522224bd.php 第 56 行.
NOTIC: [8] Use of undefined constant d_price - assumed 'd_price' D:\phpStudy\WWW\weiling\App\Runtime\Cache\Home\6ffc4637891431f35b47b2a8522224bd.php 第 60 行.
NOTIC: [8] Use of undefined constant num - assumed 'num' D:\phpStudy\WWW\weiling\App\Runtime\Cache\Home\6ffc4637891431f35b47b2a8522224bd.php 第 61 行.
NOTIC: [8] Use of undefined constant img - assumed 'img' D:\phpStudy\WWW\weiling\App\Runtime\Cache\Home\6ffc4637891431f35b47b2a8522224bd.php 第 51 行.
NOTIC: [8] Use of undefined constant name - assumed 'name' D:\phpStudy\WWW\weiling\App\Runtime\Cache\Home\6ffc4637891431f35b47b2a8522224bd.php 第 53 行.
NOTIC: [8] Undefined index: format D:\phpStudy\WWW\weiling\App\Runtime\Cache\Home\6ffc4637891431f35b47b2a8522224bd.php 第 56 行.
NOTIC: [8] Use of undefined constant d_price - assumed 'd_price' D:\phpStudy\WWW\weiling\App\Runtime\Cache\Home\6ffc4637891431f35b47b2a8522224bd.php 第 60 行.
NOTIC: [8] Use of undefined constant num - assumed 'num' D:\phpStudy\WWW\weiling\App\Runtime\Cache\Home\6ffc4637891431f35b47b2a8522224bd.php 第 61 行.
INFO: Run Behavior\ParseTemplateBehavior [ RunTime:0.007000s ]
INFO: [ view_parse ] --END-- [ RunTime:0.007000s ]
INFO: [ view_filter ] --START--
INFO: Run Behavior\WriteHtmlCacheBehavior [ RunTime:0.000000s ]
INFO: [ view_filter ] --END-- [ RunTime:0.000000s ]
INFO: [ app_end ] --START--
INFO: Run Behavior\ShowPageTraceBehavior [ RunTime:0.001000s ]
INFO: [ app_end ] --END-- [ RunTime:0.001000s ]

[ 2018-12-05T14:59:36+08:00 ] ::1 /weiling/index.php/home/api/medicineorder_view?ordernumber=2018120498485756
INFO: [ app_init ] --START--
INFO: Run Behavior\BuildLiteBehavior [ RunTime:0.000000s ]
INFO: [ app_init ] --END-- [ RunTime:0.001000s ]
INFO: [ app_begin ] --START--
INFO: Run Behavior\ReadHtmlCacheBehavior [ RunTime:0.000000s ]
INFO: [ app_begin ] --END-- [ RunTime:0.000000s ]
SQL: SHOW COLUMNS FROM `xy_order` [ RunTime:0.0110s ]
SQL: SELECT * FROM `xy_order` WHERE ( numbering=2018120498485756 ) LIMIT 1   [ RunTime:0.0140s ]
SQL: SHOW COLUMNS FROM `xy_commodity` [ RunTime:0.0150s ]
SQL: SELECT * FROM `xy_commodity` WHERE ( numbering=2018120498485756 )  [ RunTime:0.0140s ]
INFO: [ view_parse ] --START--
INFO: [ template_filter ] --START--
INFO: Run Behavior\ContentReplaceBehavior [ RunTime:0.001000s ]
INFO: [ template_filter ] --END-- [ RunTime:0.001000s ]
NOTIC: [8] Use of undefined constant img - assumed 'img' D:\phpStudy\WWW\weiling\App\Runtime\Cache\Home\6ffc4637891431f35b47b2a8522224bd.php 第 51 行.
NOTIC: [8] Use of undefined constant name - assumed 'name' D:\phpStudy\WWW\weiling\App\Runtime\Cache\Home\6ffc4637891431f35b47b2a8522224bd.php 第 53 行.
NOTIC: [8] Use of undefined constant format - assumed 'format' D:\phpStudy\WWW\weiling\App\Runtime\Cache\Home\6ffc4637891431f35b47b2a8522224bd.php 第 56 行.
NOTIC: [8] Use of undefined constant d_price - assumed 'd_price' D:\phpStudy\WWW\weiling\App\Runtime\Cache\Home\6ffc4637891431f35b47b2a8522224bd.php 第 60 行.
NOTIC: [8] Use of undefined constant num - assumed 'num' D:\phpStudy\WWW\weiling\App\Runtime\Cache\Home\6ffc4637891431f35b47b2a8522224bd.php 第 61 行.
NOTIC: [8] Use of undefined constant img - assumed 'img' D:\phpStudy\WWW\weiling\App\Runtime\Cache\Home\6ffc4637891431f35b47b2a8522224bd.php 第 51 行.
NOTIC: [8] Use of undefined constant name - assumed 'name' D:\phpStudy\WWW\weiling\App\Runtime\Cache\Home\6ffc4637891431f35b47b2a8522224bd.php 第 53 行.
NOTIC: [8] Use of undefined constant format - assumed 'format' D:\phpStudy\WWW\weiling\App\Runtime\Cache\Home\6ffc4637891431f35b47b2a8522224bd.php 第 56 行.
NOTIC: [8] Use of undefined constant d_price - assumed 'd_price' D:\phpStudy\WWW\weiling\App\Runtime\Cache\Home\6ffc4637891431f35b47b2a8522224bd.php 第 60 行.
NOTIC: [8] Use of undefined constant num - assumed 'num' D:\phpStudy\WWW\weiling\App\Runtime\Cache\Home\6ffc4637891431f35b47b2a8522224bd.php 第 61 行.
INFO: Run Behavior\ParseTemplateBehavior [ RunTime:0.007000s ]
INFO: [ view_parse ] --END-- [ RunTime:0.007000s ]
INFO: [ view_filter ] --START--
INFO: Run Behavior\WriteHtmlCacheBehavior [ RunTime:0.000000s ]
INFO: [ view_filter ] --END-- [ RunTime:0.000000s ]
INFO: [ app_end ] --START--
INFO: Run Behavior\ShowPageTraceBehavior [ RunTime:0.001000s ]
INFO: [ app_end ] --END-- [ RunTime:0.001000s ]

[ 2018-12-05T15:00:07+08:00 ] ::1 /weiling/index.php/home/api/medicineorder_view?ordernumber=2018120498485756
INFO: [ app_init ] --START--
INFO: Run Behavior\BuildLiteBehavior [ RunTime:0.000000s ]
INFO: [ app_init ] --END-- [ RunTime:0.000000s ]
INFO: [ app_begin ] --START--
INFO: Run Behavior\ReadHtmlCacheBehavior [ RunTime:0.000000s ]
INFO: [ app_begin ] --END-- [ RunTime:0.000000s ]
SQL: SHOW COLUMNS FROM `xy_order` [ RunTime:0.0140s ]
SQL: SELECT * FROM `xy_order` WHERE ( numbering=2018120498485756 ) LIMIT 1   [ RunTime:0.0130s ]
SQL: SHOW COLUMNS FROM `xy_commodity` [ RunTime:0.0140s ]
SQL: SELECT * FROM `xy_commodity` WHERE ( numbering=2018120498485756 )  [ RunTime:0.0150s ]
INFO: [ view_parse ] --START--
INFO: [ template_filter ] --START--
INFO: Run Behavior\ContentReplaceBehavior [ RunTime:0.000000s ]
INFO: [ template_filter ] --END-- [ RunTime:0.000000s ]
NOTIC: [8] Use of undefined constant img - assumed 'img' D:\phpStudy\WWW\weiling\App\Runtime\Cache\Home\6ffc4637891431f35b47b2a8522224bd.php 第 51 行.
NOTIC: [8] Use of undefined constant name - assumed 'name' D:\phpStudy\WWW\weiling\App\Runtime\Cache\Home\6ffc4637891431f35b47b2a8522224bd.php 第 53 行.
NOTIC: [8] Use of undefined constant format - assumed 'format' D:\phpStudy\WWW\weiling\App\Runtime\Cache\Home\6ffc4637891431f35b47b2a8522224bd.php 第 56 行.
NOTIC: [8] Use of undefined constant d_price - assumed 'd_price' D:\phpStudy\WWW\weiling\App\Runtime\Cache\Home\6ffc4637891431f35b47b2a8522224bd.php 第 60 行.
NOTIC: [8] Use of undefined constant num - assumed 'num' D:\phpStudy\WWW\weiling\App\Runtime\Cache\Home\6ffc4637891431f35b47b2a8522224bd.php 第 61 行.
NOTIC: [8] Use of undefined constant img - assumed 'img' D:\phpStudy\WWW\weiling\App\Runtime\Cache\Home\6ffc4637891431f35b47b2a8522224bd.php 第 51 行.
NOTIC: [8] Use of undefined constant name - assumed 'name' D:\phpStudy\WWW\weiling\App\Runtime\Cache\Home\6ffc4637891431f35b47b2a8522224bd.php 第 53 行.
NOTIC: [8] Use of undefined constant format - assumed 'format' D:\phpStudy\WWW\weiling\App\Runtime\Cache\Home\6ffc4637891431f35b47b2a8522224bd.php 第 56 行.
NOTIC: [8] Use of undefined constant d_price - assumed 'd_price' D:\phpStudy\WWW\weiling\App\Runtime\Cache\Home\6ffc4637891431f35b47b2a8522224bd.php 第 60 行.
NOTIC: [8] Use of undefined constant num - assumed 'num' D:\phpStudy\WWW\weiling\App\Runtime\Cache\Home\6ffc4637891431f35b47b2a8522224bd.php 第 61 行.
INFO: Run Behavior\ParseTemplateBehavior [ RunTime:0.006000s ]
INFO: [ view_parse ] --END-- [ RunTime:0.006000s ]
INFO: [ view_filter ] --START--
INFO: Run Behavior\WriteHtmlCacheBehavior [ RunTime:0.000000s ]
INFO: [ view_filter ] --END-- [ RunTime:0.000000s ]
INFO: [ app_end ] --START--
INFO: Run Behavior\ShowPageTraceBehavior [ RunTime:0.001000s ]
INFO: [ app_end ] --END-- [ RunTime:0.001000s ]

[ 2018-12-05T15:09:33+08:00 ] ::1 /weiling/index.php/home/api/medicineorder_view?ordernumber=2018120498485756
INFO: [ app_init ] --START--
INFO: Run Behavior\BuildLiteBehavior [ RunTime:0.000000s ]
INFO: [ app_init ] --END-- [ RunTime:0.001000s ]
INFO: [ app_begin ] --START--
INFO: Run Behavior\ReadHtmlCacheBehavior [ RunTime:0.001000s ]
INFO: [ app_begin ] --END-- [ RunTime:0.001000s ]
SQL: SHOW COLUMNS FROM `xy_order` [ RunTime:0.0140s ]
SQL: SELECT * FROM `xy_order` WHERE ( numbering=2018120498485756 ) LIMIT 1   [ RunTime:0.0140s ]
SQL: SHOW COLUMNS FROM `xy_commodity` [ RunTime:0.0140s ]
SQL: SELECT * FROM `xy_commodity` WHERE ( numbering=2018120498485756 )  [ RunTime:0.0150s ]
SQL: SHOW COLUMNS FROM `xy_address` [ RunTime:0.0140s ]
SQL: SELECT * FROM `xy_address` WHERE ( id=30 )  [ RunTime:0.0130s ]
INFO: [ view_parse ] --START--
INFO: [ template_filter ] --START--
INFO: Run Behavior\ContentReplaceBehavior [ RunTime:0.000000s ]
INFO: [ template_filter ] --END-- [ RunTime:0.000000s ]
NOTIC: [8] Undefined index: name D:\phpStudy\WWW\weiling\App\Runtime\Cache\Home\6ffc4637891431f35b47b2a8522224bd.php 第 42 行.
NOTIC: [8] Undefined index: mobile D:\phpStudy\WWW\weiling\App\Runtime\Cache\Home\6ffc4637891431f35b47b2a8522224bd.php 第 43 行.
NOTIC: [8] Use of undefined constant img - assumed 'img' D:\phpStudy\WWW\weiling\App\Runtime\Cache\Home\6ffc4637891431f35b47b2a8522224bd.php 第 51 行.
NOTIC: [8] Use of undefined constant name - assumed 'name' D:\phpStudy\WWW\weiling\App\Runtime\Cache\Home\6ffc4637891431f35b47b2a8522224bd.php 第 53 行.
NOTIC: [8] Use of undefined constant format - assumed 'format' D:\phpStudy\WWW\weiling\App\Runtime\Cache\Home\6ffc4637891431f35b47b2a8522224bd.php 第 56 行.
NOTIC: [8] Use of undefined constant d_price - assumed 'd_price' D:\phpStudy\WWW\weiling\App\Runtime\Cache\Home\6ffc4637891431f35b47b2a8522224bd.php 第 60 行.
NOTIC: [8] Use of undefined constant num - assumed 'num' D:\phpStudy\WWW\weiling\App\Runtime\Cache\Home\6ffc4637891431f35b47b2a8522224bd.php 第 61 行.
NOTIC: [8] Use of undefined constant img - assumed 'img' D:\phpStudy\WWW\weiling\App\Runtime\Cache\Home\6ffc4637891431f35b47b2a8522224bd.php 第 51 行.
NOTIC: [8] Use of undefined constant name - assumed 'name' D:\phpStudy\WWW\weiling\App\Runtime\Cache\Home\6ffc4637891431f35b47b2a8522224bd.php 第 53 行.
NOTIC: [8] Use of undefined constant format - assumed 'format' D:\phpStudy\WWW\weiling\App\Runtime\Cache\Home\6ffc4637891431f35b47b2a8522224bd.php 第 56 行.
NOTIC: [8] Use of undefined constant d_price - assumed 'd_price' D:\phpStudy\WWW\weiling\App\Runtime\Cache\Home\6ffc4637891431f35b47b2a8522224bd.php 第 60 行.
NOTIC: [8] Use of undefined constant num - assumed 'num' D:\phpStudy\WWW\weiling\App\Runtime\Cache\Home\6ffc4637891431f35b47b2a8522224bd.php 第 61 行.
INFO: Run Behavior\ParseTemplateBehavior [ RunTime:0.007000s ]
INFO: [ view_parse ] --END-- [ RunTime:0.007000s ]
INFO: [ view_filter ] --START--
INFO: Run Behavior\WriteHtmlCacheBehavior [ RunTime:0.000000s ]
INFO: [ view_filter ] --END-- [ RunTime:0.000000s ]
INFO: [ app_end ] --START--
INFO: Run Behavior\ShowPageTraceBehavior [ RunTime:0.001000s ]
INFO: [ app_end ] --END-- [ RunTime:0.001000s ]

[ 2018-12-05T15:11:31+08:00 ] ::1 /weiling/index.php/home/api/medicineorder_view?ordernumber=2018120498485756
INFO: [ app_init ] --START--
INFO: Run Behavior\BuildLiteBehavior [ RunTime:0.000000s ]
INFO: [ app_init ] --END-- [ RunTime:0.000000s ]
INFO: [ app_begin ] --START--
INFO: Run Behavior\ReadHtmlCacheBehavior [ RunTime:0.000000s ]
INFO: [ app_begin ] --END-- [ RunTime:0.000000s ]
SQL: SHOW COLUMNS FROM `xy_order` [ RunTime:0.0130s ]
SQL: SELECT * FROM `xy_order` WHERE ( numbering=2018120498485756 ) LIMIT 1   [ RunTime:0.0140s ]
SQL: SHOW COLUMNS FROM `xy_commodity` [ RunTime:0.0120s ]
SQL: SELECT * FROM `xy_commodity` WHERE ( numbering=2018120498485756 )  [ RunTime:0.0120s ]
SQL: SHOW COLUMNS FROM `xy_address` [ RunTime:0.0140s ]
SQL: SELECT * FROM `xy_address` WHERE ( id=30 )  [ RunTime:0.0150s ]
NOTIC: [8] Undefined index: name D:\phpStudy\WWW\weiling\App\Home\Controller\ApiController.class.php 第 1427 行.
NOTIC: [8] Undefined index: mobile D:\phpStudy\WWW\weiling\App\Home\Controller\ApiController.class.php 第 1428 行.
INFO: [ view_parse ] --START--
INFO: [ template_filter ] --START--
INFO: Run Behavior\ContentReplaceBehavior [ RunTime:0.000000s ]
INFO: [ template_filter ] --END-- [ RunTime:0.000000s ]
NOTIC: [8] Use of undefined constant img - assumed 'img' D:\phpStudy\WWW\weiling\App\Runtime\Cache\Home\6ffc4637891431f35b47b2a8522224bd.php 第 51 行.
NOTIC: [8] Use of undefined constant name - assumed 'name' D:\phpStudy\WWW\weiling\App\Runtime\Cache\Home\6ffc4637891431f35b47b2a8522224bd.php 第 53 行.
NOTIC: [8] Use of undefined constant format - assumed 'format' D:\phpStudy\WWW\weiling\App\Runtime\Cache\Home\6ffc4637891431f35b47b2a8522224bd.php 第 56 行.
NOTIC: [8] Use of undefined constant d_price - assumed 'd_price' D:\phpStudy\WWW\weiling\App\Runtime\Cache\Home\6ffc4637891431f35b47b2a8522224bd.php 第 60 行.
NOTIC: [8] Use of undefined constant num - assumed 'num' D:\phpStudy\WWW\weiling\App\Runtime\Cache\Home\6ffc4637891431f35b47b2a8522224bd.php 第 61 行.
NOTIC: [8] Use of undefined constant img - assumed 'img' D:\phpStudy\WWW\weiling\App\Runtime\Cache\Home\6ffc4637891431f35b47b2a8522224bd.php 第 51 行.
NOTIC: [8] Use of undefined constant name - assumed 'name' D:\phpStudy\WWW\weiling\App\Runtime\Cache\Home\6ffc4637891431f35b47b2a8522224bd.php 第 53 行.
NOTIC: [8] Use of undefined constant format - assumed 'format' D:\phpStudy\WWW\weiling\App\Runtime\Cache\Home\6ffc4637891431f35b47b2a8522224bd.php 第 56 行.
NOTIC: [8] Use of undefined constant d_price - assumed 'd_price' D:\phpStudy\WWW\weiling\App\Runtime\Cache\Home\6ffc4637891431f35b47b2a8522224bd.php 第 60 行.
NOTIC: [8] Use of undefined constant num - assumed 'num' D:\phpStudy\WWW\weiling\App\Runtime\Cache\Home\6ffc4637891431f35b47b2a8522224bd.php 第 61 行.
INFO: Run Behavior\ParseTemplateBehavior [ RunTime:0.007000s ]
INFO: [ view_parse ] --END-- [ RunTime:0.007000s ]
INFO: [ view_filter ] --START--
INFO: Run Behavior\WriteHtmlCacheBehavior [ RunTime:0.000000s ]
INFO: [ view_filter ] --END-- [ RunTime:0.000000s ]
INFO: [ app_end ] --START--
INFO: Run Behavior\ShowPageTraceBehavior [ RunTime:0.001000s ]
INFO: [ app_end ] --END-- [ RunTime:0.001000s ]

[ 2018-12-05T15:12:45+08:00 ] ::1 /weiling/index.php/home/api/medicineorder_view?ordernumber=2018120498485756
INFO: [ app_init ] --START--
INFO: Run Behavior\BuildLiteBehavior [ RunTime:0.000000s ]
INFO: [ app_init ] --END-- [ RunTime:0.001000s ]
INFO: [ app_begin ] --START--
INFO: Run Behavior\ReadHtmlCacheBehavior [ RunTime:0.001000s ]
INFO: [ app_begin ] --END-- [ RunTime:0.001000s ]
SQL: SHOW COLUMNS FROM `xy_order` [ RunTime:0.0150s ]
SQL: SELECT * FROM `xy_order` WHERE ( numbering=2018120498485756 ) LIMIT 1   [ RunTime:0.0140s ]
SQL: SHOW COLUMNS FROM `xy_commodity` [ RunTime:0.0140s ]
SQL: SELECT * FROM `xy_commodity` WHERE ( numbering=2018120498485756 )  [ RunTime:0.0150s ]
SQL: SHOW COLUMNS FROM `xy_address` [ RunTime:0.0140s ]
SQL: SELECT * FROM `xy_address` WHERE ( id=30 )  [ RunTime:0.0130s ]
INFO: [ view_parse ] --START--
INFO: [ template_filter ] --START--
INFO: Run Behavior\ContentReplaceBehavior [ RunTime:0.000000s ]
INFO: [ template_filter ] --END-- [ RunTime:0.000000s ]
NOTIC: [8] Use of undefined constant img - assumed 'img' D:\phpStudy\WWW\weiling\App\Runtime\Cache\Home\6ffc4637891431f35b47b2a8522224bd.php 第 51 行.
NOTIC: [8] Use of undefined constant name - assumed 'name' D:\phpStudy\WWW\weiling\App\Runtime\Cache\Home\6ffc4637891431f35b47b2a8522224bd.php 第 53 行.
NOTIC: [8] Use of undefined constant format - assumed 'format' D:\phpStudy\WWW\weiling\App\Runtime\Cache\Home\6ffc4637891431f35b47b2a8522224bd.php 第 56 行.
NOTIC: [8] Use of undefined constant d_price - assumed 'd_price' D:\phpStudy\WWW\weiling\App\Runtime\Cache\Home\6ffc4637891431f35b47b2a8522224bd.php 第 60 行.
NOTIC: [8] Use of undefined constant num - assumed 'num' D:\phpStudy\WWW\weiling\App\Runtime\Cache\Home\6ffc4637891431f35b47b2a8522224bd.php 第 61 行.
NOTIC: [8] Use of undefined constant img - assumed 'img' D:\phpStudy\WWW\weiling\App\Runtime\Cache\Home\6ffc4637891431f35b47b2a8522224bd.php 第 51 行.
NOTIC: [8] Use of undefined constant name - assumed 'name' D:\phpStudy\WWW\weiling\App\Runtime\Cache\Home\6ffc4637891431f35b47b2a8522224bd.php 第 53 行.
NOTIC: [8] Use of undefined constant format - assumed 'format' D:\phpStudy\WWW\weiling\App\Runtime\Cache\Home\6ffc4637891431f35b47b2a8522224bd.php 第 56 行.
NOTIC: [8] Use of undefined constant d_price - assumed 'd_price' D:\phpStudy\WWW\weiling\App\Runtime\Cache\Home\6ffc4637891431f35b47b2a8522224bd.php 第 60 行.
NOTIC: [8] Use of undefined constant num - assumed 'num' D:\phpStudy\WWW\weiling\App\Runtime\Cache\Home\6ffc4637891431f35b47b2a8522224bd.php 第 61 行.
INFO: Run Behavior\ParseTemplateBehavior [ RunTime:0.006000s ]
INFO: [ view_parse ] --END-- [ RunTime:0.006000s ]
INFO: [ view_filter ] --START--
INFO: Run Behavior\WriteHtmlCacheBehavior [ RunTime:0.001000s ]
INFO: [ view_filter ] --END-- [ RunTime:0.001000s ]
INFO: [ app_end ] --START--
INFO: Run Behavior\ShowPageTraceBehavior [ RunTime:0.000000s ]
INFO: [ app_end ] --END-- [ RunTime:0.000000s ]

[ 2018-12-05T15:14:06+08:00 ] ::1 /weiling/index.php/home/api/medicineorder_view?ordernumber=2018120498485756
INFO: [ app_init ] --START--
INFO: Run Behavior\BuildLiteBehavior [ RunTime:0.000000s ]
INFO: [ app_init ] --END-- [ RunTime:0.001000s ]
INFO: [ app_begin ] --START--
INFO: Run Behavior\ReadHtmlCacheBehavior [ RunTime:0.000000s ]
INFO: [ app_begin ] --END-- [ RunTime:0.000000s ]
SQL: SHOW COLUMNS FROM `xy_order` [ RunTime:0.0150s ]
SQL: SELECT * FROM `xy_order` WHERE ( numbering=2018120498485756 ) LIMIT 1   [ RunTime:0.0150s ]
SQL: SHOW COLUMNS FROM `xy_commodity` [ RunTime:0.0140s ]
SQL: SELECT * FROM `xy_commodity` WHERE ( numbering=2018120498485756 )  [ RunTime:0.0150s ]
SQL: SHOW COLUMNS FROM `xy_address` [ RunTime:0.0150s ]
SQL: SELECT * FROM `xy_address` WHERE ( id=30 )  [ RunTime:0.0150s ]
INFO: [ view_parse ] --START--
INFO: [ template_filter ] --START--
INFO: Run Behavior\ContentReplaceBehavior [ RunTime:0.000000s ]
INFO: [ template_filter ] --END-- [ RunTime:0.000000s ]
NOTIC: [8] Use of undefined constant img - assumed 'img' D:\phpStudy\WWW\weiling\App\Runtime\Cache\Home\6ffc4637891431f35b47b2a8522224bd.php 第 51 行.
NOTIC: [8] Use of undefined constant name - assumed 'name' D:\phpStudy\WWW\weiling\App\Runtime\Cache\Home\6ffc4637891431f35b47b2a8522224bd.php 第 53 行.
NOTIC: [8] Use of undefined constant format - assumed 'format' D:\phpStudy\WWW\weiling\App\Runtime\Cache\Home\6ffc4637891431f35b47b2a8522224bd.php 第 56 行.
NOTIC: [8] Use of undefined constant d_price - assumed 'd_price' D:\phpStudy\WWW\weiling\App\Runtime\Cache\Home\6ffc4637891431f35b47b2a8522224bd.php 第 60 行.
NOTIC: [8] Use of undefined constant num - assumed 'num' D:\phpStudy\WWW\weiling\App\Runtime\Cache\Home\6ffc4637891431f35b47b2a8522224bd.php 第 61 行.
NOTIC: [8] Use of undefined constant img - assumed 'img' D:\phpStudy\WWW\weiling\App\Runtime\Cache\Home\6ffc4637891431f35b47b2a8522224bd.php 第 51 行.
NOTIC: [8] Use of undefined constant name - assumed 'name' D:\phpStudy\WWW\weiling\App\Runtime\Cache\Home\6ffc4637891431f35b47b2a8522224bd.php 第 53 行.
NOTIC: [8] Use of undefined constant format - assumed 'format' D:\phpStudy\WWW\weiling\App\Runtime\Cache\Home\6ffc4637891431f35b47b2a8522224bd.php 第 56 行.
NOTIC: [8] Use of undefined constant d_price - assumed 'd_price' D:\phpStudy\WWW\weiling\App\Runtime\Cache\Home\6ffc4637891431f35b47b2a8522224bd.php 第 60 行.
NOTIC: [8] Use of undefined constant num - assumed 'num' D:\phpStudy\WWW\weiling\App\Runtime\Cache\Home\6ffc4637891431f35b47b2a8522224bd.php 第 61 行.
INFO: Run Behavior\ParseTemplateBehavior [ RunTime:0.008000s ]
INFO: [ view_parse ] --END-- [ RunTime:0.008000s ]
INFO: [ view_filter ] --START--
INFO: Run Behavior\WriteHtmlCacheBehavior [ RunTime:0.000000s ]
INFO: [ view_filter ] --END-- [ RunTime:0.000000s ]
INFO: [ app_end ] --START--
INFO: Run Behavior\ShowPageTraceBehavior [ RunTime:0.001000s ]
INFO: [ app_end ] --END-- [ RunTime:0.001000s ]

[ 2018-12-05T17:29:10+08:00 ] ::1 /weiling/index.php/home/api/consultation_orderlist?token=a0c2e3a2263b2672ec0c76b1abf85e39&status=2
INFO: [ app_init ] --START--
INFO: Run Behavior\BuildLiteBehavior [ RunTime:0.000000s ]
INFO: [ app_init ] --END-- [ RunTime:0.001000s ]
INFO: [ app_begin ] --START--
INFO: Run Behavior\ReadHtmlCacheBehavior [ RunTime:0.001000s ]
INFO: [ app_begin ] --END-- [ RunTime:0.001000s ]
SQL: SHOW COLUMNS FROM `xy_app_member` [ RunTime:0.0140s ]
SQL: SELECT `id` FROM `xy_app_member` WHERE `token` = 'a0c2e3a2263b2672ec0c76b1abf85e39' LIMIT 1   [ RunTime:0.0130s ]
SQL: SHOW COLUMNS FROM `xy_consultation_order` [ RunTime:0.0140s ]
SQL: SELECT * FROM `xy_consultation_order` WHERE `type` = 1 AND `appid` = 23  [ RunTime:0.0140s ]
SQL: SHOW COLUMNS FROM `xy_patient` [ RunTime:0.0140s ]
SQL: SELECT `name` FROM `xy_patient` WHERE ( id=7 ) LIMIT 1   [ RunTime:0.0140s ]
SQL: SELECT `name` FROM `xy_patient` WHERE ( id=7 ) LIMIT 1   [ RunTime:0.0140s ]
SQL: SELECT `name` FROM `xy_patient` WHERE ( id=5 ) LIMIT 1   [ RunTime:0.0140s ]

[ 2018-12-05T17:29:14+08:00 ] ::1 /weiling/index.php/home/api/expert_login
INFO: [ app_init ] --START--
INFO: Run Behavior\BuildLiteBehavior [ RunTime:0.000000s ]
INFO: [ app_init ] --END-- [ RunTime:0.000000s ]
INFO: [ app_begin ] --START--
INFO: Run Behavior\ReadHtmlCacheBehavior [ RunTime:0.000000s ]
INFO: [ app_begin ] --END-- [ RunTime:0.001001s ]
NOTIC: [8] Undefined index: username D:\phpStudy\WWW\weiling\App\Home\Controller\ApiController.class.php 第 53 行.
NOTIC: [8] Undefined index: password D:\phpStudy\WWW\weiling\App\Home\Controller\ApiController.class.php 第 55 行.

[ 2018-12-05T17:29:56+08:00 ] ::1 /weiling/index.php/home/api/expert_login?username=4&password=1234567
INFO: [ app_init ] --START--
INFO: Run Behavior\BuildLiteBehavior [ RunTime:0.000000s ]
INFO: [ app_init ] --END-- [ RunTime:0.001000s ]
INFO: [ app_begin ] --START--
INFO: Run Behavior\ReadHtmlCacheBehavior [ RunTime:0.002001s ]
INFO: [ app_begin ] --END-- [ RunTime:0.002001s ]
SQL: SHOW COLUMNS FROM `xy_app_member` [ RunTime:0.0150s ]
SQL: SELECT * FROM `xy_app_member` WHERE `user_account` = '4' AND `user_password` = '224cf2b695a5e8ecaecfb9015161fa4b' LIMIT 1   [ RunTime:0.0150s ]
NOTIC: [8] Undefined index: password D:\phpStudy\WWW\weiling\App\Home\Controller\ApiController.class.php 第 69 行.
NOTIC: [8] Array to string conversion D:\phpStudy\WWW\weiling\App\Home\Controller\ApiController.class.php 第 69 行.
SQL: SELECT * FROM `xy_app_member` WHERE `user_account` = '4' AND `user_password` = '224cf2b695a5e8ecaecfb9015161fa4b' LIMIT 1   [ RunTime:0.0140s ]
NOTIC: [2] date() expects parameter 2 to be long, string given D:\phpStudy\WWW\weiling\App\Home\Controller\ApiController.class.php 第 81 行.
SQL: SHOW COLUMNS FROM `xy_expert` [ RunTime:0.0160s ]
SQL: SELECT * FROM `xy_expert` WHERE ( app_id=30 )  [ RunTime:0.0150s ]
SQL: SHOW COLUMNS FROM `xy_department` [ RunTime:0.0150s ]
ERR: SQLSTATE[42S22]: Column not found: 1054 Unknown column 'did' in 'where clause'

[ 2018-12-05T17:30:34+08:00 ] ::1 /weiling/index.php/home/api/expert_login?username=4&password=1234567
INFO: [ app_init ] --START--
INFO: Run Behavior\BuildLiteBehavior [ RunTime:0.000000s ]
INFO: [ app_init ] --END-- [ RunTime:0.001000s ]
INFO: [ app_begin ] --START--
INFO: Run Behavior\ReadHtmlCacheBehavior [ RunTime:0.001000s ]
INFO: [ app_begin ] --END-- [ RunTime:0.001000s ]
SQL: SHOW COLUMNS FROM `xy_app_member` [ RunTime:0.0140s ]
SQL: SELECT * FROM `xy_app_member` WHERE `user_account` = '4' AND `user_password` = '224cf2b695a5e8ecaecfb9015161fa4b' LIMIT 1   [ RunTime:0.0140s ]
NOTIC: [8] Undefined index: password D:\phpStudy\WWW\weiling\App\Home\Controller\ApiController.class.php 第 69 行.
NOTIC: [8] Array to string conversion D:\phpStudy\WWW\weiling\App\Home\Controller\ApiController.class.php 第 69 行.
SQL: SELECT * FROM `xy_app_member` WHERE `user_account` = '4' AND `user_password` = '224cf2b695a5e8ecaecfb9015161fa4b' LIMIT 1   [ RunTime:0.0140s ]
NOTIC: [2] date() expects parameter 2 to be long, string given D:\phpStudy\WWW\weiling\App\Home\Controller\ApiController.class.php 第 81 行.
SQL: SHOW COLUMNS FROM `xy_expert` [ RunTime:0.0150s ]
SQL: SELECT * FROM `xy_expert` WHERE ( app_id=30 )  [ RunTime:0.0150s ]
SQL: SHOW COLUMNS FROM `xy_department` [ RunTime:0.0140s ]
SQL: SELECT `name` FROM `xy_department` WHERE ( id=4 ) LIMIT 1   [ RunTime:0.0120s ]

[ 2018-12-05T17:31:33+08:00 ] ::1 /weiling/index.php/home/api/expert_login?username=4&password=1234567
INFO: [ app_init ] --START--
INFO: Run Behavior\BuildLiteBehavior [ RunTime:0.000000s ]
INFO: [ app_init ] --END-- [ RunTime:0.001000s ]
INFO: [ app_begin ] --START--
INFO: Run Behavior\ReadHtmlCacheBehavior [ RunTime:0.000000s ]
INFO: [ app_begin ] --END-- [ RunTime:0.001000s ]
SQL: SHOW COLUMNS FROM `xy_app_member` [ RunTime:0.0140s ]
SQL: SELECT * FROM `xy_app_member` WHERE `user_account` = '4' AND `user_password` = '224cf2b695a5e8ecaecfb9015161fa4b' LIMIT 1   [ RunTime:0.0130s ]
NOTIC: [8] Undefined index: password D:\phpStudy\WWW\weiling\App\Home\Controller\ApiController.class.php 第 69 行.
NOTIC: [8] Array to string conversion D:\phpStudy\WWW\weiling\App\Home\Controller\ApiController.class.php 第 69 行.
SQL: SELECT * FROM `xy_app_member` WHERE `user_account` = '4' AND `user_password` = '224cf2b695a5e8ecaecfb9015161fa4b' LIMIT 1   [ RunTime:0.0140s ]
NOTIC: [2] date() expects parameter 2 to be long, string given D:\phpStudy\WWW\weiling\App\Home\Controller\ApiController.class.php 第 81 行.
SQL: SHOW COLUMNS FROM `xy_expert` [ RunTime:0.0150s ]
SQL: SELECT * FROM `xy_expert` WHERE ( app_id=30 )  [ RunTime:0.0140s ]
SQL: SHOW COLUMNS FROM `xy_department` [ RunTime:0.0150s ]
SQL: SELECT `name` FROM `xy_department` WHERE ( id=4 )  [ RunTime:0.0130s ]

[ 2018-12-05T17:32:13+08:00 ] ::1 /weiling/index.php/home/api/expert_login?username=4&password=1234567
INFO: [ app_init ] --START--
INFO: Run Behavior\BuildLiteBehavior [ RunTime:0.000000s ]
INFO: [ app_init ] --END-- [ RunTime:0.001000s ]
INFO: [ app_begin ] --START--
INFO: Run Behavior\ReadHtmlCacheBehavior [ RunTime:0.001000s ]
INFO: [ app_begin ] --END-- [ RunTime:0.001000s ]
SQL: SHOW COLUMNS FROM `xy_app_member` [ RunTime:0.0150s ]
SQL: SELECT * FROM `xy_app_member` WHERE `user_account` = '4' AND `user_password` = '224cf2b695a5e8ecaecfb9015161fa4b' LIMIT 1   [ RunTime:0.0140s ]
NOTIC: [8] Undefined index: password D:\phpStudy\WWW\weiling\App\Home\Controller\ApiController.class.php 第 69 行.
NOTIC: [8] Array to string conversion D:\phpStudy\WWW\weiling\App\Home\Controller\ApiController.class.php 第 69 行.
SQL: SELECT * FROM `xy_app_member` WHERE `user_account` = '4' AND `user_password` = '224cf2b695a5e8ecaecfb9015161fa4b' LIMIT 1   [ RunTime:0.0140s ]
NOTIC: [2] date() expects parameter 2 to be long, string given D:\phpStudy\WWW\weiling\App\Home\Controller\ApiController.class.php 第 81 行.
SQL: SHOW COLUMNS FROM `xy_expert` [ RunTime:0.0150s ]
SQL: SELECT * FROM `xy_expert` WHERE ( app_id=30 )  [ RunTime:0.0130s ]
SQL: SHOW COLUMNS FROM `xy_department` [ RunTime:0.0140s ]
SQL: SELECT `name` FROM `xy_department` WHERE ( id=4 ) LIMIT 1   [ RunTime:0.0140s ]

[ 2018-12-05T17:42:24+08:00 ] ::1 /weiling/index.php/home/api/expertside_login?username=4&password=1234567
INFO: [ app_init ] --START--
INFO: Run Behavior\BuildLiteBehavior [ RunTime:0.000000s ]
INFO: [ app_init ] --END-- [ RunTime:0.001000s ]
INFO: [ app_begin ] --START--
INFO: Run Behavior\ReadHtmlCacheBehavior [ RunTime:0.001000s ]
INFO: [ app_begin ] --END-- [ RunTime:0.001000s ]
SQL: SHOW COLUMNS FROM `xy_app_member` [ RunTime:0.0130s ]
SQL: SELECT * FROM `xy_app_member` WHERE `user_account` = '4' AND `user_password` = '224cf2b695a5e8ecaecfb9015161fa4b' LIMIT 1   [ RunTime:0.0130s ]
NOTIC: [8] Undefined index: password D:\phpStudy\WWW\weiling\App\Home\Controller\ApiController.class.php 第 69 行.
NOTIC: [8] Array to string conversion D:\phpStudy\WWW\weiling\App\Home\Controller\ApiController.class.php 第 69 行.
SQL: SELECT * FROM `xy_app_member` WHERE `user_account` = '4' AND `user_password` = '224cf2b695a5e8ecaecfb9015161fa4b' LIMIT 1   [ RunTime:0.0140s ]
NOTIC: [2] date() expects parameter 2 to be long, string given D:\phpStudy\WWW\weiling\App\Home\Controller\ApiController.class.php 第 81 行.
SQL: SHOW COLUMNS FROM `xy_expert` [ RunTime:0.0150s ]
SQL: SELECT * FROM `xy_expert` WHERE ( app_id=30 )  [ RunTime:0.0130s ]
SQL: SHOW COLUMNS FROM `xy_department` [ RunTime:0.0140s ]
SQL: SELECT `name` FROM `xy_department` WHERE ( id=4 ) LIMIT 1   [ RunTime:0.0150s ]

