[ 2018-12-06T08:37:00+08:00 ] ::1 /weiling/index.php/home/api/expertside_login?username=4&password=1234567
INFO: [ app_init ] --START--
INFO: Run Behavior\BuildLiteBehavior [ RunTime:0.000000s ]
INFO: [ app_init ] --END-- [ RunTime:0.007001s ]
INFO: [ app_begin ] --START--
INFO: Run Behavior\ReadHtmlCacheBehavior [ RunTime:0.001000s ]
INFO: [ app_begin ] --END-- [ RunTime:0.001000s ]
SQL: SHOW COLUMNS FROM `xy_app_member` [ RunTime:0.0130s ]
SQL: SELECT * FROM `xy_app_member` WHERE `user_account` = '4' AND `user_password` = '224cf2b695a5e8ecaecfb9015161fa4b' LIMIT 1   [ RunTime:0.0140s ]
NOTIC: [8] Undefined index: password D:\phpStudy\WWW\weiling\App\Home\Controller\ApiController.class.php 第 69 行.
NOTIC: [8] Array to string conversion D:\phpStudy\WWW\weiling\App\Home\Controller\ApiController.class.php 第 69 行.
SQL: SELECT * FROM `xy_app_member` WHERE `user_account` = '4' AND `user_password` = '224cf2b695a5e8ecaecfb9015161fa4b' LIMIT 1   [ RunTime:0.0130s ]
NOTIC: [2] date() expects parameter 2 to be long, string given D:\phpStudy\WWW\weiling\App\Home\Controller\ApiController.class.php 第 81 行.
SQL: SHOW COLUMNS FROM `xy_expert` [ RunTime:0.0120s ]
SQL: SELECT * FROM `xy_expert` WHERE ( app_id=30 )  [ RunTime:0.0130s ]
SQL: SHOW COLUMNS FROM `xy_department` [ RunTime:0.0100s ]
SQL: SELECT `name` FROM `xy_department` WHERE ( id=4 ) LIMIT 1   [ RunTime:0.0130s ]

[ 2018-12-06T08:37:10+08:00 ] ::1 /weiling/index.php?s=/Home/index/main.html&_=1544056611828
INFO: [ app_init ] --START--
INFO: Run Behavior\BuildLiteBehavior [ RunTime:0.000000s ]
INFO: [ app_init ] --END-- [ RunTime:0.000000s ]
INFO: [ app_begin ] --START--
INFO: Run Behavior\ReadHtmlCacheBehavior [ RunTime:0.001000s ]
INFO: [ app_begin ] --END-- [ RunTime:0.001000s ]
NOTIC: [2048] Declaration of Home\Controller\IndexController::index() should be compatible with Common\Controller\BaseController::index($uid = '') D:\phpStudy\WWW\weiling\App\Home\Controller\IndexController.class.php 第 5 行.
SQL: SHOW COLUMNS FROM `xy_user` [ RunTime:0.0130s ]
SQL: SELECT * FROM `xy_user` WHERE `id` = 1 LIMIT 1   [ RunTime:0.0160s ]
INFO: [ view_parse ] --START--
INFO: [ template_filter ] --START--
INFO: Run Behavior\ContentReplaceBehavior [ RunTime:0.000000s ]
INFO: [ template_filter ] --END-- [ RunTime:0.000000s ]
SQL: SHOW COLUMNS FROM `xy_quxiang` [ RunTime:0.0190s ]
SQL: SELECT * FROM `xy_quxiang` ORDER BY id desc LIMIT 5   [ RunTime:0.0150s ]
SQL: SELECT `depname` FROM `xy_user` WHERE ( id=16 ) LIMIT 1   [ RunTime:0.0140s ]
SQL: SHOW COLUMNS FROM `xy_renwu` [ RunTime:0.0170s ]
NOTIC: [8] Use of undefined constant uid - assumed 'uid' D:\phpStudy\WWW\weiling\App\Runtime\Cache\Home\8d1be3c46ef179b9e01c2c8d3de21c37.php 第 157 行.
SQL: SELECT * FROM `xy_renwu` WHERE `juid` LIKE '%1%' ORDER BY id desc LIMIT 5   [ RunTime:0.0170s ]
SQL: SHOW COLUMNS FROM `xy_tongzhi` [ RunTime:0.0150s ]
NOTIC: [8] Use of undefined constant uid - assumed 'uid' D:\phpStudy\WWW\weiling\App\Runtime\Cache\Home\8d1be3c46ef179b9e01c2c8d3de21c37.php 第 215 行.
SQL: SELECT * FROM `xy_tongzhi` WHERE `juid` LIKE '%1%' ORDER BY id desc LIMIT 5   [ RunTime:0.0120s ]
SQL: SHOW COLUMNS FROM `xy_cust` [ RunTime:0.0190s ]
SQL: SELECT * FROM `xy_cust` WHERE ( `xiaci` >= '2018-11-29' AND `xiaci` <= '2019-01-06'  ) AND (  `uid` = '1' OR `juid` LIKE '%1%' ) LIMIT 5   [ RunTime:0.0140s ]
SQL: SHOW COLUMNS FROM `xy_fahuo` [ RunTime:0.0110s ]
SQL: SELECT * FROM `xy_fahuo` ORDER BY id desc LIMIT 5   [ RunTime:0.0160s ]
SQL: SHOW COLUMNS FROM `xy_hetong` [ RunTime:0.0180s ]
SQL: SELECT * FROM `xy_hetong` WHERE (  `uid` = '1' OR `juid` LIKE '%1%' ) AND ( `jztime` >= '2018-11-29' AND `jztime` <= '2019-01-06'  ) LIMIT 5   [ RunTime:0.0150s ]
INFO: Run Behavior\ParseTemplateBehavior [ RunTime:0.233013s ]
INFO: [ view_parse ] --END-- [ RunTime:0.233013s ]
INFO: [ view_filter ] --START--
INFO: Run Behavior\WriteHtmlCacheBehavior [ RunTime:0.001000s ]
INFO: [ view_filter ] --END-- [ RunTime:0.001000s ]
INFO: [ app_end ] --START--
INFO: Run Behavior\ShowPageTraceBehavior [ RunTime:0.001001s ]
INFO: [ app_end ] --END-- [ RunTime:0.002001s ]

[ 2018-12-06T08:37:20+08:00 ] ::1 /weiling/index.php/home/api/expertside_login?username=4&password=1234567
INFO: [ app_init ] --START--
INFO: Run Behavior\BuildLiteBehavior [ RunTime:0.000000s ]
INFO: [ app_init ] --END-- [ RunTime:0.001000s ]
INFO: [ app_begin ] --START--
INFO: Run Behavior\ReadHtmlCacheBehavior [ RunTime:0.001000s ]
INFO: [ app_begin ] --END-- [ RunTime:0.001000s ]
SQL: SHOW COLUMNS FROM `xy_app_member` [ RunTime:0.0140s ]
SQL: SELECT * FROM `xy_app_member` WHERE `user_account` = '4' AND `user_password` = '224cf2b695a5e8ecaecfb9015161fa4b' LIMIT 1   [ RunTime:0.0140s ]
NOTIC: [8] Undefined index: password D:\phpStudy\WWW\weiling\App\Home\Controller\ApiController.class.php 第 69 行.
NOTIC: [8] Array to string conversion D:\phpStudy\WWW\weiling\App\Home\Controller\ApiController.class.php 第 69 行.
SQL: SELECT * FROM `xy_app_member` WHERE `user_account` = '4' AND `user_password` = '224cf2b695a5e8ecaecfb9015161fa4b' LIMIT 1   [ RunTime:0.0140s ]
NOTIC: [2] date() expects parameter 2 to be long, string given D:\phpStudy\WWW\weiling\App\Home\Controller\ApiController.class.php 第 81 行.
SQL: SHOW COLUMNS FROM `xy_expert` [ RunTime:0.0150s ]
SQL: SELECT * FROM `xy_expert` WHERE ( app_id=30 )  [ RunTime:0.0130s ]
SQL: SHOW COLUMNS FROM `xy_department` [ RunTime:0.0130s ]
SQL: SELECT `name` FROM `xy_department` WHERE ( id=4 ) LIMIT 1   [ RunTime:0.0140s ]

[ 2018-12-06T08:43:49+08:00 ] ::1 /weiling/index.php/home/api/expertside_login?username=4&password=1234567
INFO: [ app_init ] --START--
INFO: Run Behavior\BuildLiteBehavior [ RunTime:0.000000s ]
INFO: [ app_init ] --END-- [ RunTime:0.000000s ]
INFO: [ app_begin ] --START--
INFO: Run Behavior\ReadHtmlCacheBehavior [ RunTime:0.000000s ]
INFO: [ app_begin ] --END-- [ RunTime:0.000000s ]
SQL: SHOW COLUMNS FROM `xy_app_member` [ RunTime:0.0130s ]
SQL: SELECT * FROM `xy_app_member` WHERE `user_account` = '4' AND `user_password` = '224cf2b695a5e8ecaecfb9015161fa4b' LIMIT 1   [ RunTime:0.0130s ]
NOTIC: [8] Undefined index: password D:\phpStudy\WWW\weiling\App\Home\Controller\ApiController.class.php 第 69 行.
NOTIC: [8] Array to string conversion D:\phpStudy\WWW\weiling\App\Home\Controller\ApiController.class.php 第 69 行.
SQL: SELECT * FROM `xy_app_member` WHERE `user_account` = '4' AND `user_password` = '224cf2b695a5e8ecaecfb9015161fa4b' LIMIT 1   [ RunTime:0.0130s ]
SQL: SHOW COLUMNS FROM `xy_expert` [ RunTime:0.0130s ]
SQL: SELECT * FROM `xy_expert` WHERE ( app_id=30 )  [ RunTime:0.0130s ]
SQL: SHOW COLUMNS FROM `xy_department` [ RunTime:0.0130s ]
SQL: SELECT `name` FROM `xy_department` WHERE ( id=4 ) LIMIT 1   [ RunTime:0.0120s ]

[ 2018-12-06T08:48:01+08:00 ] ::1 /weiling/index.php/home/api/expertside_login?username=4&password=1234567
INFO: [ app_init ] --START--
INFO: Run Behavior\BuildLiteBehavior [ RunTime:0.000000s ]
INFO: [ app_init ] --END-- [ RunTime:0.001000s ]
INFO: [ app_begin ] --START--
INFO: Run Behavior\ReadHtmlCacheBehavior [ RunTime:0.001000s ]
INFO: [ app_begin ] --END-- [ RunTime:0.001000s ]
SQL: SHOW COLUMNS FROM `xy_app_member` [ RunTime:0.0130s ]
SQL: SELECT * FROM `xy_app_member` WHERE `user_account` = '4' AND `user_password` = '224cf2b695a5e8ecaecfb9015161fa4b' LIMIT 1   [ RunTime:0.0120s ]
NOTIC: [8] Undefined index: password D:\phpStudy\WWW\weiling\App\Home\Controller\ApiController.class.php 第 69 行.
NOTIC: [8] Array to string conversion D:\phpStudy\WWW\weiling\App\Home\Controller\ApiController.class.php 第 69 行.
SQL: SELECT * FROM `xy_app_member` WHERE `user_account` = '4' AND `user_password` = '224cf2b695a5e8ecaecfb9015161fa4b' LIMIT 1   [ RunTime:0.0130s ]
SQL: SHOW COLUMNS FROM `xy_expert` [ RunTime:0.0150s ]
SQL: SELECT * FROM `xy_expert` WHERE ( app_id=30 )  [ RunTime:0.0120s ]
SQL: SHOW COLUMNS FROM `xy_department` [ RunTime:0.0130s ]
SQL: SELECT `name` FROM `xy_department` WHERE ( id=4 ) LIMIT 1   [ RunTime:0.0120s ]

[ 2018-12-06T08:48:48+08:00 ] ::1 /weiling/index.php/home/api/expertside_login?username=4&password=1234567
INFO: [ app_init ] --START--
INFO: Run Behavior\BuildLiteBehavior [ RunTime:0.000000s ]
INFO: [ app_init ] --END-- [ RunTime:0.001000s ]
INFO: [ app_begin ] --START--
INFO: Run Behavior\ReadHtmlCacheBehavior [ RunTime:0.000000s ]
INFO: [ app_begin ] --END-- [ RunTime:0.000000s ]
SQL: SHOW COLUMNS FROM `xy_app_member` [ RunTime:0.0140s ]
SQL: SELECT * FROM `xy_app_member` WHERE `user_account` = '4' AND `user_password` = '224cf2b695a5e8ecaecfb9015161fa4b' LIMIT 1   [ RunTime:0.0130s ]
NOTIC: [8] Undefined index: password D:\phpStudy\WWW\weiling\App\Home\Controller\ApiController.class.php 第 69 行.
NOTIC: [8] Array to string conversion D:\phpStudy\WWW\weiling\App\Home\Controller\ApiController.class.php 第 69 行.
SQL: SELECT * FROM `xy_app_member` WHERE `user_account` = '4' AND `user_password` = '224cf2b695a5e8ecaecfb9015161fa4b' LIMIT 1   [ RunTime:0.0130s ]
SQL: SHOW COLUMNS FROM `xy_expert` [ RunTime:0.0140s ]
SQL: SELECT * FROM `xy_expert` WHERE ( app_id=30 )  [ RunTime:0.0120s ]
SQL: SHOW COLUMNS FROM `xy_department` [ RunTime:0.0130s ]
SQL: SELECT `name` FROM `xy_department` WHERE ( id=4 ) LIMIT 1   [ RunTime:0.0130s ]

[ 2018-12-06T09:05:15+08:00 ] ::1 /weiling/index.php/home/api/medicine_orderpaylist?token=a0c2e3a2263b2672ec0c76b1abf85e39&type=1
INFO: [ app_init ] --START--
INFO: Run Behavior\BuildLiteBehavior [ RunTime:0.000000s ]
INFO: [ app_init ] --END-- [ RunTime:0.000000s ]
INFO: [ app_begin ] --START--
INFO: Run Behavior\ReadHtmlCacheBehavior [ RunTime:0.001001s ]
INFO: [ app_begin ] --END-- [ RunTime:0.001001s ]
SQL: SHOW COLUMNS FROM `xy_app_member` [ RunTime:0.0140s ]
SQL: SELECT `id` FROM `xy_app_member` WHERE `token` = 'a0c2e3a2263b2672ec0c76b1abf85e39' LIMIT 1   [ RunTime:0.0140s ]
SQL: SHOW COLUMNS FROM `xy_order` [ RunTime:0.0130s ]
SQL: SELECT * FROM `xy_order` WHERE ( uid=23 )  [ RunTime:0.0130s ]
SQL: SHOW COLUMNS FROM `xy_commodity` [ RunTime:0.0130s ]
SQL: SELECT `num` FROM `xy_commodity` WHERE ( numbering=2018120498485756 )  [ RunTime:0.0130s ]
SQL: SELECT * FROM `xy_commodity` WHERE ( numbering=2018120498485756 )  [ RunTime:0.0130s ]

[ 2018-12-06T11:24:40+08:00 ] ::1 /weiling/index.php/home/api/medicine_orderpaylist?token=a0c2e3a2263b2672ec0c76b1abf85e39&type=1
INFO: [ app_init ] --START--
INFO: Run Behavior\BuildLiteBehavior [ RunTime:0.000000s ]
INFO: [ app_init ] --END-- [ RunTime:0.001000s ]
INFO: [ app_begin ] --START--
INFO: Run Behavior\ReadHtmlCacheBehavior [ RunTime:0.002000s ]
INFO: [ app_begin ] --END-- [ RunTime:0.002000s ]
SQL: SHOW COLUMNS FROM `xy_app_member` [ RunTime:0.0110s ]
SQL: SELECT `id` FROM `xy_app_member` WHERE `token` = 'a0c2e3a2263b2672ec0c76b1abf85e39' LIMIT 1   [ RunTime:0.0110s ]
SQL: SHOW COLUMNS FROM `xy_order` [ RunTime:0.3690s ]
SQL: SELECT * FROM `xy_order` WHERE ( uid=23 and payment_status!=3 )  [ RunTime:0.0140s ]
SQL: SHOW COLUMNS FROM `xy_commodity` [ RunTime:0.0130s ]
SQL: SELECT `num` FROM `xy_commodity` WHERE ( numbering=2018120498485756 )  [ RunTime:0.0120s ]
SQL: SELECT * FROM `xy_commodity` WHERE ( numbering=2018120498485756 )  [ RunTime:0.0130s ]

[ 2018-12-06T11:37:40+08:00 ] ::1 /weiling/index.php/home/api/medicine_order_add?token=a0c2e3a2263b2672ec0c76b1abf85e39&type=2&addid=30&cartid=7
INFO: [ app_init ] --START--
INFO: Run Behavior\BuildLiteBehavior [ RunTime:0.000000s ]
INFO: [ app_init ] --END-- [ RunTime:0.001000s ]
INFO: [ app_begin ] --START--
INFO: Run Behavior\ReadHtmlCacheBehavior [ RunTime:0.001000s ]
INFO: [ app_begin ] --END-- [ RunTime:0.001000s ]
SQL: SHOW COLUMNS FROM `xy_app_member` [ RunTime:0.0110s ]
SQL: SELECT `id` FROM `xy_app_member` WHERE `token` = 'a0c2e3a2263b2672ec0c76b1abf85e39' LIMIT 1   [ RunTime:0.0280s ]
SQL: SHOW COLUMNS FROM `xy_cart` [ RunTime:0.0130s ]
SQL: SELECT * FROM `xy_cart` WHERE ( id=7 )  [ RunTime:0.0270s ]
SQL: SELECT `id` FROM `xy_app_member` WHERE `token` = 'a0c2e3a2263b2672ec0c76b1abf85e39' LIMIT 1   [ RunTime:0.0130s ]
SQL: SHOW COLUMNS FROM `xy_commodity` [ RunTime:0.0280s ]
SQL: INSERT INTO `xy_commodity` (`uid`,`numbering`,`mid`,`name`,`d_price`,`num`,`price`,`img`,`format`,`seller_id`,`seller_name`) VALUES ('23','2018120698505751','9','三九/999 感冒灵颗粒','10.5','5','52.5','/2018-11-21/5bf4d506e409b.png','10g*9包/盒','2','辽宁众和药业有限公司') [ RunTime:0.0170s ]
SQL: SELECT `price` FROM `xy_commodity` WHERE ( numbering=2018120698505751 )  [ RunTime:0.0200s ]
SQL: SHOW COLUMNS FROM `xy_order` [ RunTime:0.0130s ]
SQL: INSERT INTO `xy_order` (`z_price`,`numbering`,`payment_status`,`back_status`,`send_status`,`create_time`,`pay_time`,`address_id`,`uid`,`freight`,`payment`) VALUES ('52.5','2018120698505751','0','0','0','1544067460','0','30','23','0','0') [ RunTime:0.0290s ]
SQL: DELETE FROM `xy_cart` WHERE ( id=7 ) [ RunTime:0.0350s ]

[ 2018-12-06T11:39:04+08:00 ] ::1 /weiling/index.php/home/api/medicine_orderpaylist?token=a0c2e3a2263b2672ec0c76b1abf85e39&type=1
INFO: [ app_init ] --START--
INFO: Run Behavior\BuildLiteBehavior [ RunTime:0.000000s ]
INFO: [ app_init ] --END-- [ RunTime:0.000000s ]
INFO: [ app_begin ] --START--
INFO: Run Behavior\ReadHtmlCacheBehavior [ RunTime:0.001000s ]
INFO: [ app_begin ] --END-- [ RunTime:0.001000s ]
SQL: SHOW COLUMNS FROM `xy_app_member` [ RunTime:0.0130s ]
SQL: SELECT `id` FROM `xy_app_member` WHERE `token` = 'a0c2e3a2263b2672ec0c76b1abf85e39' LIMIT 1   [ RunTime:0.0110s ]
SQL: SHOW COLUMNS FROM `xy_order` [ RunTime:0.0110s ]
SQL: SELECT * FROM `xy_order` WHERE ( uid=23 and payment_status!=3 )  [ RunTime:0.0130s ]
SQL: SHOW COLUMNS FROM `xy_commodity` [ RunTime:0.0130s ]
SQL: SELECT `num` FROM `xy_commodity` WHERE ( numbering=2018120498485756 )  [ RunTime:0.0130s ]
SQL: SELECT * FROM `xy_commodity` WHERE ( numbering=2018120498485756 )  [ RunTime:0.0110s ]

[ 2018-12-06T13:04:34+08:00 ] ::1 /weiling/index.php/home/api/medicine_orderpaylist?token=a0c2e3a2263b2672ec0c76b1abf85e39&type=1
INFO: [ app_init ] --START--
INFO: Run Behavior\BuildLiteBehavior [ RunTime:0.000000s ]
INFO: [ app_init ] --END-- [ RunTime:0.037002s ]
INFO: [ app_begin ] --START--
INFO: Run Behavior\ReadHtmlCacheBehavior [ RunTime:0.025001s ]
INFO: [ app_begin ] --END-- [ RunTime:0.025001s ]
SQL: SHOW COLUMNS FROM `xy_app_member` [ RunTime:0.0150s ]
SQL: SELECT `id` FROM `xy_app_member` WHERE `token` = 'a0c2e3a2263b2672ec0c76b1abf85e39' LIMIT 1   [ RunTime:0.0100s ]
SQL: SHOW COLUMNS FROM `xy_order` [ RunTime:0.0120s ]
SQL: SELECT * FROM `xy_order` WHERE ( uid=23 and payment_status!=3 )  [ RunTime:0.0110s ]
SQL: SHOW COLUMNS FROM `xy_commodity` [ RunTime:0.0130s ]
SQL: SELECT `num` FROM `xy_commodity` WHERE ( numbering=2018120498485756 )  [ RunTime:0.0130s ]
SQL: SELECT * FROM `xy_commodity` WHERE ( numbering=2018120498485756 )  [ RunTime:0.0110s ]
SQL: SELECT `num` FROM `xy_commodity` WHERE ( numbering=2018120698505751 )  [ RunTime:0.0100s ]
SQL: SELECT * FROM `xy_commodity` WHERE ( numbering=2018120698505751 )  [ RunTime:0.0110s ]

[ 2018-12-06T13:04:44+08:00 ] ::1 /weiling/index.php/home/api/medicine_order_add?token=a0c2e3a2263b2672ec0c76b1abf85e39&type=2&addid=30&cartid=7
INFO: [ app_init ] --START--
INFO: Run Behavior\BuildLiteBehavior [ RunTime:0.000000s ]
INFO: [ app_init ] --END-- [ RunTime:0.000000s ]
INFO: [ app_begin ] --START--
INFO: Run Behavior\ReadHtmlCacheBehavior [ RunTime:0.001000s ]
INFO: [ app_begin ] --END-- [ RunTime:0.001000s ]
SQL: SHOW COLUMNS FROM `xy_app_member` [ RunTime:0.0110s ]
SQL: SELECT `id` FROM `xy_app_member` WHERE `token` = 'a0c2e3a2263b2672ec0c76b1abf85e39' LIMIT 1   [ RunTime:0.0090s ]
SQL: SHOW COLUMNS FROM `xy_cart` [ RunTime:0.0130s ]
SQL: SELECT * FROM `xy_cart` WHERE ( id=7 )  [ RunTime:0.0130s ]
NOTIC: [2] Invalid argument supplied for foreach() D:\phpStudy\WWW\weiling\App\Home\Controller\ApiController.class.php 第 984 行.
SQL: SHOW COLUMNS FROM `xy_commodity` [ RunTime:0.0120s ]
SQL: SELECT `price` FROM `xy_commodity` WHERE ( numbering=2018120650521009 )  [ RunTime:0.0110s ]
NOTIC: [2] array_sum() expects parameter 1 to be array, null given D:\phpStudy\WWW\weiling\App\Home\Controller\ApiController.class.php 第 1002 行.
SQL: SHOW COLUMNS FROM `xy_order` [ RunTime:0.0130s ]
SQL: INSERT INTO `xy_order` (`numbering`,`payment_status`,`back_status`,`send_status`,`create_time`,`pay_time`,`address_id`,`uid`,`freight`,`payment`) VALUES ('2018120650521009','0','0','0','1544072684','0','30','23','0','0') [ RunTime:0.0150s ]
NOTIC: [2] array_sum() expects parameter 1 to be array, null given D:\phpStudy\WWW\weiling\App\Home\Controller\ApiController.class.php 第 1017 行.
NOTIC: [8] Undefined variable: ok1 D:\phpStudy\WWW\weiling\App\Home\Controller\ApiController.class.php 第 1021 行.
NOTIC: [8] Undefined variable: ok D:\phpStudy\WWW\weiling\App\Home\Controller\ApiController.class.php 第 1026 行.

[ 2018-12-06T13:04:56+08:00 ] ::1 /weiling/index.php/home/api/medicine_order_add?token=a0c2e3a2263b2672ec0c76b1abf85e39&type=2&addid=30&content=7,2
INFO: [ app_init ] --START--
INFO: Run Behavior\BuildLiteBehavior [ RunTime:0.000000s ]
INFO: [ app_init ] --END-- [ RunTime:0.000000s ]
INFO: [ app_begin ] --START--
INFO: Run Behavior\ReadHtmlCacheBehavior [ RunTime:0.000000s ]
INFO: [ app_begin ] --END-- [ RunTime:0.001000s ]
SQL: SHOW COLUMNS FROM `xy_app_member` [ RunTime:0.0130s ]
SQL: SELECT `id` FROM `xy_app_member` WHERE `token` = 'a0c2e3a2263b2672ec0c76b1abf85e39' LIMIT 1   [ RunTime:0.0110s ]
SQL: SHOW COLUMNS FROM `xy_cart` [ RunTime:0.0150s ]
ERR: SQLSTATE[42000]: Syntax error or access violation: 1064 You have an error in your SQL syntax; check the manual that corresponds to your MySQL server version for the right syntax to use near ')' at line 1

[ 2018-12-06T13:05:07+08:00 ] ::1 /weiling/index.php/home/api/medicine_order_add?token=a0c2e3a2263b2672ec0c76b1abf85e39&type=1&addid=30&content=7,2
INFO: [ app_init ] --START--
INFO: Run Behavior\BuildLiteBehavior [ RunTime:0.000000s ]
INFO: [ app_init ] --END-- [ RunTime:0.001000s ]
INFO: [ app_begin ] --START--
INFO: Run Behavior\ReadHtmlCacheBehavior [ RunTime:0.001000s ]
INFO: [ app_begin ] --END-- [ RunTime:0.001000s ]
SQL: SHOW COLUMNS FROM `xy_app_member` [ RunTime:0.0130s ]
SQL: SELECT `id` FROM `xy_app_member` WHERE `token` = 'a0c2e3a2263b2672ec0c76b1abf85e39' LIMIT 1   [ RunTime:0.0100s ]
SQL: SHOW COLUMNS FROM `xy_medicine` [ RunTime:0.0110s ]
SQL: SELECT `uid` FROM `xy_medicine` WHERE ( id=7 ) LIMIT 1   [ RunTime:0.0100s ]
SQL: SHOW COLUMNS FROM `xy_yaoshang` [ RunTime:0.0120s ]
SQL: SELECT `name` FROM `xy_yaoshang` WHERE ( uid=1 ) LIMIT 1   [ RunTime:0.0130s ]
SQL: SELECT `id` FROM `xy_yaoshang` WHERE ( uid=1 ) LIMIT 1   [ RunTime:0.0110s ]
SQL: SELECT `price` FROM `xy_medicine` WHERE ( id=7 ) LIMIT 1   [ RunTime:0.0130s ]
SQL: SELECT `img` FROM `xy_medicine` WHERE ( id=7 ) LIMIT 1   [ RunTime:0.0130s ]
SQL: SELECT `name` FROM `xy_medicine` WHERE ( id=7 ) LIMIT 1   [ RunTime:0.0120s ]
SQL: SELECT `format` FROM `xy_medicine` WHERE ( id=7 ) LIMIT 1   [ RunTime:0.0120s ]
SQL: SHOW COLUMNS FROM `xy_commodity` [ RunTime:0.0100s ]
SQL: INSERT INTO `xy_commodity` (`seller_id`,`seller_name`,`mid`,`num`,`name`,`format`,`img`,`numbering`,`d_price`,`price`,`uid`) VALUES ('2','辽宁众和药业有限公司','7','2','白云山 中一 障眼明片 ','0.21g*100片','/2018-11-21/5bf4d032a9e1c.png','2018120657539955','40','80','23') [ RunTime:0.0150s ]
SQL: SHOW COLUMNS FROM `xy_order` [ RunTime:0.0130s ]
SQL: INSERT INTO `xy_order` (`numbering`,`z_price`,`payment_status`,`back_status`,`send_status`,`create_time`,`pay_time`,`address_id`,`uid`,`freight`,`payment`) VALUES ('2018120657539955','80','0','0','0','1544072706','0','30','23','0','0') [ RunTime:0.0220s ]

[ 2018-12-06T13:05:22+08:00 ] ::1 /weiling/index.php/home/api/medicine_order_add?token=a0c2e3a2263b2672ec0c76b1abf85e39&type=1&addid=30&content=7,3
INFO: [ app_init ] --START--
INFO: Run Behavior\BuildLiteBehavior [ RunTime:0.000000s ]
INFO: [ app_init ] --END-- [ RunTime:0.001000s ]
INFO: [ app_begin ] --START--
INFO: Run Behavior\ReadHtmlCacheBehavior [ RunTime:0.001000s ]
INFO: [ app_begin ] --END-- [ RunTime:0.001000s ]
SQL: SHOW COLUMNS FROM `xy_app_member` [ RunTime:0.0130s ]
SQL: SELECT `id` FROM `xy_app_member` WHERE `token` = 'a0c2e3a2263b2672ec0c76b1abf85e39' LIMIT 1   [ RunTime:0.0140s ]
SQL: SHOW COLUMNS FROM `xy_medicine` [ RunTime:0.0140s ]
SQL: SELECT `uid` FROM `xy_medicine` WHERE ( id=7 ) LIMIT 1   [ RunTime:0.0130s ]
SQL: SHOW COLUMNS FROM `xy_yaoshang` [ RunTime:0.0150s ]
SQL: SELECT `name` FROM `xy_yaoshang` WHERE ( uid=1 ) LIMIT 1   [ RunTime:0.0130s ]
SQL: SELECT `id` FROM `xy_yaoshang` WHERE ( uid=1 ) LIMIT 1   [ RunTime:0.0130s ]
SQL: SELECT `price` FROM `xy_medicine` WHERE ( id=7 ) LIMIT 1   [ RunTime:0.0120s ]
SQL: SELECT `img` FROM `xy_medicine` WHERE ( id=7 ) LIMIT 1   [ RunTime:0.0130s ]
SQL: SELECT `name` FROM `xy_medicine` WHERE ( id=7 ) LIMIT 1   [ RunTime:0.0120s ]
SQL: SELECT `format` FROM `xy_medicine` WHERE ( id=7 ) LIMIT 1   [ RunTime:0.0120s ]
SQL: SHOW COLUMNS FROM `xy_commodity` [ RunTime:0.0130s ]
SQL: INSERT INTO `xy_commodity` (`seller_id`,`seller_name`,`mid`,`num`,`name`,`format`,`img`,`numbering`,`d_price`,`price`,`uid`) VALUES ('2','辽宁众和药业有限公司','7','3','白云山 中一 障眼明片 ','0.21g*100片','/2018-11-21/5bf4d032a9e1c.png','2018120656995048','40','120','23') [ RunTime:0.0820s ]
SQL: SHOW COLUMNS FROM `xy_order` [ RunTime:0.0130s ]
SQL: INSERT INTO `xy_order` (`numbering`,`z_price`,`payment_status`,`back_status`,`send_status`,`create_time`,`pay_time`,`address_id`,`uid`,`freight`,`payment`) VALUES ('2018120656995048','120','0','0','0','1544072722','0','30','23','0','0') [ RunTime:0.0160s ]

[ 2018-12-06T13:05:37+08:00 ] ::1 /weiling/index.php/home/api/medicine_order_add?token=a0c2e3a2263b2672ec0c76b1abf85e39&type=1&addid=30&content=7,4
INFO: [ app_init ] --START--
INFO: Run Behavior\BuildLiteBehavior [ RunTime:0.000000s ]
INFO: [ app_init ] --END-- [ RunTime:0.001000s ]
INFO: [ app_begin ] --START--
INFO: Run Behavior\ReadHtmlCacheBehavior [ RunTime:0.001000s ]
INFO: [ app_begin ] --END-- [ RunTime:0.001000s ]
SQL: SHOW COLUMNS FROM `xy_app_member` [ RunTime:0.0120s ]
SQL: SELECT `id` FROM `xy_app_member` WHERE `token` = 'a0c2e3a2263b2672ec0c76b1abf85e39' LIMIT 1   [ RunTime:0.0100s ]
SQL: SHOW COLUMNS FROM `xy_medicine` [ RunTime:0.0130s ]
SQL: SELECT `uid` FROM `xy_medicine` WHERE ( id=7 ) LIMIT 1   [ RunTime:0.0120s ]
SQL: SHOW COLUMNS FROM `xy_yaoshang` [ RunTime:0.0110s ]
SQL: SELECT `name` FROM `xy_yaoshang` WHERE ( uid=1 ) LIMIT 1   [ RunTime:0.0100s ]
SQL: SELECT `id` FROM `xy_yaoshang` WHERE ( uid=1 ) LIMIT 1   [ RunTime:0.0130s ]
SQL: SELECT `price` FROM `xy_medicine` WHERE ( id=7 ) LIMIT 1   [ RunTime:0.0120s ]
SQL: SELECT `img` FROM `xy_medicine` WHERE ( id=7 ) LIMIT 1   [ RunTime:0.0120s ]
SQL: SELECT `name` FROM `xy_medicine` WHERE ( id=7 ) LIMIT 1   [ RunTime:0.0130s ]
SQL: SELECT `format` FROM `xy_medicine` WHERE ( id=7 ) LIMIT 1   [ RunTime:0.0120s ]
SQL: SHOW COLUMNS FROM `xy_commodity` [ RunTime:0.0120s ]
SQL: INSERT INTO `xy_commodity` (`seller_id`,`seller_name`,`mid`,`num`,`name`,`format`,`img`,`numbering`,`d_price`,`price`,`uid`) VALUES ('2','辽宁众和药业有限公司','7','4','白云山 中一 障眼明片 ','0.21g*100片','/2018-11-21/5bf4d032a9e1c.png','2018120655575548','40','160','23') [ RunTime:0.0160s ]
SQL: SHOW COLUMNS FROM `xy_order` [ RunTime:0.0120s ]
SQL: INSERT INTO `xy_order` (`numbering`,`z_price`,`payment_status`,`back_status`,`send_status`,`create_time`,`pay_time`,`address_id`,`uid`,`freight`,`payment`) VALUES ('2018120655575548','160','0','0','0','1544072737','0','30','23','0','0') [ RunTime:0.0150s ]

[ 2018-12-06T13:05:54+08:00 ] ::1 /weiling/index.php/home/api/medicine_order_add?token=a0c2e3a2263b2672ec0c76b1abf85e39&type=1&addid=30&content=7,5
INFO: [ app_init ] --START--
INFO: Run Behavior\BuildLiteBehavior [ RunTime:0.000000s ]
INFO: [ app_init ] --END-- [ RunTime:0.001000s ]
INFO: [ app_begin ] --START--
INFO: Run Behavior\ReadHtmlCacheBehavior [ RunTime:0.000000s ]
INFO: [ app_begin ] --END-- [ RunTime:0.000000s ]
SQL: SHOW COLUMNS FROM `xy_app_member` [ RunTime:0.0140s ]
SQL: SELECT `id` FROM `xy_app_member` WHERE `token` = 'a0c2e3a2263b2672ec0c76b1abf85e39' LIMIT 1   [ RunTime:0.0130s ]
SQL: SHOW COLUMNS FROM `xy_medicine` [ RunTime:0.0110s ]
SQL: SELECT `uid` FROM `xy_medicine` WHERE ( id=7 ) LIMIT 1   [ RunTime:0.0130s ]
SQL: SHOW COLUMNS FROM `xy_yaoshang` [ RunTime:0.0110s ]
SQL: SELECT `name` FROM `xy_yaoshang` WHERE ( uid=1 ) LIMIT 1   [ RunTime:0.0130s ]
SQL: SELECT `id` FROM `xy_yaoshang` WHERE ( uid=1 ) LIMIT 1   [ RunTime:0.0110s ]
SQL: SELECT `price` FROM `xy_medicine` WHERE ( id=7 ) LIMIT 1   [ RunTime:0.0110s ]
SQL: SELECT `img` FROM `xy_medicine` WHERE ( id=7 ) LIMIT 1   [ RunTime:0.0100s ]
SQL: SELECT `name` FROM `xy_medicine` WHERE ( id=7 ) LIMIT 1   [ RunTime:0.0130s ]
SQL: SELECT `format` FROM `xy_medicine` WHERE ( id=7 ) LIMIT 1   [ RunTime:0.0130s ]
SQL: SHOW COLUMNS FROM `xy_commodity` [ RunTime:0.0130s ]
SQL: INSERT INTO `xy_commodity` (`seller_id`,`seller_name`,`mid`,`num`,`name`,`format`,`img`,`numbering`,`d_price`,`price`,`uid`) VALUES ('2','辽宁众和药业有限公司','7','5','白云山 中一 障眼明片 ','0.21g*100片','/2018-11-21/5bf4d032a9e1c.png','2018120655559954','40','200','23') [ RunTime:0.0150s ]
SQL: SHOW COLUMNS FROM `xy_order` [ RunTime:0.0130s ]
SQL: INSERT INTO `xy_order` (`numbering`,`z_price`,`payment_status`,`back_status`,`send_status`,`create_time`,`pay_time`,`address_id`,`uid`,`freight`,`payment`) VALUES ('2018120655559954','200','0','0','0','1544072754','0','30','23','0','0') [ RunTime:0.0190s ]

[ 2018-12-06T13:28:51+08:00 ] ::1 /weiling/index.php/home/api/medicine_orderpaylist?token=a0c2e3a2263b2672ec0c76b1abf85e39&type=3
INFO: [ app_init ] --START--
INFO: Run Behavior\BuildLiteBehavior [ RunTime:0.000000s ]
INFO: [ app_init ] --END-- [ RunTime:0.001000s ]
INFO: [ app_begin ] --START--
INFO: Run Behavior\ReadHtmlCacheBehavior [ RunTime:0.001001s ]
INFO: [ app_begin ] --END-- [ RunTime:0.001001s ]
SQL: SHOW COLUMNS FROM `xy_app_member` [ RunTime:0.0140s ]
SQL: SELECT `id` FROM `xy_app_member` WHERE `token` = 'a0c2e3a2263b2672ec0c76b1abf85e39' LIMIT 1   [ RunTime:0.0120s ]
SQL: SHOW COLUMNS FROM `xy_order` [ RunTime:0.0130s ]
SQL: SELECT * FROM `xy_order` WHERE `uid` = 23 AND `payment_status` = 1  [ RunTime:0.0120s ]
SQL: SHOW COLUMNS FROM `xy_commodity` [ RunTime:0.0130s ]
SQL: SELECT `num` FROM `xy_commodity` WHERE ( numbering=2018120657539955 )  [ RunTime:0.0120s ]
SQL: SELECT * FROM `xy_commodity` WHERE ( numbering=2018120657539955 )  [ RunTime:0.0120s ]
SQL: SELECT `num` FROM `xy_commodity` WHERE ( numbering=2018120656995048 )  [ RunTime:0.0120s ]
SQL: SELECT * FROM `xy_commodity` WHERE ( numbering=2018120656995048 )  [ RunTime:0.0110s ]
SQL: SELECT `num` FROM `xy_commodity` WHERE ( numbering=2018120655575548 )  [ RunTime:0.0120s ]
SQL: SELECT * FROM `xy_commodity` WHERE ( numbering=2018120655575548 )  [ RunTime:0.0120s ]

[ 2018-12-06T13:29:42+08:00 ] ::1 /weiling/index.php/home/api/medicine_orderpaylist?token=a0c2e3a2263b2672ec0c76b1abf85e39&type=3
INFO: [ app_init ] --START--
INFO: Run Behavior\BuildLiteBehavior [ RunTime:0.000000s ]
INFO: [ app_init ] --END-- [ RunTime:0.000000s ]
INFO: [ app_begin ] --START--
INFO: Run Behavior\ReadHtmlCacheBehavior [ RunTime:0.000000s ]
INFO: [ app_begin ] --END-- [ RunTime:0.000000s ]
SQL: SHOW COLUMNS FROM `xy_app_member` [ RunTime:0.0130s ]
SQL: SELECT `id` FROM `xy_app_member` WHERE `token` = 'a0c2e3a2263b2672ec0c76b1abf85e39' LIMIT 1   [ RunTime:0.0120s ]
NOTIC: [8] Undefined index: send_status D:\phpStudy\WWW\weiling\App\Home\Controller\ApiController.class.php 第 745 行.
SQL: SHOW COLUMNS FROM `xy_order` [ RunTime:0.0120s ]
SQL: SELECT * FROM `xy_order` WHERE `uid` = 23 AND `payment_status` = 1  [ RunTime:0.0130s ]
SQL: SHOW COLUMNS FROM `xy_commodity` [ RunTime:0.0130s ]
SQL: SELECT `num` FROM `xy_commodity` WHERE ( numbering=2018120657539955 )  [ RunTime:0.0120s ]
SQL: SELECT * FROM `xy_commodity` WHERE ( numbering=2018120657539955 )  [ RunTime:0.0140s ]
SQL: SELECT `num` FROM `xy_commodity` WHERE ( numbering=2018120656995048 )  [ RunTime:0.0120s ]
SQL: SELECT * FROM `xy_commodity` WHERE ( numbering=2018120656995048 )  [ RunTime:0.0130s ]
SQL: SELECT `num` FROM `xy_commodity` WHERE ( numbering=2018120655575548 )  [ RunTime:0.0110s ]
SQL: SELECT * FROM `xy_commodity` WHERE ( numbering=2018120655575548 )  [ RunTime:0.0120s ]

[ 2018-12-06T13:31:24+08:00 ] ::1 /weiling/index.php/home/api/medicine_orderpaylist?token=a0c2e3a2263b2672ec0c76b1abf85e39&type=3
INFO: [ app_init ] --START--
INFO: Run Behavior\BuildLiteBehavior [ RunTime:0.000000s ]
INFO: [ app_init ] --END-- [ RunTime:0.000000s ]
INFO: [ app_begin ] --START--
INFO: Run Behavior\ReadHtmlCacheBehavior [ RunTime:0.003000s ]
INFO: [ app_begin ] --END-- [ RunTime:0.003000s ]
SQL: SHOW COLUMNS FROM `xy_app_member` [ RunTime:0.0130s ]
SQL: SELECT `id` FROM `xy_app_member` WHERE `token` = 'a0c2e3a2263b2672ec0c76b1abf85e39' LIMIT 1   [ RunTime:0.0120s ]
NOTIC: [8] Undefined index: send_status D:\phpStudy\WWW\weiling\App\Home\Controller\ApiController.class.php 第 745 行.
SQL: SHOW COLUMNS FROM `xy_order` [ RunTime:0.0110s ]
SQL: SELECT * FROM `xy_order` WHERE `uid` = 23 AND `payment_status` = 1  [ RunTime:0.0120s ]
SQL: SHOW COLUMNS FROM `xy_commodity` [ RunTime:0.0130s ]
SQL: SELECT `num` FROM `xy_commodity` WHERE ( numbering=2018120657539955 )  [ RunTime:0.0120s ]
SQL: SELECT * FROM `xy_commodity` WHERE ( numbering=2018120657539955 )  [ RunTime:0.0140s ]
SQL: SELECT `num` FROM `xy_commodity` WHERE ( numbering=2018120656995048 )  [ RunTime:0.0120s ]
SQL: SELECT * FROM `xy_commodity` WHERE ( numbering=2018120656995048 )  [ RunTime:0.0130s ]
SQL: SELECT `num` FROM `xy_commodity` WHERE ( numbering=2018120655575548 )  [ RunTime:0.0110s ]
SQL: SELECT * FROM `xy_commodity` WHERE ( numbering=2018120655575548 )  [ RunTime:0.0130s ]

[ 2018-12-06T13:33:05+08:00 ] ::1 /weiling/index.php/home/api/medicine_orderpaylist?token=a0c2e3a2263b2672ec0c76b1abf85e39&type=3
INFO: [ app_init ] --START--
INFO: Run Behavior\BuildLiteBehavior [ RunTime:0.000000s ]
INFO: [ app_init ] --END-- [ RunTime:0.000000s ]
INFO: [ app_begin ] --START--
INFO: Run Behavior\ReadHtmlCacheBehavior [ RunTime:0.000000s ]
INFO: [ app_begin ] --END-- [ RunTime:0.000000s ]
SQL: SHOW COLUMNS FROM `xy_app_member` [ RunTime:0.0130s ]
SQL: SELECT `id` FROM `xy_app_member` WHERE `token` = 'a0c2e3a2263b2672ec0c76b1abf85e39' LIMIT 1   [ RunTime:0.0120s ]
SQL: SHOW COLUMNS FROM `xy_order` [ RunTime:0.0120s ]
SQL: SELECT * FROM `xy_order` WHERE ( uid=23 and payment_status=1 and send_status!=2 )  [ RunTime:0.0120s ]
SQL: SHOW COLUMNS FROM `xy_commodity` [ RunTime:0.0130s ]
SQL: SELECT `num` FROM `xy_commodity` WHERE ( numbering=2018120656995048 )  [ RunTime:0.0110s ]
SQL: SELECT * FROM `xy_commodity` WHERE ( numbering=2018120656995048 )  [ RunTime:0.0130s ]
SQL: SELECT `num` FROM `xy_commodity` WHERE ( numbering=2018120655575548 )  [ RunTime:0.0120s ]
SQL: SELECT * FROM `xy_commodity` WHERE ( numbering=2018120655575548 )  [ RunTime:0.0120s ]

[ 2018-12-06T13:36:50+08:00 ] ::1 /weiling/index.php/home/api/medicine_orderpaylist?token=a0c2e3a2263b2672ec0c76b1abf85e39&type=1
INFO: [ app_init ] --START--
INFO: Run Behavior\BuildLiteBehavior [ RunTime:0.000000s ]
INFO: [ app_init ] --END-- [ RunTime:0.001000s ]
INFO: [ app_begin ] --START--
INFO: Run Behavior\ReadHtmlCacheBehavior [ RunTime:0.001000s ]
INFO: [ app_begin ] --END-- [ RunTime:0.001000s ]
SQL: SHOW COLUMNS FROM `xy_app_member` [ RunTime:0.0310s ]
SQL: SELECT `id` FROM `xy_app_member` WHERE `token` = 'a0c2e3a2263b2672ec0c76b1abf85e39' LIMIT 1   [ RunTime:0.0120s ]
SQL: SHOW COLUMNS FROM `xy_order` [ RunTime:0.0270s ]
SQL: SELECT * FROM `xy_order` WHERE ( uid=23 and payment_status!=3 )  [ RunTime:0.0110s ]
SQL: SHOW COLUMNS FROM `xy_commodity` [ RunTime:0.0290s ]
SQL: SELECT `num` FROM `xy_commodity` WHERE ( numbering=2018120498485756 )  [ RunTime:0.0110s ]
SQL: SELECT * FROM `xy_commodity` WHERE ( numbering=2018120498485756 )  [ RunTime:0.0290s ]
SQL: SELECT `num` FROM `xy_commodity` WHERE ( numbering=2018120698505751 )  [ RunTime:0.0120s ]
SQL: SELECT * FROM `xy_commodity` WHERE ( numbering=2018120698505751 )  [ RunTime:0.0270s ]
SQL: SELECT `num` FROM `xy_commodity` WHERE ( numbering=2018120657539955 )  [ RunTime:0.0110s ]
SQL: SELECT * FROM `xy_commodity` WHERE ( numbering=2018120657539955 )  [ RunTime:0.0280s ]
SQL: SELECT `num` FROM `xy_commodity` WHERE ( numbering=2018120656995048 )  [ RunTime:0.0140s ]
SQL: SELECT * FROM `xy_commodity` WHERE ( numbering=2018120656995048 )  [ RunTime:0.0270s ]
SQL: SELECT `num` FROM `xy_commodity` WHERE ( numbering=2018120655575548 )  [ RunTime:0.0110s ]
SQL: SELECT * FROM `xy_commodity` WHERE ( numbering=2018120655575548 )  [ RunTime:0.0270s ]
SQL: SELECT `num` FROM `xy_commodity` WHERE ( numbering=2018120655559954 )  [ RunTime:0.0120s ]
SQL: SELECT * FROM `xy_commodity` WHERE ( numbering=2018120655559954 )  [ RunTime:0.0290s ]

[ 2018-12-06T13:45:44+08:00 ] ::1 /weiling/index.php/home/api/medicineorder_change?token=a0c2e3a2263b2672ec0c76b1abf85e39&type=2&ordernumber=2018120656995048
INFO: [ app_init ] --START--
INFO: Run Behavior\BuildLiteBehavior [ RunTime:0.000000s ]
INFO: [ app_init ] --END-- [ RunTime:0.000000s ]
INFO: [ app_begin ] --START--
INFO: Run Behavior\ReadHtmlCacheBehavior [ RunTime:0.001000s ]
INFO: [ app_begin ] --END-- [ RunTime:0.002000s ]
SQL: SHOW COLUMNS FROM `xy_app_member` [ RunTime:0.0120s ]
SQL: SELECT `id` FROM `xy_app_member` WHERE `token` = 'a0c2e3a2263b2672ec0c76b1abf85e39' LIMIT 1   [ RunTime:0.0120s ]
SQL: SHOW COLUMNS FROM `xy_order` [ RunTime:0.0130s ]
SQL: UPDATE `xy_order` SET `send_status`='2' WHERE `uid` = 23 AND `numbering` = '2018120656995048' [ RunTime:0.0160s ]

[ 2018-12-06T13:46:21+08:00 ] ::1 /weiling/index.php/home/api/medicineorder_change?token=a0c2e3a2263b2672ec0c76b1abf85e39&type=1&ordernumber=2018120698505751
INFO: [ app_init ] --START--
INFO: Run Behavior\BuildLiteBehavior [ RunTime:0.000000s ]
INFO: [ app_init ] --END-- [ RunTime:0.000000s ]
INFO: [ app_begin ] --START--
INFO: Run Behavior\ReadHtmlCacheBehavior [ RunTime:0.002000s ]
INFO: [ app_begin ] --END-- [ RunTime:0.002000s ]
SQL: SHOW COLUMNS FROM `xy_app_member` [ RunTime:0.0120s ]
SQL: SELECT `id` FROM `xy_app_member` WHERE `token` = 'a0c2e3a2263b2672ec0c76b1abf85e39' LIMIT 1   [ RunTime:0.0120s ]
SQL: SHOW COLUMNS FROM `xy_order` [ RunTime:0.0140s ]
SQL: UPDATE `xy_order` SET `payment_status`='3' WHERE `uid` = 23 AND `numbering` = '2018120698505751' [ RunTime:0.0170s ]

[ 2018-12-06T13:46:52+08:00 ] ::1 /weiling/index.php/home/api/medicineorder_change?token=a0c2e3a2263b2672ec0c76b1abf85e39&type=3&ordernumber=2018120655559954
INFO: [ app_init ] --START--
INFO: Run Behavior\BuildLiteBehavior [ RunTime:0.000000s ]
INFO: [ app_init ] --END-- [ RunTime:0.000000s ]
INFO: [ app_begin ] --START--
INFO: Run Behavior\ReadHtmlCacheBehavior [ RunTime:0.000000s ]
INFO: [ app_begin ] --END-- [ RunTime:0.000000s ]
SQL: SHOW COLUMNS FROM `xy_app_member` [ RunTime:0.0130s ]
SQL: SELECT `id` FROM `xy_app_member` WHERE `token` = 'a0c2e3a2263b2672ec0c76b1abf85e39' LIMIT 1   [ RunTime:0.0100s ]
SQL: SHOW COLUMNS FROM `xy_order` [ RunTime:0.0120s ]
SQL: UPDATE `xy_order` SET `payment_status`='2' WHERE `uid` = 23 AND `numbering` = '2018120655559954' [ RunTime:0.0160s ]

[ 2018-12-06T14:06:51+08:00 ] ::1 /weiling/index.php/home/api/expertside_login?username=4&password=1234567
INFO: [ app_init ] --START--
INFO: Run Behavior\BuildLiteBehavior [ RunTime:0.000000s ]
INFO: [ app_init ] --END-- [ RunTime:0.000000s ]
INFO: [ app_begin ] --START--
INFO: Run Behavior\ReadHtmlCacheBehavior [ RunTime:0.000000s ]
INFO: [ app_begin ] --END-- [ RunTime:0.000000s ]
SQL: SHOW COLUMNS FROM `xy_app_member` [ RunTime:0.0130s ]
SQL: SELECT * FROM `xy_app_member` WHERE `user_account` = '4' AND `user_password` = '224cf2b695a5e8ecaecfb9015161fa4b' LIMIT 1   [ RunTime:0.0130s ]
NOTIC: [8] Undefined index: password D:\phpStudy\WWW\weiling\App\Home\Controller\ApiController.class.php 第 69 行.
NOTIC: [8] Array to string conversion D:\phpStudy\WWW\weiling\App\Home\Controller\ApiController.class.php 第 69 行.
SQL: SELECT * FROM `xy_app_member` WHERE `user_account` = '4' AND `user_password` = '224cf2b695a5e8ecaecfb9015161fa4b' LIMIT 1   [ RunTime:0.0140s ]
SQL: SHOW COLUMNS FROM `xy_expert` [ RunTime:0.0130s ]
SQL: SELECT * FROM `xy_expert` WHERE ( app_id=30 )  [ RunTime:0.0110s ]
SQL: SHOW COLUMNS FROM `xy_department` [ RunTime:0.0140s ]
SQL: SELECT `name` FROM `xy_department` WHERE ( id=4 ) LIMIT 1   [ RunTime:0.0130s ]

[ 2018-12-06T16:06:37+08:00 ] ::1 /weiling/index.php/home/api/expertside_login?username=1&password=1234567
INFO: [ app_init ] --START--
INFO: Run Behavior\BuildLiteBehavior [ RunTime:0.000000s ]
INFO: [ app_init ] --END-- [ RunTime:0.001000s ]
INFO: [ app_begin ] --START--
INFO: Run Behavior\ReadHtmlCacheBehavior [ RunTime:0.001001s ]
INFO: [ app_begin ] --END-- [ RunTime:0.001001s ]
SQL: SHOW COLUMNS FROM `xy_app_member` [ RunTime:0.0130s ]
SQL: SELECT * FROM `xy_app_member` WHERE `user_account` = '1' AND `user_password` = '224cf2b695a5e8ecaecfb9015161fa4b' LIMIT 1   [ RunTime:0.0100s ]
NOTIC: [8] Undefined index: password D:\phpStudy\WWW\weiling\App\Home\Controller\ApiController.class.php 第 77 行.
NOTIC: [8] Array to string conversion D:\phpStudy\WWW\weiling\App\Home\Controller\ApiController.class.php 第 77 行.
SQL: SELECT * FROM `xy_app_member` WHERE `user_account` = '1' AND `user_password` = '224cf2b695a5e8ecaecfb9015161fa4b' LIMIT 1   [ RunTime:0.0130s ]
SQL: SHOW COLUMNS FROM `xy_expert` [ RunTime:0.0140s ]
SQL: SELECT * FROM `xy_expert` WHERE ( app_id=23 )  [ RunTime:0.0140s ]
NOTIC: [2] Invalid argument supplied for foreach() D:\phpStudy\WWW\weiling\App\Home\Controller\ApiController.class.php 第 93 行.
NOTIC: [8] Undefined index: introduction D:\phpStudy\WWW\weiling\App\Home\Controller\ApiController.class.php 第 116 行.
NOTIC: [8] Undefined index: doctortype D:\phpStudy\WWW\weiling\App\Home\Controller\ApiController.class.php 第 117 行.

[ 2018-12-06T16:06:56+08:00 ] ::1 /weiling/index.php/home/api/login?username=4&password=1234567
INFO: [ app_init ] --START--
INFO: Run Behavior\BuildLiteBehavior [ RunTime:0.000000s ]
INFO: [ app_init ] --END-- [ RunTime:0.002000s ]
INFO: [ app_begin ] --START--
INFO: Run Behavior\ReadHtmlCacheBehavior [ RunTime:0.001000s ]
INFO: [ app_begin ] --END-- [ RunTime:0.001000s ]
SQL: SHOW COLUMNS FROM `xy_app_member` [ RunTime:0.0130s ]
SQL: SELECT * FROM `xy_app_member` WHERE `user_account` = '4' AND `user_password` = '224cf2b695a5e8ecaecfb9015161fa4b' LIMIT 1   [ RunTime:0.0130s ]
NOTIC: [8] Undefined index: password D:\phpStudy\WWW\weiling\App\Home\Controller\ApiController.class.php 第 27 行.
NOTIC: [8] Array to string conversion D:\phpStudy\WWW\weiling\App\Home\Controller\ApiController.class.php 第 27 行.
SQL: SELECT * FROM `xy_app_member` WHERE `user_account` = '4' AND `user_password` = '224cf2b695a5e8ecaecfb9015161fa4b' LIMIT 1   [ RunTime:0.0140s ]

[ 2018-12-06T16:36:35+08:00 ] ::1 /weiling/index.php/home/api/msg_send?mobile%20=15545683595
INFO: [ app_init ] --START--
INFO: Run Behavior\BuildLiteBehavior [ RunTime:0.000000s ]
INFO: [ app_init ] --END-- [ RunTime:0.000000s ]
INFO: [ app_begin ] --START--
INFO: Run Behavior\ReadHtmlCacheBehavior [ RunTime:0.003001s ]
INFO: [ app_begin ] --END-- [ RunTime:0.003001s ]
NOTIC: [8] Undefined index: mobile D:\phpStudy\WWW\weiling\App\Home\Controller\ApiController.class.php 第 137 行.

[ 2018-12-06T16:37:11+08:00 ] ::1 /weiling/index.php/home/api/msg_send?mobile%20=15545683595
INFO: [ app_init ] --START--
INFO: Run Behavior\BuildLiteBehavior [ RunTime:0.000000s ]
INFO: [ app_init ] --END-- [ RunTime:0.000000s ]
INFO: [ app_begin ] --START--
INFO: Run Behavior\ReadHtmlCacheBehavior [ RunTime:0.000000s ]
INFO: [ app_begin ] --END-- [ RunTime:0.000000s ]
NOTIC: [8] Undefined index: mobile D:\phpStudy\WWW\weiling\App\Home\Controller\ApiController.class.php 第 137 行.

[ 2018-12-06T16:37:15+08:00 ] ::1 /weiling/index.php/home/api/msg_send?mobile%20=15545683595
INFO: [ app_init ] --START--
INFO: Run Behavior\BuildLiteBehavior [ RunTime:0.000000s ]
INFO: [ app_init ] --END-- [ RunTime:0.000000s ]
INFO: [ app_begin ] --START--
INFO: Run Behavior\ReadHtmlCacheBehavior [ RunTime:0.001000s ]
INFO: [ app_begin ] --END-- [ RunTime:0.001000s ]
NOTIC: [8] Undefined index: mobile D:\phpStudy\WWW\weiling\App\Home\Controller\ApiController.class.php 第 137 行.

[ 2018-12-06T16:37:50+08:00 ] ::1 /weiling/index.php/home/api/msg_send?mobile=15545683595
INFO: [ app_init ] --START--
INFO: Run Behavior\BuildLiteBehavior [ RunTime:0.000000s ]
INFO: [ app_init ] --END-- [ RunTime:0.001000s ]
INFO: [ app_begin ] --START--
INFO: Run Behavior\ReadHtmlCacheBehavior [ RunTime:0.001000s ]
INFO: [ app_begin ] --END-- [ RunTime:0.001000s ]
SQL: SHOW COLUMNS FROM `xy_mobilecode` [ RunTime:0.0130s ]
SQL: INSERT INTO `xy_mobilecode` (`mobile`,`code`,`sendtime`) VALUES ('15545683595','595922','1544085459') [ RunTime:0.0150s ]
SQL: SELECT `sendtime` FROM `xy_mobilecode` WHERE ( mobile=15545683595 ) LIMIT 1   [ RunTime:0.0120s ]
INFO: [ app_end ] --START--
INFO: Run Behavior\ShowPageTraceBehavior [ RunTime:0.001000s ]
INFO: [ app_end ] --END-- [ RunTime:0.001000s ]

[ 2018-12-06T16:40:09+08:00 ] ::1 /weiling/index.php?s=/Home/index/main.html&_=1544085599282
INFO: [ app_init ] --START--
INFO: Run Behavior\BuildLiteBehavior [ RunTime:0.000000s ]
INFO: [ app_init ] --END-- [ RunTime:0.001000s ]
INFO: [ app_begin ] --START--
INFO: Run Behavior\ReadHtmlCacheBehavior [ RunTime:0.000000s ]
INFO: [ app_begin ] --END-- [ RunTime:0.000000s ]
NOTIC: [2048] Declaration of Home\Controller\IndexController::index() should be compatible with Common\Controller\BaseController::index($uid = '') D:\phpStudy\WWW\weiling\App\Home\Controller\IndexController.class.php 第 5 行.
SQL: SHOW COLUMNS FROM `xy_user` [ RunTime:0.0130s ]
SQL: SELECT * FROM `xy_user` WHERE `id` = 1 LIMIT 1   [ RunTime:0.0120s ]
INFO: [ view_parse ] --START--
INFO: [ template_filter ] --START--
INFO: Run Behavior\ContentReplaceBehavior [ RunTime:0.000000s ]
INFO: [ template_filter ] --END-- [ RunTime:0.000000s ]
SQL: SHOW COLUMNS FROM `xy_quxiang` [ RunTime:0.0120s ]
SQL: SELECT * FROM `xy_quxiang` ORDER BY id desc LIMIT 5   [ RunTime:0.0120s ]
SQL: SELECT `depname` FROM `xy_user` WHERE ( id=16 ) LIMIT 1   [ RunTime:0.0130s ]
SQL: SHOW COLUMNS FROM `xy_renwu` [ RunTime:0.0120s ]
NOTIC: [8] Use of undefined constant uid - assumed 'uid' D:\phpStudy\WWW\weiling\App\Runtime\Cache\Home\8d1be3c46ef179b9e01c2c8d3de21c37.php 第 157 行.
SQL: SELECT * FROM `xy_renwu` WHERE `juid` LIKE '%1%' ORDER BY id desc LIMIT 5   [ RunTime:0.0130s ]
SQL: SHOW COLUMNS FROM `xy_tongzhi` [ RunTime:0.0130s ]
NOTIC: [8] Use of undefined constant uid - assumed 'uid' D:\phpStudy\WWW\weiling\App\Runtime\Cache\Home\8d1be3c46ef179b9e01c2c8d3de21c37.php 第 215 行.
SQL: SELECT * FROM `xy_tongzhi` WHERE `juid` LIKE '%1%' ORDER BY id desc LIMIT 5   [ RunTime:0.0130s ]
SQL: SHOW COLUMNS FROM `xy_cust` [ RunTime:0.0120s ]
SQL: SELECT * FROM `xy_cust` WHERE ( `xiaci` >= '2018-11-29' AND `xiaci` <= '2019-01-06'  ) AND (  `uid` = '1' OR `juid` LIKE '%1%' ) LIMIT 5   [ RunTime:0.0150s ]
SQL: SHOW COLUMNS FROM `xy_fahuo` [ RunTime:0.0130s ]
SQL: SELECT * FROM `xy_fahuo` ORDER BY id desc LIMIT 5   [ RunTime:0.0120s ]
SQL: SHOW COLUMNS FROM `xy_hetong` [ RunTime:0.0110s ]
SQL: SELECT * FROM `xy_hetong` WHERE (  `uid` = '1' OR `juid` LIKE '%1%' ) AND ( `jztime` >= '2018-11-29' AND `jztime` <= '2019-01-06'  ) LIMIT 5   [ RunTime:0.0130s ]
INFO: Run Behavior\ParseTemplateBehavior [ RunTime:0.200012s ]
INFO: [ view_parse ] --END-- [ RunTime:0.200012s ]
INFO: [ view_filter ] --START--
INFO: Run Behavior\WriteHtmlCacheBehavior [ RunTime:0.001000s ]
INFO: [ view_filter ] --END-- [ RunTime:0.001000s ]
INFO: [ app_end ] --START--
INFO: Run Behavior\ShowPageTraceBehavior [ RunTime:0.001000s ]
INFO: [ app_end ] --END-- [ RunTime:0.001000s ]

[ 2018-12-06T16:40:19+08:00 ] ::1 /weiling/index.php/home/member/index?_=1544085608055
INFO: [ app_init ] --START--
INFO: Run Behavior\BuildLiteBehavior [ RunTime:0.000000s ]
INFO: [ app_init ] --END-- [ RunTime:0.001000s ]
INFO: [ app_begin ] --START--
INFO: Run Behavior\ReadHtmlCacheBehavior [ RunTime:0.002000s ]
INFO: [ app_begin ] --END-- [ RunTime:0.002000s ]
NOTIC: [2048] Declaration of Home\Controller\MemberController::del() should be compatible with Common\Controller\BaseController::del() D:\phpStudy\WWW\weiling\App\Home\Controller\MemberController.class.php 第 5 行.
SQL: SHOW COLUMNS FROM `xy_app_member` [ RunTime:0.0140s ]
NOTIC: [8] Undefined variable: order D:\phpStudy\WWW\weiling\App\Common\Controller\BaseController.class.php 第 285 行.
NOTIC: [8] Undefined variable: sort D:\phpStudy\WWW\weiling\App\Common\Controller\BaseController.class.php 第 305 行.
NOTIC: [8] Undefined variable: pageCurrent D:\phpStudy\WWW\weiling\App\Common\Controller\BaseController.class.php 第 321 行.
SQL: SELECT COUNT(*) AS tp_count FROM `xy_app_member` WHERE (  `id` <> '0' ) LIMIT 1   [ RunTime:0.0110s ]
SQL: SELECT * FROM `xy_app_member` WHERE (  `id` <> '0' ) ORDER BY `id` desc LIMIT 0,50   [ RunTime:0.0120s ]
NOTIC: [8] Undefined index: adminid D:\phpStudy\WWW\weiling\App\Home\Controller\MemberController.class.php 第 22 行.
SQL: SHOW COLUMNS FROM `xy_user` [ RunTime:0.0120s ]
SQL: SELECT `username` FROM `xy_user` WHERE ( id='' ) LIMIT 1   [ RunTime:0.0130s ]
NOTIC: [8] Undefined index: adminid D:\phpStudy\WWW\weiling\App\Home\Controller\MemberController.class.php 第 22 行.
SQL: SELECT `username` FROM `xy_user` WHERE ( id='' ) LIMIT 1   [ RunTime:0.0130s ]
NOTIC: [8] Undefined index: adminid D:\phpStudy\WWW\weiling\App\Home\Controller\MemberController.class.php 第 22 行.
SQL: SELECT `username` FROM `xy_user` WHERE ( id='' ) LIMIT 1   [ RunTime:0.0120s ]
NOTIC: [8] Undefined index: adminid D:\phpStudy\WWW\weiling\App\Home\Controller\MemberController.class.php 第 22 行.
SQL: SELECT `username` FROM `xy_user` WHERE ( id='' ) LIMIT 1   [ RunTime:0.0130s ]
INFO: [ view_parse ] --START--
INFO: [ template_filter ] --START--
INFO: Run Behavior\ContentReplaceBehavior [ RunTime:0.000000s ]
INFO: [ template_filter ] --END-- [ RunTime:0.000000s ]
NOTIC: [8] Undefined index: keys D:\phpStudy\WWW\weiling\App\Runtime\Cache\Home\3dab0a4f692bc604129dcf4465678572.php 第 8 行.
INFO: Run Behavior\ParseTemplateBehavior [ RunTime:0.009000s ]
INFO: [ view_parse ] --END-- [ RunTime:0.009000s ]
INFO: [ view_filter ] --START--
INFO: Run Behavior\WriteHtmlCacheBehavior [ RunTime:0.001000s ]
INFO: [ view_filter ] --END-- [ RunTime:0.001000s ]
INFO: [ app_end ] --START--
INFO: Run Behavior\ShowPageTraceBehavior [ RunTime:0.001000s ]
INFO: [ app_end ] --END-- [ RunTime:0.001000s ]

[ 2018-12-06T16:40:32+08:00 ] ::1 /weiling/index.php?s=/Home/Member/add/navTabId/Member&_=1544085622914
INFO: [ app_init ] --START--
INFO: Run Behavior\BuildLiteBehavior [ RunTime:0.000000s ]
INFO: [ app_init ] --END-- [ RunTime:0.001000s ]
INFO: [ app_begin ] --START--
INFO: Run Behavior\ReadHtmlCacheBehavior [ RunTime:0.001001s ]
INFO: [ app_begin ] --END-- [ RunTime:0.001001s ]
NOTIC: [2048] Declaration of Home\Controller\MemberController::del() should be compatible with Common\Controller\BaseController::del() D:\phpStudy\WWW\weiling\App\Home\Controller\MemberController.class.php 第 5 行.
SQL: SHOW COLUMNS FROM `xy_auth_group` [ RunTime:0.0140s ]
SQL: SELECT * FROM `xy_auth_group` WHERE `pid` = 0 AND `type` = 0 ORDER BY sort  [ RunTime:0.0130s ]
SQL: SELECT * FROM `xy_auth_group` WHERE `pid` = 1 AND `type` = 0 ORDER BY sort  [ RunTime:0.0100s ]
SQL: SELECT * FROM `xy_auth_group` WHERE `pid` = 14 AND `type` = 0 ORDER BY sort  [ RunTime:0.0140s ]
SQL: SELECT * FROM `xy_auth_group` WHERE `pid` = 15 AND `type` = 0 ORDER BY sort  [ RunTime:0.0120s ]
SQL: SELECT * FROM `xy_auth_group` WHERE `pid` = 16 AND `type` = 0 ORDER BY sort  [ RunTime:0.0120s ]
INFO: [ view_parse ] --START--
INFO: [ template_filter ] --START--
INFO: Run Behavior\ContentReplaceBehavior [ RunTime:0.000000s ]
INFO: [ template_filter ] --END-- [ RunTime:0.001000s ]
NOTIC: [8] Undefined variable: id D:\phpStudy\WWW\weiling\App\Runtime\Cache\Home\6e60062fbc720252fade39763ea624f3.php 第 11 行.
INFO: Run Behavior\ParseTemplateBehavior [ RunTime:0.009000s ]
INFO: [ view_parse ] --END-- [ RunTime:0.009000s ]
INFO: [ view_filter ] --START--
INFO: Run Behavior\WriteHtmlCacheBehavior [ RunTime:0.000000s ]
INFO: [ view_filter ] --END-- [ RunTime:0.000000s ]
INFO: [ app_end ] --START--
INFO: Run Behavior\ShowPageTraceBehavior [ RunTime:0.001000s ]
INFO: [ app_end ] --END-- [ RunTime:0.001000s ]

[ 2018-12-06T16:41:18+08:00 ] ::1 /weiling/index.php?s=/Home/Member/add/navTabId/Member
INFO: [ app_init ] --START--
INFO: Run Behavior\BuildLiteBehavior [ RunTime:0.000000s ]
INFO: [ app_init ] --END-- [ RunTime:0.001000s ]
INFO: [ app_begin ] --START--
INFO: Run Behavior\ReadHtmlCacheBehavior [ RunTime:0.001000s ]
INFO: [ app_begin ] --END-- [ RunTime:0.001000s ]
NOTIC: [2048] Declaration of Home\Controller\MemberController::del() should be compatible with Common\Controller\BaseController::del() D:\phpStudy\WWW\weiling\App\Home\Controller\MemberController.class.php 第 5 行.
SQL: SHOW COLUMNS FROM `xy_app_member` [ RunTime:0.0120s ]
NOTIC: [2] finfo_file(): Empty filename or path D:\phpStudy\WWW\weiling\Core\Library\Think\Upload.class.php 第 152 行.
NOTIC: [8] Undefined variable: id D:\phpStudy\WWW\weiling\App\Home\Controller\MemberController.class.php 第 55 行.
SQL: SHOW COLUMNS FROM `xy_user` [ RunTime:0.0130s ]
SQL: UPDATE `xy_user` SET `update_time`='1544085678' WHERE `id` = 1 [ RunTime:0.0130s ]
SQL: SHOW COLUMNS FROM `xy_log` [ RunTime:0.0130s ]
SQL: INSERT INTO `xy_log` (`username`,`content`,`os`,`url`,`addtime`,`ip`) VALUES ('admin','文件未上传成功','Mozilla/5.0 (Windows NT 6.1; Win64; x64) AppleWebKit/537.36 (KHTML, like Gecko) Chrome/69.0.3497.100 Safari/537.36','/weiling/index.php?s=/Home/Member/add.html','2018-12-06 16:41:18','0.0.0.0') [ RunTime:0.0150s ]

[ 2018-12-06T16:41:35+08:00 ] ::1 /weiling/index.php?s=/Home/Member/add/navTabId/Member
INFO: [ app_init ] --START--
INFO: Run Behavior\BuildLiteBehavior [ RunTime:0.000000s ]
INFO: [ app_init ] --END-- [ RunTime:0.004001s ]
INFO: [ app_begin ] --START--
INFO: Run Behavior\ReadHtmlCacheBehavior [ RunTime:0.001000s ]
INFO: [ app_begin ] --END-- [ RunTime:0.002001s ]
NOTIC: [2048] Declaration of Home\Controller\MemberController::del() should be compatible with Common\Controller\BaseController::del() D:\phpStudy\WWW\weiling\App\Home\Controller\MemberController.class.php 第 5 行.
SQL: SHOW COLUMNS FROM `xy_app_member` [ RunTime:0.0140s ]
NOTIC: [2] call_user_func() expects parameter 1 to be a valid callback, no array or string given D:\phpStudy\WWW\weiling\Core\Library\Think\Upload.class.php 第 170 行.
SQL: INSERT INTO `xy_app_member` (`user_account`,`user_password`,`real_name`,`type`,`idcard`,`telephone`,`sex`,`birth`,`area`,`aptitude`,`time`,`headimg`) VALUES ('4','fcea920f7412b5da7be0cf42b8c93759','213123','1','12313','12131','0','123123','13123','123132','1544085695','/2018-12-06/5c08e0bf3f312.png') [ RunTime:0.0150s ]
SQL: SHOW COLUMNS FROM `xy_user` [ RunTime:0.0140s ]
SQL: UPDATE `xy_user` SET `update_time`='1544085695' WHERE `id` = 1 [ RunTime:0.0140s ]
SQL: SHOW COLUMNS FROM `xy_log` [ RunTime:0.0140s ]
SQL: INSERT INTO `xy_log` (`username`,`content`,`os`,`url`,`addtime`,`ip`) VALUES ('admin','新增成功31','Mozilla/5.0 (Windows NT 6.1; Win64; x64) AppleWebKit/537.36 (KHTML, like Gecko) Chrome/69.0.3497.100 Safari/537.36','/weiling/index.php?s=/Home/Member/add.html','2018-12-06 16:41:35','0.0.0.0') [ RunTime:0.0140s ]

[ 2018-12-06T16:41:45+08:00 ] ::1 /weiling/index.php/home/member/index?_=1544085695465
INFO: [ app_init ] --START--
INFO: Run Behavior\BuildLiteBehavior [ RunTime:0.000000s ]
INFO: [ app_init ] --END-- [ RunTime:0.001000s ]
INFO: [ app_begin ] --START--
INFO: Run Behavior\ReadHtmlCacheBehavior [ RunTime:0.004000s ]
INFO: [ app_begin ] --END-- [ RunTime:0.004000s ]
NOTIC: [2048] Declaration of Home\Controller\MemberController::del() should be compatible with Common\Controller\BaseController::del() D:\phpStudy\WWW\weiling\App\Home\Controller\MemberController.class.php 第 5 行.
SQL: SHOW COLUMNS FROM `xy_app_member` [ RunTime:0.0130s ]
NOTIC: [8] Undefined variable: order D:\phpStudy\WWW\weiling\App\Common\Controller\BaseController.class.php 第 285 行.
NOTIC: [8] Undefined variable: sort D:\phpStudy\WWW\weiling\App\Common\Controller\BaseController.class.php 第 305 行.
NOTIC: [8] Undefined variable: pageCurrent D:\phpStudy\WWW\weiling\App\Common\Controller\BaseController.class.php 第 321 行.
SQL: SELECT COUNT(*) AS tp_count FROM `xy_app_member` WHERE (  `id` <> '0' ) LIMIT 1   [ RunTime:0.0120s ]
SQL: SELECT * FROM `xy_app_member` WHERE (  `id` <> '0' ) ORDER BY `id` desc LIMIT 0,50   [ RunTime:0.0130s ]
NOTIC: [8] Undefined index: adminid D:\phpStudy\WWW\weiling\App\Home\Controller\MemberController.class.php 第 22 行.
SQL: SHOW COLUMNS FROM `xy_user` [ RunTime:0.0130s ]
SQL: SELECT `username` FROM `xy_user` WHERE ( id='' ) LIMIT 1   [ RunTime:0.0120s ]
NOTIC: [8] Undefined index: adminid D:\phpStudy\WWW\weiling\App\Home\Controller\MemberController.class.php 第 22 行.
SQL: SELECT `username` FROM `xy_user` WHERE ( id='' ) LIMIT 1   [ RunTime:0.0110s ]
NOTIC: [8] Undefined index: adminid D:\phpStudy\WWW\weiling\App\Home\Controller\MemberController.class.php 第 22 行.
SQL: SELECT `username` FROM `xy_user` WHERE ( id='' ) LIMIT 1   [ RunTime:0.0120s ]
NOTIC: [8] Undefined index: adminid D:\phpStudy\WWW\weiling\App\Home\Controller\MemberController.class.php 第 22 行.
SQL: SELECT `username` FROM `xy_user` WHERE ( id='' ) LIMIT 1   [ RunTime:0.0120s ]
NOTIC: [8] Undefined index: adminid D:\phpStudy\WWW\weiling\App\Home\Controller\MemberController.class.php 第 22 行.
SQL: SELECT `username` FROM `xy_user` WHERE ( id='' ) LIMIT 1   [ RunTime:0.0110s ]
INFO: [ view_parse ] --START--
INFO: [ template_filter ] --START--
INFO: Run Behavior\ContentReplaceBehavior [ RunTime:0.001000s ]
INFO: [ template_filter ] --END-- [ RunTime:0.001000s ]
NOTIC: [8] Undefined index: keys D:\phpStudy\WWW\weiling\App\Runtime\Cache\Home\3dab0a4f692bc604129dcf4465678572.php 第 8 行.
INFO: Run Behavior\ParseTemplateBehavior [ RunTime:0.012001s ]
INFO: [ view_parse ] --END-- [ RunTime:0.012001s ]
INFO: [ view_filter ] --START--
INFO: Run Behavior\WriteHtmlCacheBehavior [ RunTime:0.001000s ]
INFO: [ view_filter ] --END-- [ RunTime:0.001000s ]
INFO: [ app_end ] --START--
INFO: Run Behavior\ShowPageTraceBehavior [ RunTime:0.001000s ]
INFO: [ app_end ] --END-- [ RunTime:0.001000s ]

[ 2018-12-06T16:43:09+08:00 ] ::1 /weiling/index.php?s=/Home/Member/edit/id/30/navTabId/Member&_=1544085779723
INFO: [ app_init ] --START--
INFO: Run Behavior\BuildLiteBehavior [ RunTime:0.000000s ]
INFO: [ app_init ] --END-- [ RunTime:0.001000s ]
INFO: [ app_begin ] --START--
INFO: Run Behavior\ReadHtmlCacheBehavior [ RunTime:0.007000s ]
INFO: [ app_begin ] --END-- [ RunTime:0.007000s ]
NOTIC: [2048] Declaration of Home\Controller\MemberController::del() should be compatible with Common\Controller\BaseController::del() D:\phpStudy\WWW\weiling\App\Home\Controller\MemberController.class.php 第 5 行.
SQL: SHOW COLUMNS FROM `xy_app_member` [ RunTime:0.0120s ]
SQL: SHOW COLUMNS FROM `xy_auth_group` [ RunTime:0.0130s ]
SQL: SELECT * FROM `xy_auth_group` WHERE `pid` = 0 AND `type` = 0 ORDER BY sort  [ RunTime:0.0130s ]
SQL: SELECT * FROM `xy_auth_group` WHERE `pid` = 1 AND `type` = 0 ORDER BY sort  [ RunTime:0.0130s ]
SQL: SELECT * FROM `xy_auth_group` WHERE `pid` = 14 AND `type` = 0 ORDER BY sort  [ RunTime:0.0120s ]
SQL: SELECT * FROM `xy_auth_group` WHERE `pid` = 15 AND `type` = 0 ORDER BY sort  [ RunTime:0.0170s ]
SQL: SELECT * FROM `xy_auth_group` WHERE `pid` = 16 AND `type` = 0 ORDER BY sort  [ RunTime:0.0130s ]
SQL: SELECT * FROM `xy_app_member` WHERE `id` = 30 LIMIT 1   [ RunTime:0.0150s ]
INFO: [ view_parse ] --START--
INFO: [ template_filter ] --START--
INFO: Run Behavior\ContentReplaceBehavior [ RunTime:0.000000s ]
INFO: [ template_filter ] --END-- [ RunTime:0.001000s ]
INFO: Run Behavior\ParseTemplateBehavior [ RunTime:0.008001s ]
INFO: [ view_parse ] --END-- [ RunTime:0.008001s ]
INFO: [ view_filter ] --START--
INFO: Run Behavior\WriteHtmlCacheBehavior [ RunTime:0.000000s ]
INFO: [ view_filter ] --END-- [ RunTime:0.000000s ]
INFO: [ app_end ] --START--
INFO: Run Behavior\ShowPageTraceBehavior [ RunTime:0.001000s ]
INFO: [ app_end ] --END-- [ RunTime:0.001000s ]

[ 2018-12-06T17:08:59+08:00 ] ::1 /weiling/index.php/home/api/aboutus2
INFO: [ app_init ] --START--
INFO: Run Behavior\BuildLiteBehavior [ RunTime:0.000000s ]
INFO: [ app_init ] --END-- [ RunTime:0.000000s ]
INFO: [ app_begin ] --START--
INFO: Run Behavior\ReadHtmlCacheBehavior [ RunTime:0.001000s ]
INFO: [ app_begin ] --END-- [ RunTime:0.001000s ]
SQL: SHOW COLUMNS FROM `xy_baike` [ RunTime:0.0130s ]
SQL: SELECT * FROM `xy_baike` WHERE `type` = 3  [ RunTime:0.0120s ]

