[ 2018-11-21T08:45:55+08:00 ] ::1 /123123/index.php?s=/Home/index/main.html&_=1542761145991
INFO: [ app_init ] --START--
INFO: Run Behavior\BuildLiteBehavior [ RunTime:0.000000s ]
INFO: [ app_init ] --END-- [ RunTime:0.003000s ]
INFO: [ app_begin ] --START--
INFO: Run Behavior\ReadHtmlCacheBehavior [ RunTime:0.002000s ]
INFO: [ app_begin ] --END-- [ RunTime:0.002000s ]
NOTIC: [2048] Declaration of Home\Controller\IndexController::index() should be compatible with that of Common\Controller\BaseController::index() D:\phpStudy\WWW\123123\App\Home\Controller\IndexController.class.php 第 5 行.
SQL: SHOW COLUMNS FROM `xy_user` [ RunTime:0.0170s ]
SQL: SELECT * FROM `xy_user` WHERE `id` = 1 LIMIT 1   [ RunTime:0.0170s ]
INFO: [ view_parse ] --START--
INFO: [ template_filter ] --START--
INFO: Run Behavior\ContentReplaceBehavior [ RunTime:0.001000s ]
INFO: [ template_filter ] --END-- [ RunTime:0.018001s ]
SQL: SHOW COLUMNS FROM `xy_quxiang` [ RunTime:0.0160s ]
SQL: SELECT * FROM `xy_quxiang` ORDER BY id desc LIMIT 5   [ RunTime:0.0150s ]
SQL: SELECT `depname` FROM `xy_user` WHERE ( id=16 ) LIMIT 1   [ RunTime:0.0140s ]
SQL: SHOW COLUMNS FROM `xy_renwu` [ RunTime:0.0160s ]
NOTIC: [8] Use of undefined constant uid - assumed 'uid' D:\phpStudy\WWW\123123\App\Runtime\Cache\Home\8d1be3c46ef179b9e01c2c8d3de21c37.php 第 79 行.
SQL: SELECT * FROM `xy_renwu` WHERE `juid` LIKE '%1%' ORDER BY id desc LIMIT 5   [ RunTime:0.0170s ]
SQL: SHOW COLUMNS FROM `xy_tongzhi` [ RunTime:0.0140s ]
NOTIC: [8] Use of undefined constant uid - assumed 'uid' D:\phpStudy\WWW\123123\App\Runtime\Cache\Home\8d1be3c46ef179b9e01c2c8d3de21c37.php 第 108 行.
SQL: SELECT * FROM `xy_tongzhi` WHERE `juid` LIKE '%1%' ORDER BY id desc LIMIT 5   [ RunTime:0.0160s ]
SQL: SHOW COLUMNS FROM `xy_cust` [ RunTime:0.0160s ]
SQL: SELECT * FROM `xy_cust` WHERE ( `xiaci` >= '2018-11-14' AND `xiaci` <= '2018-12-21'  ) AND (  `uid` = '1' OR `juid` LIKE '%1%' ) LIMIT 5   [ RunTime:0.0170s ]
SQL: SHOW COLUMNS FROM `xy_fahuo` [ RunTime:0.0150s ]
SQL: SELECT * FROM `xy_fahuo` ORDER BY id desc LIMIT 5   [ RunTime:0.0160s ]
SQL: SHOW COLUMNS FROM `xy_hetong` [ RunTime:0.0150s ]
SQL: SELECT * FROM `xy_hetong` WHERE (  `uid` = '1' OR `juid` LIKE '%1%' ) AND ( `jztime` >= '2018-11-14' AND `jztime` <= '2018-12-21'  ) LIMIT 5   [ RunTime:0.0170s ]
INFO: Run Behavior\ParseTemplateBehavior [ RunTime:0.400023s ]
INFO: [ view_parse ] --END-- [ RunTime:0.401023s ]
INFO: [ view_filter ] --START--
INFO: Run Behavior\WriteHtmlCacheBehavior [ RunTime:0.002000s ]
INFO: [ view_filter ] --END-- [ RunTime:0.002000s ]
INFO: [ app_end ] --START--
INFO: Run Behavior\ShowPageTraceBehavior [ RunTime:0.005000s ]
INFO: [ app_end ] --END-- [ RunTime:0.006000s ]

[ 2018-11-21T09:21:52+08:00 ] ::1 /123123/index.php/home/api/cart_detail?token=a0c2e3a2263b2672ec0c76b1abf85e39
INFO: [ app_init ] --START--
INFO: Run Behavior\BuildLiteBehavior [ RunTime:0.000000s ]
INFO: [ app_init ] --END-- [ RunTime:0.001000s ]
INFO: [ app_begin ] --START--
INFO: Run Behavior\ReadHtmlCacheBehavior [ RunTime:0.001000s ]
INFO: [ app_begin ] --END-- [ RunTime:0.001000s ]

[ 2018-11-21T09:24:55+08:00 ] ::1 /123123/index.php/home/api/cart_detail?token=a0c2e3a2263b2672ec0c76b1abf85e39
INFO: [ app_init ] --START--
INFO: Run Behavior\BuildLiteBehavior [ RunTime:0.000000s ]
INFO: [ app_init ] --END-- [ RunTime:0.002000s ]
INFO: [ app_begin ] --START--
INFO: Run Behavior\ReadHtmlCacheBehavior [ RunTime:0.001000s ]
INFO: [ app_begin ] --END-- [ RunTime:0.001000s ]

[ 2018-11-21T09:25:45+08:00 ] ::1 /123123/index.php/home/api/cart_detail?token=a0c2e3a2263b2672ec0c76b1abf85e39
INFO: [ app_init ] --START--
INFO: Run Behavior\BuildLiteBehavior [ RunTime:0.000000s ]
INFO: [ app_init ] --END-- [ RunTime:0.001000s ]
INFO: [ app_begin ] --START--
INFO: Run Behavior\ReadHtmlCacheBehavior [ RunTime:0.001000s ]
INFO: [ app_begin ] --END-- [ RunTime:0.002000s ]

[ 2018-11-21T09:25:48+08:00 ] ::1 /123123/index.php/home/api/cart_detail?token=a0c2e3a2263b2672ec0c76b1abf85e39
INFO: [ app_init ] --START--
INFO: Run Behavior\BuildLiteBehavior [ RunTime:0.000000s ]
INFO: [ app_init ] --END-- [ RunTime:0.002000s ]
INFO: [ app_begin ] --START--
INFO: Run Behavior\ReadHtmlCacheBehavior [ RunTime:0.002001s ]
INFO: [ app_begin ] --END-- [ RunTime:0.003001s ]

[ 2018-11-21T09:25:48+08:00 ] ::1 /123123/index.php/home/api/cart_detail?token=a0c2e3a2263b2672ec0c76b1abf85e39
INFO: [ app_init ] --START--
INFO: Run Behavior\BuildLiteBehavior [ RunTime:0.001000s ]
INFO: [ app_init ] --END-- [ RunTime:0.001000s ]
INFO: [ app_begin ] --START--
INFO: Run Behavior\ReadHtmlCacheBehavior [ RunTime:0.001000s ]
INFO: [ app_begin ] --END-- [ RunTime:0.002000s ]

[ 2018-11-21T09:25:48+08:00 ] ::1 /123123/index.php/home/api/cart_detail?token=a0c2e3a2263b2672ec0c76b1abf85e39
INFO: [ app_init ] --START--
INFO: Run Behavior\BuildLiteBehavior [ RunTime:0.000000s ]
INFO: [ app_init ] --END-- [ RunTime:0.003001s ]
INFO: [ app_begin ] --START--
INFO: Run Behavior\ReadHtmlCacheBehavior [ RunTime:0.001000s ]
INFO: [ app_begin ] --END-- [ RunTime:0.001000s ]

[ 2018-11-21T09:25:49+08:00 ] ::1 /123123/index.php/home/api/cart_detail?token=a0c2e3a2263b2672ec0c76b1abf85e39
INFO: [ app_init ] --START--
INFO: Run Behavior\BuildLiteBehavior [ RunTime:0.001000s ]
INFO: [ app_init ] --END-- [ RunTime:0.001000s ]
INFO: [ app_begin ] --START--
INFO: Run Behavior\ReadHtmlCacheBehavior [ RunTime:0.001001s ]
INFO: [ app_begin ] --END-- [ RunTime:0.001001s ]

[ 2018-11-21T09:25:49+08:00 ] ::1 /123123/index.php/home/api/cart_detail?token=a0c2e3a2263b2672ec0c76b1abf85e39
INFO: [ app_init ] --START--
INFO: Run Behavior\BuildLiteBehavior [ RunTime:0.000000s ]
INFO: [ app_init ] --END-- [ RunTime:0.001000s ]
INFO: [ app_begin ] --START--
INFO: Run Behavior\ReadHtmlCacheBehavior [ RunTime:0.001000s ]
INFO: [ app_begin ] --END-- [ RunTime:0.002000s ]

[ 2018-11-21T09:25:49+08:00 ] ::1 /123123/index.php/home/api/cart_detail?token=a0c2e3a2263b2672ec0c76b1abf85e39
INFO: [ app_init ] --START--
INFO: Run Behavior\BuildLiteBehavior [ RunTime:0.000000s ]
INFO: [ app_init ] --END-- [ RunTime:0.002000s ]
INFO: [ app_begin ] --START--
INFO: Run Behavior\ReadHtmlCacheBehavior [ RunTime:0.000000s ]
INFO: [ app_begin ] --END-- [ RunTime:0.002001s ]

[ 2018-11-21T09:25:49+08:00 ] ::1 /123123/index.php/home/api/cart_detail?token=a0c2e3a2263b2672ec0c76b1abf85e39
INFO: [ app_init ] --START--
INFO: Run Behavior\BuildLiteBehavior [ RunTime:0.000000s ]
INFO: [ app_init ] --END-- [ RunTime:0.001000s ]
INFO: [ app_begin ] --START--
INFO: Run Behavior\ReadHtmlCacheBehavior [ RunTime:0.001001s ]
INFO: [ app_begin ] --END-- [ RunTime:0.002001s ]

[ 2018-11-21T09:25:49+08:00 ] ::1 /123123/index.php/home/api/cart_detail?token=a0c2e3a2263b2672ec0c76b1abf85e39
INFO: [ app_init ] --START--
INFO: Run Behavior\BuildLiteBehavior [ RunTime:0.001001s ]
INFO: [ app_init ] --END-- [ RunTime:0.001001s ]
INFO: [ app_begin ] --START--
INFO: Run Behavior\ReadHtmlCacheBehavior [ RunTime:0.001000s ]
INFO: [ app_begin ] --END-- [ RunTime:0.001000s ]

[ 2018-11-21T09:25:50+08:00 ] ::1 /123123/index.php/home/api/cart_detail?token=a0c2e3a2263b2672ec0c76b1abf85e39
INFO: [ app_init ] --START--
INFO: Run Behavior\BuildLiteBehavior [ RunTime:0.000000s ]
INFO: [ app_init ] --END-- [ RunTime:0.001000s ]
INFO: [ app_begin ] --START--
INFO: Run Behavior\ReadHtmlCacheBehavior [ RunTime:0.001000s ]
INFO: [ app_begin ] --END-- [ RunTime:0.001000s ]

[ 2018-11-21T09:26:18+08:00 ] ::1 /123123/index.php/home/api/cart_detail?token=a0c2e3a2263b2672ec0c76b1abf85e39
INFO: [ app_init ] --START--
INFO: Run Behavior\BuildLiteBehavior [ RunTime:0.000000s ]
INFO: [ app_init ] --END-- [ RunTime:0.001000s ]
INFO: [ app_begin ] --START--
INFO: Run Behavior\ReadHtmlCacheBehavior [ RunTime:0.001000s ]
INFO: [ app_begin ] --END-- [ RunTime:0.002000s ]

[ 2018-11-21T09:26:20+08:00 ] ::1 /123123/index.php/home/api/cart_detail?token=a0c2e3a2263b2672ec0c76b1abf85e39
INFO: [ app_init ] --START--
INFO: Run Behavior\BuildLiteBehavior [ RunTime:0.000000s ]
INFO: [ app_init ] --END-- [ RunTime:0.001000s ]
INFO: [ app_begin ] --START--
INFO: Run Behavior\ReadHtmlCacheBehavior [ RunTime:0.001000s ]
INFO: [ app_begin ] --END-- [ RunTime:0.001000s ]

[ 2018-11-21T09:26:22+08:00 ] ::1 /123123/index.php/home/api/cart_detail?token=a0c2e3a2263b2672ec0c76b1abf85e39
INFO: [ app_init ] --START--
INFO: Run Behavior\BuildLiteBehavior [ RunTime:0.000000s ]
INFO: [ app_init ] --END-- [ RunTime:0.001000s ]
INFO: [ app_begin ] --START--
INFO: Run Behavior\ReadHtmlCacheBehavior [ RunTime:0.000000s ]
INFO: [ app_begin ] --END-- [ RunTime:0.002001s ]

[ 2018-11-21T09:27:02+08:00 ] ::1 /123123/index.php/home/api/cart_add?token=a0c2e3a2263b2672ec0c76b1abf85e39&id=3&uid=1&num=5
INFO: [ app_init ] --START--
INFO: Run Behavior\BuildLiteBehavior [ RunTime:0.001000s ]
INFO: [ app_init ] --END-- [ RunTime:0.002000s ]
INFO: [ app_begin ] --START--
INFO: Run Behavior\ReadHtmlCacheBehavior [ RunTime:0.001000s ]
INFO: [ app_begin ] --END-- [ RunTime:0.002000s ]

[ 2018-11-21T11:58:00+08:00 ] ::1 /123123/index.php/home/api/cart_detail?token=a0c2e3a2263b2672ec0c76b1abf85e39
INFO: [ app_init ] --START--
INFO: Run Behavior\BuildLiteBehavior [ RunTime:0.000000s ]
INFO: [ app_init ] --END-- [ RunTime:0.001000s ]
INFO: [ app_begin ] --START--
INFO: Run Behavior\ReadHtmlCacheBehavior [ RunTime:0.001000s ]
INFO: [ app_begin ] --END-- [ RunTime:0.002000s ]

[ 2018-11-21T11:58:15+08:00 ] ::1 /123123/
INFO: [ app_init ] --START--
INFO: Run Behavior\BuildLiteBehavior [ RunTime:0.000000s ]
INFO: [ app_init ] --END-- [ RunTime:0.001001s ]
INFO: [ app_begin ] --START--
INFO: Run Behavior\ReadHtmlCacheBehavior [ RunTime:0.001000s ]
INFO: [ app_begin ] --END-- [ RunTime:0.003000s ]
NOTIC: [2048] Declaration of Home\Controller\IndexController::index() should be compatible with that of Common\Controller\BaseController::index() D:\phpStudy\WWW\123123\App\Home\Controller\IndexController.class.php 第 5 行.
SQL: SHOW COLUMNS FROM `xy_user` [ RunTime:0.0140s ]
SQL: SELECT * FROM `xy_user` WHERE `id` = 1 LIMIT 1   [ RunTime:0.0140s ]
INFO: [ view_parse ] --START--
INFO: [ template_filter ] --START--
INFO: Run Behavior\ContentReplaceBehavior [ RunTime:0.001000s ]
INFO: [ template_filter ] --END-- [ RunTime:0.001000s ]
SQL: SELECT COUNT(*) AS tp_count FROM `xy_user` WHERE `update_time` > 1542772093 LIMIT 1   [ RunTime:0.0110s ]
SQL: SHOW COLUMNS FROM `xy_msg` [ RunTime:0.0120s ]
SQL: SELECT COUNT(*) AS tp_count FROM `xy_msg` WHERE `viewtime` < '2000-01-01' AND `juid` = '1' LIMIT 1   [ RunTime:0.0130s ]
SQL: SHOW COLUMNS FROM `xy_menu` [ RunTime:0.0120s ]
SQL: SELECT * FROM `xy_menu` WHERE ( level=0 ) ORDER BY sort  [ RunTime:0.0130s ]
NOTIC: [8] Use of undefined constant alink - assumed 'alink' D:\phpStudy\WWW\123123\App\Runtime\Cache\Home\00e52909bed743ea261af4b6823297ff.php 第 234 行.
SQL: SELECT * FROM `xy_menu` WHERE ( level=1 and pid=1 ) ORDER BY sort  [ RunTime:0.0120s ]
NOTIC: [8] Use of undefined constant alink - assumed 'alink' D:\phpStudy\WWW\123123\App\Runtime\Cache\Home\00e52909bed743ea261af4b6823297ff.php 第 250 行.
NOTIC: [8] Use of undefined constant id - assumed 'id' D:\phpStudy\WWW\123123\App\Runtime\Cache\Home\00e52909bed743ea261af4b6823297ff.php 第 250 行.
SQL: SELECT COUNT(id) AS tp_count FROM `xy_menu` WHERE ( level=2 and pid=119 ) LIMIT 1   [ RunTime:0.0140s ]
SQL: SELECT * FROM `xy_menu` WHERE ( level=2 and pid=119 ) ORDER BY sort  [ RunTime:0.0110s ]
NOTIC: [8] Use of undefined constant alink - assumed 'alink' D:\phpStudy\WWW\123123\App\Runtime\Cache\Home\00e52909bed743ea261af4b6823297ff.php 第 255 行.
NOTIC: [8] Use of undefined constant alink - assumed 'alink' D:\phpStudy\WWW\123123\App\Runtime\Cache\Home\00e52909bed743ea261af4b6823297ff.php 第 255 行.
NOTIC: [8] Use of undefined constant alink - assumed 'alink' D:\phpStudy\WWW\123123\App\Runtime\Cache\Home\00e52909bed743ea261af4b6823297ff.php 第 255 行.
NOTIC: [8] Use of undefined constant alink - assumed 'alink' D:\phpStudy\WWW\123123\App\Runtime\Cache\Home\00e52909bed743ea261af4b6823297ff.php 第 255 行.
NOTIC: [8] Use of undefined constant alink - assumed 'alink' D:\phpStudy\WWW\123123\App\Runtime\Cache\Home\00e52909bed743ea261af4b6823297ff.php 第 250 行.
NOTIC: [8] Use of undefined constant id - assumed 'id' D:\phpStudy\WWW\123123\App\Runtime\Cache\Home\00e52909bed743ea261af4b6823297ff.php 第 250 行.
SQL: SELECT COUNT(id) AS tp_count FROM `xy_menu` WHERE ( level=2 and pid=8 ) LIMIT 1   [ RunTime:0.0130s ]
SQL: SELECT * FROM `xy_menu` WHERE ( level=2 and pid=8 ) ORDER BY sort  [ RunTime:0.0130s ]
NOTIC: [8] Use of undefined constant alink - assumed 'alink' D:\phpStudy\WWW\123123\App\Runtime\Cache\Home\00e52909bed743ea261af4b6823297ff.php 第 255 行.
NOTIC: [8] Use of undefined constant alink - assumed 'alink' D:\phpStudy\WWW\123123\App\Runtime\Cache\Home\00e52909bed743ea261af4b6823297ff.php 第 255 行.
NOTIC: [8] Use of undefined constant alink - assumed 'alink' D:\phpStudy\WWW\123123\App\Runtime\Cache\Home\00e52909bed743ea261af4b6823297ff.php 第 255 行.
NOTIC: [8] Use of undefined constant alink - assumed 'alink' D:\phpStudy\WWW\123123\App\Runtime\Cache\Home\00e52909bed743ea261af4b6823297ff.php 第 255 行.
NOTIC: [8] Use of undefined constant alink - assumed 'alink' D:\phpStudy\WWW\123123\App\Runtime\Cache\Home\00e52909bed743ea261af4b6823297ff.php 第 255 行.
NOTIC: [8] Use of undefined constant alink - assumed 'alink' D:\phpStudy\WWW\123123\App\Runtime\Cache\Home\00e52909bed743ea261af4b6823297ff.php 第 250 行.
NOTIC: [8] Use of undefined constant id - assumed 'id' D:\phpStudy\WWW\123123\App\Runtime\Cache\Home\00e52909bed743ea261af4b6823297ff.php 第 250 行.
SQL: SELECT COUNT(id) AS tp_count FROM `xy_menu` WHERE ( level=2 and pid=125 ) LIMIT 1   [ RunTime:0.0130s ]
SQL: SELECT * FROM `xy_menu` WHERE ( level=2 and pid=125 ) ORDER BY sort  [ RunTime:0.0140s ]
NOTIC: [8] Use of undefined constant alink - assumed 'alink' D:\phpStudy\WWW\123123\App\Runtime\Cache\Home\00e52909bed743ea261af4b6823297ff.php 第 255 行.
NOTIC: [8] Use of undefined constant alink - assumed 'alink' D:\phpStudy\WWW\123123\App\Runtime\Cache\Home\00e52909bed743ea261af4b6823297ff.php 第 255 行.
NOTIC: [8] Use of undefined constant alink - assumed 'alink' D:\phpStudy\WWW\123123\App\Runtime\Cache\Home\00e52909bed743ea261af4b6823297ff.php 第 255 行.
NOTIC: [8] Use of undefined constant alink - assumed 'alink' D:\phpStudy\WWW\123123\App\Runtime\Cache\Home\00e52909bed743ea261af4b6823297ff.php 第 255 行.
NOTIC: [8] Use of undefined constant alink - assumed 'alink' D:\phpStudy\WWW\123123\App\Runtime\Cache\Home\00e52909bed743ea261af4b6823297ff.php 第 255 行.
NOTIC: [8] Use of undefined constant alink - assumed 'alink' D:\phpStudy\WWW\123123\App\Runtime\Cache\Home\00e52909bed743ea261af4b6823297ff.php 第 250 行.
NOTIC: [8] Use of undefined constant id - assumed 'id' D:\phpStudy\WWW\123123\App\Runtime\Cache\Home\00e52909bed743ea261af4b6823297ff.php 第 250 行.
SQL: SELECT COUNT(id) AS tp_count FROM `xy_menu` WHERE ( level=2 and pid=131 ) LIMIT 1   [ RunTime:0.0130s ]
SQL: SELECT * FROM `xy_menu` WHERE ( level=2 and pid=131 ) ORDER BY sort  [ RunTime:0.0130s ]
NOTIC: [8] Use of undefined constant alink - assumed 'alink' D:\phpStudy\WWW\123123\App\Runtime\Cache\Home\00e52909bed743ea261af4b6823297ff.php 第 255 行.
NOTIC: [8] Use of undefined constant alink - assumed 'alink' D:\phpStudy\WWW\123123\App\Runtime\Cache\Home\00e52909bed743ea261af4b6823297ff.php 第 255 行.
NOTIC: [8] Use of undefined constant alink - assumed 'alink' D:\phpStudy\WWW\123123\App\Runtime\Cache\Home\00e52909bed743ea261af4b6823297ff.php 第 255 行.
NOTIC: [8] Use of undefined constant alink - assumed 'alink' D:\phpStudy\WWW\123123\App\Runtime\Cache\Home\00e52909bed743ea261af4b6823297ff.php 第 255 行.
NOTIC: [8] Use of undefined constant alink - assumed 'alink' D:\phpStudy\WWW\123123\App\Runtime\Cache\Home\00e52909bed743ea261af4b6823297ff.php 第 234 行.
SQL: SELECT * FROM `xy_menu` WHERE ( level=1 and pid=135 ) ORDER BY sort  [ RunTime:0.0120s ]
NOTIC: [8] Use of undefined constant alink - assumed 'alink' D:\phpStudy\WWW\123123\App\Runtime\Cache\Home\00e52909bed743ea261af4b6823297ff.php 第 250 行.
NOTIC: [8] Use of undefined constant id - assumed 'id' D:\phpStudy\WWW\123123\App\Runtime\Cache\Home\00e52909bed743ea261af4b6823297ff.php 第 250 行.
SQL: SELECT COUNT(id) AS tp_count FROM `xy_menu` WHERE ( level=2 and pid=158 ) LIMIT 1   [ RunTime:0.0130s ]
SQL: SELECT * FROM `xy_menu` WHERE ( level=2 and pid=158 ) ORDER BY sort  [ RunTime:0.0130s ]
NOTIC: [8] Use of undefined constant alink - assumed 'alink' D:\phpStudy\WWW\123123\App\Runtime\Cache\Home\00e52909bed743ea261af4b6823297ff.php 第 250 行.
NOTIC: [8] Use of undefined constant id - assumed 'id' D:\phpStudy\WWW\123123\App\Runtime\Cache\Home\00e52909bed743ea261af4b6823297ff.php 第 250 行.
SQL: SELECT COUNT(id) AS tp_count FROM `xy_menu` WHERE ( level=2 and pid=136 ) LIMIT 1   [ RunTime:0.0130s ]
SQL: SELECT * FROM `xy_menu` WHERE ( level=2 and pid=136 ) ORDER BY sort  [ RunTime:0.0150s ]
NOTIC: [8] Use of undefined constant alink - assumed 'alink' D:\phpStudy\WWW\123123\App\Runtime\Cache\Home\00e52909bed743ea261af4b6823297ff.php 第 255 行.
NOTIC: [8] Use of undefined constant alink - assumed 'alink' D:\phpStudy\WWW\123123\App\Runtime\Cache\Home\00e52909bed743ea261af4b6823297ff.php 第 255 行.
NOTIC: [8] Use of undefined constant alink - assumed 'alink' D:\phpStudy\WWW\123123\App\Runtime\Cache\Home\00e52909bed743ea261af4b6823297ff.php 第 255 行.
NOTIC: [8] Use of undefined constant alink - assumed 'alink' D:\phpStudy\WWW\123123\App\Runtime\Cache\Home\00e52909bed743ea261af4b6823297ff.php 第 255 行.
NOTIC: [8] Use of undefined constant alink - assumed 'alink' D:\phpStudy\WWW\123123\App\Runtime\Cache\Home\00e52909bed743ea261af4b6823297ff.php 第 255 行.
NOTIC: [8] Use of undefined constant alink - assumed 'alink' D:\phpStudy\WWW\123123\App\Runtime\Cache\Home\00e52909bed743ea261af4b6823297ff.php 第 250 行.
NOTIC: [8] Use of undefined constant id - assumed 'id' D:\phpStudy\WWW\123123\App\Runtime\Cache\Home\00e52909bed743ea261af4b6823297ff.php 第 250 行.
SQL: SELECT COUNT(id) AS tp_count FROM `xy_menu` WHERE ( level=2 and pid=142 ) LIMIT 1   [ RunTime:0.0130s ]
SQL: SELECT * FROM `xy_menu` WHERE ( level=2 and pid=142 ) ORDER BY sort  [ RunTime:0.0150s ]
NOTIC: [8] Use of undefined constant alink - assumed 'alink' D:\phpStudy\WWW\123123\App\Runtime\Cache\Home\00e52909bed743ea261af4b6823297ff.php 第 255 行.
NOTIC: [8] Use of undefined constant alink - assumed 'alink' D:\phpStudy\WWW\123123\App\Runtime\Cache\Home\00e52909bed743ea261af4b6823297ff.php 第 255 行.
NOTIC: [8] Use of undefined constant alink - assumed 'alink' D:\phpStudy\WWW\123123\App\Runtime\Cache\Home\00e52909bed743ea261af4b6823297ff.php 第 255 行.
NOTIC: [8] Use of undefined constant alink - assumed 'alink' D:\phpStudy\WWW\123123\App\Runtime\Cache\Home\00e52909bed743ea261af4b6823297ff.php 第 255 行.
NOTIC: [8] Use of undefined constant alink - assumed 'alink' D:\phpStudy\WWW\123123\App\Runtime\Cache\Home\00e52909bed743ea261af4b6823297ff.php 第 250 行.
NOTIC: [8] Use of undefined constant id - assumed 'id' D:\phpStudy\WWW\123123\App\Runtime\Cache\Home\00e52909bed743ea261af4b6823297ff.php 第 250 行.
SQL: SELECT COUNT(id) AS tp_count FROM `xy_menu` WHERE ( level=2 and pid=159 ) LIMIT 1   [ RunTime:0.0140s ]
SQL: SELECT * FROM `xy_menu` WHERE ( level=2 and pid=159 ) ORDER BY sort  [ RunTime:0.0120s ]
NOTIC: [8] Use of undefined constant alink - assumed 'alink' D:\phpStudy\WWW\123123\App\Runtime\Cache\Home\00e52909bed743ea261af4b6823297ff.php 第 250 行.
NOTIC: [8] Use of undefined constant id - assumed 'id' D:\phpStudy\WWW\123123\App\Runtime\Cache\Home\00e52909bed743ea261af4b6823297ff.php 第 250 行.
SQL: SELECT COUNT(id) AS tp_count FROM `xy_menu` WHERE ( level=2 and pid=147 ) LIMIT 1   [ RunTime:0.0130s ]
SQL: SELECT * FROM `xy_menu` WHERE ( level=2 and pid=147 ) ORDER BY sort  [ RunTime:0.0150s ]
NOTIC: [8] Use of undefined constant alink - assumed 'alink' D:\phpStudy\WWW\123123\App\Runtime\Cache\Home\00e52909bed743ea261af4b6823297ff.php 第 250 行.
NOTIC: [8] Use of undefined constant id - assumed 'id' D:\phpStudy\WWW\123123\App\Runtime\Cache\Home\00e52909bed743ea261af4b6823297ff.php 第 250 行.
SQL: SELECT COUNT(id) AS tp_count FROM `xy_menu` WHERE ( level=2 and pid=148 ) LIMIT 1   [ RunTime:0.0130s ]
SQL: SELECT * FROM `xy_menu` WHERE ( level=2 and pid=148 ) ORDER BY sort  [ RunTime:0.0130s ]
NOTIC: [8] Use of undefined constant alink - assumed 'alink' D:\phpStudy\WWW\123123\App\Runtime\Cache\Home\00e52909bed743ea261af4b6823297ff.php 第 234 行.
SQL: SELECT * FROM `xy_menu` WHERE ( level=1 and pid=149 ) ORDER BY sort  [ RunTime:0.0150s ]
NOTIC: [8] Use of undefined constant alink - assumed 'alink' D:\phpStudy\WWW\123123\App\Runtime\Cache\Home\00e52909bed743ea261af4b6823297ff.php 第 250 行.
NOTIC: [8] Use of undefined constant id - assumed 'id' D:\phpStudy\WWW\123123\App\Runtime\Cache\Home\00e52909bed743ea261af4b6823297ff.php 第 250 行.
SQL: SELECT COUNT(id) AS tp_count FROM `xy_menu` WHERE ( level=2 and pid=150 ) LIMIT 1   [ RunTime:0.0130s ]
SQL: SELECT * FROM `xy_menu` WHERE ( level=2 and pid=150 ) ORDER BY sort  [ RunTime:0.0150s ]
NOTIC: [8] Use of undefined constant alink - assumed 'alink' D:\phpStudy\WWW\123123\App\Runtime\Cache\Home\00e52909bed743ea261af4b6823297ff.php 第 255 行.
NOTIC: [8] Use of undefined constant alink - assumed 'alink' D:\phpStudy\WWW\123123\App\Runtime\Cache\Home\00e52909bed743ea261af4b6823297ff.php 第 255 行.
NOTIC: [8] Use of undefined constant alink - assumed 'alink' D:\phpStudy\WWW\123123\App\Runtime\Cache\Home\00e52909bed743ea261af4b6823297ff.php 第 255 行.
NOTIC: [8] Use of undefined constant alink - assumed 'alink' D:\phpStudy\WWW\123123\App\Runtime\Cache\Home\00e52909bed743ea261af4b6823297ff.php 第 250 行.
NOTIC: [8] Use of undefined constant id - assumed 'id' D:\phpStudy\WWW\123123\App\Runtime\Cache\Home\00e52909bed743ea261af4b6823297ff.php 第 250 行.
SQL: SELECT COUNT(id) AS tp_count FROM `xy_menu` WHERE ( level=2 and pid=154 ) LIMIT 1   [ RunTime:0.0130s ]
SQL: SELECT * FROM `xy_menu` WHERE ( level=2 and pid=154 ) ORDER BY sort  [ RunTime:0.0110s ]
NOTIC: [8] Use of undefined constant alink - assumed 'alink' D:\phpStudy\WWW\123123\App\Runtime\Cache\Home\00e52909bed743ea261af4b6823297ff.php 第 255 行.
NOTIC: [8] Use of undefined constant alink - assumed 'alink' D:\phpStudy\WWW\123123\App\Runtime\Cache\Home\00e52909bed743ea261af4b6823297ff.php 第 255 行.
NOTIC: [8] Use of undefined constant alink - assumed 'alink' D:\phpStudy\WWW\123123\App\Runtime\Cache\Home\00e52909bed743ea261af4b6823297ff.php 第 255 行.
NOTIC: [8] Use of undefined constant alink - assumed 'alink' D:\phpStudy\WWW\123123\App\Runtime\Cache\Home\00e52909bed743ea261af4b6823297ff.php 第 250 行.
NOTIC: [8] Use of undefined constant id - assumed 'id' D:\phpStudy\WWW\123123\App\Runtime\Cache\Home\00e52909bed743ea261af4b6823297ff.php 第 250 行.
SQL: SELECT COUNT(id) AS tp_count FROM `xy_menu` WHERE ( level=2 and pid=182 ) LIMIT 1   [ RunTime:0.0130s ]
SQL: SELECT * FROM `xy_menu` WHERE ( level=2 and pid=182 ) ORDER BY sort  [ RunTime:0.0150s ]
NOTIC: [8] Use of undefined constant alink - assumed 'alink' D:\phpStudy\WWW\123123\App\Runtime\Cache\Home\00e52909bed743ea261af4b6823297ff.php 第 234 行.
SQL: SELECT * FROM `xy_menu` WHERE ( level=1 and pid=113 ) ORDER BY sort  [ RunTime:0.0150s ]
NOTIC: [8] Use of undefined constant alink - assumed 'alink' D:\phpStudy\WWW\123123\App\Runtime\Cache\Home\00e52909bed743ea261af4b6823297ff.php 第 250 行.
NOTIC: [8] Use of undefined constant id - assumed 'id' D:\phpStudy\WWW\123123\App\Runtime\Cache\Home\00e52909bed743ea261af4b6823297ff.php 第 250 行.
SQL: SELECT COUNT(id) AS tp_count FROM `xy_menu` WHERE ( level=2 and pid=209 ) LIMIT 1   [ RunTime:0.0130s ]
SQL: SELECT * FROM `xy_menu` WHERE ( level=2 and pid=209 ) ORDER BY sort  [ RunTime:0.0150s ]
NOTIC: [8] Use of undefined constant alink - assumed 'alink' D:\phpStudy\WWW\123123\App\Runtime\Cache\Home\00e52909bed743ea261af4b6823297ff.php 第 250 行.
NOTIC: [8] Use of undefined constant id - assumed 'id' D:\phpStudy\WWW\123123\App\Runtime\Cache\Home\00e52909bed743ea261af4b6823297ff.php 第 250 行.
SQL: SELECT COUNT(id) AS tp_count FROM `xy_menu` WHERE ( level=2 and pid=210 ) LIMIT 1   [ RunTime:0.0130s ]
SQL: SELECT * FROM `xy_menu` WHERE ( level=2 and pid=210 ) ORDER BY sort  [ RunTime:0.0130s ]
NOTIC: [8] Use of undefined constant alink - assumed 'alink' D:\phpStudy\WWW\123123\App\Runtime\Cache\Home\00e52909bed743ea261af4b6823297ff.php 第 250 行.
NOTIC: [8] Use of undefined constant id - assumed 'id' D:\phpStudy\WWW\123123\App\Runtime\Cache\Home\00e52909bed743ea261af4b6823297ff.php 第 250 行.
SQL: SELECT COUNT(id) AS tp_count FROM `xy_menu` WHERE ( level=2 and pid=199 ) LIMIT 1   [ RunTime:0.0130s ]
SQL: SELECT * FROM `xy_menu` WHERE ( level=2 and pid=199 ) ORDER BY sort  [ RunTime:0.0140s ]
NOTIC: [8] Use of undefined constant alink - assumed 'alink' D:\phpStudy\WWW\123123\App\Runtime\Cache\Home\00e52909bed743ea261af4b6823297ff.php 第 255 行.
NOTIC: [8] Use of undefined constant alink - assumed 'alink' D:\phpStudy\WWW\123123\App\Runtime\Cache\Home\00e52909bed743ea261af4b6823297ff.php 第 255 行.
NOTIC: [8] Use of undefined constant alink - assumed 'alink' D:\phpStudy\WWW\123123\App\Runtime\Cache\Home\00e52909bed743ea261af4b6823297ff.php 第 255 行.
NOTIC: [8] Use of undefined constant alink - assumed 'alink' D:\phpStudy\WWW\123123\App\Runtime\Cache\Home\00e52909bed743ea261af4b6823297ff.php 第 250 行.
NOTIC: [8] Use of undefined constant id - assumed 'id' D:\phpStudy\WWW\123123\App\Runtime\Cache\Home\00e52909bed743ea261af4b6823297ff.php 第 250 行.
SQL: SELECT COUNT(id) AS tp_count FROM `xy_menu` WHERE ( level=2 and pid=183 ) LIMIT 1   [ RunTime:0.0120s ]
SQL: SELECT * FROM `xy_menu` WHERE ( level=2 and pid=183 ) ORDER BY sort  [ RunTime:0.0150s ]
NOTIC: [8] Use of undefined constant alink - assumed 'alink' D:\phpStudy\WWW\123123\App\Runtime\Cache\Home\00e52909bed743ea261af4b6823297ff.php 第 255 行.
NOTIC: [8] Use of undefined constant alink - assumed 'alink' D:\phpStudy\WWW\123123\App\Runtime\Cache\Home\00e52909bed743ea261af4b6823297ff.php 第 255 行.
NOTIC: [8] Use of undefined constant alink - assumed 'alink' D:\phpStudy\WWW\123123\App\Runtime\Cache\Home\00e52909bed743ea261af4b6823297ff.php 第 255 行.
NOTIC: [8] Use of undefined constant alink - assumed 'alink' D:\phpStudy\WWW\123123\App\Runtime\Cache\Home\00e52909bed743ea261af4b6823297ff.php 第 255 行.
NOTIC: [8] Use of undefined constant alink - assumed 'alink' D:\phpStudy\WWW\123123\App\Runtime\Cache\Home\00e52909bed743ea261af4b6823297ff.php 第 255 行.
NOTIC: [8] Use of undefined constant alink - assumed 'alink' D:\phpStudy\WWW\123123\App\Runtime\Cache\Home\00e52909bed743ea261af4b6823297ff.php 第 255 行.
NOTIC: [8] Use of undefined constant alink - assumed 'alink' D:\phpStudy\WWW\123123\App\Runtime\Cache\Home\00e52909bed743ea261af4b6823297ff.php 第 250 行.
NOTIC: [8] Use of undefined constant id - assumed 'id' D:\phpStudy\WWW\123123\App\Runtime\Cache\Home\00e52909bed743ea261af4b6823297ff.php 第 250 行.
SQL: SELECT COUNT(id) AS tp_count FROM `xy_menu` WHERE ( level=2 and pid=190 ) LIMIT 1   [ RunTime:0.0120s ]
SQL: SELECT * FROM `xy_menu` WHERE ( level=2 and pid=190 ) ORDER BY sort  [ RunTime:0.0150s ]
NOTIC: [8] Use of undefined constant alink - assumed 'alink' D:\phpStudy\WWW\123123\App\Runtime\Cache\Home\00e52909bed743ea261af4b6823297ff.php 第 255 行.
NOTIC: [8] Use of undefined constant alink - assumed 'alink' D:\phpStudy\WWW\123123\App\Runtime\Cache\Home\00e52909bed743ea261af4b6823297ff.php 第 255 行.
NOTIC: [8] Use of undefined constant alink - assumed 'alink' D:\phpStudy\WWW\123123\App\Runtime\Cache\Home\00e52909bed743ea261af4b6823297ff.php 第 255 行.
NOTIC: [8] Use of undefined constant alink - assumed 'alink' D:\phpStudy\WWW\123123\App\Runtime\Cache\Home\00e52909bed743ea261af4b6823297ff.php 第 255 行.
NOTIC: [8] Use of undefined constant alink - assumed 'alink' D:\phpStudy\WWW\123123\App\Runtime\Cache\Home\00e52909bed743ea261af4b6823297ff.php 第 255 行.
NOTIC: [8] Use of undefined constant alink - assumed 'alink' D:\phpStudy\WWW\123123\App\Runtime\Cache\Home\00e52909bed743ea261af4b6823297ff.php 第 255 行.
NOTIC: [8] Use of undefined constant alink - assumed 'alink' D:\phpStudy\WWW\123123\App\Runtime\Cache\Home\00e52909bed743ea261af4b6823297ff.php 第 255 行.
NOTIC: [8] Use of undefined constant alink - assumed 'alink' D:\phpStudy\WWW\123123\App\Runtime\Cache\Home\00e52909bed743ea261af4b6823297ff.php 第 255 行.
NOTIC: [8] Use of undefined constant alink - assumed 'alink' D:\phpStudy\WWW\123123\App\Runtime\Cache\Home\00e52909bed743ea261af4b6823297ff.php 第 255 行.
NOTIC: [8] Use of undefined constant alink - assumed 'alink' D:\phpStudy\WWW\123123\App\Runtime\Cache\Home\00e52909bed743ea261af4b6823297ff.php 第 250 行.
NOTIC: [8] Use of undefined constant id - assumed 'id' D:\phpStudy\WWW\123123\App\Runtime\Cache\Home\00e52909bed743ea261af4b6823297ff.php 第 250 行.
SQL: SELECT COUNT(id) AS tp_count FROM `xy_menu` WHERE ( level=2 and pid=202 ) LIMIT 1   [ RunTime:0.0130s ]
SQL: SELECT * FROM `xy_menu` WHERE ( level=2 and pid=202 ) ORDER BY sort  [ RunTime:0.0120s ]
NOTIC: [8] Use of undefined constant alink - assumed 'alink' D:\phpStudy\WWW\123123\App\Runtime\Cache\Home\00e52909bed743ea261af4b6823297ff.php 第 255 行.
NOTIC: [8] Use of undefined constant alink - assumed 'alink' D:\phpStudy\WWW\123123\App\Runtime\Cache\Home\00e52909bed743ea261af4b6823297ff.php 第 255 行.
NOTIC: [8] Use of undefined constant alink - assumed 'alink' D:\phpStudy\WWW\123123\App\Runtime\Cache\Home\00e52909bed743ea261af4b6823297ff.php 第 255 行.
NOTIC: [8] Use of undefined constant alink - assumed 'alink' D:\phpStudy\WWW\123123\App\Runtime\Cache\Home\00e52909bed743ea261af4b6823297ff.php 第 255 行.
NOTIC: [8] Use of undefined constant alink - assumed 'alink' D:\phpStudy\WWW\123123\App\Runtime\Cache\Home\00e52909bed743ea261af4b6823297ff.php 第 250 行.
NOTIC: [8] Use of undefined constant id - assumed 'id' D:\phpStudy\WWW\123123\App\Runtime\Cache\Home\00e52909bed743ea261af4b6823297ff.php 第 250 行.
SQL: SELECT COUNT(id) AS tp_count FROM `xy_menu` WHERE ( level=2 and pid=118 ) LIMIT 1   [ RunTime:0.0150s ]
SQL: SELECT * FROM `xy_menu` WHERE ( level=2 and pid=118 ) ORDER BY sort  [ RunTime:0.0150s ]
NOTIC: [8] Use of undefined constant alink - assumed 'alink' D:\phpStudy\WWW\123123\App\Runtime\Cache\Home\00e52909bed743ea261af4b6823297ff.php 第 255 行.
NOTIC: [8] Use of undefined constant alink - assumed 'alink' D:\phpStudy\WWW\123123\App\Runtime\Cache\Home\00e52909bed743ea261af4b6823297ff.php 第 255 行.
NOTIC: [8] Use of undefined constant alink - assumed 'alink' D:\phpStudy\WWW\123123\App\Runtime\Cache\Home\00e52909bed743ea261af4b6823297ff.php 第 255 行.
NOTIC: [8] Use of undefined constant alink - assumed 'alink' D:\phpStudy\WWW\123123\App\Runtime\Cache\Home\00e52909bed743ea261af4b6823297ff.php 第 234 行.
SQL: SELECT * FROM `xy_menu` WHERE ( level=1 and pid=216 ) ORDER BY sort  [ RunTime:0.0160s ]
NOTIC: [8] Use of undefined constant alink - assumed 'alink' D:\phpStudy\WWW\123123\App\Runtime\Cache\Home\00e52909bed743ea261af4b6823297ff.php 第 250 行.
NOTIC: [8] Use of undefined constant id - assumed 'id' D:\phpStudy\WWW\123123\App\Runtime\Cache\Home\00e52909bed743ea261af4b6823297ff.php 第 250 行.
SQL: SELECT COUNT(id) AS tp_count FROM `xy_menu` WHERE ( level=2 and pid=219 ) LIMIT 1   [ RunTime:0.0120s ]
SQL: SELECT * FROM `xy_menu` WHERE ( level=2 and pid=219 ) ORDER BY sort  [ RunTime:0.0160s ]
NOTIC: [8] Use of undefined constant alink - assumed 'alink' D:\phpStudy\WWW\123123\App\Runtime\Cache\Home\00e52909bed743ea261af4b6823297ff.php 第 250 行.
NOTIC: [8] Use of undefined constant id - assumed 'id' D:\phpStudy\WWW\123123\App\Runtime\Cache\Home\00e52909bed743ea261af4b6823297ff.php 第 250 行.
SQL: SELECT COUNT(id) AS tp_count FROM `xy_menu` WHERE ( level=2 and pid=217 ) LIMIT 1   [ RunTime:0.0130s ]
SQL: SELECT * FROM `xy_menu` WHERE ( level=2 and pid=217 ) ORDER BY sort  [ RunTime:0.0130s ]
NOTIC: [8] Use of undefined constant alink - assumed 'alink' D:\phpStudy\WWW\123123\App\Runtime\Cache\Home\00e52909bed743ea261af4b6823297ff.php 第 250 行.
NOTIC: [8] Use of undefined constant id - assumed 'id' D:\phpStudy\WWW\123123\App\Runtime\Cache\Home\00e52909bed743ea261af4b6823297ff.php 第 250 行.
SQL: SELECT COUNT(id) AS tp_count FROM `xy_menu` WHERE ( level=2 and pid=231 ) LIMIT 1   [ RunTime:0.0130s ]
SQL: SELECT * FROM `xy_menu` WHERE ( level=2 and pid=231 ) ORDER BY sort  [ RunTime:0.0130s ]
NOTIC: [8] Use of undefined constant alink - assumed 'alink' D:\phpStudy\WWW\123123\App\Runtime\Cache\Home\00e52909bed743ea261af4b6823297ff.php 第 250 行.
NOTIC: [8] Use of undefined constant id - assumed 'id' D:\phpStudy\WWW\123123\App\Runtime\Cache\Home\00e52909bed743ea261af4b6823297ff.php 第 250 行.
SQL: SELECT COUNT(id) AS tp_count FROM `xy_menu` WHERE ( level=2 and pid=232 ) LIMIT 1   [ RunTime:0.0130s ]
SQL: SELECT * FROM `xy_menu` WHERE ( level=2 and pid=232 ) ORDER BY sort  [ RunTime:0.0150s ]
NOTIC: [8] Use of undefined constant alink - assumed 'alink' D:\phpStudy\WWW\123123\App\Runtime\Cache\Home\00e52909bed743ea261af4b6823297ff.php 第 234 行.
SQL: SELECT * FROM `xy_menu` WHERE ( level=1 and pid=218 ) ORDER BY sort  [ RunTime:0.0120s ]
NOTIC: [8] Use of undefined constant alink - assumed 'alink' D:\phpStudy\WWW\123123\App\Runtime\Cache\Home\00e52909bed743ea261af4b6823297ff.php 第 250 行.
NOTIC: [8] Use of undefined constant id - assumed 'id' D:\phpStudy\WWW\123123\App\Runtime\Cache\Home\00e52909bed743ea261af4b6823297ff.php 第 250 行.
SQL: SELECT COUNT(id) AS tp_count FROM `xy_menu` WHERE ( level=2 and pid=220 ) LIMIT 1   [ RunTime:0.0140s ]
SQL: SELECT * FROM `xy_menu` WHERE ( level=2 and pid=220 ) ORDER BY sort  [ RunTime:0.0150s ]
NOTIC: [8] Use of undefined constant alink - assumed 'alink' D:\phpStudy\WWW\123123\App\Runtime\Cache\Home\00e52909bed743ea261af4b6823297ff.php 第 234 行.
SQL: SELECT * FROM `xy_menu` WHERE ( level=1 and pid=222 ) ORDER BY sort  [ RunTime:0.0130s ]
NOTIC: [8] Use of undefined constant alink - assumed 'alink' D:\phpStudy\WWW\123123\App\Runtime\Cache\Home\00e52909bed743ea261af4b6823297ff.php 第 250 行.
NOTIC: [8] Use of undefined constant id - assumed 'id' D:\phpStudy\WWW\123123\App\Runtime\Cache\Home\00e52909bed743ea261af4b6823297ff.php 第 250 行.
SQL: SELECT COUNT(id) AS tp_count FROM `xy_menu` WHERE ( level=2 and pid=225 ) LIMIT 1   [ RunTime:0.0100s ]
SQL: SELECT * FROM `xy_menu` WHERE ( level=2 and pid=225 ) ORDER BY sort  [ RunTime:0.0150s ]
NOTIC: [8] Use of undefined constant alink - assumed 'alink' D:\phpStudy\WWW\123123\App\Runtime\Cache\Home\00e52909bed743ea261af4b6823297ff.php 第 250 行.
NOTIC: [8] Use of undefined constant id - assumed 'id' D:\phpStudy\WWW\123123\App\Runtime\Cache\Home\00e52909bed743ea261af4b6823297ff.php 第 250 行.
SQL: SELECT COUNT(id) AS tp_count FROM `xy_menu` WHERE ( level=2 and pid=226 ) LIMIT 1   [ RunTime:0.0130s ]
SQL: SELECT * FROM `xy_menu` WHERE ( level=2 and pid=226 ) ORDER BY sort  [ RunTime:0.0160s ]
NOTIC: [8] Use of undefined constant alink - assumed 'alink' D:\phpStudy\WWW\123123\App\Runtime\Cache\Home\00e52909bed743ea261af4b6823297ff.php 第 250 行.
NOTIC: [8] Use of undefined constant id - assumed 'id' D:\phpStudy\WWW\123123\App\Runtime\Cache\Home\00e52909bed743ea261af4b6823297ff.php 第 250 行.
SQL: SELECT COUNT(id) AS tp_count FROM `xy_menu` WHERE ( level=2 and pid=233 ) LIMIT 1   [ RunTime:0.0140s ]
SQL: SELECT * FROM `xy_menu` WHERE ( level=2 and pid=233 ) ORDER BY sort  [ RunTime:0.0130s ]
NOTIC: [8] Use of undefined constant alink - assumed 'alink' D:\phpStudy\WWW\123123\App\Runtime\Cache\Home\00e52909bed743ea261af4b6823297ff.php 第 250 行.
NOTIC: [8] Use of undefined constant id - assumed 'id' D:\phpStudy\WWW\123123\App\Runtime\Cache\Home\00e52909bed743ea261af4b6823297ff.php 第 250 行.
SQL: SELECT COUNT(id) AS tp_count FROM `xy_menu` WHERE ( level=2 and pid=227 ) LIMIT 1   [ RunTime:0.0130s ]
SQL: SELECT * FROM `xy_menu` WHERE ( level=2 and pid=227 ) ORDER BY sort  [ RunTime:0.0150s ]
NOTIC: [8] Use of undefined constant alink - assumed 'alink' D:\phpStudy\WWW\123123\App\Runtime\Cache\Home\00e52909bed743ea261af4b6823297ff.php 第 234 行.
SQL: SELECT * FROM `xy_menu` WHERE ( level=1 and pid=228 ) ORDER BY sort  [ RunTime:0.0140s ]
NOTIC: [8] Use of undefined constant alink - assumed 'alink' D:\phpStudy\WWW\123123\App\Runtime\Cache\Home\00e52909bed743ea261af4b6823297ff.php 第 250 行.
NOTIC: [8] Use of undefined constant id - assumed 'id' D:\phpStudy\WWW\123123\App\Runtime\Cache\Home\00e52909bed743ea261af4b6823297ff.php 第 250 行.
SQL: SELECT COUNT(id) AS tp_count FROM `xy_menu` WHERE ( level=2 and pid=229 ) LIMIT 1   [ RunTime:0.0120s ]
SQL: SELECT * FROM `xy_menu` WHERE ( level=2 and pid=229 ) ORDER BY sort  [ RunTime:0.0130s ]
NOTIC: [8] Use of undefined constant alink - assumed 'alink' D:\phpStudy\WWW\123123\App\Runtime\Cache\Home\00e52909bed743ea261af4b6823297ff.php 第 250 行.
NOTIC: [8] Use of undefined constant id - assumed 'id' D:\phpStudy\WWW\123123\App\Runtime\Cache\Home\00e52909bed743ea261af4b6823297ff.php 第 250 行.
SQL: SELECT COUNT(id) AS tp_count FROM `xy_menu` WHERE ( level=2 and pid=230 ) LIMIT 1   [ RunTime:0.0130s ]
SQL: SELECT * FROM `xy_menu` WHERE ( level=2 and pid=230 ) ORDER BY sort  [ RunTime:0.0120s ]
NOTIC: [8] Use of undefined constant alink - assumed 'alink' D:\phpStudy\WWW\123123\App\Runtime\Cache\Home\00e52909bed743ea261af4b6823297ff.php 第 234 行.
SQL: SELECT * FROM `xy_menu` WHERE ( level=1 and pid=234 ) ORDER BY sort  [ RunTime:0.0130s ]
NOTIC: [8] Use of undefined constant alink - assumed 'alink' D:\phpStudy\WWW\123123\App\Runtime\Cache\Home\00e52909bed743ea261af4b6823297ff.php 第 250 行.
NOTIC: [8] Use of undefined constant id - assumed 'id' D:\phpStudy\WWW\123123\App\Runtime\Cache\Home\00e52909bed743ea261af4b6823297ff.php 第 250 行.
SQL: SELECT COUNT(id) AS tp_count FROM `xy_menu` WHERE ( level=2 and pid=235 ) LIMIT 1   [ RunTime:0.0110s ]
SQL: SELECT * FROM `xy_menu` WHERE ( level=2 and pid=235 ) ORDER BY sort  [ RunTime:0.0120s ]
NOTIC: [8] Use of undefined constant alink - assumed 'alink' D:\phpStudy\WWW\123123\App\Runtime\Cache\Home\00e52909bed743ea261af4b6823297ff.php 第 234 行.
SQL: SELECT * FROM `xy_menu` WHERE ( level=1 and pid=7 ) ORDER BY sort  [ RunTime:0.0120s ]
NOTIC: [8] Use of undefined constant alink - assumed 'alink' D:\phpStudy\WWW\123123\App\Runtime\Cache\Home\00e52909bed743ea261af4b6823297ff.php 第 250 行.
NOTIC: [8] Use of undefined constant id - assumed 'id' D:\phpStudy\WWW\123123\App\Runtime\Cache\Home\00e52909bed743ea261af4b6823297ff.php 第 250 行.
SQL: SELECT COUNT(id) AS tp_count FROM `xy_menu` WHERE ( level=2 and pid=9 ) LIMIT 1   [ RunTime:0.0130s ]
SQL: SELECT * FROM `xy_menu` WHERE ( level=2 and pid=9 ) ORDER BY sort  [ RunTime:0.0130s ]
NOTIC: [8] Use of undefined constant alink - assumed 'alink' D:\phpStudy\WWW\123123\App\Runtime\Cache\Home\00e52909bed743ea261af4b6823297ff.php 第 255 行.
NOTIC: [8] Use of undefined constant alink - assumed 'alink' D:\phpStudy\WWW\123123\App\Runtime\Cache\Home\00e52909bed743ea261af4b6823297ff.php 第 255 行.
NOTIC: [8] Use of undefined constant alink - assumed 'alink' D:\phpStudy\WWW\123123\App\Runtime\Cache\Home\00e52909bed743ea261af4b6823297ff.php 第 255 行.
NOTIC: [8] Use of undefined constant alink - assumed 'alink' D:\phpStudy\WWW\123123\App\Runtime\Cache\Home\00e52909bed743ea261af4b6823297ff.php 第 250 行.
NOTIC: [8] Use of undefined constant id - assumed 'id' D:\phpStudy\WWW\123123\App\Runtime\Cache\Home\00e52909bed743ea261af4b6823297ff.php 第 250 行.
SQL: SELECT COUNT(id) AS tp_count FROM `xy_menu` WHERE ( level=2 and pid=22 ) LIMIT 1   [ RunTime:0.0130s ]
SQL: SELECT * FROM `xy_menu` WHERE ( level=2 and pid=22 ) ORDER BY sort  [ RunTime:0.0120s ]
NOTIC: [8] Use of undefined constant alink - assumed 'alink' D:\phpStudy\WWW\123123\App\Runtime\Cache\Home\00e52909bed743ea261af4b6823297ff.php 第 255 行.
NOTIC: [8] Use of undefined constant alink - assumed 'alink' D:\phpStudy\WWW\123123\App\Runtime\Cache\Home\00e52909bed743ea261af4b6823297ff.php 第 255 行.
NOTIC: [8] Use of undefined constant alink - assumed 'alink' D:\phpStudy\WWW\123123\App\Runtime\Cache\Home\00e52909bed743ea261af4b6823297ff.php 第 255 行.
NOTIC: [8] Use of undefined constant alink - assumed 'alink' D:\phpStudy\WWW\123123\App\Runtime\Cache\Home\00e52909bed743ea261af4b6823297ff.php 第 255 行.
NOTIC: [8] Use of undefined constant alink - assumed 'alink' D:\phpStudy\WWW\123123\App\Runtime\Cache\Home\00e52909bed743ea261af4b6823297ff.php 第 250 行.
NOTIC: [8] Use of undefined constant id - assumed 'id' D:\phpStudy\WWW\123123\App\Runtime\Cache\Home\00e52909bed743ea261af4b6823297ff.php 第 250 行.
SQL: SELECT COUNT(id) AS tp_count FROM `xy_menu` WHERE ( level=2 and pid=24 ) LIMIT 1   [ RunTime:0.0130s ]
SQL: SELECT * FROM `xy_menu` WHERE ( level=2 and pid=24 ) ORDER BY sort  [ RunTime:0.0130s ]
NOTIC: [8] Use of undefined constant alink - assumed 'alink' D:\phpStudy\WWW\123123\App\Runtime\Cache\Home\00e52909bed743ea261af4b6823297ff.php 第 250 行.
NOTIC: [8] Use of undefined constant id - assumed 'id' D:\phpStudy\WWW\123123\App\Runtime\Cache\Home\00e52909bed743ea261af4b6823297ff.php 第 250 行.
SQL: SELECT COUNT(id) AS tp_count FROM `xy_menu` WHERE ( level=2 and pid=21 ) LIMIT 1   [ RunTime:0.0110s ]
SQL: SELECT * FROM `xy_menu` WHERE ( level=2 and pid=21 ) ORDER BY sort  [ RunTime:0.0160s ]
NOTIC: [8] Use of undefined constant alink - assumed 'alink' D:\phpStudy\WWW\123123\App\Runtime\Cache\Home\00e52909bed743ea261af4b6823297ff.php 第 250 行.
NOTIC: [8] Use of undefined constant id - assumed 'id' D:\phpStudy\WWW\123123\App\Runtime\Cache\Home\00e52909bed743ea261af4b6823297ff.php 第 250 行.
SQL: SELECT COUNT(id) AS tp_count FROM `xy_menu` WHERE ( level=2 and pid=13 ) LIMIT 1   [ RunTime:0.0130s ]
SQL: SELECT * FROM `xy_menu` WHERE ( level=2 and pid=13 ) ORDER BY sort  [ RunTime:0.0140s ]
NOTIC: [8] Use of undefined constant alink - assumed 'alink' D:\phpStudy\WWW\123123\App\Runtime\Cache\Home\00e52909bed743ea261af4b6823297ff.php 第 250 行.
NOTIC: [8] Use of undefined constant id - assumed 'id' D:\phpStudy\WWW\123123\App\Runtime\Cache\Home\00e52909bed743ea261af4b6823297ff.php 第 250 行.
SQL: SELECT COUNT(id) AS tp_count FROM `xy_menu` WHERE ( level=2 and pid=179 ) LIMIT 1   [ RunTime:0.0140s ]
SQL: SELECT * FROM `xy_menu` WHERE ( level=2 and pid=179 ) ORDER BY sort  [ RunTime:0.0130s ]
INFO: Run Behavior\ParseTemplateBehavior [ RunTime:1.555089s ]
INFO: [ view_parse ] --END-- [ RunTime:1.555089s ]
INFO: [ view_filter ] --START--
INFO: Run Behavior\WriteHtmlCacheBehavior [ RunTime:0.001000s ]
INFO: [ view_filter ] --END-- [ RunTime:0.001000s ]
INFO: [ app_end ] --START--
INFO: Run Behavior\ShowPageTraceBehavior [ RunTime:0.001000s ]
INFO: [ app_end ] --END-- [ RunTime:0.002000s ]

[ 2018-11-21T11:58:25+08:00 ] ::1 /123123/index.php?s=/Home/index/main.html&_=1542772696005
INFO: [ app_init ] --START--
INFO: Run Behavior\BuildLiteBehavior [ RunTime:0.000000s ]
INFO: [ app_init ] --END-- [ RunTime:0.002000s ]
INFO: [ app_begin ] --START--
INFO: Run Behavior\ReadHtmlCacheBehavior [ RunTime:0.001000s ]
INFO: [ app_begin ] --END-- [ RunTime:0.002000s ]
NOTIC: [2048] Declaration of Home\Controller\IndexController::index() should be compatible with that of Common\Controller\BaseController::index() D:\phpStudy\WWW\123123\App\Home\Controller\IndexController.class.php 第 5 行.
SQL: SHOW COLUMNS FROM `xy_user` [ RunTime:0.0160s ]
SQL: SELECT * FROM `xy_user` WHERE `id` = 1 LIMIT 1   [ RunTime:0.0140s ]
INFO: [ view_parse ] --START--
INFO: [ template_filter ] --START--
INFO: Run Behavior\ContentReplaceBehavior [ RunTime:0.000000s ]
INFO: [ template_filter ] --END-- [ RunTime:0.001000s ]
SQL: SHOW COLUMNS FROM `xy_quxiang` [ RunTime:0.0130s ]
SQL: SELECT * FROM `xy_quxiang` ORDER BY id desc LIMIT 5   [ RunTime:0.0120s ]
SQL: SELECT `depname` FROM `xy_user` WHERE ( id=16 ) LIMIT 1   [ RunTime:0.0120s ]
SQL: SHOW COLUMNS FROM `xy_renwu` [ RunTime:0.0150s ]
NOTIC: [8] Use of undefined constant uid - assumed 'uid' D:\phpStudy\WWW\123123\App\Runtime\Cache\Home\8d1be3c46ef179b9e01c2c8d3de21c37.php 第 79 行.
SQL: SELECT * FROM `xy_renwu` WHERE `juid` LIKE '%1%' ORDER BY id desc LIMIT 5   [ RunTime:0.0160s ]
SQL: SHOW COLUMNS FROM `xy_tongzhi` [ RunTime:0.0160s ]
NOTIC: [8] Use of undefined constant uid - assumed 'uid' D:\phpStudy\WWW\123123\App\Runtime\Cache\Home\8d1be3c46ef179b9e01c2c8d3de21c37.php 第 108 行.
SQL: SELECT * FROM `xy_tongzhi` WHERE `juid` LIKE '%1%' ORDER BY id desc LIMIT 5   [ RunTime:0.0130s ]
SQL: SHOW COLUMNS FROM `xy_cust` [ RunTime:0.0150s ]
SQL: SELECT * FROM `xy_cust` WHERE ( `xiaci` >= '2018-11-14' AND `xiaci` <= '2018-12-21'  ) AND (  `uid` = '1' OR `juid` LIKE '%1%' ) LIMIT 5   [ RunTime:0.0150s ]
SQL: SHOW COLUMNS FROM `xy_fahuo` [ RunTime:0.0150s ]
SQL: SELECT * FROM `xy_fahuo` ORDER BY id desc LIMIT 5   [ RunTime:0.0140s ]
SQL: SHOW COLUMNS FROM `xy_hetong` [ RunTime:0.0150s ]
SQL: SELECT * FROM `xy_hetong` WHERE (  `uid` = '1' OR `juid` LIKE '%1%' ) AND ( `jztime` >= '2018-11-14' AND `jztime` <= '2018-12-21'  ) LIMIT 5   [ RunTime:0.0140s ]
INFO: Run Behavior\ParseTemplateBehavior [ RunTime:0.311017s ]
INFO: [ view_parse ] --END-- [ RunTime:0.311017s ]
INFO: [ view_filter ] --START--
INFO: Run Behavior\WriteHtmlCacheBehavior [ RunTime:0.001001s ]
INFO: [ view_filter ] --END-- [ RunTime:0.001001s ]
INFO: [ app_end ] --START--
INFO: Run Behavior\ShowPageTraceBehavior [ RunTime:0.002000s ]
INFO: [ app_end ] --END-- [ RunTime:0.002000s ]

[ 2018-11-21T15:01:16+08:00 ] ::1 /123123/index.php/home/baike/index?_=1542783667541
INFO: [ app_init ] --START--
INFO: Run Behavior\BuildLiteBehavior [ RunTime:0.000000s ]
INFO: [ app_init ] --END-- [ RunTime:0.002001s ]
INFO: [ app_begin ] --START--
INFO: Run Behavior\ReadHtmlCacheBehavior [ RunTime:0.003000s ]
INFO: [ app_begin ] --END-- [ RunTime:0.004000s ]
SQL: SHOW COLUMNS FROM `xy_baike` [ RunTime:0.0130s ]
NOTIC: [8] Undefined variable: order D:\phpStudy\WWW\123123\App\Common\Controller\BaseController.class.php 第 285 行.
NOTIC: [8] Undefined variable: sort D:\phpStudy\WWW\123123\App\Common\Controller\BaseController.class.php 第 305 行.
NOTIC: [8] Undefined variable: pageCurrent D:\phpStudy\WWW\123123\App\Common\Controller\BaseController.class.php 第 321 行.
SQL: SELECT COUNT(*) AS tp_count FROM `xy_baike` WHERE (  `id` <> '0' ) LIMIT 1   [ RunTime:0.0140s ]
SQL: SELECT * FROM `xy_baike` WHERE (  `id` <> '0' ) ORDER BY `id` desc LIMIT 0,50   [ RunTime:0.0140s ]
INFO: [ view_parse ] --START--
INFO: [ template_filter ] --START--
INFO: Run Behavior\ContentReplaceBehavior [ RunTime:0.000000s ]
INFO: [ template_filter ] --END-- [ RunTime:0.001000s ]
NOTIC: [8] Undefined index: keys D:\phpStudy\WWW\123123\App\Runtime\Cache\Home\9254b831cc8cd7612e9f0d9949aba85d.php 第 8 行.
INFO: Run Behavior\ParseTemplateBehavior [ RunTime:0.042002s ]
INFO: [ view_parse ] --END-- [ RunTime:0.042002s ]
INFO: [ view_filter ] --START--
INFO: Run Behavior\WriteHtmlCacheBehavior [ RunTime:0.002000s ]
INFO: [ view_filter ] --END-- [ RunTime:0.003000s ]
INFO: [ app_end ] --START--
INFO: Run Behavior\ShowPageTraceBehavior [ RunTime:0.001001s ]
INFO: [ app_end ] --END-- [ RunTime:0.002001s ]

[ 2018-11-21T15:01:31+08:00 ] ::1 /123123/index.php?s=/Home/Baike/view/id/1/navTabId/Baike&_=1542783681496
INFO: [ app_init ] --START--
INFO: Run Behavior\BuildLiteBehavior [ RunTime:0.000000s ]
INFO: [ app_init ] --END-- [ RunTime:0.002000s ]
INFO: [ app_begin ] --START--
INFO: Run Behavior\ReadHtmlCacheBehavior [ RunTime:0.014001s ]
INFO: [ app_begin ] --END-- [ RunTime:0.014001s ]
SQL: SHOW COLUMNS FROM `xy_baike` [ RunTime:0.0150s ]
SQL: SELECT * FROM `xy_baike` WHERE `id` = 1 LIMIT 1   [ RunTime:0.0140s ]
INFO: [ view_parse ] --START--
INFO: [ template_filter ] --START--
INFO: Run Behavior\ContentReplaceBehavior [ RunTime:0.000000s ]
INFO: [ template_filter ] --END-- [ RunTime:0.000000s ]
NOTIC: [8] Undefined variable: Rs D:\phpStudy\WWW\123123\App\Runtime\Cache\Home\9fda01d1714f794c9a32b39f44c35c5d.php 第 7 行.
NOTIC: [8] Undefined variable: Rs D:\phpStudy\WWW\123123\App\Runtime\Cache\Home\9fda01d1714f794c9a32b39f44c35c5d.php 第 11 行.
NOTIC: [8] Undefined variable: Rs D:\phpStudy\WWW\123123\App\Runtime\Cache\Home\9fda01d1714f794c9a32b39f44c35c5d.php 第 15 行.
INFO: Run Behavior\ParseTemplateBehavior [ RunTime:0.017001s ]
INFO: [ view_parse ] --END-- [ RunTime:0.019001s ]
INFO: [ view_filter ] --START--
INFO: Run Behavior\WriteHtmlCacheBehavior [ RunTime:0.001000s ]
INFO: [ view_filter ] --END-- [ RunTime:0.001000s ]
INFO: [ view_parse ] --START--
INFO: [ template_filter ] --START--
INFO: Run Behavior\ContentReplaceBehavior [ RunTime:0.000000s ]
INFO: [ template_filter ] --END-- [ RunTime:-0.013000s ]
INFO: Run Behavior\ParseTemplateBehavior [ RunTime:0.010001s ]
INFO: [ view_parse ] --END-- [ RunTime:-0.003000s ]
INFO: [ view_filter ] --START--
INFO: Run Behavior\WriteHtmlCacheBehavior [ RunTime:0.001000s ]
INFO: [ view_filter ] --END-- [ RunTime:-0.013001s ]
INFO: [ app_end ] --START--
INFO: Run Behavior\ShowPageTraceBehavior [ RunTime:0.001000s ]
INFO: [ app_end ] --END-- [ RunTime:0.002000s ]

[ 2018-11-21T15:02:06+08:00 ] ::1 /123123/index.php?s=/Home/public/online.html&_=1542783717588
INFO: [ app_init ] --START--
INFO: Run Behavior\BuildLiteBehavior [ RunTime:0.001000s ]
INFO: [ app_init ] --END-- [ RunTime:0.004001s ]
INFO: [ app_begin ] --START--
INFO: Run Behavior\ReadHtmlCacheBehavior [ RunTime:0.002001s ]
INFO: [ app_begin ] --END-- [ RunTime:0.002001s ]
SQL: SHOW COLUMNS FROM `xy_user` [ RunTime:0.0130s ]
NOTIC: [8] Undefined index: pageNum D:\phpStudy\WWW\123123\App\Home\Controller\PublicController.class.php 第 94 行.
SQL: SELECT * FROM `xy_user` WHERE `update_time` > 1542783126 LIMIT 0,10   [ RunTime:0.0120s ]
SQL: SELECT COUNT(*) AS tp_count FROM `xy_user` WHERE `update_time` > 1542783126 LIMIT 1   [ RunTime:0.0140s ]
INFO: [ view_parse ] --START--
INFO: [ template_filter ] --START--
INFO: Run Behavior\ContentReplaceBehavior [ RunTime:0.000000s ]
INFO: [ template_filter ] --END-- [ RunTime:0.001000s ]
INFO: Run Behavior\ParseTemplateBehavior [ RunTime:0.026001s ]
INFO: [ view_parse ] --END-- [ RunTime:0.026001s ]
INFO: [ view_filter ] --START--
INFO: Run Behavior\WriteHtmlCacheBehavior [ RunTime:0.000000s ]
INFO: [ view_filter ] --END-- [ RunTime:0.002000s ]
INFO: [ app_end ] --START--
INFO: Run Behavior\ShowPageTraceBehavior [ RunTime:0.001000s ]
INFO: [ app_end ] --END-- [ RunTime:0.002000s ]

