[ 2018-10-22T11:00:37+08:00 ] ::1 /X-CRM3/index.php/home/public/clear?_=1540177237587
INFO: [ app_init ] --START--
INFO: Run Behavior\BuildLiteBehavior [ RunTime:0.000000s ]
INFO: [ app_init ] --END-- [ RunTime:0.001000s ]
INFO: [ app_begin ] --START--
INFO: Run Behavior\ReadHtmlCacheBehavior [ RunTime:0.000000s ]
INFO: [ app_begin ] --END-- [ RunTime:0.000000s ]
NOTIC: [2] rmdir(./App/Runtime//Cache): Directory not empty D:\wamp\www\X-CRM3\App\Common\Common\function.php 第 251 行.
NOTIC: [2] rmdir(./App/Runtime//Cache/Home): Directory not empty D:\wamp\www\X-CRM3\App\Common\Common\function.php 第 251 行.
NOTIC: [2] rmdir(./App/Runtime//Logs): Directory not empty D:\wamp\www\X-CRM3\App\Common\Common\function.php 第 251 行.
NOTIC: [2] rmdir(./App/Runtime//Logs/Home): Directory not empty D:\wamp\www\X-CRM3\App\Common\Common\function.php 第 251 行.
NOTIC: [2] rmdir(./App/Runtime//Temp): Directory not empty D:\wamp\www\X-CRM3\App\Common\Common\function.php 第 251 行.
INFO: [ view_parse ] --START--
INFO: [ template_filter ] --START--
INFO: Run Behavior\ContentReplaceBehavior [ RunTime:0.000000s ]
INFO: [ template_filter ] --END-- [ RunTime:0.000000s ]
INFO: Run Behavior\ParseTemplateBehavior [ RunTime:0.004001s ]
INFO: [ view_parse ] --END-- [ RunTime:0.004001s ]
INFO: [ view_filter ] --START--
INFO: Run Behavior\WriteHtmlCacheBehavior [ RunTime:0.000000s ]
INFO: [ view_filter ] --END-- [ RunTime:0.000000s ]
INFO: [ app_end ] --START--
INFO: Run Behavior\ShowPageTraceBehavior [ RunTime:0.001000s ]
INFO: [ app_end ] --END-- [ RunTime:0.001000s ]

[ 2018-10-22T11:00:42+08:00 ] ::1 /X-CRM3/index.php/home/Database/index?_=1540177240331
INFO: [ app_init ] --START--
INFO: Run Behavior\BuildLiteBehavior [ RunTime:0.000000s ]
INFO: [ app_init ] --END-- [ RunTime:0.000000s ]
INFO: [ app_begin ] --START--
INFO: Run Behavior\ReadHtmlCacheBehavior [ RunTime:0.001000s ]
INFO: [ app_begin ] --END-- [ RunTime:0.001000s ]
SQL: SHOW COLUMNS FROM `xy_config` [ RunTime:0.0330s ]
SQL: SELECT `type`,`name`,`value` FROM `xy_config` WHERE `status` = 1  [ RunTime:0.0000s ]
SQL: SHOW TABLE STATUS [ RunTime:0.1050s ]
INFO: [ view_parse ] --START--
INFO: [ template_filter ] --START--
INFO: Run Behavior\ContentReplaceBehavior [ RunTime:0.000000s ]
INFO: [ template_filter ] --END-- [ RunTime:0.000000s ]
NOTIC: [8] Undefined variable: numPerPage D:\wamp\www\X-CRM3\App\Runtime\Cache\Home\dfbd413daa61380574613f68e99b005b.php 第 4 行.
INFO: Run Behavior\ParseTemplateBehavior [ RunTime:0.015001s ]
INFO: [ view_parse ] --END-- [ RunTime:0.015001s ]
INFO: [ view_filter ] --START--
INFO: Run Behavior\WriteHtmlCacheBehavior [ RunTime:0.000000s ]
INFO: [ view_filter ] --END-- [ RunTime:0.000000s ]
INFO: [ app_end ] --START--
INFO: Run Behavior\ShowPageTraceBehavior [ RunTime:0.001000s ]
INFO: [ app_end ] --END-- [ RunTime:0.001000s ]

[ 2018-10-22T11:01:30+08:00 ] ::1 /X-CRM3/index.php?s=/Home/Database/optimize/tables/xy_app_member/navTabId/database.html
INFO: [ app_init ] --START--
INFO: Run Behavior\BuildLiteBehavior [ RunTime:0.000000s ]
INFO: [ app_init ] --END-- [ RunTime:0.001000s ]
INFO: [ app_begin ] --START--
INFO: Run Behavior\ReadHtmlCacheBehavior [ RunTime:0.000000s ]
INFO: [ app_begin ] --END-- [ RunTime:0.000000s ]
NOTIC: [2] session_start(): Cannot send session cache limiter - headers already sent D:\wamp\www\X-CRM3\Core\Common\functions.php 第 1231 行.
SQL: OPTIMIZE TABLE `xy_app_member` [ RunTime:0.3510s ]
SQL: SHOW COLUMNS FROM `xy_user` [ RunTime:0.0060s ]
SQL: UPDATE `xy_user` SET `update_time`='1540177289' WHERE `id` = 1 [ RunTime:0.0000s ]
SQL: SHOW COLUMNS FROM `xy_log` [ RunTime:0.0040s ]
SQL: INSERT INTO `xy_log` (`username`,`content`,`os`,`url`,`addtime`,`ip`) VALUES ('admin','数据表\'xy_app_member\'优化完成！','Mozilla/5.0 (Windows NT 6.1; Win64; x64) AppleWebKit/537.36 (KHTML, like Gecko) Chrome/69.0.3497.100 Safari/537.36','/X-CRM3/index.php?s=/Home/Database/optimize.html','2018-10-22 11:01:30','0.0.0.0') [ RunTime:0.0000s ]
NOTIC: [2] Cannot modify header information - headers already sent D:\wamp\www\X-CRM3\App\Common\Controller\BaseController.class.php 第 37 行.

[ 2018-10-22T11:01:38+08:00 ] ::1 /X-CRM3/index.php?s=/Home/Database/repair/tables/xy_auth_group_access/navTabId/database.html
INFO: [ app_init ] --START--
INFO: Run Behavior\BuildLiteBehavior [ RunTime:0.000000s ]
INFO: [ app_init ] --END-- [ RunTime:0.000000s ]
INFO: [ app_begin ] --START--
INFO: Run Behavior\ReadHtmlCacheBehavior [ RunTime:0.000000s ]
INFO: [ app_begin ] --END-- [ RunTime:0.001000s ]
NOTIC: [2] session_start(): Cannot send session cache limiter - headers already sent D:\wamp\www\X-CRM3\Core\Common\functions.php 第 1231 行.
SQL: REPAIR TABLE `xy_auth_group_access` [ RunTime:0.0490s ]
SQL: SHOW COLUMNS FROM `xy_user` [ RunTime:0.0030s ]
SQL: UPDATE `xy_user` SET `update_time`='1540177297' WHERE `id` = 1 [ RunTime:0.0010s ]
SQL: SHOW COLUMNS FROM `xy_log` [ RunTime:0.0030s ]
SQL: INSERT INTO `xy_log` (`username`,`content`,`os`,`url`,`addtime`,`ip`) VALUES ('admin','数据表\'xy_auth_group_access\'修复完成！','Mozilla/5.0 (Windows NT 6.1; Win64; x64) AppleWebKit/537.36 (KHTML, like Gecko) Chrome/69.0.3497.100 Safari/537.36','/X-CRM3/index.php?s=/Home/Database/repair.html','2018-10-22 11:01:38','0.0.0.0') [ RunTime:0.0010s ]
NOTIC: [2] Cannot modify header information - headers already sent D:\wamp\www\X-CRM3\App\Common\Controller\BaseController.class.php 第 37 行.

[ 2018-10-22T13:04:57+08:00 ] ::1 /X-CRM3/index.php?s=/Home/Member/add/navTabId/Member&_=1540184694463
INFO: [ app_init ] --START--
INFO: Run Behavior\BuildLiteBehavior [ RunTime:0.000000s ]
INFO: [ app_init ] --END-- [ RunTime:0.000000s ]
INFO: [ app_begin ] --START--
INFO: Run Behavior\ReadHtmlCacheBehavior [ RunTime:0.000000s ]
INFO: [ app_begin ] --END-- [ RunTime:0.000000s ]
SQL: SHOW COLUMNS FROM `xy_auth_group` [ RunTime:0.1820s ]
SQL: SELECT * FROM `xy_auth_group` WHERE `pid` = 0 AND `type` = 0 ORDER BY sort  [ RunTime:0.0130s ]
SQL: SELECT * FROM `xy_auth_group` WHERE `pid` = 1 AND `type` = 0 ORDER BY sort  [ RunTime:0.0000s ]
SQL: SELECT * FROM `xy_auth_group` WHERE `pid` = 14 AND `type` = 0 ORDER BY sort  [ RunTime:0.0010s ]
SQL: SELECT * FROM `xy_auth_group` WHERE `pid` = 15 AND `type` = 0 ORDER BY sort  [ RunTime:0.0000s ]
SQL: SELECT * FROM `xy_auth_group` WHERE `pid` = 16 AND `type` = 0 ORDER BY sort  [ RunTime:0.0000s ]
INFO: [ view_parse ] --START--
INFO: [ template_filter ] --START--
INFO: Run Behavior\ContentReplaceBehavior [ RunTime:0.000000s ]
INFO: [ template_filter ] --END-- [ RunTime:0.000000s ]
NOTIC: [8] Undefined variable: id D:\wamp\www\X-CRM3\App\Runtime\Cache\Home\6e60062fbc720252fade39763ea624f3.php 第 11 行.
INFO: Run Behavior\ParseTemplateBehavior [ RunTime:0.076005s ]
INFO: [ view_parse ] --END-- [ RunTime:0.076005s ]
INFO: [ view_filter ] --START--
INFO: Run Behavior\WriteHtmlCacheBehavior [ RunTime:0.011000s ]
INFO: [ view_filter ] --END-- [ RunTime:0.011000s ]
INFO: [ app_end ] --START--
INFO: Run Behavior\ShowPageTraceBehavior [ RunTime:0.017001s ]
INFO: [ app_end ] --END-- [ RunTime:0.017001s ]

[ 2018-10-22T13:05:12+08:00 ] ::1 /X-CRM3/index.php?s=/Home/Member/add/navTabId/Member
INFO: [ app_init ] --START--
INFO: Run Behavior\BuildLiteBehavior [ RunTime:0.000000s ]
INFO: [ app_init ] --END-- [ RunTime:0.000000s ]
INFO: [ app_begin ] --START--
INFO: Run Behavior\ReadHtmlCacheBehavior [ RunTime:0.001000s ]
INFO: [ app_begin ] --END-- [ RunTime:0.001000s ]
SQL: SHOW COLUMNS FROM `xy_app_member` [ RunTime:0.0820s ]
SQL: INSERT INTO `xy_app_member` (`user_account`,`user_password`,`idcard`,`telephone`,`sex`,`birth`,`area`,`aptitude`) VALUES ('213','123','213','213','0','123','312','321') [ RunTime:0.1320s ]
SQL: SHOW COLUMNS FROM `xy_user` [ RunTime:0.0330s ]
SQL: UPDATE `xy_user` SET `update_time`='1540184711' WHERE `id` = 1 [ RunTime:0.0490s ]
SQL: SHOW COLUMNS FROM `xy_log` [ RunTime:0.0230s ]
SQL: INSERT INTO `xy_log` (`username`,`content`,`os`,`url`,`addtime`,`ip`) VALUES ('admin','新增成功13','Mozilla/5.0 (Windows NT 6.1; Win64; x64) AppleWebKit/537.36 (KHTML, like Gecko) Chrome/69.0.3497.100 Safari/537.36','/X-CRM3/index.php?s=/Home/Member/add.html','2018-10-22 13:05:12','0.0.0.0') [ RunTime:0.0190s ]

[ 2018-10-22T13:07:06+08:00 ] ::1 /X-CRM3/index.php?s=/Home/Member/add/navTabId/Member
INFO: [ app_init ] --START--
INFO: Run Behavior\BuildLiteBehavior [ RunTime:0.000000s ]
INFO: [ app_init ] --END-- [ RunTime:0.000000s ]
INFO: [ app_begin ] --START--
INFO: Run Behavior\ReadHtmlCacheBehavior [ RunTime:0.000000s ]
INFO: [ app_begin ] --END-- [ RunTime:0.000000s ]
SQL: SHOW COLUMNS FROM `xy_app_member` [ RunTime:0.0040s ]
SQL: INSERT INTO `xy_app_member` (`user_account`,`user_password`,`idcard`,`telephone`,`sex`,`birth`,`area`,`aptitude`) VALUES ('213','123','213','213','0','123','312','321') [ RunTime:0.0390s ]
SQL: SHOW COLUMNS FROM `xy_user` [ RunTime:0.0040s ]
SQL: UPDATE `xy_user` SET `update_time`='1540184826' WHERE `id` = 1 [ RunTime:0.0080s ]
SQL: SHOW COLUMNS FROM `xy_log` [ RunTime:0.0040s ]
SQL: INSERT INTO `xy_log` (`username`,`content`,`os`,`url`,`addtime`,`ip`) VALUES ('admin','新增成功14','Mozilla/5.0 (Windows NT 6.1; Win64; x64) AppleWebKit/537.36 (KHTML, like Gecko) Chrome/69.0.3497.100 Safari/537.36','/X-CRM3/index.php?s=/Home/Member/add.html','2018-10-22 13:07:06','0.0.0.0') [ RunTime:0.0010s ]

[ 2018-10-22T13:07:07+08:00 ] ::1 /X-CRM3/index.php/home/member/index?_=1540184826349
INFO: [ app_init ] --START--
INFO: Run Behavior\BuildLiteBehavior [ RunTime:0.000000s ]
INFO: [ app_init ] --END-- [ RunTime:0.001000s ]
INFO: [ app_begin ] --START--
INFO: Run Behavior\ReadHtmlCacheBehavior [ RunTime:0.000000s ]
INFO: [ app_begin ] --END-- [ RunTime:0.000000s ]
SQL: SHOW COLUMNS FROM `xy_app_member` [ RunTime:0.0050s ]
NOTIC: [8] Undefined variable: order D:\wamp\www\X-CRM3\App\Common\Controller\BaseController.class.php 第 141 行.
NOTIC: [8] Undefined variable: sort D:\wamp\www\X-CRM3\App\Common\Controller\BaseController.class.php 第 151 行.
NOTIC: [8] Undefined variable: pageCurrent D:\wamp\www\X-CRM3\App\Common\Controller\BaseController.class.php 第 159 行.
SQL: SELECT COUNT(*) AS tp_count FROM `xy_app_member` WHERE (  `id` <> '0' ) LIMIT 1   [ RunTime:0.0220s ]
SQL: SELECT * FROM `xy_app_member` WHERE (  `id` <> '0' ) ORDER BY `id` desc LIMIT 0,50   [ RunTime:0.0000s ]
SQL: SHOW COLUMNS FROM `xy_user` [ RunTime:0.0050s ]
SQL: SELECT `username` FROM `xy_user` WHERE ( id='' ) LIMIT 1   [ RunTime:0.0000s ]
SQL: SELECT `username` FROM `xy_user` WHERE ( id='' ) LIMIT 1   [ RunTime:0.0000s ]
SQL: SELECT `username` FROM `xy_user` WHERE ( id='' ) LIMIT 1   [ RunTime:0.0000s ]
SQL: SELECT `username` FROM `xy_user` WHERE ( id='' ) LIMIT 1   [ RunTime:0.0000s ]
SQL: SELECT `username` FROM `xy_user` WHERE ( id='' ) LIMIT 1   [ RunTime:0.0000s ]
SQL: SELECT `username` FROM `xy_user` WHERE ( id='' ) LIMIT 1   [ RunTime:0.0010s ]
SQL: SELECT `username` FROM `xy_user` WHERE ( id='' ) LIMIT 1   [ RunTime:0.0000s ]
INFO: [ view_parse ] --START--
INFO: [ template_filter ] --START--
INFO: Run Behavior\ContentReplaceBehavior [ RunTime:0.000000s ]
INFO: [ template_filter ] --END-- [ RunTime:0.000000s ]
NOTIC: [8] Undefined index: keys D:\wamp\www\X-CRM3\App\Runtime\Cache\Home\3dab0a4f692bc604129dcf4465678572.php 第 8 行.
INFO: Run Behavior\ParseTemplateBehavior [ RunTime:0.040003s ]
INFO: [ view_parse ] --END-- [ RunTime:0.040003s ]
INFO: [ view_filter ] --START--
INFO: Run Behavior\WriteHtmlCacheBehavior [ RunTime:0.001000s ]
INFO: [ view_filter ] --END-- [ RunTime:0.001000s ]
INFO: [ app_end ] --START--
INFO: Run Behavior\ShowPageTraceBehavior [ RunTime:0.001000s ]
INFO: [ app_end ] --END-- [ RunTime:0.001000s ]

[ 2018-10-22T13:11:37+08:00 ] ::1 /X-CRM3/index.php?s=/Home/Member/add/navTabId/Member&_=1540185096435
INFO: [ app_init ] --START--
INFO: Run Behavior\BuildLiteBehavior [ RunTime:0.000000s ]
INFO: [ app_init ] --END-- [ RunTime:0.001000s ]
INFO: [ app_begin ] --START--
INFO: Run Behavior\ReadHtmlCacheBehavior [ RunTime:0.000000s ]
INFO: [ app_begin ] --END-- [ RunTime:0.000000s ]
SQL: SHOW COLUMNS FROM `xy_auth_group` [ RunTime:0.0040s ]
SQL: SELECT * FROM `xy_auth_group` WHERE `pid` = 0 AND `type` = 0 ORDER BY sort  [ RunTime:0.0000s ]
SQL: SELECT * FROM `xy_auth_group` WHERE `pid` = 1 AND `type` = 0 ORDER BY sort  [ RunTime:0.0010s ]
SQL: SELECT * FROM `xy_auth_group` WHERE `pid` = 14 AND `type` = 0 ORDER BY sort  [ RunTime:0.0000s ]
SQL: SELECT * FROM `xy_auth_group` WHERE `pid` = 15 AND `type` = 0 ORDER BY sort  [ RunTime:0.0000s ]
SQL: SELECT * FROM `xy_auth_group` WHERE `pid` = 16 AND `type` = 0 ORDER BY sort  [ RunTime:0.0010s ]
INFO: [ view_parse ] --START--
INFO: [ template_filter ] --START--
INFO: Run Behavior\ContentReplaceBehavior [ RunTime:0.000000s ]
INFO: [ template_filter ] --END-- [ RunTime:0.000000s ]
NOTIC: [8] Undefined variable: id D:\wamp\www\X-CRM3\App\Runtime\Cache\Home\6e60062fbc720252fade39763ea624f3.php 第 11 行.
INFO: Run Behavior\ParseTemplateBehavior [ RunTime:0.011001s ]
INFO: [ view_parse ] --END-- [ RunTime:0.011001s ]
INFO: [ view_filter ] --START--
INFO: Run Behavior\WriteHtmlCacheBehavior [ RunTime:0.000000s ]
INFO: [ view_filter ] --END-- [ RunTime:0.000000s ]
INFO: [ app_end ] --START--
INFO: Run Behavior\ShowPageTraceBehavior [ RunTime:0.001000s ]
INFO: [ app_end ] --END-- [ RunTime:0.001000s ]

[ 2018-10-22T13:11:50+08:00 ] ::1 /X-CRM3/index.php?s=/Home/Member/add/navTabId/Member
INFO: [ app_init ] --START--
INFO: Run Behavior\BuildLiteBehavior [ RunTime:0.000000s ]
INFO: [ app_init ] --END-- [ RunTime:0.000000s ]
INFO: [ app_begin ] --START--
INFO: Run Behavior\ReadHtmlCacheBehavior [ RunTime:0.001000s ]
INFO: [ app_begin ] --END-- [ RunTime:0.001000s ]
SQL: SHOW COLUMNS FROM `xy_app_member` [ RunTime:0.0040s ]

[ 2018-10-22T13:12:04+08:00 ] ::1 /X-CRM3/index.php?s=/Home/Member/add/navTabId/Member
INFO: [ app_init ] --START--
INFO: Run Behavior\BuildLiteBehavior [ RunTime:0.000000s ]
INFO: [ app_init ] --END-- [ RunTime:0.001000s ]
INFO: [ app_begin ] --START--
INFO: Run Behavior\ReadHtmlCacheBehavior [ RunTime:0.001000s ]
INFO: [ app_begin ] --END-- [ RunTime:0.001000s ]
SQL: SHOW COLUMNS FROM `xy_app_member` [ RunTime:0.0040s ]
SQL: INSERT INTO `xy_app_member` (`user_account`,`user_password`,`idcard`,`telephone`,`sex`,`birth`,`area`,`aptitude`) VALUES ('123','231','231','32','0','321','321','321') [ RunTime:0.0440s ]
SQL: SHOW COLUMNS FROM `xy_user` [ RunTime:0.0040s ]
SQL: UPDATE `xy_user` SET `update_time`='1540185124' WHERE `id` = 1 [ RunTime:0.0000s ]
SQL: SHOW COLUMNS FROM `xy_log` [ RunTime:0.0040s ]
SQL: INSERT INTO `xy_log` (`username`,`content`,`os`,`url`,`addtime`,`ip`) VALUES ('admin','新增成功15','Mozilla/5.0 (Windows NT 6.1; Win64; x64) AppleWebKit/537.36 (KHTML, like Gecko) Chrome/69.0.3497.100 Safari/537.36','/X-CRM3/index.php?s=/Home/Member/add.html','2018-10-22 13:12:04','0.0.0.0') [ RunTime:0.0000s ]

[ 2018-10-22T13:12:32+08:00 ] ::1 /X-CRM3/index.php?s=/Home/Member/add/navTabId/Member
INFO: [ app_init ] --START--
INFO: Run Behavior\BuildLiteBehavior [ RunTime:0.000000s ]
INFO: [ app_init ] --END-- [ RunTime:0.000000s ]
INFO: [ app_begin ] --START--
INFO: Run Behavior\ReadHtmlCacheBehavior [ RunTime:0.001000s ]
INFO: [ app_begin ] --END-- [ RunTime:0.001000s ]
SQL: SHOW COLUMNS FROM `xy_app_member` [ RunTime:0.0040s ]
SQL: INSERT INTO `xy_app_member` (`user_account`,`user_password`,`idcard`,`telephone`,`sex`,`birth`,`area`,`aptitude`) VALUES ('123','231','231','32','0','321','321','321') [ RunTime:0.0380s ]
SQL: SHOW COLUMNS FROM `xy_user` [ RunTime:0.0040s ]
SQL: UPDATE `xy_user` SET `update_time`='1540185152' WHERE `id` = 1 [ RunTime:0.0000s ]
SQL: SHOW COLUMNS FROM `xy_log` [ RunTime:0.0030s ]
SQL: INSERT INTO `xy_log` (`username`,`content`,`os`,`url`,`addtime`,`ip`) VALUES ('admin','新增成功16','Mozilla/5.0 (Windows NT 6.1; Win64; x64) AppleWebKit/537.36 (KHTML, like Gecko) Chrome/69.0.3497.100 Safari/537.36','/X-CRM3/index.php?s=/Home/Member/add.html','2018-10-22 13:12:32','0.0.0.0') [ RunTime:0.0000s ]

[ 2018-10-22T13:12:33+08:00 ] ::1 /X-CRM3/index.php/home/member/index?_=1540185152377
INFO: [ app_init ] --START--
INFO: Run Behavior\BuildLiteBehavior [ RunTime:0.000000s ]
INFO: [ app_init ] --END-- [ RunTime:0.000000s ]
INFO: [ app_begin ] --START--
INFO: Run Behavior\ReadHtmlCacheBehavior [ RunTime:0.003000s ]
INFO: [ app_begin ] --END-- [ RunTime:0.003000s ]
SQL: SHOW COLUMNS FROM `xy_app_member` [ RunTime:0.0040s ]
NOTIC: [8] Undefined variable: order D:\wamp\www\X-CRM3\App\Common\Controller\BaseController.class.php 第 141 行.
NOTIC: [8] Undefined variable: sort D:\wamp\www\X-CRM3\App\Common\Controller\BaseController.class.php 第 151 行.
NOTIC: [8] Undefined variable: pageCurrent D:\wamp\www\X-CRM3\App\Common\Controller\BaseController.class.php 第 159 行.
SQL: SELECT COUNT(*) AS tp_count FROM `xy_app_member` WHERE (  `id` <> '0' ) LIMIT 1   [ RunTime:0.0010s ]
SQL: SELECT * FROM `xy_app_member` WHERE (  `id` <> '0' ) ORDER BY `id` desc LIMIT 0,50   [ RunTime:0.0000s ]
SQL: SHOW COLUMNS FROM `xy_user` [ RunTime:0.0050s ]
SQL: SELECT `username` FROM `xy_user` WHERE ( id='' ) LIMIT 1   [ RunTime:0.0000s ]
SQL: SELECT `username` FROM `xy_user` WHERE ( id='' ) LIMIT 1   [ RunTime:0.0000s ]
SQL: SELECT `username` FROM `xy_user` WHERE ( id='' ) LIMIT 1   [ RunTime:0.0010s ]
SQL: SELECT `username` FROM `xy_user` WHERE ( id='' ) LIMIT 1   [ RunTime:0.0000s ]
SQL: SELECT `username` FROM `xy_user` WHERE ( id='' ) LIMIT 1   [ RunTime:0.0000s ]
SQL: SELECT `username` FROM `xy_user` WHERE ( id='' ) LIMIT 1   [ RunTime:0.0000s ]
SQL: SELECT `username` FROM `xy_user` WHERE ( id='' ) LIMIT 1   [ RunTime:0.0000s ]
SQL: SELECT `username` FROM `xy_user` WHERE ( id='' ) LIMIT 1   [ RunTime:0.0010s ]
SQL: SELECT `username` FROM `xy_user` WHERE ( id='' ) LIMIT 1   [ RunTime:0.0000s ]
INFO: [ view_parse ] --START--
INFO: [ template_filter ] --START--
INFO: Run Behavior\ContentReplaceBehavior [ RunTime:0.000000s ]
INFO: [ template_filter ] --END-- [ RunTime:0.000000s ]
NOTIC: [8] Undefined index: keys D:\wamp\www\X-CRM3\App\Runtime\Cache\Home\3dab0a4f692bc604129dcf4465678572.php 第 8 行.
INFO: Run Behavior\ParseTemplateBehavior [ RunTime:0.006000s ]
INFO: [ view_parse ] --END-- [ RunTime:0.006000s ]
INFO: [ view_filter ] --START--
INFO: Run Behavior\WriteHtmlCacheBehavior [ RunTime:0.001000s ]
INFO: [ view_filter ] --END-- [ RunTime:0.001000s ]
INFO: [ app_end ] --START--
INFO: Run Behavior\ShowPageTraceBehavior [ RunTime:0.000000s ]
INFO: [ app_end ] --END-- [ RunTime:0.000000s ]

[ 2018-10-22T13:14:02+08:00 ] ::1 /X-CRM3/
INFO: [ app_init ] --START--
INFO: Run Behavior\BuildLiteBehavior [ RunTime:0.000000s ]
INFO: [ app_init ] --END-- [ RunTime:0.000000s ]
INFO: [ app_begin ] --START--
INFO: Run Behavior\ReadHtmlCacheBehavior [ RunTime:0.000000s ]
INFO: [ app_begin ] --END-- [ RunTime:0.000000s ]
SQL: SHOW COLUMNS FROM `xy_user` [ RunTime:0.0040s ]
SQL: SELECT * FROM `xy_user` WHERE `id` = 1 LIMIT 1   [ RunTime:0.0000s ]
INFO: [ view_parse ] --START--
INFO: [ template_filter ] --START--
INFO: Run Behavior\ContentReplaceBehavior [ RunTime:0.000000s ]
INFO: [ template_filter ] --END-- [ RunTime:0.000000s ]
SQL: SELECT COUNT(*) AS tp_count FROM `xy_user` WHERE `update_time` > 1540184642 LIMIT 1   [ RunTime:0.0000s ]
SQL: SHOW COLUMNS FROM `xy_msg` [ RunTime:0.0230s ]
SQL: SELECT COUNT(*) AS tp_count FROM `xy_msg` WHERE `viewtime` < '2000-01-01' AND `juid` = '1' LIMIT 1   [ RunTime:0.0010s ]
SQL: SHOW COLUMNS FROM `xy_menu` [ RunTime:0.0150s ]
SQL: SELECT * FROM `xy_menu` WHERE ( level=0 ) ORDER BY sort  [ RunTime:0.0160s ]
NOTIC: [8] Use of undefined constant alink - assumed 'alink' D:\wamp\www\X-CRM3\App\Runtime\Cache\Home\00e52909bed743ea261af4b6823297ff.php 第 234 行.
SQL: SELECT * FROM `xy_menu` WHERE ( level=1 and pid=1 ) ORDER BY sort  [ RunTime:0.0000s ]
NOTIC: [8] Use of undefined constant alink - assumed 'alink' D:\wamp\www\X-CRM3\App\Runtime\Cache\Home\00e52909bed743ea261af4b6823297ff.php 第 250 行.
NOTIC: [8] Use of undefined constant id - assumed 'id' D:\wamp\www\X-CRM3\App\Runtime\Cache\Home\00e52909bed743ea261af4b6823297ff.php 第 250 行.
SQL: SELECT COUNT(id) AS tp_count FROM `xy_menu` WHERE ( level=2 and pid=119 ) LIMIT 1   [ RunTime:0.0000s ]
SQL: SELECT * FROM `xy_menu` WHERE ( level=2 and pid=119 ) ORDER BY sort  [ RunTime:0.0000s ]
NOTIC: [8] Use of undefined constant alink - assumed 'alink' D:\wamp\www\X-CRM3\App\Runtime\Cache\Home\00e52909bed743ea261af4b6823297ff.php 第 255 行.
NOTIC: [8] Use of undefined constant alink - assumed 'alink' D:\wamp\www\X-CRM3\App\Runtime\Cache\Home\00e52909bed743ea261af4b6823297ff.php 第 255 行.
NOTIC: [8] Use of undefined constant alink - assumed 'alink' D:\wamp\www\X-CRM3\App\Runtime\Cache\Home\00e52909bed743ea261af4b6823297ff.php 第 255 行.
NOTIC: [8] Use of undefined constant alink - assumed 'alink' D:\wamp\www\X-CRM3\App\Runtime\Cache\Home\00e52909bed743ea261af4b6823297ff.php 第 255 行.
NOTIC: [8] Use of undefined constant alink - assumed 'alink' D:\wamp\www\X-CRM3\App\Runtime\Cache\Home\00e52909bed743ea261af4b6823297ff.php 第 250 行.
NOTIC: [8] Use of undefined constant id - assumed 'id' D:\wamp\www\X-CRM3\App\Runtime\Cache\Home\00e52909bed743ea261af4b6823297ff.php 第 250 行.
SQL: SELECT COUNT(id) AS tp_count FROM `xy_menu` WHERE ( level=2 and pid=8 ) LIMIT 1   [ RunTime:0.0010s ]
SQL: SELECT * FROM `xy_menu` WHERE ( level=2 and pid=8 ) ORDER BY sort  [ RunTime:0.0000s ]
NOTIC: [8] Use of undefined constant alink - assumed 'alink' D:\wamp\www\X-CRM3\App\Runtime\Cache\Home\00e52909bed743ea261af4b6823297ff.php 第 255 行.
NOTIC: [8] Use of undefined constant alink - assumed 'alink' D:\wamp\www\X-CRM3\App\Runtime\Cache\Home\00e52909bed743ea261af4b6823297ff.php 第 255 行.
NOTIC: [8] Use of undefined constant alink - assumed 'alink' D:\wamp\www\X-CRM3\App\Runtime\Cache\Home\00e52909bed743ea261af4b6823297ff.php 第 255 行.
NOTIC: [8] Use of undefined constant alink - assumed 'alink' D:\wamp\www\X-CRM3\App\Runtime\Cache\Home\00e52909bed743ea261af4b6823297ff.php 第 255 行.
NOTIC: [8] Use of undefined constant alink - assumed 'alink' D:\wamp\www\X-CRM3\App\Runtime\Cache\Home\00e52909bed743ea261af4b6823297ff.php 第 255 行.
NOTIC: [8] Use of undefined constant alink - assumed 'alink' D:\wamp\www\X-CRM3\App\Runtime\Cache\Home\00e52909bed743ea261af4b6823297ff.php 第 250 行.
NOTIC: [8] Use of undefined constant id - assumed 'id' D:\wamp\www\X-CRM3\App\Runtime\Cache\Home\00e52909bed743ea261af4b6823297ff.php 第 250 行.
SQL: SELECT COUNT(id) AS tp_count FROM `xy_menu` WHERE ( level=2 and pid=125 ) LIMIT 1   [ RunTime:0.0010s ]
SQL: SELECT * FROM `xy_menu` WHERE ( level=2 and pid=125 ) ORDER BY sort  [ RunTime:0.0000s ]
NOTIC: [8] Use of undefined constant alink - assumed 'alink' D:\wamp\www\X-CRM3\App\Runtime\Cache\Home\00e52909bed743ea261af4b6823297ff.php 第 255 行.
NOTIC: [8] Use of undefined constant alink - assumed 'alink' D:\wamp\www\X-CRM3\App\Runtime\Cache\Home\00e52909bed743ea261af4b6823297ff.php 第 255 行.
NOTIC: [8] Use of undefined constant alink - assumed 'alink' D:\wamp\www\X-CRM3\App\Runtime\Cache\Home\00e52909bed743ea261af4b6823297ff.php 第 255 行.
NOTIC: [8] Use of undefined constant alink - assumed 'alink' D:\wamp\www\X-CRM3\App\Runtime\Cache\Home\00e52909bed743ea261af4b6823297ff.php 第 255 行.
NOTIC: [8] Use of undefined constant alink - assumed 'alink' D:\wamp\www\X-CRM3\App\Runtime\Cache\Home\00e52909bed743ea261af4b6823297ff.php 第 255 行.
NOTIC: [8] Use of undefined constant alink - assumed 'alink' D:\wamp\www\X-CRM3\App\Runtime\Cache\Home\00e52909bed743ea261af4b6823297ff.php 第 250 行.
NOTIC: [8] Use of undefined constant id - assumed 'id' D:\wamp\www\X-CRM3\App\Runtime\Cache\Home\00e52909bed743ea261af4b6823297ff.php 第 250 行.
SQL: SELECT COUNT(id) AS tp_count FROM `xy_menu` WHERE ( level=2 and pid=131 ) LIMIT 1   [ RunTime:0.0000s ]
SQL: SELECT * FROM `xy_menu` WHERE ( level=2 and pid=131 ) ORDER BY sort  [ RunTime:0.0000s ]
NOTIC: [8] Use of undefined constant alink - assumed 'alink' D:\wamp\www\X-CRM3\App\Runtime\Cache\Home\00e52909bed743ea261af4b6823297ff.php 第 255 行.
NOTIC: [8] Use of undefined constant alink - assumed 'alink' D:\wamp\www\X-CRM3\App\Runtime\Cache\Home\00e52909bed743ea261af4b6823297ff.php 第 255 行.
NOTIC: [8] Use of undefined constant alink - assumed 'alink' D:\wamp\www\X-CRM3\App\Runtime\Cache\Home\00e52909bed743ea261af4b6823297ff.php 第 255 行.
NOTIC: [8] Use of undefined constant alink - assumed 'alink' D:\wamp\www\X-CRM3\App\Runtime\Cache\Home\00e52909bed743ea261af4b6823297ff.php 第 255 行.
NOTIC: [8] Use of undefined constant alink - assumed 'alink' D:\wamp\www\X-CRM3\App\Runtime\Cache\Home\00e52909bed743ea261af4b6823297ff.php 第 234 行.
SQL: SELECT * FROM `xy_menu` WHERE ( level=1 and pid=135 ) ORDER BY sort  [ RunTime:0.0000s ]
NOTIC: [8] Use of undefined constant alink - assumed 'alink' D:\wamp\www\X-CRM3\App\Runtime\Cache\Home\00e52909bed743ea261af4b6823297ff.php 第 250 行.
NOTIC: [8] Use of undefined constant id - assumed 'id' D:\wamp\www\X-CRM3\App\Runtime\Cache\Home\00e52909bed743ea261af4b6823297ff.php 第 250 行.
SQL: SELECT COUNT(id) AS tp_count FROM `xy_menu` WHERE ( level=2 and pid=158 ) LIMIT 1   [ RunTime:0.0000s ]
SQL: SELECT * FROM `xy_menu` WHERE ( level=2 and pid=158 ) ORDER BY sort  [ RunTime:0.0000s ]
NOTIC: [8] Use of undefined constant alink - assumed 'alink' D:\wamp\www\X-CRM3\App\Runtime\Cache\Home\00e52909bed743ea261af4b6823297ff.php 第 250 行.
NOTIC: [8] Use of undefined constant id - assumed 'id' D:\wamp\www\X-CRM3\App\Runtime\Cache\Home\00e52909bed743ea261af4b6823297ff.php 第 250 行.
SQL: SELECT COUNT(id) AS tp_count FROM `xy_menu` WHERE ( level=2 and pid=136 ) LIMIT 1   [ RunTime:0.0000s ]
SQL: SELECT * FROM `xy_menu` WHERE ( level=2 and pid=136 ) ORDER BY sort  [ RunTime:0.0000s ]
NOTIC: [8] Use of undefined constant alink - assumed 'alink' D:\wamp\www\X-CRM3\App\Runtime\Cache\Home\00e52909bed743ea261af4b6823297ff.php 第 255 行.
NOTIC: [8] Use of undefined constant alink - assumed 'alink' D:\wamp\www\X-CRM3\App\Runtime\Cache\Home\00e52909bed743ea261af4b6823297ff.php 第 255 行.
NOTIC: [8] Use of undefined constant alink - assumed 'alink' D:\wamp\www\X-CRM3\App\Runtime\Cache\Home\00e52909bed743ea261af4b6823297ff.php 第 255 行.
NOTIC: [8] Use of undefined constant alink - assumed 'alink' D:\wamp\www\X-CRM3\App\Runtime\Cache\Home\00e52909bed743ea261af4b6823297ff.php 第 255 行.
NOTIC: [8] Use of undefined constant alink - assumed 'alink' D:\wamp\www\X-CRM3\App\Runtime\Cache\Home\00e52909bed743ea261af4b6823297ff.php 第 255 行.
NOTIC: [8] Use of undefined constant alink - assumed 'alink' D:\wamp\www\X-CRM3\App\Runtime\Cache\Home\00e52909bed743ea261af4b6823297ff.php 第 250 行.
NOTIC: [8] Use of undefined constant id - assumed 'id' D:\wamp\www\X-CRM3\App\Runtime\Cache\Home\00e52909bed743ea261af4b6823297ff.php 第 250 行.
SQL: SELECT COUNT(id) AS tp_count FROM `xy_menu` WHERE ( level=2 and pid=142 ) LIMIT 1   [ RunTime:0.0000s ]
SQL: SELECT * FROM `xy_menu` WHERE ( level=2 and pid=142 ) ORDER BY sort  [ RunTime:0.0000s ]
NOTIC: [8] Use of undefined constant alink - assumed 'alink' D:\wamp\www\X-CRM3\App\Runtime\Cache\Home\00e52909bed743ea261af4b6823297ff.php 第 255 行.
NOTIC: [8] Use of undefined constant alink - assumed 'alink' D:\wamp\www\X-CRM3\App\Runtime\Cache\Home\00e52909bed743ea261af4b6823297ff.php 第 255 行.
NOTIC: [8] Use of undefined constant alink - assumed 'alink' D:\wamp\www\X-CRM3\App\Runtime\Cache\Home\00e52909bed743ea261af4b6823297ff.php 第 255 行.
NOTIC: [8] Use of undefined constant alink - assumed 'alink' D:\wamp\www\X-CRM3\App\Runtime\Cache\Home\00e52909bed743ea261af4b6823297ff.php 第 255 行.
NOTIC: [8] Use of undefined constant alink - assumed 'alink' D:\wamp\www\X-CRM3\App\Runtime\Cache\Home\00e52909bed743ea261af4b6823297ff.php 第 250 行.
NOTIC: [8] Use of undefined constant id - assumed 'id' D:\wamp\www\X-CRM3\App\Runtime\Cache\Home\00e52909bed743ea261af4b6823297ff.php 第 250 行.
SQL: SELECT COUNT(id) AS tp_count FROM `xy_menu` WHERE ( level=2 and pid=159 ) LIMIT 1   [ RunTime:0.0010s ]
SQL: SELECT * FROM `xy_menu` WHERE ( level=2 and pid=159 ) ORDER BY sort  [ RunTime:0.0000s ]
NOTIC: [8] Use of undefined constant alink - assumed 'alink' D:\wamp\www\X-CRM3\App\Runtime\Cache\Home\00e52909bed743ea261af4b6823297ff.php 第 250 行.
NOTIC: [8] Use of undefined constant id - assumed 'id' D:\wamp\www\X-CRM3\App\Runtime\Cache\Home\00e52909bed743ea261af4b6823297ff.php 第 250 行.
SQL: SELECT COUNT(id) AS tp_count FROM `xy_menu` WHERE ( level=2 and pid=147 ) LIMIT 1   [ RunTime:0.0000s ]
SQL: SELECT * FROM `xy_menu` WHERE ( level=2 and pid=147 ) ORDER BY sort  [ RunTime:0.0000s ]
NOTIC: [8] Use of undefined constant alink - assumed 'alink' D:\wamp\www\X-CRM3\App\Runtime\Cache\Home\00e52909bed743ea261af4b6823297ff.php 第 250 行.
NOTIC: [8] Use of undefined constant id - assumed 'id' D:\wamp\www\X-CRM3\App\Runtime\Cache\Home\00e52909bed743ea261af4b6823297ff.php 第 250 行.
SQL: SELECT COUNT(id) AS tp_count FROM `xy_menu` WHERE ( level=2 and pid=148 ) LIMIT 1   [ RunTime:0.0010s ]
SQL: SELECT * FROM `xy_menu` WHERE ( level=2 and pid=148 ) ORDER BY sort  [ RunTime:0.0000s ]
NOTIC: [8] Use of undefined constant alink - assumed 'alink' D:\wamp\www\X-CRM3\App\Runtime\Cache\Home\00e52909bed743ea261af4b6823297ff.php 第 234 行.
SQL: SELECT * FROM `xy_menu` WHERE ( level=1 and pid=149 ) ORDER BY sort  [ RunTime:0.0000s ]
NOTIC: [8] Use of undefined constant alink - assumed 'alink' D:\wamp\www\X-CRM3\App\Runtime\Cache\Home\00e52909bed743ea261af4b6823297ff.php 第 250 行.
NOTIC: [8] Use of undefined constant id - assumed 'id' D:\wamp\www\X-CRM3\App\Runtime\Cache\Home\00e52909bed743ea261af4b6823297ff.php 第 250 行.
SQL: SELECT COUNT(id) AS tp_count FROM `xy_menu` WHERE ( level=2 and pid=150 ) LIMIT 1   [ RunTime:0.0000s ]
SQL: SELECT * FROM `xy_menu` WHERE ( level=2 and pid=150 ) ORDER BY sort  [ RunTime:0.0010s ]
NOTIC: [8] Use of undefined constant alink - assumed 'alink' D:\wamp\www\X-CRM3\App\Runtime\Cache\Home\00e52909bed743ea261af4b6823297ff.php 第 255 行.
NOTIC: [8] Use of undefined constant alink - assumed 'alink' D:\wamp\www\X-CRM3\App\Runtime\Cache\Home\00e52909bed743ea261af4b6823297ff.php 第 255 行.
NOTIC: [8] Use of undefined constant alink - assumed 'alink' D:\wamp\www\X-CRM3\App\Runtime\Cache\Home\00e52909bed743ea261af4b6823297ff.php 第 255 行.
NOTIC: [8] Use of undefined constant alink - assumed 'alink' D:\wamp\www\X-CRM3\App\Runtime\Cache\Home\00e52909bed743ea261af4b6823297ff.php 第 250 行.
NOTIC: [8] Use of undefined constant id - assumed 'id' D:\wamp\www\X-CRM3\App\Runtime\Cache\Home\00e52909bed743ea261af4b6823297ff.php 第 250 行.
SQL: SELECT COUNT(id) AS tp_count FROM `xy_menu` WHERE ( level=2 and pid=154 ) LIMIT 1   [ RunTime:0.0000s ]
SQL: SELECT * FROM `xy_menu` WHERE ( level=2 and pid=154 ) ORDER BY sort  [ RunTime:0.0000s ]
NOTIC: [8] Use of undefined constant alink - assumed 'alink' D:\wamp\www\X-CRM3\App\Runtime\Cache\Home\00e52909bed743ea261af4b6823297ff.php 第 255 行.
NOTIC: [8] Use of undefined constant alink - assumed 'alink' D:\wamp\www\X-CRM3\App\Runtime\Cache\Home\00e52909bed743ea261af4b6823297ff.php 第 255 行.
NOTIC: [8] Use of undefined constant alink - assumed 'alink' D:\wamp\www\X-CRM3\App\Runtime\Cache\Home\00e52909bed743ea261af4b6823297ff.php 第 255 行.
NOTIC: [8] Use of undefined constant alink - assumed 'alink' D:\wamp\www\X-CRM3\App\Runtime\Cache\Home\00e52909bed743ea261af4b6823297ff.php 第 250 行.
NOTIC: [8] Use of undefined constant id - assumed 'id' D:\wamp\www\X-CRM3\App\Runtime\Cache\Home\00e52909bed743ea261af4b6823297ff.php 第 250 行.
SQL: SELECT COUNT(id) AS tp_count FROM `xy_menu` WHERE ( level=2 and pid=182 ) LIMIT 1   [ RunTime:0.0000s ]
SQL: SELECT * FROM `xy_menu` WHERE ( level=2 and pid=182 ) ORDER BY sort  [ RunTime:0.0000s ]
NOTIC: [8] Use of undefined constant alink - assumed 'alink' D:\wamp\www\X-CRM3\App\Runtime\Cache\Home\00e52909bed743ea261af4b6823297ff.php 第 234 行.
SQL: SELECT * FROM `xy_menu` WHERE ( level=1 and pid=113 ) ORDER BY sort  [ RunTime:0.0000s ]
NOTIC: [8] Use of undefined constant alink - assumed 'alink' D:\wamp\www\X-CRM3\App\Runtime\Cache\Home\00e52909bed743ea261af4b6823297ff.php 第 250 行.
NOTIC: [8] Use of undefined constant id - assumed 'id' D:\wamp\www\X-CRM3\App\Runtime\Cache\Home\00e52909bed743ea261af4b6823297ff.php 第 250 行.
SQL: SELECT COUNT(id) AS tp_count FROM `xy_menu` WHERE ( level=2 and pid=209 ) LIMIT 1   [ RunTime:0.0000s ]
SQL: SELECT * FROM `xy_menu` WHERE ( level=2 and pid=209 ) ORDER BY sort  [ RunTime:0.0010s ]
NOTIC: [8] Use of undefined constant alink - assumed 'alink' D:\wamp\www\X-CRM3\App\Runtime\Cache\Home\00e52909bed743ea261af4b6823297ff.php 第 250 行.
NOTIC: [8] Use of undefined constant id - assumed 'id' D:\wamp\www\X-CRM3\App\Runtime\Cache\Home\00e52909bed743ea261af4b6823297ff.php 第 250 行.
SQL: SELECT COUNT(id) AS tp_count FROM `xy_menu` WHERE ( level=2 and pid=210 ) LIMIT 1   [ RunTime:0.0000s ]
SQL: SELECT * FROM `xy_menu` WHERE ( level=2 and pid=210 ) ORDER BY sort  [ RunTime:0.0000s ]
NOTIC: [8] Use of undefined constant alink - assumed 'alink' D:\wamp\www\X-CRM3\App\Runtime\Cache\Home\00e52909bed743ea261af4b6823297ff.php 第 250 行.
NOTIC: [8] Use of undefined constant id - assumed 'id' D:\wamp\www\X-CRM3\App\Runtime\Cache\Home\00e52909bed743ea261af4b6823297ff.php 第 250 行.
SQL: SELECT COUNT(id) AS tp_count FROM `xy_menu` WHERE ( level=2 and pid=199 ) LIMIT 1   [ RunTime:0.0000s ]
SQL: SELECT * FROM `xy_menu` WHERE ( level=2 and pid=199 ) ORDER BY sort  [ RunTime:0.0010s ]
NOTIC: [8] Use of undefined constant alink - assumed 'alink' D:\wamp\www\X-CRM3\App\Runtime\Cache\Home\00e52909bed743ea261af4b6823297ff.php 第 255 行.
NOTIC: [8] Use of undefined constant alink - assumed 'alink' D:\wamp\www\X-CRM3\App\Runtime\Cache\Home\00e52909bed743ea261af4b6823297ff.php 第 255 行.
NOTIC: [8] Use of undefined constant alink - assumed 'alink' D:\wamp\www\X-CRM3\App\Runtime\Cache\Home\00e52909bed743ea261af4b6823297ff.php 第 255 行.
NOTIC: [8] Use of undefined constant alink - assumed 'alink' D:\wamp\www\X-CRM3\App\Runtime\Cache\Home\00e52909bed743ea261af4b6823297ff.php 第 250 行.
NOTIC: [8] Use of undefined constant id - assumed 'id' D:\wamp\www\X-CRM3\App\Runtime\Cache\Home\00e52909bed743ea261af4b6823297ff.php 第 250 行.
SQL: SELECT COUNT(id) AS tp_count FROM `xy_menu` WHERE ( level=2 and pid=183 ) LIMIT 1   [ RunTime:0.0000s ]
SQL: SELECT * FROM `xy_menu` WHERE ( level=2 and pid=183 ) ORDER BY sort  [ RunTime:0.0010s ]
NOTIC: [8] Use of undefined constant alink - assumed 'alink' D:\wamp\www\X-CRM3\App\Runtime\Cache\Home\00e52909bed743ea261af4b6823297ff.php 第 255 行.
NOTIC: [8] Use of undefined constant alink - assumed 'alink' D:\wamp\www\X-CRM3\App\Runtime\Cache\Home\00e52909bed743ea261af4b6823297ff.php 第 255 行.
NOTIC: [8] Use of undefined constant alink - assumed 'alink' D:\wamp\www\X-CRM3\App\Runtime\Cache\Home\00e52909bed743ea261af4b6823297ff.php 第 255 行.
NOTIC: [8] Use of undefined constant alink - assumed 'alink' D:\wamp\www\X-CRM3\App\Runtime\Cache\Home\00e52909bed743ea261af4b6823297ff.php 第 255 行.
NOTIC: [8] Use of undefined constant alink - assumed 'alink' D:\wamp\www\X-CRM3\App\Runtime\Cache\Home\00e52909bed743ea261af4b6823297ff.php 第 255 行.
NOTIC: [8] Use of undefined constant alink - assumed 'alink' D:\wamp\www\X-CRM3\App\Runtime\Cache\Home\00e52909bed743ea261af4b6823297ff.php 第 255 行.
NOTIC: [8] Use of undefined constant alink - assumed 'alink' D:\wamp\www\X-CRM3\App\Runtime\Cache\Home\00e52909bed743ea261af4b6823297ff.php 第 250 行.
NOTIC: [8] Use of undefined constant id - assumed 'id' D:\wamp\www\X-CRM3\App\Runtime\Cache\Home\00e52909bed743ea261af4b6823297ff.php 第 250 行.
SQL: SELECT COUNT(id) AS tp_count FROM `xy_menu` WHERE ( level=2 and pid=190 ) LIMIT 1   [ RunTime:0.0000s ]
SQL: SELECT * FROM `xy_menu` WHERE ( level=2 and pid=190 ) ORDER BY sort  [ RunTime:0.0000s ]
NOTIC: [8] Use of undefined constant alink - assumed 'alink' D:\wamp\www\X-CRM3\App\Runtime\Cache\Home\00e52909bed743ea261af4b6823297ff.php 第 255 行.
NOTIC: [8] Use of undefined constant alink - assumed 'alink' D:\wamp\www\X-CRM3\App\Runtime\Cache\Home\00e52909bed743ea261af4b6823297ff.php 第 255 行.
NOTIC: [8] Use of undefined constant alink - assumed 'alink' D:\wamp\www\X-CRM3\App\Runtime\Cache\Home\00e52909bed743ea261af4b6823297ff.php 第 255 行.
NOTIC: [8] Use of undefined constant alink - assumed 'alink' D:\wamp\www\X-CRM3\App\Runtime\Cache\Home\00e52909bed743ea261af4b6823297ff.php 第 255 行.
NOTIC: [8] Use of undefined constant alink - assumed 'alink' D:\wamp\www\X-CRM3\App\Runtime\Cache\Home\00e52909bed743ea261af4b6823297ff.php 第 255 行.
NOTIC: [8] Use of undefined constant alink - assumed 'alink' D:\wamp\www\X-CRM3\App\Runtime\Cache\Home\00e52909bed743ea261af4b6823297ff.php 第 255 行.
NOTIC: [8] Use of undefined constant alink - assumed 'alink' D:\wamp\www\X-CRM3\App\Runtime\Cache\Home\00e52909bed743ea261af4b6823297ff.php 第 255 行.
NOTIC: [8] Use of undefined constant alink - assumed 'alink' D:\wamp\www\X-CRM3\App\Runtime\Cache\Home\00e52909bed743ea261af4b6823297ff.php 第 255 行.
NOTIC: [8] Use of undefined constant alink - assumed 'alink' D:\wamp\www\X-CRM3\App\Runtime\Cache\Home\00e52909bed743ea261af4b6823297ff.php 第 255 行.
NOTIC: [8] Use of undefined constant alink - assumed 'alink' D:\wamp\www\X-CRM3\App\Runtime\Cache\Home\00e52909bed743ea261af4b6823297ff.php 第 250 行.
NOTIC: [8] Use of undefined constant id - assumed 'id' D:\wamp\www\X-CRM3\App\Runtime\Cache\Home\00e52909bed743ea261af4b6823297ff.php 第 250 行.
SQL: SELECT COUNT(id) AS tp_count FROM `xy_menu` WHERE ( level=2 and pid=202 ) LIMIT 1   [ RunTime:0.0010s ]
SQL: SELECT * FROM `xy_menu` WHERE ( level=2 and pid=202 ) ORDER BY sort  [ RunTime:0.0000s ]
NOTIC: [8] Use of undefined constant alink - assumed 'alink' D:\wamp\www\X-CRM3\App\Runtime\Cache\Home\00e52909bed743ea261af4b6823297ff.php 第 255 行.
NOTIC: [8] Use of undefined constant alink - assumed 'alink' D:\wamp\www\X-CRM3\App\Runtime\Cache\Home\00e52909bed743ea261af4b6823297ff.php 第 255 行.
NOTIC: [8] Use of undefined constant alink - assumed 'alink' D:\wamp\www\X-CRM3\App\Runtime\Cache\Home\00e52909bed743ea261af4b6823297ff.php 第 255 行.
NOTIC: [8] Use of undefined constant alink - assumed 'alink' D:\wamp\www\X-CRM3\App\Runtime\Cache\Home\00e52909bed743ea261af4b6823297ff.php 第 255 行.
NOTIC: [8] Use of undefined constant alink - assumed 'alink' D:\wamp\www\X-CRM3\App\Runtime\Cache\Home\00e52909bed743ea261af4b6823297ff.php 第 250 行.
NOTIC: [8] Use of undefined constant id - assumed 'id' D:\wamp\www\X-CRM3\App\Runtime\Cache\Home\00e52909bed743ea261af4b6823297ff.php 第 250 行.
SQL: SELECT COUNT(id) AS tp_count FROM `xy_menu` WHERE ( level=2 and pid=118 ) LIMIT 1   [ RunTime:0.0000s ]
SQL: SELECT * FROM `xy_menu` WHERE ( level=2 and pid=118 ) ORDER BY sort  [ RunTime:0.0000s ]
NOTIC: [8] Use of undefined constant alink - assumed 'alink' D:\wamp\www\X-CRM3\App\Runtime\Cache\Home\00e52909bed743ea261af4b6823297ff.php 第 255 行.
NOTIC: [8] Use of undefined constant alink - assumed 'alink' D:\wamp\www\X-CRM3\App\Runtime\Cache\Home\00e52909bed743ea261af4b6823297ff.php 第 255 行.
NOTIC: [8] Use of undefined constant alink - assumed 'alink' D:\wamp\www\X-CRM3\App\Runtime\Cache\Home\00e52909bed743ea261af4b6823297ff.php 第 255 行.
NOTIC: [8] Use of undefined constant alink - assumed 'alink' D:\wamp\www\X-CRM3\App\Runtime\Cache\Home\00e52909bed743ea261af4b6823297ff.php 第 234 行.
SQL: SELECT * FROM `xy_menu` WHERE ( level=1 and pid=216 ) ORDER BY sort  [ RunTime:0.0000s ]
NOTIC: [8] Use of undefined constant alink - assumed 'alink' D:\wamp\www\X-CRM3\App\Runtime\Cache\Home\00e52909bed743ea261af4b6823297ff.php 第 250 行.
NOTIC: [8] Use of undefined constant id - assumed 'id' D:\wamp\www\X-CRM3\App\Runtime\Cache\Home\00e52909bed743ea261af4b6823297ff.php 第 250 行.
SQL: SELECT COUNT(id) AS tp_count FROM `xy_menu` WHERE ( level=2 and pid=219 ) LIMIT 1   [ RunTime:0.0000s ]
SQL: SELECT * FROM `xy_menu` WHERE ( level=2 and pid=219 ) ORDER BY sort  [ RunTime:0.0000s ]
NOTIC: [8] Use of undefined constant alink - assumed 'alink' D:\wamp\www\X-CRM3\App\Runtime\Cache\Home\00e52909bed743ea261af4b6823297ff.php 第 250 行.
NOTIC: [8] Use of undefined constant id - assumed 'id' D:\wamp\www\X-CRM3\App\Runtime\Cache\Home\00e52909bed743ea261af4b6823297ff.php 第 250 行.
SQL: SELECT COUNT(id) AS tp_count FROM `xy_menu` WHERE ( level=2 and pid=217 ) LIMIT 1   [ RunTime:0.0010s ]
SQL: SELECT * FROM `xy_menu` WHERE ( level=2 and pid=217 ) ORDER BY sort  [ RunTime:0.0000s ]
NOTIC: [8] Use of undefined constant alink - assumed 'alink' D:\wamp\www\X-CRM3\App\Runtime\Cache\Home\00e52909bed743ea261af4b6823297ff.php 第 234 行.
SQL: SELECT * FROM `xy_menu` WHERE ( level=1 and pid=218 ) ORDER BY sort  [ RunTime:0.0000s ]
NOTIC: [8] Use of undefined constant alink - assumed 'alink' D:\wamp\www\X-CRM3\App\Runtime\Cache\Home\00e52909bed743ea261af4b6823297ff.php 第 234 行.
SQL: SELECT * FROM `xy_menu` WHERE ( level=1 and pid=7 ) ORDER BY sort  [ RunTime:0.0000s ]
NOTIC: [8] Use of undefined constant alink - assumed 'alink' D:\wamp\www\X-CRM3\App\Runtime\Cache\Home\00e52909bed743ea261af4b6823297ff.php 第 250 行.
NOTIC: [8] Use of undefined constant id - assumed 'id' D:\wamp\www\X-CRM3\App\Runtime\Cache\Home\00e52909bed743ea261af4b6823297ff.php 第 250 行.
SQL: SELECT COUNT(id) AS tp_count FROM `xy_menu` WHERE ( level=2 and pid=9 ) LIMIT 1   [ RunTime:0.0000s ]
SQL: SELECT * FROM `xy_menu` WHERE ( level=2 and pid=9 ) ORDER BY sort  [ RunTime:0.0000s ]
NOTIC: [8] Use of undefined constant alink - assumed 'alink' D:\wamp\www\X-CRM3\App\Runtime\Cache\Home\00e52909bed743ea261af4b6823297ff.php 第 255 行.
NOTIC: [8] Use of undefined constant alink - assumed 'alink' D:\wamp\www\X-CRM3\App\Runtime\Cache\Home\00e52909bed743ea261af4b6823297ff.php 第 255 行.
NOTIC: [8] Use of undefined constant alink - assumed 'alink' D:\wamp\www\X-CRM3\App\Runtime\Cache\Home\00e52909bed743ea261af4b6823297ff.php 第 255 行.
NOTIC: [8] Use of undefined constant alink - assumed 'alink' D:\wamp\www\X-CRM3\App\Runtime\Cache\Home\00e52909bed743ea261af4b6823297ff.php 第 250 行.
NOTIC: [8] Use of undefined constant id - assumed 'id' D:\wamp\www\X-CRM3\App\Runtime\Cache\Home\00e52909bed743ea261af4b6823297ff.php 第 250 行.
SQL: SELECT COUNT(id) AS tp_count FROM `xy_menu` WHERE ( level=2 and pid=22 ) LIMIT 1   [ RunTime:0.0000s ]
SQL: SELECT * FROM `xy_menu` WHERE ( level=2 and pid=22 ) ORDER BY sort  [ RunTime:0.0000s ]
NOTIC: [8] Use of undefined constant alink - assumed 'alink' D:\wamp\www\X-CRM3\App\Runtime\Cache\Home\00e52909bed743ea261af4b6823297ff.php 第 255 行.
NOTIC: [8] Use of undefined constant alink - assumed 'alink' D:\wamp\www\X-CRM3\App\Runtime\Cache\Home\00e52909bed743ea261af4b6823297ff.php 第 255 行.
NOTIC: [8] Use of undefined constant alink - assumed 'alink' D:\wamp\www\X-CRM3\App\Runtime\Cache\Home\00e52909bed743ea261af4b6823297ff.php 第 255 行.
NOTIC: [8] Use of undefined constant alink - assumed 'alink' D:\wamp\www\X-CRM3\App\Runtime\Cache\Home\00e52909bed743ea261af4b6823297ff.php 第 255 行.
NOTIC: [8] Use of undefined constant alink - assumed 'alink' D:\wamp\www\X-CRM3\App\Runtime\Cache\Home\00e52909bed743ea261af4b6823297ff.php 第 250 行.
NOTIC: [8] Use of undefined constant id - assumed 'id' D:\wamp\www\X-CRM3\App\Runtime\Cache\Home\00e52909bed743ea261af4b6823297ff.php 第 250 行.
SQL: SELECT COUNT(id) AS tp_count FROM `xy_menu` WHERE ( level=2 and pid=24 ) LIMIT 1   [ RunTime:0.0010s ]
SQL: SELECT * FROM `xy_menu` WHERE ( level=2 and pid=24 ) ORDER BY sort  [ RunTime:0.0000s ]
NOTIC: [8] Use of undefined constant alink - assumed 'alink' D:\wamp\www\X-CRM3\App\Runtime\Cache\Home\00e52909bed743ea261af4b6823297ff.php 第 250 行.
NOTIC: [8] Use of undefined constant id - assumed 'id' D:\wamp\www\X-CRM3\App\Runtime\Cache\Home\00e52909bed743ea261af4b6823297ff.php 第 250 行.
SQL: SELECT COUNT(id) AS tp_count FROM `xy_menu` WHERE ( level=2 and pid=21 ) LIMIT 1   [ RunTime:0.0000s ]
SQL: SELECT * FROM `xy_menu` WHERE ( level=2 and pid=21 ) ORDER BY sort  [ RunTime:0.0010s ]
NOTIC: [8] Use of undefined constant alink - assumed 'alink' D:\wamp\www\X-CRM3\App\Runtime\Cache\Home\00e52909bed743ea261af4b6823297ff.php 第 250 行.
NOTIC: [8] Use of undefined constant id - assumed 'id' D:\wamp\www\X-CRM3\App\Runtime\Cache\Home\00e52909bed743ea261af4b6823297ff.php 第 250 行.
SQL: SELECT COUNT(id) AS tp_count FROM `xy_menu` WHERE ( level=2 and pid=13 ) LIMIT 1   [ RunTime:0.0000s ]
SQL: SELECT * FROM `xy_menu` WHERE ( level=2 and pid=13 ) ORDER BY sort  [ RunTime:0.0000s ]
NOTIC: [8] Use of undefined constant alink - assumed 'alink' D:\wamp\www\X-CRM3\App\Runtime\Cache\Home\00e52909bed743ea261af4b6823297ff.php 第 250 行.
NOTIC: [8] Use of undefined constant id - assumed 'id' D:\wamp\www\X-CRM3\App\Runtime\Cache\Home\00e52909bed743ea261af4b6823297ff.php 第 250 行.
SQL: SELECT COUNT(id) AS tp_count FROM `xy_menu` WHERE ( level=2 and pid=179 ) LIMIT 1   [ RunTime:0.0000s ]
SQL: SELECT * FROM `xy_menu` WHERE ( level=2 and pid=179 ) ORDER BY sort  [ RunTime:0.0010s ]
INFO: Run Behavior\ParseTemplateBehavior [ RunTime:0.103006s ]
INFO: [ view_parse ] --END-- [ RunTime:0.103006s ]
INFO: [ view_filter ] --START--
INFO: Run Behavior\WriteHtmlCacheBehavior [ RunTime:0.000000s ]
INFO: [ view_filter ] --END-- [ RunTime:0.000000s ]
INFO: [ app_end ] --START--
INFO: Run Behavior\ShowPageTraceBehavior [ RunTime:0.000000s ]
INFO: [ app_end ] --END-- [ RunTime:0.000000s ]

[ 2018-10-22T13:14:05+08:00 ] ::1 /X-CRM3/index.php?s=/Home/index/main.html&_=1540185244668
INFO: [ app_init ] --START--
INFO: Run Behavior\BuildLiteBehavior [ RunTime:0.000000s ]
INFO: [ app_init ] --END-- [ RunTime:0.000000s ]
INFO: [ app_begin ] --START--
INFO: Run Behavior\ReadHtmlCacheBehavior [ RunTime:0.000000s ]
INFO: [ app_begin ] --END-- [ RunTime:0.000000s ]
SQL: SHOW COLUMNS FROM `xy_user` [ RunTime:0.0060s ]
SQL: SELECT * FROM `xy_user` WHERE `id` = 1 LIMIT 1   [ RunTime:0.0000s ]
INFO: [ view_parse ] --START--
INFO: [ template_filter ] --START--
INFO: Run Behavior\ContentReplaceBehavior [ RunTime:0.000000s ]
INFO: [ template_filter ] --END-- [ RunTime:0.000000s ]
SQL: SHOW COLUMNS FROM `xy_quxiang` [ RunTime:0.0160s ]
SQL: SELECT * FROM `xy_quxiang` ORDER BY id desc LIMIT 5   [ RunTime:0.0090s ]
SQL: SELECT `depname` FROM `xy_user` WHERE ( id=16 ) LIMIT 1   [ RunTime:0.0010s ]
SQL: SHOW COLUMNS FROM `xy_renwu` [ RunTime:0.0320s ]
NOTIC: [8] Use of undefined constant uid - assumed 'uid' D:\wamp\www\X-CRM3\App\Runtime\Cache\Home\8d1be3c46ef179b9e01c2c8d3de21c37.php 第 79 行.
SQL: SELECT * FROM `xy_renwu` WHERE `juid` LIKE '%1%' ORDER BY id desc LIMIT 5   [ RunTime:0.0060s ]
SQL: SHOW COLUMNS FROM `xy_tongzhi` [ RunTime:0.0080s ]
NOTIC: [8] Use of undefined constant uid - assumed 'uid' D:\wamp\www\X-CRM3\App\Runtime\Cache\Home\8d1be3c46ef179b9e01c2c8d3de21c37.php 第 108 行.
SQL: SELECT * FROM `xy_tongzhi` WHERE `juid` LIKE '%1%' ORDER BY id desc LIMIT 5   [ RunTime:0.0010s ]
SQL: SHOW COLUMNS FROM `xy_cust` [ RunTime:0.0290s ]
SQL: SELECT * FROM `xy_cust` WHERE ( `xiaci` >= '2018-10-15' AND `xiaci` <= '2018-11-22'  ) AND (  `uid` = '1' OR `juid` LIKE '%1%' ) LIMIT 5   [ RunTime:0.0010s ]
SQL: SHOW COLUMNS FROM `xy_fahuo` [ RunTime:0.0080s ]
SQL: SELECT * FROM `xy_fahuo` ORDER BY id desc LIMIT 5   [ RunTime:0.0010s ]
SQL: SHOW COLUMNS FROM `xy_hetong` [ RunTime:0.0140s ]
SQL: SELECT * FROM `xy_hetong` WHERE (  `uid` = '1' OR `juid` LIKE '%1%' ) AND ( `jztime` >= '2018-10-15' AND `jztime` <= '2018-11-22'  ) LIMIT 5   [ RunTime:0.0010s ]
INFO: Run Behavior\ParseTemplateBehavior [ RunTime:0.170009s ]
INFO: [ view_parse ] --END-- [ RunTime:0.170009s ]
INFO: [ view_filter ] --START--
INFO: Run Behavior\WriteHtmlCacheBehavior [ RunTime:0.000000s ]
INFO: [ view_filter ] --END-- [ RunTime:0.000000s ]
INFO: [ app_end ] --START--
INFO: Run Behavior\ShowPageTraceBehavior [ RunTime:0.001001s ]
INFO: [ app_end ] --END-- [ RunTime:0.001001s ]

[ 2018-10-22T13:14:07+08:00 ] ::1 /X-CRM3/index.php/home/member/index?_=1540185246347
INFO: [ app_init ] --START--
INFO: Run Behavior\BuildLiteBehavior [ RunTime:0.000000s ]
INFO: [ app_init ] --END-- [ RunTime:0.000000s ]
INFO: [ app_begin ] --START--
INFO: Run Behavior\ReadHtmlCacheBehavior [ RunTime:0.001000s ]
INFO: [ app_begin ] --END-- [ RunTime:0.001000s ]
SQL: SHOW COLUMNS FROM `xy_app_member` [ RunTime:0.0170s ]
NOTIC: [8] Undefined variable: order D:\wamp\www\X-CRM3\App\Common\Controller\BaseController.class.php 第 141 行.
NOTIC: [8] Undefined variable: sort D:\wamp\www\X-CRM3\App\Common\Controller\BaseController.class.php 第 151 行.
NOTIC: [8] Undefined variable: pageCurrent D:\wamp\www\X-CRM3\App\Common\Controller\BaseController.class.php 第 159 行.
SQL: SELECT COUNT(*) AS tp_count FROM `xy_app_member` WHERE (  `id` <> '0' ) LIMIT 1   [ RunTime:0.0010s ]
NOTIC: [8] Undefined variable: numPerPage D:\wamp\www\X-CRM3\App\Common\Controller\BaseController.class.php 第 192 行.
INFO: [ view_parse ] --START--
INFO: [ template_filter ] --START--
INFO: Run Behavior\ContentReplaceBehavior [ RunTime:0.000000s ]
INFO: [ template_filter ] --END-- [ RunTime:0.001000s ]
NOTIC: [8] Undefined index: keys D:\wamp\www\X-CRM3\App\Runtime\Cache\Home\3dab0a4f692bc604129dcf4465678572.php 第 8 行.
NOTIC: [8] Undefined variable: list D:\wamp\www\X-CRM3\App\Runtime\Cache\Home\3dab0a4f692bc604129dcf4465678572.php 第 40 行.
INFO: Run Behavior\ParseTemplateBehavior [ RunTime:0.006000s ]
INFO: [ view_parse ] --END-- [ RunTime:0.006000s ]
INFO: [ view_filter ] --START--
INFO: Run Behavior\WriteHtmlCacheBehavior [ RunTime:0.001000s ]
INFO: [ view_filter ] --END-- [ RunTime:0.001000s ]
INFO: [ app_end ] --START--
INFO: Run Behavior\ShowPageTraceBehavior [ RunTime:0.000000s ]
INFO: [ app_end ] --END-- [ RunTime:0.000000s ]

[ 2018-10-22T13:14:11+08:00 ] ::1 /X-CRM3/index.php?s=/Home/Member/add/navTabId/Member&_=1540185250662
INFO: [ app_init ] --START--
INFO: Run Behavior\BuildLiteBehavior [ RunTime:0.000000s ]
INFO: [ app_init ] --END-- [ RunTime:0.000000s ]
INFO: [ app_begin ] --START--
INFO: Run Behavior\ReadHtmlCacheBehavior [ RunTime:0.001000s ]
INFO: [ app_begin ] --END-- [ RunTime:0.001000s ]
SQL: SHOW COLUMNS FROM `xy_auth_group` [ RunTime:0.0040s ]
SQL: SELECT * FROM `xy_auth_group` WHERE `pid` = 0 AND `type` = 0 ORDER BY sort  [ RunTime:0.0000s ]
SQL: SELECT * FROM `xy_auth_group` WHERE `pid` = 1 AND `type` = 0 ORDER BY sort  [ RunTime:0.0000s ]
SQL: SELECT * FROM `xy_auth_group` WHERE `pid` = 14 AND `type` = 0 ORDER BY sort  [ RunTime:0.0000s ]
SQL: SELECT * FROM `xy_auth_group` WHERE `pid` = 15 AND `type` = 0 ORDER BY sort  [ RunTime:0.0000s ]
SQL: SELECT * FROM `xy_auth_group` WHERE `pid` = 16 AND `type` = 0 ORDER BY sort  [ RunTime:0.0000s ]
INFO: [ view_parse ] --START--
INFO: [ template_filter ] --START--
INFO: Run Behavior\ContentReplaceBehavior [ RunTime:0.000000s ]
INFO: [ template_filter ] --END-- [ RunTime:0.000000s ]
NOTIC: [8] Undefined variable: id D:\wamp\www\X-CRM3\App\Runtime\Cache\Home\6e60062fbc720252fade39763ea624f3.php 第 11 行.
INFO: Run Behavior\ParseTemplateBehavior [ RunTime:0.004000s ]
INFO: [ view_parse ] --END-- [ RunTime:0.004000s ]
INFO: [ view_filter ] --START--
INFO: Run Behavior\WriteHtmlCacheBehavior [ RunTime:0.000000s ]
INFO: [ view_filter ] --END-- [ RunTime:0.000000s ]
INFO: [ app_end ] --START--
INFO: Run Behavior\ShowPageTraceBehavior [ RunTime:0.000000s ]
INFO: [ app_end ] --END-- [ RunTime:0.001000s ]

[ 2018-10-22T13:14:28+08:00 ] ::1 /X-CRM3/index.php?s=/Home/Member/add/navTabId/Member
INFO: [ app_init ] --START--
INFO: Run Behavior\BuildLiteBehavior [ RunTime:0.000000s ]
INFO: [ app_init ] --END-- [ RunTime:0.000000s ]
INFO: [ app_begin ] --START--
INFO: Run Behavior\ReadHtmlCacheBehavior [ RunTime:0.001000s ]
INFO: [ app_begin ] --END-- [ RunTime:0.001000s ]
SQL: SHOW COLUMNS FROM `xy_app_member` [ RunTime:0.0030s ]
NOTIC: [2] call_user_func() expects parameter 1 to be a valid callback, no array or string given D:\wamp\www\X-CRM3\Core\Library\Think\Upload.class.php 第 170 行.
SQL: INSERT INTO `xy_app_member` (`user_account`,`user_password`,`idcard`,`telephone`,`sex`,`birth`,`area`,`aptitude`) VALUES ('213','123','123','123','0','123321','321','321') [ RunTime:0.0420s ]
SQL: SHOW COLUMNS FROM `xy_user` [ RunTime:0.0040s ]
SQL: UPDATE `xy_user` SET `update_time`='1540185268' WHERE `id` = 1 [ RunTime:0.0000s ]
SQL: SHOW COLUMNS FROM `xy_log` [ RunTime:0.0040s ]
SQL: INSERT INTO `xy_log` (`username`,`content`,`os`,`url`,`addtime`,`ip`) VALUES ('admin','新增成功17','Mozilla/5.0 (Windows NT 6.1; Win64; x64) AppleWebKit/537.36 (KHTML, like Gecko) Chrome/69.0.3497.100 Safari/537.36','/X-CRM3/index.php?s=/Home/Member/add.html','2018-10-22 13:14:28','0.0.0.0') [ RunTime:0.0010s ]

[ 2018-10-22T13:14:29+08:00 ] ::1 /X-CRM3/index.php/home/member/index?_=1540185268134
INFO: [ app_init ] --START--
INFO: Run Behavior\BuildLiteBehavior [ RunTime:0.000000s ]
INFO: [ app_init ] --END-- [ RunTime:0.001000s ]
INFO: [ app_begin ] --START--
INFO: Run Behavior\ReadHtmlCacheBehavior [ RunTime:0.001000s ]
INFO: [ app_begin ] --END-- [ RunTime:0.001000s ]
SQL: SHOW COLUMNS FROM `xy_app_member` [ RunTime:0.0040s ]
NOTIC: [8] Undefined variable: order D:\wamp\www\X-CRM3\App\Common\Controller\BaseController.class.php 第 141 行.
NOTIC: [8] Undefined variable: sort D:\wamp\www\X-CRM3\App\Common\Controller\BaseController.class.php 第 151 行.
NOTIC: [8] Undefined variable: pageCurrent D:\wamp\www\X-CRM3\App\Common\Controller\BaseController.class.php 第 159 行.
SQL: SELECT COUNT(*) AS tp_count FROM `xy_app_member` WHERE (  `id` <> '0' ) LIMIT 1   [ RunTime:0.0000s ]
SQL: SELECT * FROM `xy_app_member` WHERE (  `id` <> '0' ) ORDER BY `id` desc LIMIT 0,50   [ RunTime:0.0010s ]
SQL: SHOW COLUMNS FROM `xy_user` [ RunTime:0.0040s ]
SQL: SELECT `username` FROM `xy_user` WHERE ( id='' ) LIMIT 1   [ RunTime:0.0000s ]
INFO: [ view_parse ] --START--
INFO: [ template_filter ] --START--
INFO: Run Behavior\ContentReplaceBehavior [ RunTime:0.000000s ]
INFO: [ template_filter ] --END-- [ RunTime:0.000000s ]
NOTIC: [8] Undefined index: keys D:\wamp\www\X-CRM3\App\Runtime\Cache\Home\3dab0a4f692bc604129dcf4465678572.php 第 8 行.
INFO: Run Behavior\ParseTemplateBehavior [ RunTime:0.006000s ]
INFO: [ view_parse ] --END-- [ RunTime:0.006000s ]
INFO: [ view_filter ] --START--
INFO: Run Behavior\WriteHtmlCacheBehavior [ RunTime:0.000000s ]
INFO: [ view_filter ] --END-- [ RunTime:0.000000s ]
INFO: [ app_end ] --START--
INFO: Run Behavior\ShowPageTraceBehavior [ RunTime:0.001000s ]
INFO: [ app_end ] --END-- [ RunTime:0.001000s ]

[ 2018-10-22T13:16:35+08:00 ] ::1 /X-CRM3/index.php?s=/Home/Member/add/navTabId/Member&_=1540185394051
INFO: [ app_init ] --START--
INFO: Run Behavior\BuildLiteBehavior [ RunTime:0.000000s ]
INFO: [ app_init ] --END-- [ RunTime:0.001000s ]
INFO: [ app_begin ] --START--
INFO: Run Behavior\ReadHtmlCacheBehavior [ RunTime:0.001000s ]
INFO: [ app_begin ] --END-- [ RunTime:0.001000s ]
SQL: SHOW COLUMNS FROM `xy_auth_group` [ RunTime:0.0040s ]
SQL: SELECT * FROM `xy_auth_group` WHERE `pid` = 0 AND `type` = 0 ORDER BY sort  [ RunTime:0.0000s ]
SQL: SELECT * FROM `xy_auth_group` WHERE `pid` = 1 AND `type` = 0 ORDER BY sort  [ RunTime:0.0000s ]
SQL: SELECT * FROM `xy_auth_group` WHERE `pid` = 14 AND `type` = 0 ORDER BY sort  [ RunTime:0.0000s ]
SQL: SELECT * FROM `xy_auth_group` WHERE `pid` = 15 AND `type` = 0 ORDER BY sort  [ RunTime:0.0000s ]
SQL: SELECT * FROM `xy_auth_group` WHERE `pid` = 16 AND `type` = 0 ORDER BY sort  [ RunTime:0.0000s ]
INFO: [ view_parse ] --START--
INFO: [ template_filter ] --START--
INFO: Run Behavior\ContentReplaceBehavior [ RunTime:0.000000s ]
INFO: [ template_filter ] --END-- [ RunTime:0.000000s ]
NOTIC: [8] Undefined variable: id D:\wamp\www\X-CRM3\App\Runtime\Cache\Home\6e60062fbc720252fade39763ea624f3.php 第 11 行.
INFO: Run Behavior\ParseTemplateBehavior [ RunTime:0.006000s ]
INFO: [ view_parse ] --END-- [ RunTime:0.006000s ]
INFO: [ view_filter ] --START--
INFO: Run Behavior\WriteHtmlCacheBehavior [ RunTime:0.001000s ]
INFO: [ view_filter ] --END-- [ RunTime:0.001000s ]
INFO: [ app_end ] --START--
INFO: Run Behavior\ShowPageTraceBehavior [ RunTime:0.001000s ]
INFO: [ app_end ] --END-- [ RunTime:0.001000s ]

